[ 2013-08-09T10:11:44+08:00 ] NOTIC: [8] Undefined index: SESSION_USER BaseAction.class.php 第 22 行.
[ 2013-08-09T10:12:02+08:00 ] NOTIC: [8] Undefined index: SESSION_USER BaseAction.class.php 第 22 行.
[ 2013-08-09T10:12:03+08:00 ] NOTIC: [8] Undefined index: username IndexAction.class.php 第 4 行.
[ 2013-08-09T10:12:03+08:00 ] NOTIC: [8] Undefined index: pwd IndexAction.class.php 第 5 行.
[ 2013-08-09T10:12:05+08:00 ] SQL: SHOW COLUMNS FROM `user` [ RunTime:0.099964s ]
[ 2013-08-09T10:12:06+08:00 ] SQL: SELECT * FROM `user` WHERE ( `username` = 'admin' ) LIMIT 1  [ RunTime:0.002211s ]
[ 2013-08-09T10:12:06+08:00 ] SQL: SHOW COLUMNS FROM `msg` [ RunTime:0.127850s ]
[ 2013-08-09T10:12:06+08:00 ] SQL: SELECT COUNT(*) as C FROM (SELECT
		m.id,IFNULL(mr.readerid,0) isread
		FROM
		msg m LEFT JOIN msgreader mr ON m.`id`=mr.`msgid` AND mr.`readerid`=10
		WHERE INSTR(
				CONCAT(',', m.receiversid, ','),
				CONCAT(',', 10, ',')
		) > 0 AND m.code = 13108617) z WHERE z.isread =0 [ RunTime:0.078816s ]
[ 2013-08-09T10:12:06+08:00 ] SQL: SHOW COLUMNS FROM `work` [ RunTime:0.085543s ]
[ 2013-08-09T10:12:06+08:00 ] SQL: SELECT COUNT(*) AS tp_count FROM `work` WHERE code='13108617' and awoke =1 and uid =10 and UNIX_TIMESTAMP(NOW()) - UNIX_TIMESTAMP(DATE_ADD(
			    STR_TO_DATE(
			      CONCAT(
			        DATE(`date`),
			        ' ',
			        ehour,
			        ':',
			        eminute,
			        ':00'
			      ),
			      '%Y-%m-%d %H:%i:%s'
			    ),INTERVAL overday DAY)
			  ) < 0   LIMIT 1  [ RunTime:0.055194s ]
[ 2013-08-09T10:12:06+08:00 ] SQL: SHOW COLUMNS FROM `msgwork` [ RunTime:0.085480s ]
[ 2013-08-09T10:12:06+08:00 ] SQL: SELECT COUNT(*) AS tp_count FROM `msgwork` WHERE code='13108617' and issenderread =0 and senderid =10 LIMIT 1  [ RunTime:0.001439s ]
[ 2013-08-09T10:12:06+08:00 ] SQL: SELECT COUNT(*) AS tp_count FROM `msgwork` WHERE code='13108617' and isreceiverread =0 and receiverid =10 LIMIT 1  [ RunTime:0.001167s ]
[ 2013-08-09T10:12:06+08:00 ] SQL: SELECT m.id,m.`name`,m.`parent_id`,m.`link`,m.`image`,m.`target`,rm.`ext` FROM menu m INNER JOIN role_menu rm ON m.`id`=rm.`mid` WHERE m.parent_id is NULL and pos=1 and rm.`rid`=21 [ RunTime:0.111027s ]
[ 2013-08-09T10:12:06+08:00 ] SQL: SELECT m.id,m.`name`,m.`parent_id`,m.`link`,m.`image`,m.`target`,rm.`ext` FROM menu m INNER JOIN role_menu rm ON m.`id`=rm.`mid` WHERE m.parent_id=1 and rm.`rid`=21 [ RunTime:0.004305s ]
[ 2013-08-09T10:12:06+08:00 ] SQL: SELECT m.id,m.`name`,m.`parent_id`,m.`link`,m.`image`,m.`target`,rm.`ext` FROM menu m INNER JOIN role_menu rm ON m.`id`=rm.`mid` WHERE m.parent_id=2 and rm.`rid`=21 [ RunTime:0.003642s ]
[ 2013-08-09T10:12:06+08:00 ] SQL: SELECT m.id,m.`name`,m.`parent_id`,m.`link`,m.`image`,m.`target`,rm.`ext` FROM menu m INNER JOIN role_menu rm ON m.`id`=rm.`mid` WHERE m.parent_id=6 and rm.`rid`=21 [ RunTime:0.003406s ]
[ 2013-08-09T10:12:06+08:00 ] SQL: SELECT m.id,m.`name`,m.`parent_id`,m.`link`,m.`image`,m.`target`,rm.`ext` FROM menu m INNER JOIN role_menu rm ON m.`id`=rm.`mid` WHERE m.parent_id=7 and rm.`rid`=21 [ RunTime:0.003314s ]
[ 2013-08-09T10:12:06+08:00 ] SQL: SELECT m.id,m.`name`,m.`parent_id`,m.`link`,m.`image`,m.`target`,rm.`ext` FROM menu m INNER JOIN role_menu rm ON m.`id`=rm.`mid` WHERE m.parent_id=8 and rm.`rid`=21 [ RunTime:0.003665s ]
[ 2013-08-09T10:12:06+08:00 ] SQL: SELECT m.id,m.`name`,m.`parent_id`,m.`link`,m.`image`,m.`target`,rm.`ext` FROM menu m INNER JOIN role_menu rm ON m.`id`=rm.`mid` WHERE m.parent_id=34 and rm.`rid`=21 [ RunTime:0.003730s ]
[ 2013-08-09T10:12:06+08:00 ] SQL: SELECT m.id,m.`name`,m.`parent_id`,m.`link`,m.`image`,m.`target`,rm.`ext` FROM menu m INNER JOIN role_menu rm ON m.`id`=rm.`mid` WHERE m.parent_id=35 and rm.`rid`=21 [ RunTime:0.003400s ]
[ 2013-08-09T10:12:06+08:00 ] SQL: SELECT m.id,m.`name`,m.`parent_id`,m.`link`,m.`image`,m.`target`,rm.`ext` FROM menu m INNER JOIN role_menu rm ON m.`id`=rm.`mid` WHERE m.parent_id=36 and rm.`rid`=21 [ RunTime:0.003724s ]
[ 2013-08-09T10:12:06+08:00 ] SQL: SELECT m.id,m.`name`,m.`parent_id`,m.`link`,m.`image`,m.`target`,rm.`ext` FROM menu m INNER JOIN role_menu rm ON m.`id`=rm.`mid` WHERE m.parent_id=39 and rm.`rid`=21 [ RunTime:0.003391s ]
[ 2013-08-09T10:12:06+08:00 ] SQL: SELECT m.id,m.`name`,m.`parent_id`,m.`link`,m.`image`,m.`target`,rm.`ext` FROM menu m INNER JOIN role_menu rm ON m.`id`=rm.`mid` WHERE m.parent_id=42 and rm.`rid`=21 [ RunTime:0.003726s ]
[ 2013-08-09T10:12:06+08:00 ] SQL: SELECT m.id,m.`name`,m.`parent_id`,m.`link`,m.`image`,m.`target`,rm.`ext` FROM menu m INNER JOIN role_menu rm ON m.`id`=rm.`mid` WHERE m.parent_id=45 and rm.`rid`=21 [ RunTime:0.003583s ]
[ 2013-08-09T10:12:06+08:00 ] SQL: SELECT m.id,m.`name`,m.`parent_id`,m.`link`,m.`image`,m.`target`,rm.`ext` FROM menu m INNER JOIN role_menu rm ON m.`id`=rm.`mid` WHERE m.parent_id=51 and rm.`rid`=21 [ RunTime:0.003868s ]
[ 2013-08-09T10:12:06+08:00 ] SQL: SELECT m.id,m.`name`,m.`parent_id`,m.`link`,m.`image`,m.`target`,rm.`ext` FROM menu m INNER JOIN role_menu rm ON m.`id`=rm.`mid` WHERE m.parent_id=108 and rm.`rid`=21 [ RunTime:0.003352s ]
[ 2013-08-09T10:12:06+08:00 ] SQL: SELECT m.id,m.`name`,m.`parent_id`,m.`link`,m.`image`,m.`target`,rm.`ext` FROM menu m INNER JOIN role_menu rm ON m.`id`=rm.`mid` WHERE m.parent_id=111 and rm.`rid`=21 [ RunTime:0.003509s ]
[ 2013-08-09T10:12:06+08:00 ] SQL: SELECT m.id,m.`name`,m.`parent_id`,m.`link`,m.`image`,m.`target`,rm.`ext` FROM menu m INNER JOIN role_menu rm ON m.`id`=rm.`mid` WHERE m.parent_id=115 and rm.`rid`=21 [ RunTime:0.003394s ]
[ 2013-08-09T10:12:06+08:00 ] SQL: SELECT m.id,m.`name`,m.`parent_id`,m.`link`,m.`image`,m.`target`,rm.`ext` FROM menu m INNER JOIN role_menu rm ON m.`id`=rm.`mid` WHERE m.parent_id=59 and rm.`rid`=21 [ RunTime:0.003665s ]
[ 2013-08-09T10:12:07+08:00 ] SQL: SELECT m.id,m.`name`,m.`parent_id`,m.`link`,m.`image`,m.`target`,rm.`ext` FROM menu m INNER JOIN role_menu rm ON m.`id`=rm.`mid` WHERE m.parent_id is NULL and pos=0 and rm.`rid`=21 [ RunTime:0.003441s ]
[ 2013-08-09T10:12:07+08:00 ] SQL: SELECT m.id,m.`name`,m.`parent_id`,m.`link`,m.`image`,m.`target`,rm.`ext` FROM menu m INNER JOIN role_menu rm ON m.`id`=rm.`mid` WHERE m.parent_id=15 and rm.`rid`=21 [ RunTime:0.003353s ]
[ 2013-08-09T10:12:07+08:00 ] SQL: SELECT m.id,m.`name`,m.`parent_id`,m.`link`,m.`image`,m.`target`,rm.`ext` FROM menu m INNER JOIN role_menu rm ON m.`id`=rm.`mid` WHERE m.parent_id=16 and rm.`rid`=21 [ RunTime:0.003393s ]
[ 2013-08-09T10:12:07+08:00 ] SQL: SELECT m.id,m.`name`,m.`parent_id`,m.`link`,m.`image`,m.`target`,rm.`ext` FROM menu m INNER JOIN role_menu rm ON m.`id`=rm.`mid` WHERE m.parent_id=19 and rm.`rid`=21 [ RunTime:0.003436s ]
[ 2013-08-09T10:12:07+08:00 ] SQL: SELECT m.id,m.`name`,m.`parent_id`,m.`link`,m.`image`,m.`target`,rm.`ext` FROM menu m INNER JOIN role_menu rm ON m.`id`=rm.`mid` WHERE m.parent_id=24 and rm.`rid`=21 [ RunTime:0.003286s ]
[ 2013-08-09T10:12:07+08:00 ] SQL: SELECT m.id,m.`name`,m.`parent_id`,m.`link`,m.`image`,m.`target`,rm.`ext` FROM menu m INNER JOIN role_menu rm ON m.`id`=rm.`mid` WHERE m.parent_id=27 and rm.`rid`=21 [ RunTime:0.004093s ]
[ 2013-08-09T10:12:07+08:00 ] SQL: SELECT m.id,m.`name`,m.`parent_id`,m.`link`,m.`image`,m.`target`,rm.`ext` FROM menu m INNER JOIN role_menu rm ON m.`id`=rm.`mid` WHERE m.parent_id=31 and rm.`rid`=21 [ RunTime:0.003358s ]
[ 2013-08-09T10:12:07+08:00 ] SQL: SELECT m.id,m.`name`,m.`parent_id`,m.`link`,m.`image`,m.`target`,rm.`ext` FROM menu m INNER JOIN role_menu rm ON m.`id`=rm.`mid` WHERE m.parent_id is NULL and (pos=2 OR m.name='專案管理') and rm.`rid`=21 [ RunTime:0.003573s ]
[ 2013-08-09T10:12:07+08:00 ] SQL: SELECT m.id,m.`name`,m.`parent_id`,m.`link`,m.`image`,m.`target`,rm.`ext` FROM menu m INNER JOIN role_menu rm ON m.`id`=rm.`mid` WHERE m.parent_id=59 and rm.`rid`=21 [ RunTime:0.004200s ]
[ 2013-08-09T10:12:07+08:00 ] SQL: SELECT m.id,m.`name`,m.`parent_id`,m.`link`,m.`image`,m.`target`,rm.`ext` FROM menu m INNER JOIN role_menu rm ON m.`id`=rm.`mid` WHERE m.parent_id=69 and rm.`rid`=21 [ RunTime:0.003413s ]
[ 2013-08-09T10:12:07+08:00 ] SQL: SELECT m.id,m.`name`,m.`parent_id`,m.`link`,m.`image`,m.`target`,rm.`ext` FROM menu m INNER JOIN role_menu rm ON m.`id`=rm.`mid` WHERE m.parent_id=76 and rm.`rid`=21 [ RunTime:0.003598s ]
[ 2013-08-09T10:12:07+08:00 ] SQL: SELECT m.id,m.`name`,m.`parent_id`,m.`link`,m.`image`,m.`target`,rm.`ext` FROM menu m INNER JOIN role_menu rm ON m.`id`=rm.`mid` WHERE m.parent_id=79 and rm.`rid`=21 [ RunTime:0.003407s ]
[ 2013-08-09T10:12:07+08:00 ] SQL: SELECT m.id,m.`name`,m.`parent_id`,m.`link`,m.`image`,m.`target`,rm.`ext` FROM menu m INNER JOIN role_menu rm ON m.`id`=rm.`mid` WHERE m.parent_id=87 and rm.`rid`=21 [ RunTime:0.004066s ]
[ 2013-08-09T10:12:07+08:00 ] SQL: SELECT m.id,m.`name`,m.`parent_id`,m.`link`,m.`image`,m.`target`,rm.`ext` FROM menu m INNER JOIN role_menu rm ON m.`id`=rm.`mid` WHERE m.parent_id=101 and rm.`rid`=21 [ RunTime:0.004963s ]
[ 2013-08-09T10:12:07+08:00 ] SQL: SELECT m.id,m.`name`,m.`parent_id`,m.`link`,m.`image`,m.`target`,rm.`ext` FROM menu m INNER JOIN role_menu rm ON m.`id`=rm.`mid` WHERE m.parent_id=107 and rm.`rid`=21 [ RunTime:0.003476s ]
[ 2013-08-09T10:12:07+08:00 ] NOTIC: [8] Undefined index: exts BaseAction.class.php 第 80 行.
[ 2013-08-09T10:12:07+08:00 ] SQL: SELECT 
			  rm.*,
			  m.`link` 
			FROM
			  `menu` m 
			  INNER JOIN `role_menu` rm 
			    ON m.`id` = rm.`mid` 
			WHERE rm.`rid` = 21 
			  AND m.`ext` IS NOT NULL  [ RunTime:0.004125s ]
[ 2013-08-09T10:12:07+08:00 ] NOTIC: [8] Undefined index: key WorkAction.class.php 第 15 行.
[ 2013-08-09T10:12:07+08:00 ] SQL: SELECT 
			  w.* ,u.`ucode`,d.`id` depart,IFNULL(t.`name` ,w.typename) `type`
			FROM
			  `work` w 
			  INNER JOIN `user` u 
			    ON u.`id` = w.`uid` 
			   INNER JOIN depart d ON d.`id`=u.`depart`
			   LEFT JOIN `type` t ON t.`id`=w.`type`
			WHERE w.`code` = '13108617' AND w.uid= 10 [ RunTime:0.121534s ]
[ 2013-08-09T10:12:07+08:00 ] SQL: SELECT 
			  w.* ,u.`ucode`,d.`id` depart,IFNULL(t.`name` ,w.typename) `type`
			FROM
			  `work` w 
			  INNER JOIN `user` u 
			    ON u.`id` = w.`uid` 
			   INNER JOIN depart d ON d.`id`=u.`depart`
			   LEFT JOIN `type` t ON t.`id`=w.`type`
			WHERE w.`code` = '13108617' AND w.uid= 10 limit 0,20 [ RunTime:0.007751s ]
[ 2013-08-09T10:12:25+08:00 ] NOTIC: [8] Undefined index: key CaseAction.class.php 第 4 行.
[ 2013-08-09T10:12:25+08:00 ] SQL: SHOW COLUMNS FROM `case` [ RunTime:0.083116s ]
[ 2013-08-09T10:12:25+08:00 ] SQL: SELECT COUNT(*) AS tp_count FROM `case` WHERE  `code`='13108617'  and id in (SELECT 
						  `case` 
						FROM
						  case_member 
						WHERE memberid = 10 
						UNION ALL
						SELECT 
						  `case` 
						FROM
						  case_looker 
						WHERE lookerid = 10  )  LIMIT 1  [ RunTime:0.122280s ]
[ 2013-08-09T10:12:25+08:00 ] SQL: SELECT * FROM `case` WHERE  `code`='13108617'  and id in (SELECT 
						  `case` 
						FROM
						  case_member 
						WHERE memberid = 10 
						UNION ALL
						SELECT 
						  `case` 
						FROM
						  case_looker 
						WHERE lookerid = 10  )  ORDER BY id desc LIMIT 0,20  [ RunTime:0.001693s ]
[ 2013-08-09T10:12:28+08:00 ] SQL: SHOW COLUMNS FROM `case` [ RunTime:0.006616s ]
[ 2013-08-09T10:12:28+08:00 ] SQL: SELECT 
			  c.*,
			  za.`name` AS zaname,
			  za.`ucode` AS zacode,
			  yw.`name` AS ywname,
			  yw.`ucode` AS ywcode,
			  dd.`name` AS ddname,
			  dd.`ucode` AS ddcode 
			FROM
			  `case` c 
			  LEFT JOIN `user` za 
			    ON c.`casefzr` = za.`id` 
			  LEFT JOIN `user` yw 
			    ON c.`businessfzr` = yw.`id` 
			  LEFT JOIN `user` dd 
			    ON c.`casedd` = dd.`id`  where c.id= 9 [ RunTime:0.001643s ]
[ 2013-08-09T10:12:33+08:00 ] SQL: SHOW COLUMNS FROM `case_device_maintenance_scheduling` [ RunTime:0.065744s ]
[ 2013-08-09T10:12:34+08:00 ] NOTIC: [8] Undefined index: st CaseAction.class.php 第 969 行.
[ 2013-08-09T10:12:34+08:00 ] SQL: SELECT COUNT(*) AS tp_count FROM `case_device_maintenance_scheduling` WHERE `case` = 9 LIMIT 1  [ RunTime:0.000862s ]
[ 2013-08-09T10:12:34+08:00 ] SQL: SELECT * FROM `case_device_maintenance_scheduling` WHERE `case` = 9 ORDER BY id desc LIMIT 0,20  [ RunTime:0.001062s ]
[ 2013-08-09T10:16:46+08:00 ] SQL: SHOW COLUMNS FROM `case_device_maintenance_scheduling` [ RunTime:0.005752s ]
[ 2013-08-09T10:16:46+08:00 ] NOTIC: [8] Undefined index: st CaseAction.class.php 第 969 行.
[ 2013-08-09T10:16:46+08:00 ] SQL: SELECT COUNT(*) AS tp_count FROM `case_device_maintenance_scheduling` WHERE `case` = 9 LIMIT 1  [ RunTime:0.000858s ]
[ 2013-08-09T10:16:46+08:00 ] SQL: SELECT * FROM `case_device_maintenance_scheduling` WHERE `case` = 9 ORDER BY id desc LIMIT 0,20  [ RunTime:0.001520s ]
[ 2013-08-09T10:17:05+08:00 ] SQL: SHOW COLUMNS FROM `case_device_maintenance_scheduling` [ RunTime:0.005550s ]
[ 2013-08-09T10:17:05+08:00 ] SQL: SELECT * FROM `case_device_maintenance_scheduling` WHERE ( `id` = '29' ) LIMIT 1  [ RunTime:0.000853s ]
[ 2013-08-09T10:17:05+08:00 ] SQL: SELECT o.*,t.`name` AS tname,ct.`name` AS ctname  FROM `case_device_maintenance_overtime` o INNER JOIN case_device_type t ON o.`devicetype`=t.`id` INNER JOIN case_device_child_type ct ON ct.`id`=o.`devicechildtype` WHERE o.`case` =9 AND ((o.`type`='W')OR(o.`type`='D')OR(o.`type`='M')OR(o.`startmonth`='0')OR (o.`startmonth`='6')) [ RunTime:0.002009s ]
[ 2013-08-09T10:19:38+08:00 ] SQL: SHOW COLUMNS FROM `case_device_maintenance_scheduling` [ RunTime:0.006119s ]
[ 2013-08-09T10:19:38+08:00 ] SQL: SELECT * FROM `case_device_maintenance_scheduling` WHERE ( `id` = '29' ) LIMIT 1  [ RunTime:0.000882s ]
[ 2013-08-09T10:19:38+08:00 ] SQL: SELECT o.*,t.`name` AS tname,ct.`name` AS ctname  FROM `case_device_maintenance_overtime` o INNER JOIN case_device_type t ON o.`devicetype`=t.`id` INNER JOIN case_device_child_type ct ON ct.`id`=o.`devicechildtype` WHERE o.`case` =9 AND ((o.`type`='W')OR(o.`type`='D')OR(o.`type`='M')OR(o.`startmonth`='0')OR (o.`startmonth`='6')) [ RunTime:0.001650s ]
[ 2013-08-09T10:20:06+08:00 ] SQL: SHOW COLUMNS FROM `case_device_maintenance_scheduling` [ RunTime:0.006524s ]
[ 2013-08-09T10:20:06+08:00 ] SQL: SELECT * FROM `case_device_maintenance_scheduling` WHERE ( `id` = '29' ) LIMIT 1  [ RunTime:0.000981s ]
[ 2013-08-09T10:20:06+08:00 ] SQL: SELECT o.*,t.`name` AS tname,ct.`name` AS ctname  FROM `case_device_maintenance_overtime` o INNER JOIN case_device_type t ON o.`devicetype`=t.`id` INNER JOIN case_device_child_type ct ON ct.`id`=o.`devicechildtype` WHERE o.`case` =9 AND ((o.`type`='W')OR(o.`type`='D')OR(o.`type`='M')OR(o.`startmonth`='0')OR (o.`startmonth`='6')) [ RunTime:0.001640s ]
[ 2013-08-09T10:22:57+08:00 ] NOTIC: [8] Undefined index: case CaseAction.class.php 第 37 行.
[ 2013-08-09T10:22:57+08:00 ] SQL: SHOW COLUMNS FROM `case` [ RunTime:0.006808s ]
[ 2013-08-09T10:22:57+08:00 ] SQL: SELECT 
			  c.*,
			  za.`name` AS zaname,
			  za.`ucode` AS zacode,
			  yw.`name` AS ywname,
			  yw.`ucode` AS ywcode,
			  dd.`name` AS ddname,
			  dd.`ucode` AS ddcode 
			FROM
			  `case` c 
			  LEFT JOIN `user` za 
			    ON c.`casefzr` = za.`id` 
			  LEFT JOIN `user` yw 
			    ON c.`businessfzr` = yw.`id` 
			  LEFT JOIN `user` dd 
			    ON c.`casedd` = dd.`id`  where c.id= 9 [ RunTime:0.001437s ]
[ 2013-08-09T10:24:19+08:00 ] NOTIC: [8] Undefined index: case CaseAction.class.php 第 37 行.
[ 2013-08-09T10:24:19+08:00 ] SQL: SHOW COLUMNS FROM `case` [ RunTime:0.006932s ]
[ 2013-08-09T10:24:19+08:00 ] SQL: SELECT 
			  c.*,
			  za.`name` AS zaname,
			  za.`ucode` AS zacode,
			  yw.`name` AS ywname,
			  yw.`ucode` AS ywcode,
			  dd.`name` AS ddname,
			  dd.`ucode` AS ddcode 
			FROM
			  `case` c 
			  LEFT JOIN `user` za 
			    ON c.`casefzr` = za.`id` 
			  LEFT JOIN `user` yw 
			    ON c.`businessfzr` = yw.`id` 
			  LEFT JOIN `user` dd 
			    ON c.`casedd` = dd.`id`  where c.id= 9 [ RunTime:0.001177s ]
[ 2013-08-09T10:24:55+08:00 ] NOTIC: [8] Undefined index: key WorkAction.class.php 第 15 行.
[ 2013-08-09T10:24:55+08:00 ] SQL: SELECT 
			  w.* ,u.`ucode`,d.`id` depart,IFNULL(t.`name` ,w.typename) `type`
			FROM
			  `work` w 
			  INNER JOIN `user` u 
			    ON u.`id` = w.`uid` 
			   INNER JOIN depart d ON d.`id`=u.`depart`
			   LEFT JOIN `type` t ON t.`id`=w.`type`
			WHERE w.`code` = '13108617' AND w.uid= 10 [ RunTime:0.009004s ]
[ 2013-08-09T10:24:55+08:00 ] SQL: SELECT 
			  w.* ,u.`ucode`,d.`id` depart,IFNULL(t.`name` ,w.typename) `type`
			FROM
			  `work` w 
			  INNER JOIN `user` u 
			    ON u.`id` = w.`uid` 
			   INNER JOIN depart d ON d.`id`=u.`depart`
			   LEFT JOIN `type` t ON t.`id`=w.`type`
			WHERE w.`code` = '13108617' AND w.uid= 10 limit 0,20 [ RunTime:0.008679s ]
[ 2013-08-09T10:24:59+08:00 ] SQL: SELECT * FROM user WHERE depart=(SELECT depart FROM user WHERE id=10) [ RunTime:0.153234s ]
[ 2013-08-09T10:24:59+08:00 ] SQL: select * from depart  [ RunTime:0.000938s ]
[ 2013-08-09T10:24:59+08:00 ] NOTIC: [8] Undefined index: sdate CheckAction.class.php 第 119 行.
[ 2013-08-09T10:24:59+08:00 ] NOTIC: [8] Undefined index: edate CheckAction.class.php 第 120 行.
[ 2013-08-09T10:24:59+08:00 ] NOTIC: [8] Undefined index: depart CheckAction.class.php 第 121 行.
[ 2013-08-09T10:24:59+08:00 ] NOTIC: [8] Undefined index: team CheckAction.class.php 第 122 行.
[ 2013-08-09T10:24:59+08:00 ] SQL: SELECT c.*,u.id as userid,u.`name`,u.`ucode` FROM `check` c INNER JOIN `user`  u ON c.`uid`=u.`id` WHERE 1=1  [ RunTime:0.038877s ]
[ 2013-08-09T10:25:00+08:00 ] SQL: SELECT c.*,u.id as userid,u.`name`,u.`ucode` FROM `check` c INNER JOIN `user`  u ON c.`uid`=u.`id` WHERE 1=1  limit 0,20 [ RunTime:0.001351s ]
[ 2013-08-09T10:27:18+08:00 ] NOTIC: [8] Undefined index: key NewsAction.class.php 第 4 行.
[ 2013-08-09T10:27:18+08:00 ] SQL: SHOW COLUMNS FROM `news` [ RunTime:0.005809s ]
[ 2013-08-09T10:27:18+08:00 ] SQL: SELECT COUNT(*) AS tp_count FROM `news` WHERE  `code`='13108617'  LIMIT 1  [ RunTime:0.000856s ]
[ 2013-08-09T10:27:18+08:00 ] SQL: SELECT * FROM `news` WHERE  `code`='13108617'  ORDER BY id desc LIMIT 0,20  [ RunTime:0.001003s ]
[ 2013-08-09T10:27:23+08:00 ] SQL: SHOW COLUMNS FROM `news` [ RunTime:0.006133s ]
[ 2013-08-09T10:27:23+08:00 ] SQL: SELECT * FROM `news` WHERE ( `id` = '5139' ) LIMIT 1  [ RunTime:0.000875s ]
[ 2013-08-09T10:27:23+08:00 ] NOTIC: [8] Undefined index: readcount NewsAction.class.php 第 25 行.
[ 2013-08-09T10:27:23+08:00 ] SQL: UPDATE `news` SET `code`='13108617',`senddate`='2012-08-13 11:23:38',`title`='人員獎勵案',`uid`='47',`uname`='陳義銓',`content`='緯創駐點機電人員劉嘉翔，林泰霖，吳耀圳，胡朝傑，張浩誠..等5人表現優良。並獲得業主頒發優良合作夥伴獎，順利續約並增加合約金額，特此口頭嘉獎壹次，並頒發5000元獎勵金。',`atts`=null,`link`='',`readercount`=1 WHERE ( `id` = '5139' ) [ RunTime:0.001294s ]
[ 2013-08-09T10:27:23+08:00 ] SQL: SHOW COLUMNS FROM `newsreader` [ RunTime:0.007047s ]
[ 2013-08-09T10:27:23+08:00 ] SQL: SELECT * FROM `newsreader` WHERE news=5139 and readerid=10 LIMIT 1  [ RunTime:0.000882s ]
[ 2013-08-09T10:27:36+08:00 ] SQL: SHOW COLUMNS FROM `newsreader` [ RunTime:0.006942s ]
[ 2013-08-09T10:27:36+08:00 ] SQL: SELECT COUNT(*) AS tp_count FROM `newsreader` WHERE  news=5140 LIMIT 1  [ RunTime:0.000933s ]
[ 2013-08-09T10:27:36+08:00 ] SQL: SELECT * FROM `newsreader` WHERE  news=5140 ORDER BY id desc LIMIT 0,20  [ RunTime:0.000954s ]
[ 2013-08-09T10:27:36+08:00 ] SQL: SHOW COLUMNS FROM `depart` [ RunTime:0.005274s ]
[ 2013-08-09T10:27:36+08:00 ] SQL: SELECT * FROM `depart` WHERE  code='13108617'  [ RunTime:0.000992s ]
[ 2013-08-09T10:27:37+08:00 ] ERR: (ThinkException) 非法操作images
[ 2013-08-09T10:27:58+08:00 ] SQL: SHOW COLUMNS FROM `newsreader` [ RunTime:0.006081s ]
[ 2013-08-09T10:27:58+08:00 ] SQL: SELECT COUNT(*) AS tp_count FROM `newsreader` WHERE  news=5139 LIMIT 1  [ RunTime:0.000877s ]
[ 2013-08-09T10:27:58+08:00 ] SQL: SELECT * FROM `newsreader` WHERE  news=5139 ORDER BY id desc LIMIT 0,20  [ RunTime:0.001054s ]
[ 2013-08-09T10:27:58+08:00 ] SQL: SHOW COLUMNS FROM `depart` [ RunTime:0.005630s ]
[ 2013-08-09T10:27:58+08:00 ] SQL: SELECT * FROM `depart` WHERE  code='13108617'  [ RunTime:0.000891s ]
[ 2013-08-09T10:27:58+08:00 ] ERR: (ThinkException) 非法操作images
[ 2013-08-09T10:28:49+08:00 ] SQL: SHOW COLUMNS FROM `newsreader` [ RunTime:0.005648s ]
[ 2013-08-09T10:28:49+08:00 ] SQL: SELECT COUNT(*) AS tp_count FROM `newsreader` WHERE  news=5139 LIMIT 1  [ RunTime:0.001432s ]
[ 2013-08-09T10:28:49+08:00 ] SQL: SELECT * FROM `newsreader` WHERE  news=5139 ORDER BY id desc LIMIT 0,20  [ RunTime:0.001136s ]
[ 2013-08-09T10:28:49+08:00 ] SQL: SHOW COLUMNS FROM `depart` [ RunTime:0.005284s ]
[ 2013-08-09T10:28:49+08:00 ] SQL: SELECT * FROM `depart` WHERE  code='13108617'  [ RunTime:0.000855s ]
[ 2013-08-09T10:28:50+08:00 ] ERR: (ThinkException) 非法操作images
[ 2013-08-09T10:29:00+08:00 ] SQL: SHOW COLUMNS FROM `newsreader` [ RunTime:0.005557s ]
[ 2013-08-09T10:29:00+08:00 ] SQL: SELECT COUNT(*) AS tp_count FROM `newsreader` WHERE  news=5139 LIMIT 1  [ RunTime:0.001003s ]
[ 2013-08-09T10:29:00+08:00 ] SQL: SELECT * FROM `newsreader` WHERE  news=5139 ORDER BY id desc LIMIT 20,20  [ RunTime:0.001060s ]
[ 2013-08-09T10:29:00+08:00 ] SQL: SHOW COLUMNS FROM `depart` [ RunTime:0.006020s ]
[ 2013-08-09T10:29:00+08:00 ] SQL: SELECT * FROM `depart` WHERE  code='13108617'  [ RunTime:0.001029s ]
[ 2013-08-09T10:29:01+08:00 ] ERR: (ThinkException) 非法操作images
[ 2013-08-09T10:29:04+08:00 ] SQL: SHOW COLUMNS FROM `newsreader` [ RunTime:0.005850s ]
[ 2013-08-09T10:29:05+08:00 ] SQL: SELECT COUNT(*) AS tp_count FROM `newsreader` WHERE  news=5139 and readerdepart=20 LIMIT 1  [ RunTime:0.000891s ]
[ 2013-08-09T10:29:05+08:00 ] SQL: SELECT * FROM `newsreader` WHERE  news=5139 and readerdepart=20 ORDER BY id desc LIMIT 0,20  [ RunTime:0.001212s ]
[ 2013-08-09T10:29:05+08:00 ] SQL: SHOW COLUMNS FROM `depart` [ RunTime:0.005717s ]
[ 2013-08-09T10:29:05+08:00 ] SQL: SELECT * FROM `depart` WHERE  code='13108617'  [ RunTime:0.000863s ]
[ 2013-08-09T10:29:05+08:00 ] ERR: (ThinkException) 非法操作images
[ 2013-08-09T10:29:08+08:00 ] SQL: SHOW COLUMNS FROM `newsreader` [ RunTime:0.006291s ]
[ 2013-08-09T10:29:08+08:00 ] SQL: SELECT COUNT(*) AS tp_count FROM `newsreader` WHERE  news=5139 and readerdepart=21 LIMIT 1  [ RunTime:0.001082s ]
[ 2013-08-09T10:29:08+08:00 ] SQL: SELECT * FROM `newsreader` WHERE  news=5139 and readerdepart=21 ORDER BY id desc LIMIT 0,20  [ RunTime:0.001338s ]
[ 2013-08-09T10:29:08+08:00 ] SQL: SHOW COLUMNS FROM `depart` [ RunTime:0.005693s ]
[ 2013-08-09T10:29:08+08:00 ] SQL: SELECT * FROM `depart` WHERE  code='13108617'  [ RunTime:0.000842s ]
[ 2013-08-09T10:36:21+08:00 ] NOTIC: [8] Undefined index: key NewsAction.class.php 第 4 行.
[ 2013-08-09T10:36:21+08:00 ] SQL: SHOW COLUMNS FROM `news` [ RunTime:0.007149s ]
[ 2013-08-09T10:36:21+08:00 ] SQL: SELECT COUNT(*) AS tp_count FROM `news` WHERE  `code`='13108617'  LIMIT 1  [ RunTime:0.000842s ]
[ 2013-08-09T10:36:21+08:00 ] SQL: SELECT * FROM `news` WHERE  `code`='13108617'  ORDER BY id desc LIMIT 0,20  [ RunTime:0.000985s ]
[ 2013-08-09T10:36:25+08:00 ] SQL: SHOW COLUMNS FROM `news` [ RunTime:0.006205s ]
[ 2013-08-09T10:36:25+08:00 ] SQL: SELECT * FROM `news` WHERE ( `id` = '5139' ) LIMIT 1  [ RunTime:0.000867s ]
[ 2013-08-09T10:36:25+08:00 ] NOTIC: [8] Undefined index: readcount NewsAction.class.php 第 25 行.
[ 2013-08-09T10:36:25+08:00 ] SQL: UPDATE `news` SET `code`='13108617',`senddate`='2012-08-13 11:23:38',`title`='人員獎勵案',`uid`='47',`uname`='陳義銓',`content`='緯創駐點機電人員劉嘉翔，林泰霖，吳耀圳，胡朝傑，張浩誠..等5人表現優良。並獲得業主頒發優良合作夥伴獎，順利續約並增加合約金額，特此口頭嘉獎壹次，並頒發5000元獎勵金。',`atts`=null,`link`='',`readercount`=1 WHERE ( `id` = '5139' ) [ RunTime:0.000825s ]
[ 2013-08-09T10:36:25+08:00 ] SQL: SHOW COLUMNS FROM `newsreader` [ RunTime:0.005540s ]
[ 2013-08-09T10:36:25+08:00 ] SQL: SELECT * FROM `newsreader` WHERE news=5139 and readerid=10 LIMIT 1  [ RunTime:0.001290s ]
[ 2013-08-09T10:36:29+08:00 ] NOTIC: [8] Undefined index: key NewsAction.class.php 第 4 行.
[ 2013-08-09T10:36:29+08:00 ] SQL: SHOW COLUMNS FROM `news` [ RunTime:0.005927s ]
[ 2013-08-09T10:36:29+08:00 ] SQL: SELECT COUNT(*) AS tp_count FROM `news` WHERE  `code`='13108617'  LIMIT 1  [ RunTime:0.000842s ]
[ 2013-08-09T10:36:29+08:00 ] SQL: SELECT * FROM `news` WHERE  `code`='13108617'  ORDER BY id desc LIMIT 0,20  [ RunTime:0.001005s ]
[ 2013-08-09T10:37:34+08:00 ] NOTIC: [8] Undefined index: username IndexAction.class.php 第 4 行.
[ 2013-08-09T10:37:34+08:00 ] NOTIC: [8] Undefined index: pwd IndexAction.class.php 第 5 行.
[ 2013-08-09T10:37:40+08:00 ] SQL: SHOW COLUMNS FROM `user` [ RunTime:0.007152s ]
[ 2013-08-09T10:37:40+08:00 ] SQL: SELECT * FROM `user` WHERE ( `username` = '03231' ) LIMIT 1  [ RunTime:0.001272s ]
[ 2013-08-09T10:37:40+08:00 ] SQL: SHOW COLUMNS FROM `msg` [ RunTime:0.006193s ]
[ 2013-08-09T10:37:40+08:00 ] SQL: SELECT COUNT(*) as C FROM (SELECT
		m.id,IFNULL(mr.readerid,0) isread
		FROM
		msg m LEFT JOIN msgreader mr ON m.`id`=mr.`msgid` AND mr.`readerid`=30
		WHERE INSTR(
				CONCAT(',', m.receiversid, ','),
				CONCAT(',', 30, ',')
		) > 0 AND m.code = 13108617) z WHERE z.isread =0 [ RunTime:0.011257s ]
[ 2013-08-09T10:37:40+08:00 ] SQL: SHOW COLUMNS FROM `work` [ RunTime:0.006111s ]
[ 2013-08-09T10:37:40+08:00 ] SQL: SELECT COUNT(*) AS tp_count FROM `work` WHERE code='13108617' and awoke =1 and uid =30 and UNIX_TIMESTAMP(NOW()) - UNIX_TIMESTAMP(DATE_ADD(
			    STR_TO_DATE(
			      CONCAT(
			        DATE(`date`),
			        ' ',
			        ehour,
			        ':',
			        eminute,
			        ':00'
			      ),
			      '%Y-%m-%d %H:%i:%s'
			    ),INTERVAL overday DAY)
			  ) < 0   LIMIT 1  [ RunTime:0.003538s ]
[ 2013-08-09T10:37:40+08:00 ] SQL: SHOW COLUMNS FROM `msgwork` [ RunTime:0.006136s ]
[ 2013-08-09T10:37:40+08:00 ] SQL: SELECT COUNT(*) AS tp_count FROM `msgwork` WHERE code='13108617' and issenderread =0 and senderid =30 LIMIT 1  [ RunTime:0.001429s ]
[ 2013-08-09T10:37:40+08:00 ] SQL: SELECT COUNT(*) AS tp_count FROM `msgwork` WHERE code='13108617' and isreceiverread =0 and receiverid =30 LIMIT 1  [ RunTime:0.001142s ]
[ 2013-08-09T10:37:40+08:00 ] SQL: SELECT m.id,m.`name`,m.`parent_id`,m.`link`,m.`image`,m.`target`,rm.`ext` FROM menu m INNER JOIN role_menu rm ON m.`id`=rm.`mid` WHERE m.parent_id is NULL and pos=1 and rm.`rid`=26 [ RunTime:0.003991s ]
[ 2013-08-09T10:37:40+08:00 ] SQL: SELECT m.id,m.`name`,m.`parent_id`,m.`link`,m.`image`,m.`target`,rm.`ext` FROM menu m INNER JOIN role_menu rm ON m.`id`=rm.`mid` WHERE m.parent_id=1 and rm.`rid`=26 [ RunTime:0.003306s ]
[ 2013-08-09T10:37:40+08:00 ] SQL: SELECT m.id,m.`name`,m.`parent_id`,m.`link`,m.`image`,m.`target`,rm.`ext` FROM menu m INNER JOIN role_menu rm ON m.`id`=rm.`mid` WHERE m.parent_id=2 and rm.`rid`=26 [ RunTime:0.003506s ]
[ 2013-08-09T10:37:40+08:00 ] SQL: SELECT m.id,m.`name`,m.`parent_id`,m.`link`,m.`image`,m.`target`,rm.`ext` FROM menu m INNER JOIN role_menu rm ON m.`id`=rm.`mid` WHERE m.parent_id=6 and rm.`rid`=26 [ RunTime:0.003552s ]
[ 2013-08-09T10:37:40+08:00 ] SQL: SELECT m.id,m.`name`,m.`parent_id`,m.`link`,m.`image`,m.`target`,rm.`ext` FROM menu m INNER JOIN role_menu rm ON m.`id`=rm.`mid` WHERE m.parent_id=7 and rm.`rid`=26 [ RunTime:0.003435s ]
[ 2013-08-09T10:37:40+08:00 ] SQL: SELECT m.id,m.`name`,m.`parent_id`,m.`link`,m.`image`,m.`target`,rm.`ext` FROM menu m INNER JOIN role_menu rm ON m.`id`=rm.`mid` WHERE m.parent_id=8 and rm.`rid`=26 [ RunTime:0.004557s ]
[ 2013-08-09T10:37:40+08:00 ] SQL: SELECT m.id,m.`name`,m.`parent_id`,m.`link`,m.`image`,m.`target`,rm.`ext` FROM menu m INNER JOIN role_menu rm ON m.`id`=rm.`mid` WHERE m.parent_id=34 and rm.`rid`=26 [ RunTime:0.003381s ]
[ 2013-08-09T10:37:40+08:00 ] SQL: SELECT m.id,m.`name`,m.`parent_id`,m.`link`,m.`image`,m.`target`,rm.`ext` FROM menu m INNER JOIN role_menu rm ON m.`id`=rm.`mid` WHERE m.parent_id=35 and rm.`rid`=26 [ RunTime:0.003432s ]
[ 2013-08-09T10:37:40+08:00 ] SQL: SELECT m.id,m.`name`,m.`parent_id`,m.`link`,m.`image`,m.`target`,rm.`ext` FROM menu m INNER JOIN role_menu rm ON m.`id`=rm.`mid` WHERE m.parent_id=36 and rm.`rid`=26 [ RunTime:0.003506s ]
[ 2013-08-09T10:37:40+08:00 ] SQL: SELECT m.id,m.`name`,m.`parent_id`,m.`link`,m.`image`,m.`target`,rm.`ext` FROM menu m INNER JOIN role_menu rm ON m.`id`=rm.`mid` WHERE m.parent_id=39 and rm.`rid`=26 [ RunTime:0.003548s ]
[ 2013-08-09T10:37:40+08:00 ] SQL: SELECT m.id,m.`name`,m.`parent_id`,m.`link`,m.`image`,m.`target`,rm.`ext` FROM menu m INNER JOIN role_menu rm ON m.`id`=rm.`mid` WHERE m.parent_id=42 and rm.`rid`=26 [ RunTime:0.003751s ]
[ 2013-08-09T10:37:40+08:00 ] SQL: SELECT m.id,m.`name`,m.`parent_id`,m.`link`,m.`image`,m.`target`,rm.`ext` FROM menu m INNER JOIN role_menu rm ON m.`id`=rm.`mid` WHERE m.parent_id=45 and rm.`rid`=26 [ RunTime:0.004385s ]
[ 2013-08-09T10:37:41+08:00 ] SQL: SELECT m.id,m.`name`,m.`parent_id`,m.`link`,m.`image`,m.`target`,rm.`ext` FROM menu m INNER JOIN role_menu rm ON m.`id`=rm.`mid` WHERE m.parent_id=51 and rm.`rid`=26 [ RunTime:0.003562s ]
[ 2013-08-09T10:37:41+08:00 ] SQL: SELECT m.id,m.`name`,m.`parent_id`,m.`link`,m.`image`,m.`target`,rm.`ext` FROM menu m INNER JOIN role_menu rm ON m.`id`=rm.`mid` WHERE m.parent_id=108 and rm.`rid`=26 [ RunTime:0.003470s ]
[ 2013-08-09T10:37:41+08:00 ] SQL: SELECT m.id,m.`name`,m.`parent_id`,m.`link`,m.`image`,m.`target`,rm.`ext` FROM menu m INNER JOIN role_menu rm ON m.`id`=rm.`mid` WHERE m.parent_id=111 and rm.`rid`=26 [ RunTime:0.003741s ]
[ 2013-08-09T10:37:41+08:00 ] SQL: SELECT m.id,m.`name`,m.`parent_id`,m.`link`,m.`image`,m.`target`,rm.`ext` FROM menu m INNER JOIN role_menu rm ON m.`id`=rm.`mid` WHERE m.parent_id=59 and rm.`rid`=26 [ RunTime:0.003399s ]
[ 2013-08-09T10:37:41+08:00 ] SQL: SELECT m.id,m.`name`,m.`parent_id`,m.`link`,m.`image`,m.`target`,rm.`ext` FROM menu m INNER JOIN role_menu rm ON m.`id`=rm.`mid` WHERE m.parent_id is NULL and pos=0 and rm.`rid`=26 [ RunTime:0.004480s ]
[ 2013-08-09T10:37:41+08:00 ] SQL: SELECT m.id,m.`name`,m.`parent_id`,m.`link`,m.`image`,m.`target`,rm.`ext` FROM menu m INNER JOIN role_menu rm ON m.`id`=rm.`mid` WHERE m.parent_id=15 and rm.`rid`=26 [ RunTime:0.003788s ]
[ 2013-08-09T10:37:41+08:00 ] SQL: SELECT m.id,m.`name`,m.`parent_id`,m.`link`,m.`image`,m.`target`,rm.`ext` FROM menu m INNER JOIN role_menu rm ON m.`id`=rm.`mid` WHERE m.parent_id=16 and rm.`rid`=26 [ RunTime:0.003357s ]
[ 2013-08-09T10:37:41+08:00 ] SQL: SELECT m.id,m.`name`,m.`parent_id`,m.`link`,m.`image`,m.`target`,rm.`ext` FROM menu m INNER JOIN role_menu rm ON m.`id`=rm.`mid` WHERE m.parent_id=19 and rm.`rid`=26 [ RunTime:0.003883s ]
[ 2013-08-09T10:37:41+08:00 ] SQL: SELECT m.id,m.`name`,m.`parent_id`,m.`link`,m.`image`,m.`target`,rm.`ext` FROM menu m INNER JOIN role_menu rm ON m.`id`=rm.`mid` WHERE m.parent_id=24 and rm.`rid`=26 [ RunTime:0.003769s ]
[ 2013-08-09T10:37:41+08:00 ] SQL: SELECT m.id,m.`name`,m.`parent_id`,m.`link`,m.`image`,m.`target`,rm.`ext` FROM menu m INNER JOIN role_menu rm ON m.`id`=rm.`mid` WHERE m.parent_id=27 and rm.`rid`=26 [ RunTime:0.003531s ]
[ 2013-08-09T10:37:41+08:00 ] SQL: SELECT m.id,m.`name`,m.`parent_id`,m.`link`,m.`image`,m.`target`,rm.`ext` FROM menu m INNER JOIN role_menu rm ON m.`id`=rm.`mid` WHERE m.parent_id=31 and rm.`rid`=26 [ RunTime:0.003731s ]
[ 2013-08-09T10:37:41+08:00 ] SQL: SELECT m.id,m.`name`,m.`parent_id`,m.`link`,m.`image`,m.`target`,rm.`ext` FROM menu m INNER JOIN role_menu rm ON m.`id`=rm.`mid` WHERE m.parent_id is NULL and (pos=2 OR m.name='專案管理') and rm.`rid`=26 [ RunTime:0.007573s ]
[ 2013-08-09T10:37:41+08:00 ] SQL: SELECT m.id,m.`name`,m.`parent_id`,m.`link`,m.`image`,m.`target`,rm.`ext` FROM menu m INNER JOIN role_menu rm ON m.`id`=rm.`mid` WHERE m.parent_id=59 and rm.`rid`=26 [ RunTime:0.008894s ]
[ 2013-08-09T10:37:41+08:00 ] SQL: SELECT m.id,m.`name`,m.`parent_id`,m.`link`,m.`image`,m.`target`,rm.`ext` FROM menu m INNER JOIN role_menu rm ON m.`id`=rm.`mid` WHERE m.parent_id=69 and rm.`rid`=26 [ RunTime:0.004105s ]
[ 2013-08-09T10:37:41+08:00 ] SQL: SELECT m.id,m.`name`,m.`parent_id`,m.`link`,m.`image`,m.`target`,rm.`ext` FROM menu m INNER JOIN role_menu rm ON m.`id`=rm.`mid` WHERE m.parent_id=76 and rm.`rid`=26 [ RunTime:0.003409s ]
[ 2013-08-09T10:37:41+08:00 ] SQL: SELECT m.id,m.`name`,m.`parent_id`,m.`link`,m.`image`,m.`target`,rm.`ext` FROM menu m INNER JOIN role_menu rm ON m.`id`=rm.`mid` WHERE m.parent_id=79 and rm.`rid`=26 [ RunTime:0.004553s ]
[ 2013-08-09T10:37:41+08:00 ] SQL: SELECT m.id,m.`name`,m.`parent_id`,m.`link`,m.`image`,m.`target`,rm.`ext` FROM menu m INNER JOIN role_menu rm ON m.`id`=rm.`mid` WHERE m.parent_id=87 and rm.`rid`=26 [ RunTime:0.003371s ]
[ 2013-08-09T10:37:41+08:00 ] SQL: SELECT m.id,m.`name`,m.`parent_id`,m.`link`,m.`image`,m.`target`,rm.`ext` FROM menu m INNER JOIN role_menu rm ON m.`id`=rm.`mid` WHERE m.parent_id=101 and rm.`rid`=26 [ RunTime:0.003392s ]
[ 2013-08-09T10:37:41+08:00 ] SQL: SELECT m.id,m.`name`,m.`parent_id`,m.`link`,m.`image`,m.`target`,rm.`ext` FROM menu m INNER JOIN role_menu rm ON m.`id`=rm.`mid` WHERE m.parent_id=107 and rm.`rid`=26 [ RunTime:0.003777s ]
[ 2013-08-09T10:37:41+08:00 ] NOTIC: [8] Undefined index: key WorkAction.class.php 第 15 行.
[ 2013-08-09T10:37:41+08:00 ] SQL: SELECT 
			  w.* ,u.`ucode`,d.`id` depart,IFNULL(t.`name` ,w.typename) `type`
			FROM
			  `work` w 
			  INNER JOIN `user` u 
			    ON u.`id` = w.`uid` 
			   INNER JOIN depart d ON d.`id`=u.`depart`
			   LEFT JOIN `type` t ON t.`id`=w.`type`
			WHERE w.`code` = '13108617' AND w.uid= 30 [ RunTime:0.008431s ]
[ 2013-08-09T10:37:41+08:00 ] SQL: SELECT 
			  w.* ,u.`ucode`,d.`id` depart,IFNULL(t.`name` ,w.typename) `type`
			FROM
			  `work` w 
			  INNER JOIN `user` u 
			    ON u.`id` = w.`uid` 
			   INNER JOIN depart d ON d.`id`=u.`depart`
			   LEFT JOIN `type` t ON t.`id`=w.`type`
			WHERE w.`code` = '13108617' AND w.uid= 30 limit 0,20 [ RunTime:0.008473s ]
[ 2013-08-09T10:37:45+08:00 ] NOTIC: [8] Undefined index: key NewsAction.class.php 第 4 行.
[ 2013-08-09T10:37:45+08:00 ] SQL: SHOW COLUMNS FROM `news` [ RunTime:0.005940s ]
[ 2013-08-09T10:37:45+08:00 ] SQL: SELECT COUNT(*) AS tp_count FROM `news` WHERE  `code`='13108617'  LIMIT 1  [ RunTime:0.001035s ]
[ 2013-08-09T10:37:45+08:00 ] SQL: SELECT * FROM `news` WHERE  `code`='13108617'  ORDER BY id desc LIMIT 0,20  [ RunTime:0.000982s ]
[ 2013-08-09T10:37:48+08:00 ] SQL: SHOW COLUMNS FROM `news` [ RunTime:0.006035s ]
[ 2013-08-09T10:37:54+08:00 ] SQL: SELECT * FROM `news` WHERE ( `id` = '5140' ) LIMIT 1  [ RunTime:0.001634s ]
[ 2013-08-09T10:37:55+08:00 ] NOTIC: [8] Undefined index: readcount NewsAction.class.php 第 25 行.
[ 2013-08-09T10:37:56+08:00 ] SQL: UPDATE `news` SET `code`='13108617',`senddate`='2013-04-08 14:16:52',`title`='TEST',`uid`='10',`uname`='管理员',`content`='TEST',`atts`=null,`link`='',`readercount`=1 WHERE ( `id` = '5140' ) [ RunTime:0.001709s ]
[ 2013-08-09T10:38:27+08:00 ] SQL: SHOW COLUMNS FROM `newsreader` [ RunTime:0.012079s ]
[ 2013-08-09T10:38:28+08:00 ] SQL: SELECT * FROM `newsreader` WHERE news=5140 and readerid=30 LIMIT 1  [ RunTime:0.001582s ]
[ 2013-08-09T10:38:37+08:00 ] SQL: INSERT INTO `newsreader` (`news`,`readerid`,`readername`,`readercode`,`readerimage`,`readerdepart`,`readerdate`) VALUES ('5140','30','吳明貞','03231','','22','2013-08-09 10:38:34') [ RunTime:0.053822s ]
[ 2013-08-09T10:39:00+08:00 ] SQL: SHOW COLUMNS FROM `news` [ RunTime:0.005746s ]
[ 2013-08-09T10:39:00+08:00 ] NOTIC: [8] Undefined variable: data debug-eval 第 1 行.
[ 2013-08-09T10:39:04+08:00 ] NOTIC: [8] Undefined variable: data debug-eval 第 1 行.
[ 2013-08-09T10:39:04+08:00 ] SQL: SELECT * FROM `news` WHERE ( `id` = '5140' ) LIMIT 1  [ RunTime:0.002205s ]
[ 2013-08-09T10:39:06+08:00 ] NOTIC: [8] Undefined index: readcount NewsAction.class.php 第 25 行.
[ 2013-08-09T10:42:16+08:00 ] SQL: UPDATE `news` SET `code`='13108617',`senddate`='2013-04-08 14:16:52',`title`='TEST',`uid`='10',`uname`='管理员',`content`='TEST',`atts`=null,`link`='',`readercount`=1 WHERE ( `id` = '5140' ) [ RunTime:0.031794s ]
[ 2013-08-09T10:42:16+08:00 ] SQL: SHOW COLUMNS FROM `newsreader` [ RunTime:0.006762s ]
[ 2013-08-09T10:42:16+08:00 ] SQL: SELECT * FROM `newsreader` WHERE news=5140 and readerid=30 LIMIT 1  [ RunTime:0.001995s ]
[ 2013-08-09T10:44:35+08:00 ] SQL: SHOW COLUMNS FROM `news` [ RunTime:0.042497s ]
[ 2013-08-09T10:44:39+08:00 ] SQL: SELECT * FROM `news` WHERE ( `id` = '5140' ) LIMIT 1  [ RunTime:0.000970s ]
[ 2013-08-09T10:44:39+08:00 ] SQL: UPDARE news set readercount=IFNULL(readercount,0)+1 WHERE id=5140 [ RunTime:0.000731s ]
[ 2013-08-09T10:44:39+08:00 ] SQL: SHOW COLUMNS FROM `newsreader` [ RunTime:0.006022s ]
[ 2013-08-09T10:44:39+08:00 ] SQL: SELECT * FROM `newsreader` WHERE news=5140 and readerid=30 LIMIT 1  [ RunTime:0.000933s ]
[ 2013-08-09T10:44:47+08:00 ] NOTIC: [8] Undefined index: key NewsAction.class.php 第 4 行.
[ 2013-08-09T10:44:47+08:00 ] SQL: SHOW COLUMNS FROM `news` [ RunTime:0.006325s ]
[ 2013-08-09T10:44:47+08:00 ] SQL: SELECT COUNT(*) AS tp_count FROM `news` WHERE  `code`='13108617'  LIMIT 1  [ RunTime:0.001287s ]
[ 2013-08-09T10:44:47+08:00 ] SQL: SELECT * FROM `news` WHERE  `code`='13108617'  ORDER BY id desc LIMIT 0,20  [ RunTime:0.001315s ]
[ 2013-08-09T10:44:50+08:00 ] NOTIC: [8] Undefined index: key NewsAction.class.php 第 4 行.
[ 2013-08-09T10:44:50+08:00 ] SQL: SHOW COLUMNS FROM `news` [ RunTime:0.005804s ]
[ 2013-08-09T10:44:50+08:00 ] SQL: SELECT COUNT(*) AS tp_count FROM `news` WHERE  `code`='13108617'  LIMIT 1  [ RunTime:0.000999s ]
[ 2013-08-09T10:44:50+08:00 ] SQL: SELECT * FROM `news` WHERE  `code`='13108617'  ORDER BY id desc LIMIT 0,20  [ RunTime:0.000974s ]
[ 2013-08-09T10:45:00+08:00 ] SQL: SHOW COLUMNS FROM `news` [ RunTime:0.005739s ]
[ 2013-08-09T10:45:03+08:00 ] SQL: SELECT * FROM `news` WHERE ( `id` = '5140' ) LIMIT 1  [ RunTime:0.001350s ]
[ 2013-08-09T10:45:03+08:00 ] SQL: UPDARE news set readercount=IFNULL(readercount,0)+1 WHERE id=5140 [ RunTime:0.000608s ]
[ 2013-08-09T10:45:03+08:00 ] SQL: SHOW COLUMNS FROM `newsreader` [ RunTime:0.005638s ]
[ 2013-08-09T10:45:03+08:00 ] SQL: SELECT * FROM `newsreader` WHERE news=5140 and readerid=30 LIMIT 1  [ RunTime:0.000949s ]
[ 2013-08-09T10:45:41+08:00 ] SQL: SHOW COLUMNS FROM `news` [ RunTime:0.006752s ]
[ 2013-08-09T10:45:43+08:00 ] SQL: SELECT * FROM `news` WHERE ( `id` = '5140' ) LIMIT 1  [ RunTime:0.001120s ]
[ 2013-08-09T10:45:43+08:00 ] SQL: UPDATE news set readercount=IFNULL(readercount,0)+1 WHERE id=5140 [ RunTime:0.001586s ]
[ 2013-08-09T10:45:43+08:00 ] SQL: SHOW COLUMNS FROM `newsreader` [ RunTime:0.006185s ]
[ 2013-08-09T10:45:43+08:00 ] SQL: SELECT * FROM `newsreader` WHERE news=5140 and readerid=30 LIMIT 1  [ RunTime:0.000970s ]
[ 2013-08-09T10:45:52+08:00 ] NOTIC: [8] Undefined index: key NewsAction.class.php 第 4 行.
[ 2013-08-09T10:45:52+08:00 ] SQL: SHOW COLUMNS FROM `news` [ RunTime:0.006141s ]
[ 2013-08-09T10:45:52+08:00 ] SQL: SELECT COUNT(*) AS tp_count FROM `news` WHERE  `code`='13108617'  LIMIT 1  [ RunTime:0.001209s ]
[ 2013-08-09T10:45:52+08:00 ] SQL: SELECT * FROM `news` WHERE  `code`='13108617'  ORDER BY id desc LIMIT 0,20  [ RunTime:0.000968s ]
[ 2013-08-09T10:45:55+08:00 ] SQL: SHOW COLUMNS FROM `news` [ RunTime:0.005520s ]
[ 2013-08-09T10:45:58+08:00 ] SQL: SELECT * FROM `news` WHERE ( `id` = '5140' ) LIMIT 1  [ RunTime:0.001153s ]
[ 2013-08-09T10:45:58+08:00 ] SQL: UPDATE news set readercount=IFNULL(readercount,0)+1 WHERE id=5140 [ RunTime:0.000798s ]
[ 2013-08-09T10:45:59+08:00 ] SQL: SHOW COLUMNS FROM `newsreader` [ RunTime:0.006571s ]
[ 2013-08-09T10:45:59+08:00 ] SQL: SELECT * FROM `newsreader` WHERE news=5140 and readerid=30 LIMIT 1  [ RunTime:0.001116s ]
[ 2013-08-09T10:46:02+08:00 ] NOTIC: [8] Undefined index: key NewsAction.class.php 第 4 行.
[ 2013-08-09T10:46:02+08:00 ] SQL: SHOW COLUMNS FROM `news` [ RunTime:0.005932s ]
[ 2013-08-09T10:46:02+08:00 ] SQL: SELECT COUNT(*) AS tp_count FROM `news` WHERE  `code`='13108617'  LIMIT 1  [ RunTime:0.000850s ]
[ 2013-08-09T10:46:03+08:00 ] SQL: SELECT * FROM `news` WHERE  `code`='13108617'  ORDER BY id desc LIMIT 0,20  [ RunTime:0.001066s ]
[ 2013-08-09T10:46:06+08:00 ] SQL: SHOW COLUMNS FROM `newsreader` [ RunTime:0.006011s ]
[ 2013-08-09T10:46:06+08:00 ] SQL: SELECT COUNT(*) AS tp_count FROM `newsreader` WHERE  news=5140 LIMIT 1  [ RunTime:0.000966s ]
[ 2013-08-09T10:46:06+08:00 ] SQL: SELECT * FROM `newsreader` WHERE  news=5140 ORDER BY id desc LIMIT 0,20  [ RunTime:0.000993s ]
[ 2013-08-09T10:46:06+08:00 ] SQL: SHOW COLUMNS FROM `depart` [ RunTime:0.005932s ]
[ 2013-08-09T10:46:06+08:00 ] SQL: SELECT * FROM `depart` WHERE  code='13108617'  [ RunTime:0.000846s ]
[ 2013-08-09T10:46:07+08:00 ] ERR: (ThinkException) 非法操作images
[ 2013-08-09T10:46:48+08:00 ] NOTIC: [8] Undefined index: key WorkAction.class.php 第 15 行.
[ 2013-08-09T10:46:48+08:00 ] SQL: SELECT 
			  w.* ,u.`ucode`,d.`id` depart,IFNULL(t.`name` ,w.typename) `type`
			FROM
			  `work` w 
			  INNER JOIN `user` u 
			    ON u.`id` = w.`uid` 
			   INNER JOIN depart d ON d.`id`=u.`depart`
			   LEFT JOIN `type` t ON t.`id`=w.`type`
			WHERE w.`code` = '13108617' AND w.uid= 30 [ RunTime:0.008200s ]
[ 2013-08-09T10:46:48+08:00 ] SQL: SELECT 
			  w.* ,u.`ucode`,d.`id` depart,IFNULL(t.`name` ,w.typename) `type`
			FROM
			  `work` w 
			  INNER JOIN `user` u 
			    ON u.`id` = w.`uid` 
			   INNER JOIN depart d ON d.`id`=u.`depart`
			   LEFT JOIN `type` t ON t.`id`=w.`type`
			WHERE w.`code` = '13108617' AND w.uid= 30 limit 0,20 [ RunTime:0.009216s ]
[ 2013-08-09T10:47:20+08:00 ] NOTIC: [8] Undefined index: key WorkAction.class.php 第 15 行.
[ 2013-08-09T10:47:20+08:00 ] SQL: SELECT 
			  w.* ,u.`ucode`,d.`id` depart,IFNULL(t.`name` ,w.typename) `type`
			FROM
			  `work` w 
			  INNER JOIN `user` u 
			    ON u.`id` = w.`uid` 
			   INNER JOIN depart d ON d.`id`=u.`depart`
			   LEFT JOIN `type` t ON t.`id`=w.`type`
			WHERE w.`code` = '13108617' AND w.uid= 30 ORDER BY w.id desc [ RunTime:0.009012s ]
[ 2013-08-09T10:47:20+08:00 ] SQL: SELECT 
			  w.* ,u.`ucode`,d.`id` depart,IFNULL(t.`name` ,w.typename) `type`
			FROM
			  `work` w 
			  INNER JOIN `user` u 
			    ON u.`id` = w.`uid` 
			   INNER JOIN depart d ON d.`id`=u.`depart`
			   LEFT JOIN `type` t ON t.`id`=w.`type`
			WHERE w.`code` = '13108617' AND w.uid= 30 ORDER BY w.id desc limit 0,20 [ RunTime:0.009033s ]
[ 2013-08-09T10:47:26+08:00 ] NOTIC: [8] Undefined index: depart WorkAction.class.php 第 35 行.
[ 2013-08-09T10:47:26+08:00 ] NOTIC: [8] Undefined index: users WorkAction.class.php 第 36 行.
[ 2013-08-09T10:47:26+08:00 ] NOTIC: [8] Undefined index: status WorkAction.class.php 第 37 行.
[ 2013-08-09T10:47:26+08:00 ] SQL: SELECT 
			  w.* ,u.`ucode`,d.`id` depart,IFNULL(t.`name` ,w.typename) `type`
			FROM
			  `work` w 
			  INNER JOIN `user` u 
			    ON u.`id` = w.`uid` 
			   INNER JOIN depart d ON d.`id`=u.`depart`
			   LEFT JOIN `type` t ON t.`id`=w.`type`
			WHERE w.`code` = '13108617'  [ RunTime:0.026714s ]
[ 2013-08-09T10:47:26+08:00 ] SQL: SELECT 
			  w.* ,u.`ucode`,d.`id` depart,IFNULL(t.`name` ,w.typename) `type`
			FROM
			  `work` w 
			  INNER JOIN `user` u 
			    ON u.`id` = w.`uid` 
			   INNER JOIN depart d ON d.`id`=u.`depart`
			   LEFT JOIN `type` t ON t.`id`=w.`type`
			WHERE w.`code` = '13108617'  limit 0,20 [ RunTime:0.001517s ]
[ 2013-08-09T10:47:26+08:00 ] SQL: SHOW COLUMNS FROM `depart` [ RunTime:0.029448s ]
[ 2013-08-09T10:47:26+08:00 ] SQL: SELECT * FROM `depart` WHERE  code='13108617'  [ RunTime:0.000952s ]
[ 2013-08-09T10:47:27+08:00 ] NOTIC: [8] Undefined variable: selectStatus 653e2718edde846935aea0f708665020.php 第 18 行.
[ 2013-08-09T10:47:27+08:00 ] NOTIC: [8] Undefined variable: selectUser 653e2718edde846935aea0f708665020.php 第 32 行.
[ 2013-08-09T10:47:27+08:00 ] NOTIC: [8] Undefined variable: selectDepart 653e2718edde846935aea0f708665020.php 第 276 行.
[ 2013-08-09T10:47:27+08:00 ] NOTIC: [8] Undefined variable: selectDepart 653e2718edde846935aea0f708665020.php 第 276 行.
[ 2013-08-09T10:47:27+08:00 ] NOTIC: [8] Undefined variable: selectDepart 653e2718edde846935aea0f708665020.php 第 276 行.
[ 2013-08-09T10:47:27+08:00 ] NOTIC: [8] Undefined variable: selectDepart 653e2718edde846935aea0f708665020.php 第 276 行.
[ 2013-08-09T10:47:27+08:00 ] NOTIC: [8] Undefined variable: selectDepart 653e2718edde846935aea0f708665020.php 第 276 行.
[ 2013-08-09T10:47:27+08:00 ] NOTIC: [8] Undefined variable: selectDepart 653e2718edde846935aea0f708665020.php 第 276 行.
[ 2013-08-09T10:47:27+08:00 ] NOTIC: [8] Undefined variable: selectDepart 653e2718edde846935aea0f708665020.php 第 276 行.
[ 2013-08-09T10:47:27+08:00 ] NOTIC: [8] Undefined variable: selectDepart 653e2718edde846935aea0f708665020.php 第 276 行.
[ 2013-08-09T10:47:28+08:00 ] SQL: SHOW COLUMNS FROM `user` [ RunTime:0.027739s ]
[ 2013-08-09T10:47:28+08:00 ] SQL: SELECT * FROM `user` WHERE  code='13108617'  [ RunTime:0.003602s ]
[ 2013-08-09T10:47:49+08:00 ] NOTIC: [8] Undefined index: depart WorkAction.class.php 第 35 行.
[ 2013-08-09T10:47:49+08:00 ] NOTIC: [8] Undefined index: users WorkAction.class.php 第 36 行.
[ 2013-08-09T10:47:49+08:00 ] NOTIC: [8] Undefined index: status WorkAction.class.php 第 37 行.
[ 2013-08-09T10:47:50+08:00 ] SQL: SELECT 
			  w.* ,u.`ucode`,d.`id` depart,IFNULL(t.`name` ,w.typename) `type`
			FROM
			  `work` w 
			  INNER JOIN `user` u 
			    ON u.`id` = w.`uid` 
			   INNER JOIN depart d ON d.`id`=u.`depart`
			   LEFT JOIN `type` t ON t.`id`=w.`type`
			WHERE w.`code` = '13108617' ORDER by w.id desc [ RunTime:0.030429s ]
[ 2013-08-09T10:47:50+08:00 ] SQL: SELECT 
			  w.* ,u.`ucode`,d.`id` depart,IFNULL(t.`name` ,w.typename) `type`
			FROM
			  `work` w 
			  INNER JOIN `user` u 
			    ON u.`id` = w.`uid` 
			   INNER JOIN depart d ON d.`id`=u.`depart`
			   LEFT JOIN `type` t ON t.`id`=w.`type`
			WHERE w.`code` = '13108617' ORDER by w.id desc limit 0,20 [ RunTime:0.001338s ]
[ 2013-08-09T10:47:50+08:00 ] SQL: SHOW COLUMNS FROM `depart` [ RunTime:0.007312s ]
[ 2013-08-09T10:47:50+08:00 ] SQL: SELECT * FROM `depart` WHERE  code='13108617'  [ RunTime:0.000951s ]
[ 2013-08-09T10:47:51+08:00 ] NOTIC: [8] Undefined variable: selectStatus 653e2718edde846935aea0f708665020.php 第 18 行.
[ 2013-08-09T10:47:51+08:00 ] NOTIC: [8] Undefined variable: selectUser 653e2718edde846935aea0f708665020.php 第 32 行.
[ 2013-08-09T10:47:51+08:00 ] NOTIC: [8] Undefined variable: selectDepart 653e2718edde846935aea0f708665020.php 第 276 行.
[ 2013-08-09T10:47:51+08:00 ] NOTIC: [8] Undefined variable: selectDepart 653e2718edde846935aea0f708665020.php 第 276 行.
[ 2013-08-09T10:47:51+08:00 ] NOTIC: [8] Undefined variable: selectDepart 653e2718edde846935aea0f708665020.php 第 276 行.
[ 2013-08-09T10:47:51+08:00 ] NOTIC: [8] Undefined variable: selectDepart 653e2718edde846935aea0f708665020.php 第 276 行.
[ 2013-08-09T10:47:51+08:00 ] NOTIC: [8] Undefined variable: selectDepart 653e2718edde846935aea0f708665020.php 第 276 行.
[ 2013-08-09T10:47:51+08:00 ] NOTIC: [8] Undefined variable: selectDepart 653e2718edde846935aea0f708665020.php 第 276 行.
[ 2013-08-09T10:47:51+08:00 ] NOTIC: [8] Undefined variable: selectDepart 653e2718edde846935aea0f708665020.php 第 276 行.
[ 2013-08-09T10:47:51+08:00 ] NOTIC: [8] Undefined variable: selectDepart 653e2718edde846935aea0f708665020.php 第 276 行.
[ 2013-08-09T10:47:51+08:00 ] SQL: SHOW COLUMNS FROM `user` [ RunTime:0.007417s ]
[ 2013-08-09T10:47:51+08:00 ] SQL: SELECT * FROM `user` WHERE  code='13108617'  [ RunTime:0.003761s ]
[ 2013-08-09T10:48:15+08:00 ] SQL: SHOW COLUMNS FROM `user` [ RunTime:0.006832s ]
[ 2013-08-09T10:48:15+08:00 ] SQL: SELECT * FROM `user` WHERE ( `id` = '30' ) LIMIT 1  [ RunTime:0.001059s ]
[ 2013-08-09T10:48:15+08:00 ] SQL: SHOW COLUMNS FROM `experience` [ RunTime:0.005941s ]
[ 2013-08-09T10:48:15+08:00 ] SQL: SELECT * FROM `experience` WHERE 1=1 AND uid='30' ORDER BY id asc [ RunTime:0.000849s ]
[ 2013-08-09T10:48:15+08:00 ] SQL: SHOW COLUMNS FROM `education` [ RunTime:0.005529s ]
[ 2013-08-09T10:48:15+08:00 ] SQL: SELECT * FROM `education` WHERE 1=1 AND uid='30' ORDER BY id asc [ RunTime:0.001139s ]
[ 2013-08-09T10:48:15+08:00 ] SQL: SHOW COLUMNS FROM `skill` [ RunTime:0.005757s ]
[ 2013-08-09T10:48:15+08:00 ] SQL: SELECT * FROM `skill` WHERE 1=1 AND uid='30' ORDER BY id asc [ RunTime:0.000817s ]
[ 2013-08-09T10:48:15+08:00 ] SQL: SHOW COLUMNS FROM `family` [ RunTime:0.006076s ]
[ 2013-08-09T10:48:15+08:00 ] SQL: SELECT * FROM `family` WHERE 1=1 AND uid='30' ORDER BY id asc [ RunTime:0.000814s ]
[ 2013-08-09T10:48:15+08:00 ] SQL: SHOW COLUMNS FROM `certificate` [ RunTime:0.005952s ]
[ 2013-08-09T10:48:15+08:00 ] SQL: SELECT * FROM `certificate` WHERE 1=1 AND uid='30' ORDER BY id asc [ RunTime:0.000923s ]
[ 2013-08-09T10:48:15+08:00 ] SQL: SHOW COLUMNS FROM `dutydelegate` [ RunTime:0.006079s ]
[ 2013-08-09T10:48:15+08:00 ] SQL: SELECT * FROM `dutydelegate` WHERE 1=1 AND uid='30' ORDER BY id asc [ RunTime:0.000881s ]
[ 2013-08-09T10:48:15+08:00 ] SQL: SHOW COLUMNS FROM `area` [ RunTime:0.007037s ]
[ 2013-08-09T10:48:15+08:00 ] SQL: SELECT * FROM `area` WHERE pid=0 [ RunTime:0.025841s ]
[ 2013-08-09T10:48:15+08:00 ] SQL: SHOW COLUMNS FROM `depart` [ RunTime:0.006847s ]
[ 2013-08-09T10:48:15+08:00 ] SQL: SELECT * FROM `depart` WHERE ( `id` = '22' ) LIMIT 1  [ RunTime:0.000794s ]
[ 2013-08-09T10:48:17+08:00 ] SQL: SHOW COLUMNS FROM `area` [ RunTime:0.078613s ]
[ 2013-08-09T10:48:17+08:00 ] SQL: SELECT * FROM `area` WHERE pid=請選擇 [ RunTime:0.000905s ]
[ 2013-08-09T10:49:37+08:00 ] SQL: SHOW COLUMNS FROM `user` [ RunTime:0.006798s ]
[ 2013-08-09T10:49:37+08:00 ] SQL: SELECT * FROM `user` WHERE ( `id` = '30' ) LIMIT 1  [ RunTime:0.001135s ]
[ 2013-08-09T10:49:37+08:00 ] SQL: SHOW COLUMNS FROM `experience` [ RunTime:0.006708s ]
[ 2013-08-09T10:49:37+08:00 ] SQL: SELECT * FROM `experience` WHERE 1=1 AND uid='30' ORDER BY id asc [ RunTime:0.000971s ]
[ 2013-08-09T10:49:37+08:00 ] SQL: SHOW COLUMNS FROM `education` [ RunTime:0.005690s ]
[ 2013-08-09T10:49:37+08:00 ] SQL: SELECT * FROM `education` WHERE 1=1 AND uid='30' ORDER BY id asc [ RunTime:0.000822s ]
[ 2013-08-09T10:49:37+08:00 ] SQL: SHOW COLUMNS FROM `skill` [ RunTime:0.005607s ]
[ 2013-08-09T10:49:37+08:00 ] SQL: SELECT * FROM `skill` WHERE 1=1 AND uid='30' ORDER BY id asc [ RunTime:0.000971s ]
[ 2013-08-09T10:49:37+08:00 ] SQL: SHOW COLUMNS FROM `family` [ RunTime:0.006103s ]
[ 2013-08-09T10:49:37+08:00 ] SQL: SELECT * FROM `family` WHERE 1=1 AND uid='30' ORDER BY id asc [ RunTime:0.000811s ]
[ 2013-08-09T10:49:37+08:00 ] SQL: SHOW COLUMNS FROM `certificate` [ RunTime:0.006232s ]
[ 2013-08-09T10:49:37+08:00 ] SQL: SELECT * FROM `certificate` WHERE 1=1 AND uid='30' ORDER BY id asc [ RunTime:0.000961s ]
[ 2013-08-09T10:49:37+08:00 ] SQL: SHOW COLUMNS FROM `dutydelegate` [ RunTime:0.008758s ]
[ 2013-08-09T10:49:37+08:00 ] SQL: SELECT * FROM `dutydelegate` WHERE 1=1 AND uid='30' ORDER BY id asc [ RunTime:0.000860s ]
[ 2013-08-09T10:49:37+08:00 ] SQL: SHOW COLUMNS FROM `area` [ RunTime:0.005555s ]
[ 2013-08-09T10:49:37+08:00 ] SQL: SELECT * FROM `area` WHERE pid=0 [ RunTime:0.001091s ]
[ 2013-08-09T10:49:37+08:00 ] SQL: SHOW COLUMNS FROM `depart` [ RunTime:0.005337s ]
[ 2013-08-09T10:49:37+08:00 ] SQL: SELECT * FROM `depart` WHERE ( `id` = '22' ) LIMIT 1  [ RunTime:0.000967s ]
[ 2013-08-09T10:49:39+08:00 ] SQL: SHOW COLUMNS FROM `area` [ RunTime:0.006139s ]
[ 2013-08-09T10:49:39+08:00 ] SQL: SELECT * FROM `area` WHERE pid=請選擇 [ RunTime:0.000718s ]
[ 2013-08-09T10:49:56+08:00 ] NOTIC: [8] Undefined index: key TeamAction.class.php 第 4 行.
[ 2013-08-09T10:49:56+08:00 ] SQL: SHOW COLUMNS FROM `depart` [ RunTime:0.005377s ]
[ 2013-08-09T10:49:56+08:00 ] SQL: SELECT * FROM `depart` WHERE  code='13108617'  [ RunTime:0.001090s ]
[ 2013-08-09T10:49:56+08:00 ] SQL: SELECT t.id,t.`name` ,d.`name` AS depart,(SELECT COUNT(id) FROM user WHERE team =t.`id`) AS users FROM team t INNER JOIN depart d ON t.`depart`=d.`id` where d.code='13108617' [ RunTime:0.015228s ]
[ 2013-08-09T10:49:56+08:00 ] SQL: SELECT t.id,t.`name` ,d.`name` AS depart,(SELECT COUNT(id) FROM user WHERE team =t.`id`) AS users FROM team t INNER JOIN depart d ON t.`depart`=d.`id` where d.code='13108617' limit 0,20 [ RunTime:0.007222s ]
[ 2013-08-09T10:49:57+08:00 ] NOTIC: [8] Undefined index: value TagLibCx.class.php 第 353 行.
[ 2013-08-09T10:49:57+08:00 ] NOTIC: [8] Undefined variable: id 6e879e1371105e0473d50680cd956284.php 第 254 行.
[ 2013-08-09T10:49:57+08:00 ] NOTIC: [8] Undefined variable: team 6e879e1371105e0473d50680cd956284.php 第 267 行.
[ 2013-08-09T10:49:59+08:00 ] SQL: SHOW COLUMNS FROM `user` [ RunTime:0.007487s ]
[ 2013-08-09T10:49:59+08:00 ] SQL: SELECT COUNT(*) AS tp_count FROM `user` WHERE   team =27 LIMIT 1  [ RunTime:0.001203s ]
[ 2013-08-09T10:49:59+08:00 ] SQL: SELECT * FROM `user` WHERE   team =27 ORDER BY id desc LIMIT 0,20  [ RunTime:0.002510s ]
[ 2013-08-09T10:50:38+08:00 ] SQL: SHOW COLUMNS FROM `user` [ RunTime:0.007445s ]
[ 2013-08-09T10:50:38+08:00 ] SQL: SELECT COUNT(*) AS tp_count FROM `user` WHERE   team =27 LIMIT 1  [ RunTime:0.001117s ]
[ 2013-08-09T10:50:38+08:00 ] SQL: SELECT * FROM `user` WHERE   team =27 ORDER BY id desc LIMIT 0,20  [ RunTime:0.002928s ]
[ 2013-08-09T10:51:07+08:00 ] SQL: SHOW COLUMNS FROM `client` [ RunTime:0.006408s ]
[ 2013-08-09T10:51:07+08:00 ] NOTIC: [8] Undefined index: scn BaseAction.class.php 第 241 行.
[ 2013-08-09T10:51:07+08:00 ] SQL: SELECT COUNT(*) AS tp_count FROM `client` WHERE  code = 13108617 LIMIT 1  [ RunTime:0.001000s ]
[ 2013-08-09T10:51:07+08:00 ] SQL: SELECT * FROM `client` WHERE  code = 13108617 ORDER BY id desc LIMIT 0,20  [ RunTime:0.000942s ]
[ 2013-08-09T10:54:42+08:00 ] SQL: SHOW COLUMNS FROM `area` [ RunTime:0.006129s ]
[ 2013-08-09T10:54:42+08:00 ] SQL: SELECT * FROM `area` WHERE pid=0 [ RunTime:0.001032s ]
[ 2013-08-09T10:54:51+08:00 ] SQL: SHOW COLUMNS FROM `client` [ RunTime:0.006281s ]
[ 2013-08-09T10:54:51+08:00 ] SQL: INSERT INTO `client` (`uniquecode`,`companyname`,`phone1`,`phone2`,`fax`,`province1`,`city1`,`address1`,`province2`,`city2`,`address2`,`linkername1`,`linkerduty1`,`linkerphone1`,`linkermobile1`,`linkeremail1`,`linkername2`,`linkerduty2`,`linkerphone2`,`linkermobile2`,`linkeremail2`,`isopen`,`code`) VALUES ('123','123','123','1231','123','請選擇','請選擇','1','請選擇','請選擇','','','','','','','','','','','','1','13108617') [ RunTime:0.048577s ]
[ 2013-08-09T10:54:51+08:00 ] SQL: SHOW COLUMNS FROM `client` [ RunTime:0.006642s ]
[ 2013-08-09T10:54:51+08:00 ] NOTIC: [8] Undefined index: scn BaseAction.class.php 第 241 行.
[ 2013-08-09T10:54:51+08:00 ] SQL: SELECT COUNT(*) AS tp_count FROM `client` WHERE  code = 13108617 LIMIT 1  [ RunTime:0.000813s ]
[ 2013-08-09T10:54:51+08:00 ] SQL: SELECT * FROM `client` WHERE  code = 13108617 ORDER BY id desc LIMIT 0,20  [ RunTime:0.001104s ]
[ 2013-08-09T10:54:53+08:00 ] SQL: SHOW COLUMNS FROM `area` [ RunTime:0.005724s ]
[ 2013-08-09T10:54:53+08:00 ] SQL: SELECT * FROM `area` WHERE pid=0 [ RunTime:0.001210s ]
[ 2013-08-09T10:54:54+08:00 ] SQL: SHOW COLUMNS FROM `client` [ RunTime:0.006868s ]
[ 2013-08-09T10:54:54+08:00 ] SQL: SELECT * FROM `client` WHERE ( `id` = '1' ) LIMIT 1  [ RunTime:0.001010s ]
[ 2013-08-09T10:54:54+08:00 ] NOTIC: [8] Undefined variable: linkerduty1 2748d7fd8b10e7ecf6dd0b4886e89e3a.php 第 343 行.
[ 2013-08-09T10:54:55+08:00 ] SQL: SHOW COLUMNS FROM `area` [ RunTime:0.005443s ]
[ 2013-08-09T10:54:55+08:00 ] SQL: SELECT * FROM `area` WHERE pid=請選擇 [ RunTime:0.000682s ]
[ 2013-08-09T10:54:55+08:00 ] SQL: SHOW COLUMNS FROM `area` [ RunTime:0.005629s ]
[ 2013-08-09T10:54:55+08:00 ] SQL: SELECT * FROM `area` WHERE pid=請選擇 [ RunTime:0.000941s ]
[ 2013-08-09T11:10:44+08:00 ] SQL: SHOW COLUMNS FROM `area` [ RunTime:0.005520s ]
[ 2013-08-09T11:10:44+08:00 ] SQL: SELECT * FROM `area` WHERE pid=2 [ RunTime:0.000968s ]
[ 2013-08-09T11:10:49+08:00 ] SQL: SHOW COLUMNS FROM `area` [ RunTime:0.005532s ]
[ 2013-08-09T11:10:49+08:00 ] SQL: SELECT * FROM `area` WHERE pid=5 [ RunTime:0.000934s ]
[ 2013-08-09T11:10:57+08:00 ] SQL: SHOW COLUMNS FROM `client` [ RunTime:0.007429s ]
[ 2013-08-09T11:10:57+08:00 ] SQL: UPDATE `client` SET `uniquecode`='123',`companyname`='123',`phone1`='123',`phone2`='1231',`fax`='123',`province1`='2',`city1`='30',`address1`='13321313',`province2`='5',`city2`='85',`address2`='3123213',`linkername1`='132431',`linkerduty1`='134',`linkerphone1`='243124',`linkermobile1`='134132',`linkeremail1`='1341324',`linkername2`='13413',`linkerduty2`='4134',`linkerphone2`='1234',`linkermobile2`='13241324',`linkeremail2`='1324',`isopen`='1',`account`='tanjun1536',`password`='147369',`code`='13108617' WHERE ( `id` = '1' ) [ RunTime:0.048695s ]
[ 2013-08-09T11:10:58+08:00 ] SQL: SHOW COLUMNS FROM `client` [ RunTime:0.006350s ]
[ 2013-08-09T11:10:58+08:00 ] NOTIC: [8] Undefined index: scn BaseAction.class.php 第 241 行.
[ 2013-08-09T11:10:58+08:00 ] SQL: SELECT COUNT(*) AS tp_count FROM `client` WHERE  code = 13108617 LIMIT 1  [ RunTime:0.000846s ]
[ 2013-08-09T11:10:58+08:00 ] SQL: SELECT * FROM `client` WHERE  code = 13108617 ORDER BY id desc LIMIT 0,20  [ RunTime:0.001106s ]
[ 2013-08-09T11:11:02+08:00 ] SQL: SHOW COLUMNS FROM `area` [ RunTime:0.006336s ]
[ 2013-08-09T11:11:02+08:00 ] SQL: SELECT * FROM `area` WHERE pid=0 [ RunTime:0.001027s ]
[ 2013-08-09T11:11:02+08:00 ] SQL: SHOW COLUMNS FROM `client` [ RunTime:0.006420s ]
[ 2013-08-09T11:11:02+08:00 ] SQL: SELECT * FROM `client` WHERE ( `id` = '1' ) LIMIT 1  [ RunTime:0.001036s ]
[ 2013-08-09T11:11:03+08:00 ] SQL: SELECT name FROM `area` WHERE id=2 [ RunTime:0.040062s ]
[ 2013-08-09T11:11:03+08:00 ] SQL: SELECT name FROM `area` WHERE id=5 [ RunTime:0.000759s ]
[ 2013-08-09T11:11:03+08:00 ] SQL: SELECT name FROM `area` WHERE id=30 [ RunTime:0.000890s ]
[ 2013-08-09T11:11:03+08:00 ] SQL: SELECT name FROM `area` WHERE id=85 [ RunTime:0.000765s ]
[ 2013-08-09T11:11:03+08:00 ] NOTIC: [8] Undefined index: isopen 6d796bdc9a16a3434f8c8ed3b9d2cad2.php 第 325 行.
[ 2013-08-09T11:11:23+08:00 ] SQL: SHOW COLUMNS FROM `area` [ RunTime:0.006030s ]
[ 2013-08-09T11:11:23+08:00 ] SQL: SELECT * FROM `area` WHERE pid=0 [ RunTime:0.000990s ]
[ 2013-08-09T11:11:23+08:00 ] SQL: SHOW COLUMNS FROM `client` [ RunTime:0.006875s ]
[ 2013-08-09T11:11:23+08:00 ] SQL: SELECT * FROM `client` WHERE ( `id` = '1' ) LIMIT 1  [ RunTime:0.001080s ]
[ 2013-08-09T11:11:23+08:00 ] SQL: SELECT name FROM `area` WHERE id=2 [ RunTime:0.000735s ]
[ 2013-08-09T11:11:23+08:00 ] NOTIC: [8] Undefined offset: 0 CustomerAction.class.php 第 37 行.
[ 2013-08-09T11:11:23+08:00 ] SQL: SELECT name FROM `area` WHERE id=5 [ RunTime:0.000793s ]
[ 2013-08-09T11:11:23+08:00 ] NOTIC: [8] Undefined offset: 0 CustomerAction.class.php 第 39 行.
[ 2013-08-09T11:11:23+08:00 ] SQL: SELECT name FROM `area` WHERE id=30 [ RunTime:0.000885s ]
[ 2013-08-09T11:11:23+08:00 ] NOTIC: [8] Undefined offset: 0 CustomerAction.class.php 第 41 行.
[ 2013-08-09T11:11:23+08:00 ] SQL: SELECT name FROM `area` WHERE id=85 [ RunTime:0.001678s ]
[ 2013-08-09T11:11:23+08:00 ] NOTIC: [8] Undefined offset: 0 CustomerAction.class.php 第 43 行.
[ 2013-08-09T11:11:24+08:00 ] NOTIC: [8] Undefined index: isopen 6d796bdc9a16a3434f8c8ed3b9d2cad2.php 第 325 行.
[ 2013-08-09T11:11:26+08:00 ] SQL: SHOW COLUMNS FROM `area` [ RunTime:0.005247s ]
[ 2013-08-09T11:11:26+08:00 ] SQL: SELECT * FROM `area` WHERE pid=0 [ RunTime:0.001009s ]
[ 2013-08-09T11:11:26+08:00 ] SQL: SHOW COLUMNS FROM `client` [ RunTime:0.006428s ]
[ 2013-08-09T11:11:26+08:00 ] SQL: SELECT * FROM `client` WHERE ( `id` = '1' ) LIMIT 1  [ RunTime:0.001043s ]
[ 2013-08-09T11:11:26+08:00 ] SQL: SELECT name FROM `area` WHERE id=2 [ RunTime:0.000722s ]
[ 2013-08-09T11:11:26+08:00 ] NOTIC: [8] Undefined offset: 0 CustomerAction.class.php 第 37 行.
[ 2013-08-09T11:11:26+08:00 ] SQL: SELECT name FROM `area` WHERE id=5 [ RunTime:0.000723s ]
[ 2013-08-09T11:11:26+08:00 ] NOTIC: [8] Undefined offset: 0 CustomerAction.class.php 第 39 行.
[ 2013-08-09T11:11:26+08:00 ] SQL: SELECT name FROM `area` WHERE id=30 [ RunTime:0.000759s ]
[ 2013-08-09T11:11:26+08:00 ] NOTIC: [8] Undefined offset: 0 CustomerAction.class.php 第 41 行.
[ 2013-08-09T11:11:26+08:00 ] SQL: SELECT name FROM `area` WHERE id=85 [ RunTime:0.000708s ]
[ 2013-08-09T11:11:26+08:00 ] NOTIC: [8] Undefined offset: 0 CustomerAction.class.php 第 43 行.
[ 2013-08-09T11:11:27+08:00 ] NOTIC: [8] Undefined index: isopen 6d796bdc9a16a3434f8c8ed3b9d2cad2.php 第 325 行.
[ 2013-08-09T11:11:49+08:00 ] SQL: SHOW COLUMNS FROM `area` [ RunTime:0.007715s ]
[ 2013-08-09T11:11:49+08:00 ] SQL: SELECT * FROM `area` WHERE pid=0 [ RunTime:0.001030s ]
[ 2013-08-09T11:11:49+08:00 ] SQL: SHOW COLUMNS FROM `client` [ RunTime:0.006296s ]
[ 2013-08-09T11:11:49+08:00 ] SQL: SELECT * FROM `client` WHERE ( `id` = '1' ) LIMIT 1  [ RunTime:0.001372s ]
[ 2013-08-09T11:11:49+08:00 ] SQL: SELECT name FROM `area` WHERE id=2 [ RunTime:0.000785s ]
[ 2013-08-09T11:11:49+08:00 ] SQL: SELECT name FROM `area` WHERE id=5 [ RunTime:0.000668s ]
[ 2013-08-09T11:11:49+08:00 ] SQL: SELECT name FROM `area` WHERE id=30 [ RunTime:0.001269s ]
[ 2013-08-09T11:11:49+08:00 ] SQL: SELECT name FROM `area` WHERE id=85 [ RunTime:0.000729s ]
[ 2013-08-09T11:11:49+08:00 ] NOTIC: [8] Undefined index: isopen 6d796bdc9a16a3434f8c8ed3b9d2cad2.php 第 325 行.
[ 2013-08-09T11:12:17+08:00 ] NOTIC: [8] Undefined index: companyname BusinessAction.class.php 第 6 行.
[ 2013-08-09T11:12:17+08:00 ] NOTIC: [8] Undefined index: sdate BusinessAction.class.php 第 7 行.
[ 2013-08-09T11:12:17+08:00 ] NOTIC: [8] Undefined index: edate BusinessAction.class.php 第 8 行.
[ 2013-08-09T11:12:17+08:00 ] NOTIC: [8] Undefined index: interactiveway BusinessAction.class.php 第 9 行.
[ 2013-08-09T11:12:17+08:00 ] NOTIC: [8] Undefined index: linker BusinessAction.class.php 第 10 行.
[ 2013-08-09T11:12:17+08:00 ] NOTIC: [8] Undefined index: specificmatter BusinessAction.class.php 第 11 行.
[ 2013-08-09T11:12:17+08:00 ] SQL: SHOW COLUMNS FROM `business` [ RunTime:0.006509s ]
[ 2013-08-09T11:12:17+08:00 ] SQL: SELECT COUNT(*) AS tp_count FROM `business` WHERE  `code`='13108617'  LIMIT 1  [ RunTime:0.001012s ]
[ 2013-08-09T11:12:17+08:00 ] SQL: SELECT * FROM `business` WHERE  `code`='13108617'  ORDER BY id desc LIMIT 0,20  [ RunTime:0.001017s ]
[ 2013-08-09T11:12:20+08:00 ] ERR: (ThinkException) 非法操作business_view.php
[ 2013-08-09T11:18:13+08:00 ] NOTIC: [8] Undefined index: companyname BusinessAction.class.php 第 6 行.
[ 2013-08-09T11:18:13+08:00 ] NOTIC: [8] Undefined index: sdate BusinessAction.class.php 第 7 行.
[ 2013-08-09T11:18:13+08:00 ] NOTIC: [8] Undefined index: edate BusinessAction.class.php 第 8 行.
[ 2013-08-09T11:18:13+08:00 ] NOTIC: [8] Undefined index: interactiveway BusinessAction.class.php 第 9 行.
[ 2013-08-09T11:18:13+08:00 ] NOTIC: [8] Undefined index: linker BusinessAction.class.php 第 10 行.
[ 2013-08-09T11:18:13+08:00 ] NOTIC: [8] Undefined index: specificmatter BusinessAction.class.php 第 11 行.
[ 2013-08-09T11:18:13+08:00 ] SQL: SHOW COLUMNS FROM `business` [ RunTime:0.023886s ]
[ 2013-08-09T11:18:13+08:00 ] SQL: SELECT COUNT(*) AS tp_count FROM `business` WHERE  `code`='13108617'  LIMIT 1  [ RunTime:0.001017s ]
[ 2013-08-09T11:18:13+08:00 ] SQL: SELECT * FROM `business` WHERE  `code`='13108617'  ORDER BY id desc LIMIT 0,20  [ RunTime:0.001086s ]
[ 2013-08-09T11:18:16+08:00 ] SQL: SHOW COLUMNS FROM `business` [ RunTime:0.006674s ]
[ 2013-08-09T11:18:16+08:00 ] SQL: SELECT * FROM `business` WHERE ( `id` = '3' ) LIMIT 1  [ RunTime:0.001020s ]
[ 2013-08-09T11:18:42+08:00 ] SQL: SHOW COLUMNS FROM `business` [ RunTime:0.006701s ]
[ 2013-08-09T11:18:42+08:00 ] SQL: SELECT * FROM `business` WHERE ( `id` = '3' ) LIMIT 1  [ RunTime:0.000966s ]
[ 2013-08-09T11:25:22+08:00 ] NOTIC: [8] Undefined index: companyname BusinessAction.class.php 第 6 行.
[ 2013-08-09T11:25:22+08:00 ] NOTIC: [8] Undefined index: sdate BusinessAction.class.php 第 7 行.
[ 2013-08-09T11:25:22+08:00 ] NOTIC: [8] Undefined index: edate BusinessAction.class.php 第 8 行.
[ 2013-08-09T11:25:22+08:00 ] NOTIC: [8] Undefined index: interactiveway BusinessAction.class.php 第 9 行.
[ 2013-08-09T11:25:22+08:00 ] NOTIC: [8] Undefined index: linker BusinessAction.class.php 第 10 行.
[ 2013-08-09T11:25:22+08:00 ] NOTIC: [8] Undefined index: specificmatter BusinessAction.class.php 第 11 行.
[ 2013-08-09T11:25:22+08:00 ] SQL: SHOW COLUMNS FROM `business` [ RunTime:0.018209s ]
[ 2013-08-09T11:25:22+08:00 ] SQL: SELECT COUNT(*) AS tp_count FROM `business` WHERE  `code`='13108617'  LIMIT 1  [ RunTime:0.000891s ]
[ 2013-08-09T11:25:22+08:00 ] SQL: SELECT * FROM `business` WHERE  `code`='13108617'  ORDER BY id desc LIMIT 0,20  [ RunTime:0.001021s ]
[ 2013-08-09T11:25:25+08:00 ] SQL: SHOW COLUMNS FROM `business` [ RunTime:0.005900s ]
[ 2013-08-09T11:25:25+08:00 ] SQL: SELECT * FROM `business` WHERE ( `id` = '3' ) LIMIT 1  [ RunTime:0.000960s ]
[ 2013-08-09T11:25:37+08:00 ] SQL: SHOW COLUMNS FROM `business` [ RunTime:0.006626s ]
[ 2013-08-09T11:25:37+08:00 ] SQL: SELECT * FROM `business` WHERE ( `id` = '3' ) LIMIT 1  [ RunTime:0.001222s ]
