[ 2013-04-24T15:22:59+08:00 ] NOTIC: [8] Undefined index: username IndexAction.class.php 第 4 行.
[ 2013-04-24T15:22:59+08:00 ] NOTIC: [8] Undefined index: pwd IndexAction.class.php 第 5 行.
[ 2013-04-24T15:23:07+08:00 ] SQL: SHOW COLUMNS FROM `user` [ RunTime:0.009225s ]
[ 2013-04-24T15:23:07+08:00 ] SQL: SELECT * FROM `user` WHERE ( `username` = 'admin' ) LIMIT 1  [ RunTime:0.012980s ]
[ 2013-04-24T15:23:07+08:00 ] SQL: SHOW COLUMNS FROM `msg` [ RunTime:0.008463s ]
[ 2013-04-24T15:23:07+08:00 ] SQL: SELECT COUNT(*) as C FROM (SELECT
		m.id,IFNULL(mr.readerid,0) isread
		FROM
		msg m LEFT JOIN msgreader mr ON m.`id`=mr.`msgid` AND mr.`readerid`=10
		WHERE INSTR(
				CONCAT(',', m.receiversid, ','),
				CONCAT(',', 10, ',')
		) > 0 AND m.code = 13108617) z WHERE z.isread =0 [ RunTime:0.013615s ]
[ 2013-04-24T15:23:07+08:00 ] SQL: SHOW COLUMNS FROM `work` [ RunTime:0.010966s ]
[ 2013-04-24T15:23:07+08:00 ] SQL: SELECT COUNT(*) AS tp_count FROM `work` WHERE code='13108617' and awoke =1 and uid =10 and UNIX_TIMESTAMP(NOW()) - UNIX_TIMESTAMP(DATE_ADD(
			    STR_TO_DATE(
			      CONCAT(
			        DATE(`date`),
			        ' ',
			        ehour,
			        ':',
			        eminute,
			        ':00'
			      ),
			      '%Y-%m-%d %H:%i:%s'
			    ),INTERVAL overday DAY)
			  ) < 0   LIMIT 1  [ RunTime:0.229283s ]
[ 2013-04-24T15:23:07+08:00 ] SQL: SHOW COLUMNS FROM `msgwork` [ RunTime:0.011856s ]
[ 2013-04-24T15:23:07+08:00 ] SQL: SELECT COUNT(*) AS tp_count FROM `msgwork` WHERE code='13108617' and issenderread =0 and senderid =10 LIMIT 1  [ RunTime:0.001277s ]
[ 2013-04-24T15:23:07+08:00 ] SQL: SELECT COUNT(*) AS tp_count FROM `msgwork` WHERE code='13108617' and isreceiverread =0 and receiverid =10 LIMIT 1  [ RunTime:0.001343s ]
[ 2013-04-24T15:23:08+08:00 ] SQL: SELECT m.id,m.`name`,m.`parent_id`,m.`link`,m.`image`,m.`target`,rm.`ext` FROM menu m INNER JOIN role_menu rm ON m.`id`=rm.`mid` WHERE m.parent_id is NULL and pos=1 and rm.`rid`=21 [ RunTime:0.078583s ]
[ 2013-04-24T15:23:08+08:00 ] SQL: SELECT m.id,m.`name`,m.`parent_id`,m.`link`,m.`image`,m.`target`,rm.`ext` FROM menu m INNER JOIN role_menu rm ON m.`id`=rm.`mid` WHERE m.parent_id=1 and rm.`rid`=21 [ RunTime:0.004685s ]
[ 2013-04-24T15:23:08+08:00 ] SQL: SELECT m.id,m.`name`,m.`parent_id`,m.`link`,m.`image`,m.`target`,rm.`ext` FROM menu m INNER JOIN role_menu rm ON m.`id`=rm.`mid` WHERE m.parent_id=2 and rm.`rid`=21 [ RunTime:0.002980s ]
[ 2013-04-24T15:23:08+08:00 ] SQL: SELECT m.id,m.`name`,m.`parent_id`,m.`link`,m.`image`,m.`target`,rm.`ext` FROM menu m INNER JOIN role_menu rm ON m.`id`=rm.`mid` WHERE m.parent_id=6 and rm.`rid`=21 [ RunTime:0.002249s ]
[ 2013-04-24T15:23:08+08:00 ] SQL: SELECT m.id,m.`name`,m.`parent_id`,m.`link`,m.`image`,m.`target`,rm.`ext` FROM menu m INNER JOIN role_menu rm ON m.`id`=rm.`mid` WHERE m.parent_id=7 and rm.`rid`=21 [ RunTime:0.002499s ]
[ 2013-04-24T15:23:08+08:00 ] SQL: SELECT m.id,m.`name`,m.`parent_id`,m.`link`,m.`image`,m.`target`,rm.`ext` FROM menu m INNER JOIN role_menu rm ON m.`id`=rm.`mid` WHERE m.parent_id=8 and rm.`rid`=21 [ RunTime:0.002233s ]
[ 2013-04-24T15:23:08+08:00 ] SQL: SELECT m.id,m.`name`,m.`parent_id`,m.`link`,m.`image`,m.`target`,rm.`ext` FROM menu m INNER JOIN role_menu rm ON m.`id`=rm.`mid` WHERE m.parent_id=34 and rm.`rid`=21 [ RunTime:0.002276s ]
[ 2013-04-24T15:23:08+08:00 ] SQL: SELECT m.id,m.`name`,m.`parent_id`,m.`link`,m.`image`,m.`target`,rm.`ext` FROM menu m INNER JOIN role_menu rm ON m.`id`=rm.`mid` WHERE m.parent_id=35 and rm.`rid`=21 [ RunTime:0.002126s ]
[ 2013-04-24T15:23:08+08:00 ] SQL: SELECT m.id,m.`name`,m.`parent_id`,m.`link`,m.`image`,m.`target`,rm.`ext` FROM menu m INNER JOIN role_menu rm ON m.`id`=rm.`mid` WHERE m.parent_id=36 and rm.`rid`=21 [ RunTime:0.002404s ]
[ 2013-04-24T15:23:08+08:00 ] SQL: SELECT m.id,m.`name`,m.`parent_id`,m.`link`,m.`image`,m.`target`,rm.`ext` FROM menu m INNER JOIN role_menu rm ON m.`id`=rm.`mid` WHERE m.parent_id=39 and rm.`rid`=21 [ RunTime:0.002404s ]
[ 2013-04-24T15:23:08+08:00 ] SQL: SELECT m.id,m.`name`,m.`parent_id`,m.`link`,m.`image`,m.`target`,rm.`ext` FROM menu m INNER JOIN role_menu rm ON m.`id`=rm.`mid` WHERE m.parent_id=42 and rm.`rid`=21 [ RunTime:0.002302s ]
[ 2013-04-24T15:23:08+08:00 ] SQL: SELECT m.id,m.`name`,m.`parent_id`,m.`link`,m.`image`,m.`target`,rm.`ext` FROM menu m INNER JOIN role_menu rm ON m.`id`=rm.`mid` WHERE m.parent_id=45 and rm.`rid`=21 [ RunTime:0.002490s ]
[ 2013-04-24T15:23:08+08:00 ] SQL: SELECT m.id,m.`name`,m.`parent_id`,m.`link`,m.`image`,m.`target`,rm.`ext` FROM menu m INNER JOIN role_menu rm ON m.`id`=rm.`mid` WHERE m.parent_id=51 and rm.`rid`=21 [ RunTime:0.002343s ]
[ 2013-04-24T15:23:08+08:00 ] SQL: SELECT m.id,m.`name`,m.`parent_id`,m.`link`,m.`image`,m.`target`,rm.`ext` FROM menu m INNER JOIN role_menu rm ON m.`id`=rm.`mid` WHERE m.parent_id=108 and rm.`rid`=21 [ RunTime:0.002372s ]
[ 2013-04-24T15:23:08+08:00 ] SQL: SELECT m.id,m.`name`,m.`parent_id`,m.`link`,m.`image`,m.`target`,rm.`ext` FROM menu m INNER JOIN role_menu rm ON m.`id`=rm.`mid` WHERE m.parent_id=59 and rm.`rid`=21 [ RunTime:0.002263s ]
[ 2013-04-24T15:23:08+08:00 ] SQL: SELECT m.id,m.`name`,m.`parent_id`,m.`link`,m.`image`,m.`target`,rm.`ext` FROM menu m INNER JOIN role_menu rm ON m.`id`=rm.`mid` WHERE m.parent_id is NULL and pos=0 and rm.`rid`=21 [ RunTime:0.002352s ]
[ 2013-04-24T15:23:08+08:00 ] SQL: SELECT m.id,m.`name`,m.`parent_id`,m.`link`,m.`image`,m.`target`,rm.`ext` FROM menu m INNER JOIN role_menu rm ON m.`id`=rm.`mid` WHERE m.parent_id=15 and rm.`rid`=21 [ RunTime:0.003046s ]
[ 2013-04-24T15:23:08+08:00 ] SQL: SELECT m.id,m.`name`,m.`parent_id`,m.`link`,m.`image`,m.`target`,rm.`ext` FROM menu m INNER JOIN role_menu rm ON m.`id`=rm.`mid` WHERE m.parent_id=16 and rm.`rid`=21 [ RunTime:0.002537s ]
[ 2013-04-24T15:23:08+08:00 ] SQL: SELECT m.id,m.`name`,m.`parent_id`,m.`link`,m.`image`,m.`target`,rm.`ext` FROM menu m INNER JOIN role_menu rm ON m.`id`=rm.`mid` WHERE m.parent_id=19 and rm.`rid`=21 [ RunTime:0.002375s ]
[ 2013-04-24T15:23:08+08:00 ] SQL: SELECT m.id,m.`name`,m.`parent_id`,m.`link`,m.`image`,m.`target`,rm.`ext` FROM menu m INNER JOIN role_menu rm ON m.`id`=rm.`mid` WHERE m.parent_id=24 and rm.`rid`=21 [ RunTime:0.002272s ]
[ 2013-04-24T15:23:08+08:00 ] SQL: SELECT m.id,m.`name`,m.`parent_id`,m.`link`,m.`image`,m.`target`,rm.`ext` FROM menu m INNER JOIN role_menu rm ON m.`id`=rm.`mid` WHERE m.parent_id=27 and rm.`rid`=21 [ RunTime:0.002752s ]
[ 2013-04-24T15:23:08+08:00 ] SQL: SELECT m.id,m.`name`,m.`parent_id`,m.`link`,m.`image`,m.`target`,rm.`ext` FROM menu m INNER JOIN role_menu rm ON m.`id`=rm.`mid` WHERE m.parent_id=31 and rm.`rid`=21 [ RunTime:0.002351s ]
[ 2013-04-24T15:23:08+08:00 ] SQL: SELECT m.id,m.`name`,m.`parent_id`,m.`link`,m.`image`,m.`target`,rm.`ext` FROM menu m INNER JOIN role_menu rm ON m.`id`=rm.`mid` WHERE m.parent_id is NULL and (pos=2 OR m.name='專案管理') and rm.`rid`=21 [ RunTime:0.002655s ]
[ 2013-04-24T15:23:08+08:00 ] SQL: SELECT m.id,m.`name`,m.`parent_id`,m.`link`,m.`image`,m.`target`,rm.`ext` FROM menu m INNER JOIN role_menu rm ON m.`id`=rm.`mid` WHERE m.parent_id=59 and rm.`rid`=21 [ RunTime:0.002228s ]
[ 2013-04-24T15:23:08+08:00 ] SQL: SELECT m.id,m.`name`,m.`parent_id`,m.`link`,m.`image`,m.`target`,rm.`ext` FROM menu m INNER JOIN role_menu rm ON m.`id`=rm.`mid` WHERE m.parent_id=69 and rm.`rid`=21 [ RunTime:0.004263s ]
[ 2013-04-24T15:23:08+08:00 ] SQL: SELECT m.id,m.`name`,m.`parent_id`,m.`link`,m.`image`,m.`target`,rm.`ext` FROM menu m INNER JOIN role_menu rm ON m.`id`=rm.`mid` WHERE m.parent_id=76 and rm.`rid`=21 [ RunTime:0.004282s ]
[ 2013-04-24T15:23:08+08:00 ] SQL: SELECT m.id,m.`name`,m.`parent_id`,m.`link`,m.`image`,m.`target`,rm.`ext` FROM menu m INNER JOIN role_menu rm ON m.`id`=rm.`mid` WHERE m.parent_id=79 and rm.`rid`=21 [ RunTime:0.004183s ]
[ 2013-04-24T15:23:08+08:00 ] SQL: SELECT m.id,m.`name`,m.`parent_id`,m.`link`,m.`image`,m.`target`,rm.`ext` FROM menu m INNER JOIN role_menu rm ON m.`id`=rm.`mid` WHERE m.parent_id=87 and rm.`rid`=21 [ RunTime:0.004607s ]
[ 2013-04-24T15:23:08+08:00 ] SQL: SELECT m.id,m.`name`,m.`parent_id`,m.`link`,m.`image`,m.`target`,rm.`ext` FROM menu m INNER JOIN role_menu rm ON m.`id`=rm.`mid` WHERE m.parent_id=101 and rm.`rid`=21 [ RunTime:0.002373s ]
[ 2013-04-24T15:23:08+08:00 ] SQL: SELECT m.id,m.`name`,m.`parent_id`,m.`link`,m.`image`,m.`target`,rm.`ext` FROM menu m INNER JOIN role_menu rm ON m.`id`=rm.`mid` WHERE m.parent_id=107 and rm.`rid`=21 [ RunTime:0.002596s ]
[ 2013-04-24T15:23:08+08:00 ] NOTIC: [8] Undefined index: exts BaseAction.class.php 第 79 行.
[ 2013-04-24T15:23:08+08:00 ] SQL: SELECT 
			  rm.*,
			  m.`link` 
			FROM
			  `menu` m 
			  INNER JOIN `role_menu` rm 
			    ON m.`id` = rm.`mid` 
			WHERE rm.`rid` = 21 
			  AND m.`ext` IS NOT NULL  [ RunTime:0.002475s ]
[ 2013-04-24T15:23:08+08:00 ] NOTIC: [8] Undefined index: key WorkAction.class.php 第 15 行.
[ 2013-04-24T15:23:08+08:00 ] SQL: SELECT 
			  w.* ,u.`ucode`,d.`id` depart,IFNULL(t.`name` ,w.typename) `type`
			FROM
			  `work` w 
			  INNER JOIN `user` u 
			    ON u.`id` = w.`uid` 
			   INNER JOIN depart d ON d.`id`=u.`depart`
			   LEFT JOIN `type` t ON t.`id`=w.`type`
			WHERE w.`code` = '13108617' AND w.uid= 10 [ RunTime:0.004874s ]
[ 2013-04-24T15:23:08+08:00 ] SQL: SELECT 
			  w.* ,u.`ucode`,d.`id` depart,IFNULL(t.`name` ,w.typename) `type`
			FROM
			  `work` w 
			  INNER JOIN `user` u 
			    ON u.`id` = w.`uid` 
			   INNER JOIN depart d ON d.`id`=u.`depart`
			   LEFT JOIN `type` t ON t.`id`=w.`type`
			WHERE w.`code` = '13108617' AND w.uid= 10 limit 0,20 [ RunTime:0.005129s ]
[ 2013-04-24T15:23:20+08:00 ] NOTIC: [8] Undefined index: key LimitAction.class.php 第 4 行.
[ 2013-04-24T15:23:20+08:00 ] SQL: SHOW COLUMNS FROM `depart` [ RunTime:0.009864s ]
[ 2013-04-24T15:23:20+08:00 ] SQL: SELECT * FROM `depart` WHERE  code='13108617'  [ RunTime:0.001219s ]
[ 2013-04-24T15:23:20+08:00 ] SQL: SELECT *,(SELECT COUNT(id) FROM user WHERE role=r.id) AS users FROM role r  where r.code='13108617' [ RunTime:0.029520s ]
[ 2013-04-24T15:23:21+08:00 ] SQL: SELECT *,(SELECT COUNT(id) FROM user WHERE role=r.id) AS users FROM role r  where r.code='13108617' limit 0,20 [ RunTime:0.006880s ]
[ 2013-04-24T15:23:31+08:00 ] SQL: SHOW COLUMNS FROM `role` [ RunTime:0.007923s ]
[ 2013-04-24T15:23:31+08:00 ] SQL: SELECT * FROM `role` WHERE ( `id` = '21' ) LIMIT 1  [ RunTime:0.002030s ]
[ 2013-04-24T15:23:31+08:00 ] SQL: SELECT 
		  m.`id`
		FROM
		  menu m 
		  INNER JOIN role_menu rm 
		    ON m.`id` = rm.`mid` 
		WHERE rid = 21  [ RunTime:0.001946s ]
[ 2013-04-24T15:23:31+08:00 ] NOTIC: [8] Undefined variable: rm LimitAction.class.php 第 82 行.
[ 2013-04-24T15:23:31+08:00 ] SQL: SELECT 
		  m.`id`,rm.`ext`
		FROM
		  menu m 
		  INNER JOIN role_menu rm 
		    ON m.`id` = rm.`mid` 
		  WHERE rm.`ext` IS NOT NULL  AND rm.`rid`= 21 [ RunTime:0.001978s ]
[ 2013-04-24T15:23:31+08:00 ] SQL: SHOW COLUMNS FROM `menu` [ RunTime:0.008002s ]
[ 2013-04-24T15:23:31+08:00 ] SQL: SELECT * FROM `menu` WHERE parent_id is null [ RunTime:0.001163s ]
[ 2013-04-24T15:23:31+08:00 ] SQL: SHOW COLUMNS FROM `menu` [ RunTime:0.008201s ]
[ 2013-04-24T15:23:31+08:00 ] SQL: SELECT * FROM `menu` WHERE 1=1 AND parent_id='1' ORDER BY id asc [ RunTime:0.001089s ]
[ 2013-04-24T15:23:31+08:00 ] SQL: SELECT * FROM `menu` WHERE 1=1 AND parent_id='2' ORDER BY id asc [ RunTime:0.001138s ]
[ 2013-04-24T15:23:31+08:00 ] SQL: SELECT * FROM `menu` WHERE 1=1 AND parent_id='6' ORDER BY id asc [ RunTime:0.001324s ]
[ 2013-04-24T15:23:31+08:00 ] SQL: SELECT * FROM `menu` WHERE 1=1 AND parent_id='7' ORDER BY id asc [ RunTime:0.001066s ]
[ 2013-04-24T15:23:31+08:00 ] SQL: SELECT * FROM `menu` WHERE 1=1 AND parent_id='8' ORDER BY id asc [ RunTime:0.001286s ]
[ 2013-04-24T15:23:31+08:00 ] SQL: SELECT * FROM `menu` WHERE 1=1 AND parent_id='15' ORDER BY id asc [ RunTime:0.002147s ]
[ 2013-04-24T15:23:31+08:00 ] SQL: SELECT * FROM `menu` WHERE 1=1 AND parent_id='16' ORDER BY id asc [ RunTime:0.002880s ]
[ 2013-04-24T15:23:31+08:00 ] SQL: SELECT * FROM `menu` WHERE 1=1 AND parent_id='19' ORDER BY id asc [ RunTime:0.001303s ]
[ 2013-04-24T15:23:31+08:00 ] SQL: SELECT * FROM `menu` WHERE 1=1 AND parent_id='24' ORDER BY id asc [ RunTime:0.007104s ]
[ 2013-04-24T15:23:32+08:00 ] SQL: SELECT * FROM `menu` WHERE 1=1 AND parent_id='27' ORDER BY id asc [ RunTime:0.001287s ]
[ 2013-04-24T15:23:32+08:00 ] SQL: SELECT * FROM `menu` WHERE 1=1 AND parent_id='31' ORDER BY id asc [ RunTime:0.002258s ]
[ 2013-04-24T15:23:32+08:00 ] SQL: SELECT * FROM `menu` WHERE 1=1 AND parent_id='34' ORDER BY id asc [ RunTime:0.001102s ]
[ 2013-04-24T15:23:32+08:00 ] SQL: SELECT * FROM `menu` WHERE 1=1 AND parent_id='35' ORDER BY id asc [ RunTime:0.001282s ]
[ 2013-04-24T15:23:32+08:00 ] SQL: SELECT * FROM `menu` WHERE 1=1 AND parent_id='36' ORDER BY id asc [ RunTime:0.001228s ]
[ 2013-04-24T15:23:32+08:00 ] SQL: SELECT * FROM `menu` WHERE 1=1 AND parent_id='39' ORDER BY id asc [ RunTime:0.001322s ]
[ 2013-04-24T15:23:32+08:00 ] SQL: SELECT * FROM `menu` WHERE 1=1 AND parent_id='42' ORDER BY id asc [ RunTime:0.001076s ]
[ 2013-04-24T15:23:32+08:00 ] SQL: SELECT * FROM `menu` WHERE 1=1 AND parent_id='45' ORDER BY id asc [ RunTime:0.001116s ]
[ 2013-04-24T15:23:32+08:00 ] SQL: SELECT * FROM `menu` WHERE 1=1 AND parent_id='51' ORDER BY id asc [ RunTime:0.001306s ]
[ 2013-04-24T15:23:32+08:00 ] SQL: SELECT * FROM `menu` WHERE 1=1 AND parent_id='59' ORDER BY id asc [ RunTime:0.001147s ]
[ 2013-04-24T15:23:32+08:00 ] SQL: SELECT * FROM `menu` WHERE 1=1 AND parent_id='69' ORDER BY id asc [ RunTime:0.001089s ]
[ 2013-04-24T15:23:32+08:00 ] SQL: SELECT * FROM `menu` WHERE 1=1 AND parent_id='76' ORDER BY id asc [ RunTime:0.001517s ]
[ 2013-04-24T15:23:32+08:00 ] SQL: SELECT * FROM `menu` WHERE 1=1 AND parent_id='79' ORDER BY id asc [ RunTime:0.001130s ]
[ 2013-04-24T15:23:32+08:00 ] SQL: SELECT * FROM `menu` WHERE 1=1 AND parent_id='87' ORDER BY id asc [ RunTime:0.001654s ]
[ 2013-04-24T15:23:32+08:00 ] SQL: SELECT * FROM `menu` WHERE 1=1 AND parent_id='101' ORDER BY id asc [ RunTime:0.001143s ]
[ 2013-04-24T15:23:32+08:00 ] SQL: SELECT * FROM `menu` WHERE 1=1 AND parent_id='107' ORDER BY id asc [ RunTime:0.001300s ]
[ 2013-04-24T15:23:32+08:00 ] SQL: SELECT * FROM `menu` WHERE 1=1 AND parent_id='108' ORDER BY id asc [ RunTime:0.001157s ]
[ 2013-04-24T15:23:32+08:00 ] SQL: SELECT * FROM `menu` WHERE 1=1 AND parent_id='111' ORDER BY id asc [ RunTime:0.001169s ]
[ 2013-04-24T15:24:06+08:00 ] SQL: SHOW COLUMNS FROM `role` [ RunTime:0.007366s ]
[ 2013-04-24T15:24:06+08:00 ] SQL: SHOW COLUMNS FROM `role_menu` [ RunTime:0.015076s ]
[ 2013-04-24T15:24:06+08:00 ] SQL: UPDATE `role` SET `name`='系統管理員',`menus`='[{\"mi\":\"1\",\"ext\":null},{\"mi\":\"2\",\"ext\":null},{\"mi\":\"3\",\"ext\":null},{\"mi\":\"4\",\"ext\":null},{\"mi\":\"5\",\"ext\":null},{\"mi\":\"6\",\"ext\":null},{\"mi\":\"7\",\"ext\":null},{\"mi\":\"8\",\"ext\":null},{\"mi\":\"9\",\"ext\":null},{\"mi\":\"10\",\"ext\":null},{\"mi\":\"11\",\"ext\":null},{\"mi\":\"12\",\"ext\":null},{\"mi\":\"13\",\"ext\":null},{\"mi\":\"14\",\"ext\":null},{\"mi\":\"15\",\"ext\":\"新增訊息,刪除訊息\"},{\"mi\":\"16\",\"ext\":null},{\"mi\":\"17\",\"ext\":null},{\"mi\":\"18\",\"ext\":null},{\"mi\":\"114\",\"ext\":null},{\"mi\":\"19\",\"ext\":null},{\"mi\":\"20\",\"ext\":null},{\"mi\":\"21\",\"ext\":null},{\"mi\":\"22\",\"ext\":null},{\"mi\":\"23\",\"ext\":null},{\"mi\":\"24\",\"ext\":null},{\"mi\":\"25\",\"ext\":null},{\"mi\":\"26\",\"ext\":null},{\"mi\":\"27\",\"ext\":null},{\"mi\":\"28\",\"ext\":null},{\"mi\":\"29\",\"ext\":null},{\"mi\":\"30\",\"ext\":null},{\"mi\":\"31\",\"ext\":null},{\"mi\":\"32\",\"ext\":\"新增,刪除,類別管理\"},{\"mi\":\"33\",\"ext\":\"新增,刪除,類別管理\"},{\"mi\":\"34\",\"ext\":\"新增合約,修改\"},{\"mi\":\"35\",\"ext\":null},{\"mi\":\"36\",\"ext\":null},{\"mi\":\"37\",\"ext\":null},{\"mi\":\"38\",\"ext\":null},{\"mi\":\"39\",\"ext\":null},{\"mi\":\"40\",\"ext\":null},{\"mi\":\"41\",\"ext\":\"新增商品,修改商品\"},{\"mi\":\"42\",\"ext\":null},{\"mi\":\"43\",\"ext\":null},{\"mi\":\"44\",\"ext\":\"新增廠商,修改廠商,刪除廠商\"},{\"mi\":\"45\",\"ext\":null},{\"mi\":\"46\",\"ext\":null},{\"mi\":\"47\",\"ext\":\"新增採購單,刪除採購單\"},{\"mi\":\"48\",\"ext\":\"新增驗貨單,刪除驗貨單\"},{\"mi\":\"49\",\"ext\":null},{\"mi\":\"50\",\"ext\":null},{\"mi\":\"51\",\"ext\":null},{\"mi\":\"52\",\"ext\":null},{\"mi\":\"53\",\"ext\":null},{\"mi\":\"54\",\"ext\":\"新增,刪除\"},{\"mi\":\"55\",\"ext\":\"新增,刪除\"},{\"mi\":\"56\",\"ext\":\"新增,刪除\"},{\"mi\":\"57\",\"ext\":null},{\"mi\":\"108\",\"ext\":null},{\"mi\":\"109\",\"ext\":null},{\"mi\":\"110\",\"ext\":null},{\"mi\":\"111\",\"ext\":null},{\"mi\":\"112\",\"ext\":null},{\"mi\":\"113\",\"ext\":null},{\"mi\":\"59\",\"ext\":null},{\"mi\":\"60\",\"ext\":\"新增專案,修改專案\"},{\"mi\":\"61\",\"ext\":null},{\"mi\":\"62\",\"ext\":null},{\"mi\":\"63\",\"ext\":null},{\"mi\":\"64\",\"ext\":null},{\"mi\":\"65\",\"ext\":null},{\"mi\":\"66\",\"ext\":null},{\"mi\":\"67\",\"ext\":\"刪除\"},{\"mi\":\"68\",\"ext\":\"新增,修改,刪除\"},{\"mi\":\"69\",\"ext\":null},{\"mi\":\"70\",\"ext\":\"新增,刪除,匯入,匯出\"},{\"mi\":\"71\",\"ext\":\"棟別,樓層,區域\"},{\"mi\":\"72\",\"ext\":null},{\"mi\":\"73\",\"ext\":\"核對,匯出\"},{\"mi\":\"74\",\"ext\":\"異動,保養\"},{\"mi\":\"75\",\"ext\":\"新增,修改,刪除\"},{\"mi\":\"76\",\"ext\":null},{\"mi\":\"77\",\"ext\":\"新增,刪除\"},{\"mi\":\"78\",\"ext\":\"新增,修改,刪除\"},{\"mi\":\"79\",\"ext\":null},{\"mi\":\"80\",\"ext\":\"委外說明,取消,刪除,留言\"},{\"mi\":\"81\",\"ext\":null},{\"mi\":\"82\",\"ext\":null},{\"mi\":\"83\",\"ext\":null},{\"mi\":\"84\",\"ext\":null},{\"mi\":\"85\",\"ext\":null},{\"mi\":\"86\",\"ext\":null},{\"mi\":\"87\",\"ext\":null},{\"mi\":\"88\",\"ext\":null},{\"mi\":\"89\",\"ext\":null},{\"mi\":\"90\",\"ext\":null},{\"mi\":\"91\",\"ext\":null},{\"mi\":\"92\",\"ext\":null},{\"mi\":\"93\",\"ext\":null},{\"mi\":\"94\",\"ext\":null},{\"mi\":\"95\",\"ext\":null},{\"mi\":\"96\",\"ext\":null},{\"mi\":\"97\",\"ext\":null},{\"mi\":\"98\",\"ext\":null},{\"mi\":\"99\",\"ext\":null},{\"mi\":\"100\",\"ext\":null},{\"mi\":\"101\",\"ext\":null},{\"mi\":\"102\",\"ext\":null},{\"mi\":\"103\",\"ext\":null},{\"mi\":\"104\",\"ext\":null},{\"mi\":\"107\",\"ext\":null},{\"mi\":\"105\",\"ext\":null},{\"mi\":\"106\",\"ext\":null}]',`code`='13108617' WHERE ( `id` = '21' ) [ RunTime:0.001647s ]
[ 2013-04-24T15:24:06+08:00 ] SQL: DELETE FROM role_menu WHERE rid=21 [ RunTime:0.003782s ]
[ 2013-04-24T15:24:06+08:00 ] SQL: INSERT INTO `role_menu` (`rid`,`mid`,`ext`) VALUES ('21','1',null) [ RunTime:0.000882s ]
[ 2013-04-24T15:24:06+08:00 ] SQL: INSERT INTO `role_menu` (`rid`,`mid`,`ext`) VALUES ('21','2',null) [ RunTime:0.000784s ]
[ 2013-04-24T15:24:06+08:00 ] SQL: INSERT INTO `role_menu` (`rid`,`mid`,`ext`) VALUES ('21','3',null) [ RunTime:0.000960s ]
[ 2013-04-24T15:24:06+08:00 ] SQL: INSERT INTO `role_menu` (`rid`,`mid`,`ext`) VALUES ('21','4',null) [ RunTime:0.000994s ]
[ 2013-04-24T15:24:06+08:00 ] SQL: INSERT INTO `role_menu` (`rid`,`mid`,`ext`) VALUES ('21','5',null) [ RunTime:0.000746s ]
[ 2013-04-24T15:24:06+08:00 ] SQL: INSERT INTO `role_menu` (`rid`,`mid`,`ext`) VALUES ('21','6',null) [ RunTime:0.000799s ]
[ 2013-04-24T15:24:06+08:00 ] SQL: INSERT INTO `role_menu` (`rid`,`mid`,`ext`) VALUES ('21','7',null) [ RunTime:0.000718s ]
[ 2013-04-24T15:24:06+08:00 ] SQL: INSERT INTO `role_menu` (`rid`,`mid`,`ext`) VALUES ('21','8',null) [ RunTime:0.000787s ]
[ 2013-04-24T15:24:06+08:00 ] SQL: INSERT INTO `role_menu` (`rid`,`mid`,`ext`) VALUES ('21','9',null) [ RunTime:0.000979s ]
[ 2013-04-24T15:24:06+08:00 ] SQL: INSERT INTO `role_menu` (`rid`,`mid`,`ext`) VALUES ('21','10',null) [ RunTime:0.000875s ]
[ 2013-04-24T15:24:06+08:00 ] SQL: INSERT INTO `role_menu` (`rid`,`mid`,`ext`) VALUES ('21','11',null) [ RunTime:0.000732s ]
[ 2013-04-24T15:24:06+08:00 ] SQL: INSERT INTO `role_menu` (`rid`,`mid`,`ext`) VALUES ('21','12',null) [ RunTime:0.000726s ]
[ 2013-04-24T15:24:06+08:00 ] SQL: INSERT INTO `role_menu` (`rid`,`mid`,`ext`) VALUES ('21','13',null) [ RunTime:0.000853s ]
[ 2013-04-24T15:24:06+08:00 ] SQL: INSERT INTO `role_menu` (`rid`,`mid`,`ext`) VALUES ('21','14',null) [ RunTime:0.001589s ]
[ 2013-04-24T15:24:06+08:00 ] SQL: INSERT INTO `role_menu` (`rid`,`mid`,`ext`) VALUES ('21','15','新增訊息,刪除訊息') [ RunTime:0.000747s ]
[ 2013-04-24T15:24:06+08:00 ] SQL: INSERT INTO `role_menu` (`rid`,`mid`,`ext`) VALUES ('21','16',null) [ RunTime:0.000880s ]
[ 2013-04-24T15:24:06+08:00 ] SQL: INSERT INTO `role_menu` (`rid`,`mid`,`ext`) VALUES ('21','17',null) [ RunTime:0.000732s ]
[ 2013-04-24T15:24:06+08:00 ] SQL: INSERT INTO `role_menu` (`rid`,`mid`,`ext`) VALUES ('21','18',null) [ RunTime:0.000797s ]
[ 2013-04-24T15:24:06+08:00 ] SQL: INSERT INTO `role_menu` (`rid`,`mid`,`ext`) VALUES ('21','114',null) [ RunTime:0.000744s ]
[ 2013-04-24T15:24:06+08:00 ] SQL: INSERT INTO `role_menu` (`rid`,`mid`,`ext`) VALUES ('21','19',null) [ RunTime:0.000926s ]
[ 2013-04-24T15:24:06+08:00 ] SQL: INSERT INTO `role_menu` (`rid`,`mid`,`ext`) VALUES ('21','20',null) [ RunTime:0.000770s ]
[ 2013-04-24T15:24:06+08:00 ] SQL: INSERT INTO `role_menu` (`rid`,`mid`,`ext`) VALUES ('21','21',null) [ RunTime:0.001030s ]
[ 2013-04-24T15:24:06+08:00 ] SQL: INSERT INTO `role_menu` (`rid`,`mid`,`ext`) VALUES ('21','22',null) [ RunTime:0.002030s ]
[ 2013-04-24T15:24:06+08:00 ] SQL: INSERT INTO `role_menu` (`rid`,`mid`,`ext`) VALUES ('21','23',null) [ RunTime:0.000942s ]
[ 2013-04-24T15:24:06+08:00 ] SQL: INSERT INTO `role_menu` (`rid`,`mid`,`ext`) VALUES ('21','24',null) [ RunTime:0.002133s ]
[ 2013-04-24T15:24:06+08:00 ] SQL: INSERT INTO `role_menu` (`rid`,`mid`,`ext`) VALUES ('21','25',null) [ RunTime:0.001285s ]
[ 2013-04-24T15:24:06+08:00 ] SQL: INSERT INTO `role_menu` (`rid`,`mid`,`ext`) VALUES ('21','26',null) [ RunTime:0.000836s ]
[ 2013-04-24T15:24:06+08:00 ] SQL: INSERT INTO `role_menu` (`rid`,`mid`,`ext`) VALUES ('21','27',null) [ RunTime:0.000728s ]
[ 2013-04-24T15:24:06+08:00 ] SQL: INSERT INTO `role_menu` (`rid`,`mid`,`ext`) VALUES ('21','28',null) [ RunTime:0.000792s ]
[ 2013-04-24T15:24:06+08:00 ] SQL: INSERT INTO `role_menu` (`rid`,`mid`,`ext`) VALUES ('21','29',null) [ RunTime:0.000923s ]
[ 2013-04-24T15:24:06+08:00 ] SQL: INSERT INTO `role_menu` (`rid`,`mid`,`ext`) VALUES ('21','30',null) [ RunTime:0.000834s ]
[ 2013-04-24T15:24:06+08:00 ] SQL: INSERT INTO `role_menu` (`rid`,`mid`,`ext`) VALUES ('21','31',null) [ RunTime:0.002177s ]
[ 2013-04-24T15:24:06+08:00 ] SQL: INSERT INTO `role_menu` (`rid`,`mid`,`ext`) VALUES ('21','32','新增,刪除,類別管理') [ RunTime:0.000768s ]
[ 2013-04-24T15:24:06+08:00 ] SQL: INSERT INTO `role_menu` (`rid`,`mid`,`ext`) VALUES ('21','33','新增,刪除,類別管理') [ RunTime:0.000732s ]
[ 2013-04-24T15:24:06+08:00 ] SQL: INSERT INTO `role_menu` (`rid`,`mid`,`ext`) VALUES ('21','34','新增合約,修改') [ RunTime:0.000762s ]
[ 2013-04-24T15:24:06+08:00 ] SQL: INSERT INTO `role_menu` (`rid`,`mid`,`ext`) VALUES ('21','35',null) [ RunTime:0.000948s ]
[ 2013-04-24T15:24:06+08:00 ] SQL: INSERT INTO `role_menu` (`rid`,`mid`,`ext`) VALUES ('21','36',null) [ RunTime:0.000825s ]
[ 2013-04-24T15:24:06+08:00 ] SQL: INSERT INTO `role_menu` (`rid`,`mid`,`ext`) VALUES ('21','37',null) [ RunTime:0.000785s ]
[ 2013-04-24T15:24:06+08:00 ] SQL: INSERT INTO `role_menu` (`rid`,`mid`,`ext`) VALUES ('21','38',null) [ RunTime:0.001261s ]
[ 2013-04-24T15:24:06+08:00 ] SQL: INSERT INTO `role_menu` (`rid`,`mid`,`ext`) VALUES ('21','39',null) [ RunTime:0.000738s ]
[ 2013-04-24T15:24:06+08:00 ] SQL: INSERT INTO `role_menu` (`rid`,`mid`,`ext`) VALUES ('21','40',null) [ RunTime:0.000804s ]
[ 2013-04-24T15:24:06+08:00 ] SQL: INSERT INTO `role_menu` (`rid`,`mid`,`ext`) VALUES ('21','41','新增商品,修改商品') [ RunTime:0.000940s ]
[ 2013-04-24T15:24:06+08:00 ] SQL: INSERT INTO `role_menu` (`rid`,`mid`,`ext`) VALUES ('21','42',null) [ RunTime:0.001136s ]
[ 2013-04-24T15:24:06+08:00 ] SQL: INSERT INTO `role_menu` (`rid`,`mid`,`ext`) VALUES ('21','43',null) [ RunTime:0.000725s ]
[ 2013-04-24T15:24:06+08:00 ] SQL: INSERT INTO `role_menu` (`rid`,`mid`,`ext`) VALUES ('21','44','新增廠商,修改廠商,刪除廠商') [ RunTime:0.001224s ]
[ 2013-04-24T15:24:06+08:00 ] SQL: INSERT INTO `role_menu` (`rid`,`mid`,`ext`) VALUES ('21','45',null) [ RunTime:0.000753s ]
[ 2013-04-24T15:24:06+08:00 ] SQL: INSERT INTO `role_menu` (`rid`,`mid`,`ext`) VALUES ('21','46',null) [ RunTime:0.000809s ]
[ 2013-04-24T15:24:06+08:00 ] SQL: INSERT INTO `role_menu` (`rid`,`mid`,`ext`) VALUES ('21','47','新增採購單,刪除採購單') [ RunTime:0.000928s ]
[ 2013-04-24T15:24:06+08:00 ] SQL: INSERT INTO `role_menu` (`rid`,`mid`,`ext`) VALUES ('21','48','新增驗貨單,刪除驗貨單') [ RunTime:0.000791s ]
[ 2013-04-24T15:24:06+08:00 ] SQL: INSERT INTO `role_menu` (`rid`,`mid`,`ext`) VALUES ('21','49',null) [ RunTime:0.000726s ]
[ 2013-04-24T15:24:07+08:00 ] SQL: INSERT INTO `role_menu` (`rid`,`mid`,`ext`) VALUES ('21','50',null) [ RunTime:0.000878s ]
[ 2013-04-24T15:24:07+08:00 ] SQL: INSERT INTO `role_menu` (`rid`,`mid`,`ext`) VALUES ('21','51',null) [ RunTime:0.000753s ]
[ 2013-04-24T15:24:07+08:00 ] SQL: INSERT INTO `role_menu` (`rid`,`mid`,`ext`) VALUES ('21','52',null) [ RunTime:0.000708s ]
[ 2013-04-24T15:24:07+08:00 ] SQL: INSERT INTO `role_menu` (`rid`,`mid`,`ext`) VALUES ('21','53',null) [ RunTime:0.001144s ]
[ 2013-04-24T15:24:07+08:00 ] SQL: INSERT INTO `role_menu` (`rid`,`mid`,`ext`) VALUES ('21','54','新增,刪除') [ RunTime:0.000866s ]
[ 2013-04-24T15:24:07+08:00 ] SQL: INSERT INTO `role_menu` (`rid`,`mid`,`ext`) VALUES ('21','55','新增,刪除') [ RunTime:0.000737s ]
[ 2013-04-24T15:24:07+08:00 ] SQL: INSERT INTO `role_menu` (`rid`,`mid`,`ext`) VALUES ('21','56','新增,刪除') [ RunTime:0.001071s ]
[ 2013-04-24T15:24:07+08:00 ] SQL: INSERT INTO `role_menu` (`rid`,`mid`,`ext`) VALUES ('21','57',null) [ RunTime:0.000932s ]
[ 2013-04-24T15:24:07+08:00 ] SQL: INSERT INTO `role_menu` (`rid`,`mid`,`ext`) VALUES ('21','108',null) [ RunTime:0.000754s ]
[ 2013-04-24T15:24:07+08:00 ] SQL: INSERT INTO `role_menu` (`rid`,`mid`,`ext`) VALUES ('21','109',null) [ RunTime:0.000781s ]
[ 2013-04-24T15:24:07+08:00 ] SQL: INSERT INTO `role_menu` (`rid`,`mid`,`ext`) VALUES ('21','110',null) [ RunTime:0.000881s ]
[ 2013-04-24T15:24:07+08:00 ] SQL: INSERT INTO `role_menu` (`rid`,`mid`,`ext`) VALUES ('21','111',null) [ RunTime:0.001170s ]
[ 2013-04-24T15:24:07+08:00 ] SQL: INSERT INTO `role_menu` (`rid`,`mid`,`ext`) VALUES ('21','112',null) [ RunTime:0.000848s ]
[ 2013-04-24T15:24:07+08:00 ] SQL: INSERT INTO `role_menu` (`rid`,`mid`,`ext`) VALUES ('21','113',null) [ RunTime:0.000928s ]
[ 2013-04-24T15:24:07+08:00 ] SQL: INSERT INTO `role_menu` (`rid`,`mid`,`ext`) VALUES ('21','59',null) [ RunTime:0.000739s ]
[ 2013-04-24T15:24:07+08:00 ] SQL: INSERT INTO `role_menu` (`rid`,`mid`,`ext`) VALUES ('21','60','新增專案,修改專案') [ RunTime:0.000799s ]
[ 2013-04-24T15:24:07+08:00 ] SQL: INSERT INTO `role_menu` (`rid`,`mid`,`ext`) VALUES ('21','61',null) [ RunTime:0.000941s ]
[ 2013-04-24T15:24:07+08:00 ] SQL: INSERT INTO `role_menu` (`rid`,`mid`,`ext`) VALUES ('21','62',null) [ RunTime:0.000799s ]
[ 2013-04-24T15:24:07+08:00 ] SQL: INSERT INTO `role_menu` (`rid`,`mid`,`ext`) VALUES ('21','63',null) [ RunTime:0.000730s ]
[ 2013-04-24T15:24:07+08:00 ] SQL: INSERT INTO `role_menu` (`rid`,`mid`,`ext`) VALUES ('21','64',null) [ RunTime:0.000741s ]
[ 2013-04-24T15:24:07+08:00 ] SQL: INSERT INTO `role_menu` (`rid`,`mid`,`ext`) VALUES ('21','65',null) [ RunTime:0.001118s ]
[ 2013-04-24T15:24:07+08:00 ] SQL: INSERT INTO `role_menu` (`rid`,`mid`,`ext`) VALUES ('21','66',null) [ RunTime:0.001235s ]
[ 2013-04-24T15:24:07+08:00 ] SQL: INSERT INTO `role_menu` (`rid`,`mid`,`ext`) VALUES ('21','67','刪除') [ RunTime:0.001042s ]
[ 2013-04-24T15:24:07+08:00 ] SQL: INSERT INTO `role_menu` (`rid`,`mid`,`ext`) VALUES ('21','68','新增,修改,刪除') [ RunTime:0.000745s ]
[ 2013-04-24T15:24:07+08:00 ] SQL: INSERT INTO `role_menu` (`rid`,`mid`,`ext`) VALUES ('21','69',null) [ RunTime:0.000821s ]
[ 2013-04-24T15:24:07+08:00 ] SQL: INSERT INTO `role_menu` (`rid`,`mid`,`ext`) VALUES ('21','70','新增,刪除,匯入,匯出') [ RunTime:0.000948s ]
[ 2013-04-24T15:24:07+08:00 ] SQL: INSERT INTO `role_menu` (`rid`,`mid`,`ext`) VALUES ('21','71','棟別,樓層,區域') [ RunTime:0.000970s ]
[ 2013-04-24T15:24:07+08:00 ] SQL: INSERT INTO `role_menu` (`rid`,`mid`,`ext`) VALUES ('21','72',null) [ RunTime:0.000749s ]
[ 2013-04-24T15:24:07+08:00 ] SQL: INSERT INTO `role_menu` (`rid`,`mid`,`ext`) VALUES ('21','73','核對,匯出') [ RunTime:0.000737s ]
[ 2013-04-24T15:24:07+08:00 ] SQL: INSERT INTO `role_menu` (`rid`,`mid`,`ext`) VALUES ('21','74','異動,保養') [ RunTime:0.000720s ]
[ 2013-04-24T15:24:07+08:00 ] SQL: INSERT INTO `role_menu` (`rid`,`mid`,`ext`) VALUES ('21','75','新增,修改,刪除') [ RunTime:0.001043s ]
[ 2013-04-24T15:24:07+08:00 ] SQL: INSERT INTO `role_menu` (`rid`,`mid`,`ext`) VALUES ('21','76',null) [ RunTime:0.000776s ]
[ 2013-04-24T15:24:07+08:00 ] SQL: INSERT INTO `role_menu` (`rid`,`mid`,`ext`) VALUES ('21','77','新增,刪除') [ RunTime:0.001158s ]
[ 2013-04-24T15:24:07+08:00 ] SQL: INSERT INTO `role_menu` (`rid`,`mid`,`ext`) VALUES ('21','78','新增,修改,刪除') [ RunTime:0.000769s ]
[ 2013-04-24T15:24:07+08:00 ] SQL: INSERT INTO `role_menu` (`rid`,`mid`,`ext`) VALUES ('21','79',null) [ RunTime:0.001239s ]
[ 2013-04-24T15:24:07+08:00 ] SQL: INSERT INTO `role_menu` (`rid`,`mid`,`ext`) VALUES ('21','80','委外說明,取消,刪除,留言') [ RunTime:0.000808s ]
[ 2013-04-24T15:24:07+08:00 ] SQL: INSERT INTO `role_menu` (`rid`,`mid`,`ext`) VALUES ('21','81',null) [ RunTime:0.000794s ]
[ 2013-04-24T15:24:07+08:00 ] SQL: INSERT INTO `role_menu` (`rid`,`mid`,`ext`) VALUES ('21','82',null) [ RunTime:0.001077s ]
[ 2013-04-24T15:24:07+08:00 ] SQL: INSERT INTO `role_menu` (`rid`,`mid`,`ext`) VALUES ('21','83',null) [ RunTime:0.000770s ]
[ 2013-04-24T15:24:07+08:00 ] SQL: INSERT INTO `role_menu` (`rid`,`mid`,`ext`) VALUES ('21','84',null) [ RunTime:0.000798s ]
[ 2013-04-24T15:24:07+08:00 ] SQL: INSERT INTO `role_menu` (`rid`,`mid`,`ext`) VALUES ('21','85',null) [ RunTime:0.000982s ]
[ 2013-04-24T15:24:07+08:00 ] SQL: INSERT INTO `role_menu` (`rid`,`mid`,`ext`) VALUES ('21','86',null) [ RunTime:0.001320s ]
[ 2013-04-24T15:24:07+08:00 ] SQL: INSERT INTO `role_menu` (`rid`,`mid`,`ext`) VALUES ('21','87',null) [ RunTime:0.000929s ]
[ 2013-04-24T15:24:07+08:00 ] SQL: INSERT INTO `role_menu` (`rid`,`mid`,`ext`) VALUES ('21','88',null) [ RunTime:0.001229s ]
[ 2013-04-24T15:24:07+08:00 ] SQL: INSERT INTO `role_menu` (`rid`,`mid`,`ext`) VALUES ('21','89',null) [ RunTime:0.000725s ]
[ 2013-04-24T15:24:07+08:00 ] SQL: INSERT INTO `role_menu` (`rid`,`mid`,`ext`) VALUES ('21','90',null) [ RunTime:0.000747s ]
[ 2013-04-24T15:24:07+08:00 ] SQL: INSERT INTO `role_menu` (`rid`,`mid`,`ext`) VALUES ('21','91',null) [ RunTime:0.000809s ]
[ 2013-04-24T15:24:07+08:00 ] SQL: INSERT INTO `role_menu` (`rid`,`mid`,`ext`) VALUES ('21','92',null) [ RunTime:0.000837s ]
[ 2013-04-24T15:24:07+08:00 ] SQL: INSERT INTO `role_menu` (`rid`,`mid`,`ext`) VALUES ('21','93',null) [ RunTime:0.001007s ]
[ 2013-04-24T15:24:07+08:00 ] SQL: INSERT INTO `role_menu` (`rid`,`mid`,`ext`) VALUES ('21','94',null) [ RunTime:0.000725s ]
[ 2013-04-24T15:24:07+08:00 ] SQL: INSERT INTO `role_menu` (`rid`,`mid`,`ext`) VALUES ('21','95',null) [ RunTime:0.000719s ]
[ 2013-04-24T15:24:07+08:00 ] SQL: INSERT INTO `role_menu` (`rid`,`mid`,`ext`) VALUES ('21','96',null) [ RunTime:0.001010s ]
[ 2013-04-24T15:24:07+08:00 ] SQL: INSERT INTO `role_menu` (`rid`,`mid`,`ext`) VALUES ('21','97',null) [ RunTime:0.000783s ]
[ 2013-04-24T15:24:07+08:00 ] SQL: INSERT INTO `role_menu` (`rid`,`mid`,`ext`) VALUES ('21','98',null) [ RunTime:0.000739s ]
[ 2013-04-24T15:24:07+08:00 ] SQL: INSERT INTO `role_menu` (`rid`,`mid`,`ext`) VALUES ('21','99',null) [ RunTime:0.000978s ]
[ 2013-04-24T15:24:07+08:00 ] SQL: INSERT INTO `role_menu` (`rid`,`mid`,`ext`) VALUES ('21','100',null) [ RunTime:0.000816s ]
[ 2013-04-24T15:24:07+08:00 ] SQL: INSERT INTO `role_menu` (`rid`,`mid`,`ext`) VALUES ('21','101',null) [ RunTime:0.000795s ]
[ 2013-04-24T15:24:08+08:00 ] SQL: INSERT INTO `role_menu` (`rid`,`mid`,`ext`) VALUES ('21','102',null) [ RunTime:0.000867s ]
[ 2013-04-24T15:24:08+08:00 ] SQL: INSERT INTO `role_menu` (`rid`,`mid`,`ext`) VALUES ('21','103',null) [ RunTime:0.000925s ]
[ 2013-04-24T15:24:08+08:00 ] SQL: INSERT INTO `role_menu` (`rid`,`mid`,`ext`) VALUES ('21','104',null) [ RunTime:0.000758s ]
[ 2013-04-24T15:24:08+08:00 ] SQL: INSERT INTO `role_menu` (`rid`,`mid`,`ext`) VALUES ('21','107',null) [ RunTime:0.000737s ]
[ 2013-04-24T15:24:08+08:00 ] SQL: INSERT INTO `role_menu` (`rid`,`mid`,`ext`) VALUES ('21','105',null) [ RunTime:0.000973s ]
[ 2013-04-24T15:24:08+08:00 ] SQL: INSERT INTO `role_menu` (`rid`,`mid`,`ext`) VALUES ('21','106',null) [ RunTime:0.000709s ]
[ 2013-04-24T15:24:08+08:00 ] NOTIC: [8] Undefined index: key LimitAction.class.php 第 4 行.
[ 2013-04-24T15:24:08+08:00 ] SQL: SHOW COLUMNS FROM `depart` [ RunTime:0.009644s ]
[ 2013-04-24T15:24:08+08:00 ] SQL: SELECT * FROM `depart` WHERE  code='13108617'  [ RunTime:0.002585s ]
[ 2013-04-24T15:24:08+08:00 ] SQL: SELECT *,(SELECT COUNT(id) FROM user WHERE role=r.id) AS users FROM role r  where r.code='13108617' [ RunTime:0.006087s ]
[ 2013-04-24T15:24:08+08:00 ] SQL: SELECT *,(SELECT COUNT(id) FROM user WHERE role=r.id) AS users FROM role r  where r.code='13108617' limit 0,20 [ RunTime:0.005459s ]
[ 2013-04-24T15:24:11+08:00 ] NOTIC: [8] Undefined index: key WorkAction.class.php 第 15 行.
[ 2013-04-24T15:24:11+08:00 ] SQL: SELECT 
			  w.* ,u.`ucode`,d.`id` depart,IFNULL(t.`name` ,w.typename) `type`
			FROM
			  `work` w 
			  INNER JOIN `user` u 
			    ON u.`id` = w.`uid` 
			   INNER JOIN depart d ON d.`id`=u.`depart`
			   LEFT JOIN `type` t ON t.`id`=w.`type`
			WHERE w.`code` = '13108617' AND w.uid= 10 [ RunTime:0.006006s ]
[ 2013-04-24T15:24:11+08:00 ] SQL: SELECT 
			  w.* ,u.`ucode`,d.`id` depart,IFNULL(t.`name` ,w.typename) `type`
			FROM
			  `work` w 
			  INNER JOIN `user` u 
			    ON u.`id` = w.`uid` 
			   INNER JOIN depart d ON d.`id`=u.`depart`
			   LEFT JOIN `type` t ON t.`id`=w.`type`
			WHERE w.`code` = '13108617' AND w.uid= 10 limit 0,20 [ RunTime:0.006151s ]
[ 2013-04-24T15:24:18+08:00 ] SQL: SHOW COLUMNS FROM `user` [ RunTime:0.009197s ]
[ 2013-04-24T15:24:18+08:00 ] SQL: SELECT * FROM `user` WHERE ( `username` = 'admin' ) LIMIT 1  [ RunTime:0.001184s ]
[ 2013-04-24T15:24:18+08:00 ] SQL: SHOW COLUMNS FROM `msg` [ RunTime:0.008917s ]
[ 2013-04-24T15:24:18+08:00 ] SQL: SELECT COUNT(*) as C FROM (SELECT
		m.id,IFNULL(mr.readerid,0) isread
		FROM
		msg m LEFT JOIN msgreader mr ON m.`id`=mr.`msgid` AND mr.`readerid`=10
		WHERE INSTR(
				CONCAT(',', m.receiversid, ','),
				CONCAT(',', 10, ',')
		) > 0 AND m.code = 13108617) z WHERE z.isread =0 [ RunTime:0.002338s ]
[ 2013-04-24T15:24:18+08:00 ] SQL: SHOW COLUMNS FROM `work` [ RunTime:0.008593s ]
[ 2013-04-24T15:24:18+08:00 ] SQL: SELECT COUNT(*) AS tp_count FROM `work` WHERE code='13108617' and awoke =1 and uid =10 and UNIX_TIMESTAMP(NOW()) - UNIX_TIMESTAMP(DATE_ADD(
			    STR_TO_DATE(
			      CONCAT(
			        DATE(`date`),
			        ' ',
			        ehour,
			        ':',
			        eminute,
			        ':00'
			      ),
			      '%Y-%m-%d %H:%i:%s'
			    ),INTERVAL overday DAY)
			  ) < 0   LIMIT 1  [ RunTime:0.003095s ]
[ 2013-04-24T15:24:18+08:00 ] SQL: SHOW COLUMNS FROM `msgwork` [ RunTime:0.008667s ]
[ 2013-04-24T15:24:18+08:00 ] SQL: SELECT COUNT(*) AS tp_count FROM `msgwork` WHERE code='13108617' and issenderread =0 and senderid =10 LIMIT 1  [ RunTime:0.001143s ]
[ 2013-04-24T15:24:18+08:00 ] SQL: SELECT COUNT(*) AS tp_count FROM `msgwork` WHERE code='13108617' and isreceiverread =0 and receiverid =10 LIMIT 1  [ RunTime:0.001405s ]
[ 2013-04-24T15:24:18+08:00 ] SQL: SELECT m.id,m.`name`,m.`parent_id`,m.`link`,m.`image`,m.`target`,rm.`ext` FROM menu m INNER JOIN role_menu rm ON m.`id`=rm.`mid` WHERE m.parent_id is NULL and pos=1 and rm.`rid`=21 [ RunTime:0.002590s ]
[ 2013-04-24T15:24:18+08:00 ] SQL: SELECT m.id,m.`name`,m.`parent_id`,m.`link`,m.`image`,m.`target`,rm.`ext` FROM menu m INNER JOIN role_menu rm ON m.`id`=rm.`mid` WHERE m.parent_id=1 and rm.`rid`=21 [ RunTime:0.002236s ]
[ 2013-04-24T15:24:18+08:00 ] SQL: SELECT m.id,m.`name`,m.`parent_id`,m.`link`,m.`image`,m.`target`,rm.`ext` FROM menu m INNER JOIN role_menu rm ON m.`id`=rm.`mid` WHERE m.parent_id=2 and rm.`rid`=21 [ RunTime:0.003270s ]
[ 2013-04-24T15:24:18+08:00 ] SQL: SELECT m.id,m.`name`,m.`parent_id`,m.`link`,m.`image`,m.`target`,rm.`ext` FROM menu m INNER JOIN role_menu rm ON m.`id`=rm.`mid` WHERE m.parent_id=6 and rm.`rid`=21 [ RunTime:0.002295s ]
[ 2013-04-24T15:24:18+08:00 ] SQL: SELECT m.id,m.`name`,m.`parent_id`,m.`link`,m.`image`,m.`target`,rm.`ext` FROM menu m INNER JOIN role_menu rm ON m.`id`=rm.`mid` WHERE m.parent_id=7 and rm.`rid`=21 [ RunTime:0.003083s ]
[ 2013-04-24T15:24:18+08:00 ] SQL: SELECT m.id,m.`name`,m.`parent_id`,m.`link`,m.`image`,m.`target`,rm.`ext` FROM menu m INNER JOIN role_menu rm ON m.`id`=rm.`mid` WHERE m.parent_id=8 and rm.`rid`=21 [ RunTime:0.002758s ]
[ 2013-04-24T15:24:18+08:00 ] SQL: SELECT m.id,m.`name`,m.`parent_id`,m.`link`,m.`image`,m.`target`,rm.`ext` FROM menu m INNER JOIN role_menu rm ON m.`id`=rm.`mid` WHERE m.parent_id=34 and rm.`rid`=21 [ RunTime:0.002376s ]
[ 2013-04-24T15:24:18+08:00 ] SQL: SELECT m.id,m.`name`,m.`parent_id`,m.`link`,m.`image`,m.`target`,rm.`ext` FROM menu m INNER JOIN role_menu rm ON m.`id`=rm.`mid` WHERE m.parent_id=35 and rm.`rid`=21 [ RunTime:0.003184s ]
[ 2013-04-24T15:24:18+08:00 ] SQL: SELECT m.id,m.`name`,m.`parent_id`,m.`link`,m.`image`,m.`target`,rm.`ext` FROM menu m INNER JOIN role_menu rm ON m.`id`=rm.`mid` WHERE m.parent_id=36 and rm.`rid`=21 [ RunTime:0.002176s ]
[ 2013-04-24T15:24:18+08:00 ] SQL: SELECT m.id,m.`name`,m.`parent_id`,m.`link`,m.`image`,m.`target`,rm.`ext` FROM menu m INNER JOIN role_menu rm ON m.`id`=rm.`mid` WHERE m.parent_id=39 and rm.`rid`=21 [ RunTime:0.002234s ]
[ 2013-04-24T15:24:18+08:00 ] SQL: SELECT m.id,m.`name`,m.`parent_id`,m.`link`,m.`image`,m.`target`,rm.`ext` FROM menu m INNER JOIN role_menu rm ON m.`id`=rm.`mid` WHERE m.parent_id=42 and rm.`rid`=21 [ RunTime:0.002604s ]
[ 2013-04-24T15:24:18+08:00 ] SQL: SELECT m.id,m.`name`,m.`parent_id`,m.`link`,m.`image`,m.`target`,rm.`ext` FROM menu m INNER JOIN role_menu rm ON m.`id`=rm.`mid` WHERE m.parent_id=45 and rm.`rid`=21 [ RunTime:0.002375s ]
[ 2013-04-24T15:24:18+08:00 ] SQL: SELECT m.id,m.`name`,m.`parent_id`,m.`link`,m.`image`,m.`target`,rm.`ext` FROM menu m INNER JOIN role_menu rm ON m.`id`=rm.`mid` WHERE m.parent_id=51 and rm.`rid`=21 [ RunTime:0.002446s ]
[ 2013-04-24T15:24:18+08:00 ] SQL: SELECT m.id,m.`name`,m.`parent_id`,m.`link`,m.`image`,m.`target`,rm.`ext` FROM menu m INNER JOIN role_menu rm ON m.`id`=rm.`mid` WHERE m.parent_id=108 and rm.`rid`=21 [ RunTime:0.002321s ]
[ 2013-04-24T15:24:18+08:00 ] SQL: SELECT m.id,m.`name`,m.`parent_id`,m.`link`,m.`image`,m.`target`,rm.`ext` FROM menu m INNER JOIN role_menu rm ON m.`id`=rm.`mid` WHERE m.parent_id=111 and rm.`rid`=21 [ RunTime:0.002767s ]
[ 2013-04-24T15:24:18+08:00 ] SQL: SELECT m.id,m.`name`,m.`parent_id`,m.`link`,m.`image`,m.`target`,rm.`ext` FROM menu m INNER JOIN role_menu rm ON m.`id`=rm.`mid` WHERE m.parent_id=59 and rm.`rid`=21 [ RunTime:0.002519s ]
[ 2013-04-24T15:24:18+08:00 ] SQL: SELECT m.id,m.`name`,m.`parent_id`,m.`link`,m.`image`,m.`target`,rm.`ext` FROM menu m INNER JOIN role_menu rm ON m.`id`=rm.`mid` WHERE m.parent_id is NULL and pos=0 and rm.`rid`=21 [ RunTime:0.002964s ]
[ 2013-04-24T15:24:18+08:00 ] SQL: SELECT m.id,m.`name`,m.`parent_id`,m.`link`,m.`image`,m.`target`,rm.`ext` FROM menu m INNER JOIN role_menu rm ON m.`id`=rm.`mid` WHERE m.parent_id=15 and rm.`rid`=21 [ RunTime:0.002686s ]
[ 2013-04-24T15:24:18+08:00 ] SQL: SELECT m.id,m.`name`,m.`parent_id`,m.`link`,m.`image`,m.`target`,rm.`ext` FROM menu m INNER JOIN role_menu rm ON m.`id`=rm.`mid` WHERE m.parent_id=16 and rm.`rid`=21 [ RunTime:0.002273s ]
[ 2013-04-24T15:24:18+08:00 ] SQL: SELECT m.id,m.`name`,m.`parent_id`,m.`link`,m.`image`,m.`target`,rm.`ext` FROM menu m INNER JOIN role_menu rm ON m.`id`=rm.`mid` WHERE m.parent_id=19 and rm.`rid`=21 [ RunTime:0.002238s ]
[ 2013-04-24T15:24:18+08:00 ] SQL: SELECT m.id,m.`name`,m.`parent_id`,m.`link`,m.`image`,m.`target`,rm.`ext` FROM menu m INNER JOIN role_menu rm ON m.`id`=rm.`mid` WHERE m.parent_id=24 and rm.`rid`=21 [ RunTime:0.002439s ]
[ 2013-04-24T15:24:18+08:00 ] SQL: SELECT m.id,m.`name`,m.`parent_id`,m.`link`,m.`image`,m.`target`,rm.`ext` FROM menu m INNER JOIN role_menu rm ON m.`id`=rm.`mid` WHERE m.parent_id=27 and rm.`rid`=21 [ RunTime:0.002505s ]
[ 2013-04-24T15:24:18+08:00 ] SQL: SELECT m.id,m.`name`,m.`parent_id`,m.`link`,m.`image`,m.`target`,rm.`ext` FROM menu m INNER JOIN role_menu rm ON m.`id`=rm.`mid` WHERE m.parent_id=31 and rm.`rid`=21 [ RunTime:0.002326s ]
[ 2013-04-24T15:24:18+08:00 ] SQL: SELECT m.id,m.`name`,m.`parent_id`,m.`link`,m.`image`,m.`target`,rm.`ext` FROM menu m INNER JOIN role_menu rm ON m.`id`=rm.`mid` WHERE m.parent_id is NULL and (pos=2 OR m.name='專案管理') and rm.`rid`=21 [ RunTime:0.002512s ]
[ 2013-04-24T15:24:18+08:00 ] SQL: SELECT m.id,m.`name`,m.`parent_id`,m.`link`,m.`image`,m.`target`,rm.`ext` FROM menu m INNER JOIN role_menu rm ON m.`id`=rm.`mid` WHERE m.parent_id=59 and rm.`rid`=21 [ RunTime:0.002443s ]
[ 2013-04-24T15:24:18+08:00 ] SQL: SELECT m.id,m.`name`,m.`parent_id`,m.`link`,m.`image`,m.`target`,rm.`ext` FROM menu m INNER JOIN role_menu rm ON m.`id`=rm.`mid` WHERE m.parent_id=69 and rm.`rid`=21 [ RunTime:0.002244s ]
[ 2013-04-24T15:24:18+08:00 ] SQL: SELECT m.id,m.`name`,m.`parent_id`,m.`link`,m.`image`,m.`target`,rm.`ext` FROM menu m INNER JOIN role_menu rm ON m.`id`=rm.`mid` WHERE m.parent_id=76 and rm.`rid`=21 [ RunTime:0.002273s ]
[ 2013-04-24T15:24:18+08:00 ] SQL: SELECT m.id,m.`name`,m.`parent_id`,m.`link`,m.`image`,m.`target`,rm.`ext` FROM menu m INNER JOIN role_menu rm ON m.`id`=rm.`mid` WHERE m.parent_id=79 and rm.`rid`=21 [ RunTime:0.002591s ]
[ 2013-04-24T15:24:18+08:00 ] SQL: SELECT m.id,m.`name`,m.`parent_id`,m.`link`,m.`image`,m.`target`,rm.`ext` FROM menu m INNER JOIN role_menu rm ON m.`id`=rm.`mid` WHERE m.parent_id=87 and rm.`rid`=21 [ RunTime:0.002329s ]
[ 2013-04-24T15:24:18+08:00 ] SQL: SELECT m.id,m.`name`,m.`parent_id`,m.`link`,m.`image`,m.`target`,rm.`ext` FROM menu m INNER JOIN role_menu rm ON m.`id`=rm.`mid` WHERE m.parent_id=101 and rm.`rid`=21 [ RunTime:0.002345s ]
[ 2013-04-24T15:24:18+08:00 ] SQL: SELECT m.id,m.`name`,m.`parent_id`,m.`link`,m.`image`,m.`target`,rm.`ext` FROM menu m INNER JOIN role_menu rm ON m.`id`=rm.`mid` WHERE m.parent_id=107 and rm.`rid`=21 [ RunTime:0.002614s ]
[ 2013-04-24T15:24:19+08:00 ] NOTIC: [8] Undefined index: key WorkAction.class.php 第 15 行.
[ 2013-04-24T15:24:19+08:00 ] SQL: SELECT 
			  w.* ,u.`ucode`,d.`id` depart,IFNULL(t.`name` ,w.typename) `type`
			FROM
			  `work` w 
			  INNER JOIN `user` u 
			    ON u.`id` = w.`uid` 
			   INNER JOIN depart d ON d.`id`=u.`depart`
			   LEFT JOIN `type` t ON t.`id`=w.`type`
			WHERE w.`code` = '13108617' AND w.uid= 10 [ RunTime:0.004615s ]
[ 2013-04-24T15:24:19+08:00 ] SQL: SELECT 
			  w.* ,u.`ucode`,d.`id` depart,IFNULL(t.`name` ,w.typename) `type`
			FROM
			  `work` w 
			  INNER JOIN `user` u 
			    ON u.`id` = w.`uid` 
			   INNER JOIN depart d ON d.`id`=u.`depart`
			   LEFT JOIN `type` t ON t.`id`=w.`type`
			WHERE w.`code` = '13108617' AND w.uid= 10 limit 0,20 [ RunTime:0.005260s ]
[ 2013-04-24T15:24:34+08:00 ] ERR: (ThinkException) 非法操作images
[ 2013-04-24T15:24:34+08:00 ] ERR: (ThinkException) 非法操作images
[ 2013-04-24T16:28:37+08:00 ] ERR: (ThinkException) 非法操作workcheck_add2.php
[ 2013-04-24T17:06:05+08:00 ] SQL: SHOW COLUMNS FROM `accept` [ RunTime:0.007311s ]
[ 2013-04-24T17:06:55+08:00 ] NOTIC: [8] Undefined index: SESSION_USER.code e526a01ea554fb9b30a16280f43966af.php 第 223 行.
[ 2013-04-24T17:07:03+08:00 ] SQL: SHOW COLUMNS FROM `accept` [ RunTime:0.008409s ]
[ 2013-04-24T17:07:03+08:00 ] SQL: INSERT INTO `accept` (`casedate`,`casename`,`address`,`totalmoney`,`code`) VALUES ('2013-04-24','11','22','33','') [ RunTime:0.064057s ]
[ 2013-04-24T17:07:34+08:00 ] NOTIC: [8] Undefined index: SESSION_USER.code e526a01ea554fb9b30a16280f43966af.php 第 223 行.
[ 2013-04-24T17:08:02+08:00 ] SQL: SHOW COLUMNS FROM `accept` [ RunTime:0.007950s ]
[ 2013-04-24T17:08:03+08:00 ] SQL: INSERT INTO `accept` (`casedate`,`casename`,`address`,`totalmoney`,`code`) VALUES ('2013-04-24','2','2','2','13108617') [ RunTime:0.052732s ]
[ 2013-04-24T17:13:33+08:00 ] SQL: SHOW COLUMNS FROM `accept` [ RunTime:0.007923s ]
[ 2013-04-24T17:13:33+08:00 ] SQL: SELECT COUNT(*) AS tp_count FROM `accept` WHERE  code='13108617' LIMIT 1  [ RunTime:0.001125s ]
[ 2013-04-24T17:13:33+08:00 ] SQL: SELECT * FROM `accept` WHERE  code='13108617' ORDER BY id desc LIMIT 0,20  [ RunTime:0.000891s ]
[ 2013-04-24T17:14:57+08:00 ] SQL: SHOW COLUMNS FROM `accept` [ RunTime:0.010077s ]
[ 2013-04-24T17:14:57+08:00 ] SQL: SELECT COUNT(*) AS tp_count FROM `accept` WHERE  code='13108617' LIMIT 1  [ RunTime:0.001121s ]
[ 2013-04-24T17:14:57+08:00 ] SQL: SELECT * FROM `accept` WHERE  code='13108617' ORDER BY id desc LIMIT 0,20  [ RunTime:0.001074s ]
[ 2013-04-24T17:15:07+08:00 ] SQL: SHOW COLUMNS FROM `accept` [ RunTime:0.008892s ]
[ 2013-04-24T17:15:07+08:00 ] SQL: SELECT COUNT(*) AS tp_count FROM `accept` WHERE  code='13108617' LIMIT 1  [ RunTime:0.000947s ]
[ 2013-04-24T17:15:07+08:00 ] SQL: SELECT * FROM `accept` WHERE  code='13108617' ORDER BY id desc LIMIT 0,20  [ RunTime:0.000940s ]
[ 2013-04-24T17:18:17+08:00 ] SQL: SHOW COLUMNS FROM `accept` [ RunTime:0.007924s ]
[ 2013-04-24T17:18:17+08:00 ] SQL: SELECT COUNT(*) AS tp_count FROM `accept` WHERE  code='13108617' LIMIT 1  [ RunTime:0.000943s ]
[ 2013-04-24T17:18:17+08:00 ] SQL: SELECT * FROM `accept` WHERE  code='13108617' ORDER BY id desc LIMIT 0,20  [ RunTime:0.000911s ]
[ 2013-04-24T17:18:19+08:00 ] SQL: SHOW COLUMNS FROM `accept` [ RunTime:0.008553s ]
[ 2013-04-24T17:18:19+08:00 ] SQL: SELECT * FROM `accept` WHERE ( `id` = '2' ) LIMIT 1  [ RunTime:0.000910s ]
[ 2013-04-24T17:18:24+08:00 ] SQL: SHOW COLUMNS FROM `accept` [ RunTime:0.046353s ]
[ 2013-04-24T17:18:24+08:00 ] SQL: UPDATE `accept` SET `casedate`='2013-04-24',`casename`='22',`address`='22',`totalmoney`='22',`code`='13108617' WHERE ( `id` = '2' ) [ RunTime:0.201901s ]
[ 2013-04-24T17:18:24+08:00 ] SQL: SHOW COLUMNS FROM `accept` [ RunTime:0.008367s ]
[ 2013-04-24T17:18:24+08:00 ] SQL: SELECT COUNT(*) AS tp_count FROM `accept` WHERE  code='13108617' LIMIT 1  [ RunTime:0.000959s ]
[ 2013-04-24T17:18:24+08:00 ] SQL: SELECT * FROM `accept` WHERE  code='13108617' ORDER BY id desc LIMIT 0,20  [ RunTime:0.000986s ]
[ 2013-04-24T17:19:15+08:00 ] SQL: SHOW COLUMNS FROM `accept` [ RunTime:0.007401s ]
[ 2013-04-24T17:19:15+08:00 ] SQL: SELECT COUNT(*) AS tp_count FROM `accept` WHERE  code='13108617' LIMIT 1  [ RunTime:0.000845s ]
[ 2013-04-24T17:19:15+08:00 ] SQL: SELECT * FROM `accept` WHERE  code='13108617' ORDER BY id desc LIMIT 0,20  [ RunTime:0.001040s ]
[ 2013-04-24T17:19:19+08:00 ] SQL: SHOW COLUMNS FROM `accept` [ RunTime:0.008283s ]
[ 2013-04-24T17:19:19+08:00 ] SQL: DELETE FROM `accept` WHERE ( `id` = '2' ) [ RunTime:0.072486s ]
[ 2013-04-24T17:19:19+08:00 ] SQL: SHOW COLUMNS FROM `accept` [ RunTime:0.007621s ]
[ 2013-04-24T17:19:19+08:00 ] SQL: SELECT COUNT(*) AS tp_count FROM `accept` WHERE  code='13108617' LIMIT 1  [ RunTime:0.000922s ]
[ 2013-04-24T17:19:19+08:00 ] SQL: SELECT * FROM `accept` WHERE  code='13108617' ORDER BY id desc LIMIT 0,20  [ RunTime:0.000886s ]
[ 2013-04-24T17:19:29+08:00 ] SQL: SHOW COLUMNS FROM `accept` [ RunTime:0.008628s ]
[ 2013-04-24T17:19:29+08:00 ] SQL: INSERT INTO `accept` (`casedate`,`casename`,`address`,`totalmoney`,`code`) VALUES ('2013-04-24','11111','1','1','13108617') [ RunTime:0.075693s ]
[ 2013-04-24T17:19:29+08:00 ] SQL: SHOW COLUMNS FROM `accept` [ RunTime:0.008192s ]
[ 2013-04-24T17:19:29+08:00 ] SQL: SELECT COUNT(*) AS tp_count FROM `accept` WHERE  code='13108617' LIMIT 1  [ RunTime:0.000871s ]
[ 2013-04-24T17:19:29+08:00 ] SQL: SELECT * FROM `accept` WHERE  code='13108617' ORDER BY id desc LIMIT 0,20  [ RunTime:0.000855s ]
[ 2013-04-24T17:19:47+08:00 ] SQL: SHOW COLUMNS FROM `accept` [ RunTime:0.007865s ]
[ 2013-04-24T17:19:47+08:00 ] SQL: SELECT * FROM `accept` WHERE ( `id` = '3' ) LIMIT 1  [ RunTime:0.000950s ]
