[ 2013-05-28T20:01:34+08:00 ] NOTIC: [8] Undefined index: username IndexAction.class.php 第 4 行.
[ 2013-05-28T20:01:34+08:00 ] NOTIC: [8] Undefined index: pwd IndexAction.class.php 第 5 行.
[ 2013-05-28T20:01:39+08:00 ] SQL: SHOW COLUMNS FROM `user` [ RunTime:0.050384s ]
[ 2013-05-28T20:01:39+08:00 ] SQL: SELECT * FROM `user` WHERE ( `username` = 'admin' ) LIMIT 1  [ RunTime:0.001410s ]
[ 2013-05-28T20:01:39+08:00 ] SQL: SHOW COLUMNS FROM `msg` [ RunTime:0.051400s ]
[ 2013-05-28T20:01:39+08:00 ] SQL: SELECT COUNT(*) as C FROM (SELECT
		m.id,IFNULL(mr.readerid,0) isread
		FROM
		msg m LEFT JOIN msgreader mr ON m.`id`=mr.`msgid` AND mr.`readerid`=10
		WHERE INSTR(
				CONCAT(',', m.receiversid, ','),
				CONCAT(',', 10, ',')
		) > 0 AND m.code = 13108617) z WHERE z.isread =0 [ RunTime:0.055537s ]
[ 2013-05-28T20:01:39+08:00 ] SQL: SHOW COLUMNS FROM `work` [ RunTime:0.035909s ]
[ 2013-05-28T20:01:39+08:00 ] SQL: SELECT COUNT(*) AS tp_count FROM `work` WHERE code='13108617' and awoke =1 and uid =10 and UNIX_TIMESTAMP(NOW()) - UNIX_TIMESTAMP(DATE_ADD(
			    STR_TO_DATE(
			      CONCAT(
			        DATE(`date`),
			        ' ',
			        ehour,
			        ':',
			        eminute,
			        ':00'
			      ),
			      '%Y-%m-%d %H:%i:%s'
			    ),INTERVAL overday DAY)
			  ) < 0   LIMIT 1  [ RunTime:0.006431s ]
[ 2013-05-28T20:01:39+08:00 ] SQL: SHOW COLUMNS FROM `msgwork` [ RunTime:0.031134s ]
[ 2013-05-28T20:01:39+08:00 ] SQL: SELECT COUNT(*) AS tp_count FROM `msgwork` WHERE code='13108617' and issenderread =0 and senderid =10 LIMIT 1  [ RunTime:0.001389s ]
[ 2013-05-28T20:01:39+08:00 ] SQL: SELECT COUNT(*) AS tp_count FROM `msgwork` WHERE code='13108617' and isreceiverread =0 and receiverid =10 LIMIT 1  [ RunTime:0.001126s ]
[ 2013-05-28T20:01:39+08:00 ] SQL: SELECT m.id,m.`name`,m.`parent_id`,m.`link`,m.`image`,m.`target`,rm.`ext` FROM menu m INNER JOIN role_menu rm ON m.`id`=rm.`mid` WHERE m.parent_id is NULL and pos=1 and rm.`rid`=21 [ RunTime:0.108435s ]
[ 2013-05-28T20:01:39+08:00 ] SQL: SELECT m.id,m.`name`,m.`parent_id`,m.`link`,m.`image`,m.`target`,rm.`ext` FROM menu m INNER JOIN role_menu rm ON m.`id`=rm.`mid` WHERE m.parent_id=1 and rm.`rid`=21 [ RunTime:0.002691s ]
[ 2013-05-28T20:01:39+08:00 ] SQL: SELECT m.id,m.`name`,m.`parent_id`,m.`link`,m.`image`,m.`target`,rm.`ext` FROM menu m INNER JOIN role_menu rm ON m.`id`=rm.`mid` WHERE m.parent_id=2 and rm.`rid`=21 [ RunTime:0.002398s ]
[ 2013-05-28T20:01:39+08:00 ] SQL: SELECT m.id,m.`name`,m.`parent_id`,m.`link`,m.`image`,m.`target`,rm.`ext` FROM menu m INNER JOIN role_menu rm ON m.`id`=rm.`mid` WHERE m.parent_id=6 and rm.`rid`=21 [ RunTime:0.002092s ]
[ 2013-05-28T20:01:39+08:00 ] SQL: SELECT m.id,m.`name`,m.`parent_id`,m.`link`,m.`image`,m.`target`,rm.`ext` FROM menu m INNER JOIN role_menu rm ON m.`id`=rm.`mid` WHERE m.parent_id=7 and rm.`rid`=21 [ RunTime:0.002142s ]
[ 2013-05-28T20:01:39+08:00 ] SQL: SELECT m.id,m.`name`,m.`parent_id`,m.`link`,m.`image`,m.`target`,rm.`ext` FROM menu m INNER JOIN role_menu rm ON m.`id`=rm.`mid` WHERE m.parent_id=8 and rm.`rid`=21 [ RunTime:0.002251s ]
[ 2013-05-28T20:01:39+08:00 ] SQL: SELECT m.id,m.`name`,m.`parent_id`,m.`link`,m.`image`,m.`target`,rm.`ext` FROM menu m INNER JOIN role_menu rm ON m.`id`=rm.`mid` WHERE m.parent_id=34 and rm.`rid`=21 [ RunTime:0.002638s ]
[ 2013-05-28T20:01:39+08:00 ] SQL: SELECT m.id,m.`name`,m.`parent_id`,m.`link`,m.`image`,m.`target`,rm.`ext` FROM menu m INNER JOIN role_menu rm ON m.`id`=rm.`mid` WHERE m.parent_id=35 and rm.`rid`=21 [ RunTime:0.002143s ]
[ 2013-05-28T20:01:39+08:00 ] SQL: SELECT m.id,m.`name`,m.`parent_id`,m.`link`,m.`image`,m.`target`,rm.`ext` FROM menu m INNER JOIN role_menu rm ON m.`id`=rm.`mid` WHERE m.parent_id=36 and rm.`rid`=21 [ RunTime:0.002312s ]
[ 2013-05-28T20:01:39+08:00 ] SQL: SELECT m.id,m.`name`,m.`parent_id`,m.`link`,m.`image`,m.`target`,rm.`ext` FROM menu m INNER JOIN role_menu rm ON m.`id`=rm.`mid` WHERE m.parent_id=39 and rm.`rid`=21 [ RunTime:0.002440s ]
[ 2013-05-28T20:01:39+08:00 ] SQL: SELECT m.id,m.`name`,m.`parent_id`,m.`link`,m.`image`,m.`target`,rm.`ext` FROM menu m INNER JOIN role_menu rm ON m.`id`=rm.`mid` WHERE m.parent_id=42 and rm.`rid`=21 [ RunTime:0.002200s ]
[ 2013-05-28T20:01:39+08:00 ] SQL: SELECT m.id,m.`name`,m.`parent_id`,m.`link`,m.`image`,m.`target`,rm.`ext` FROM menu m INNER JOIN role_menu rm ON m.`id`=rm.`mid` WHERE m.parent_id=45 and rm.`rid`=21 [ RunTime:0.002072s ]
[ 2013-05-28T20:01:39+08:00 ] SQL: SELECT m.id,m.`name`,m.`parent_id`,m.`link`,m.`image`,m.`target`,rm.`ext` FROM menu m INNER JOIN role_menu rm ON m.`id`=rm.`mid` WHERE m.parent_id=51 and rm.`rid`=21 [ RunTime:0.002270s ]
[ 2013-05-28T20:01:39+08:00 ] SQL: SELECT m.id,m.`name`,m.`parent_id`,m.`link`,m.`image`,m.`target`,rm.`ext` FROM menu m INNER JOIN role_menu rm ON m.`id`=rm.`mid` WHERE m.parent_id=108 and rm.`rid`=21 [ RunTime:0.002088s ]
[ 2013-05-28T20:01:39+08:00 ] SQL: SELECT m.id,m.`name`,m.`parent_id`,m.`link`,m.`image`,m.`target`,rm.`ext` FROM menu m INNER JOIN role_menu rm ON m.`id`=rm.`mid` WHERE m.parent_id=111 and rm.`rid`=21 [ RunTime:0.002582s ]
[ 2013-05-28T20:01:39+08:00 ] SQL: SELECT m.id,m.`name`,m.`parent_id`,m.`link`,m.`image`,m.`target`,rm.`ext` FROM menu m INNER JOIN role_menu rm ON m.`id`=rm.`mid` WHERE m.parent_id=115 and rm.`rid`=21 [ RunTime:0.002186s ]
[ 2013-05-28T20:01:39+08:00 ] SQL: SELECT m.id,m.`name`,m.`parent_id`,m.`link`,m.`image`,m.`target`,rm.`ext` FROM menu m INNER JOIN role_menu rm ON m.`id`=rm.`mid` WHERE m.parent_id=59 and rm.`rid`=21 [ RunTime:0.002688s ]
[ 2013-05-28T20:01:39+08:00 ] SQL: SELECT m.id,m.`name`,m.`parent_id`,m.`link`,m.`image`,m.`target`,rm.`ext` FROM menu m INNER JOIN role_menu rm ON m.`id`=rm.`mid` WHERE m.parent_id is NULL and pos=0 and rm.`rid`=21 [ RunTime:0.002381s ]
[ 2013-05-28T20:01:39+08:00 ] SQL: SELECT m.id,m.`name`,m.`parent_id`,m.`link`,m.`image`,m.`target`,rm.`ext` FROM menu m INNER JOIN role_menu rm ON m.`id`=rm.`mid` WHERE m.parent_id=15 and rm.`rid`=21 [ RunTime:0.002394s ]
[ 2013-05-28T20:01:39+08:00 ] SQL: SELECT m.id,m.`name`,m.`parent_id`,m.`link`,m.`image`,m.`target`,rm.`ext` FROM menu m INNER JOIN role_menu rm ON m.`id`=rm.`mid` WHERE m.parent_id=16 and rm.`rid`=21 [ RunTime:0.002534s ]
[ 2013-05-28T20:01:39+08:00 ] SQL: SELECT m.id,m.`name`,m.`parent_id`,m.`link`,m.`image`,m.`target`,rm.`ext` FROM menu m INNER JOIN role_menu rm ON m.`id`=rm.`mid` WHERE m.parent_id=19 and rm.`rid`=21 [ RunTime:0.002129s ]
[ 2013-05-28T20:01:39+08:00 ] SQL: SELECT m.id,m.`name`,m.`parent_id`,m.`link`,m.`image`,m.`target`,rm.`ext` FROM menu m INNER JOIN role_menu rm ON m.`id`=rm.`mid` WHERE m.parent_id=24 and rm.`rid`=21 [ RunTime:0.002205s ]
[ 2013-05-28T20:01:39+08:00 ] SQL: SELECT m.id,m.`name`,m.`parent_id`,m.`link`,m.`image`,m.`target`,rm.`ext` FROM menu m INNER JOIN role_menu rm ON m.`id`=rm.`mid` WHERE m.parent_id=27 and rm.`rid`=21 [ RunTime:0.002077s ]
[ 2013-05-28T20:01:39+08:00 ] SQL: SELECT m.id,m.`name`,m.`parent_id`,m.`link`,m.`image`,m.`target`,rm.`ext` FROM menu m INNER JOIN role_menu rm ON m.`id`=rm.`mid` WHERE m.parent_id=31 and rm.`rid`=21 [ RunTime:0.002552s ]
[ 2013-05-28T20:01:39+08:00 ] SQL: SELECT m.id,m.`name`,m.`parent_id`,m.`link`,m.`image`,m.`target`,rm.`ext` FROM menu m INNER JOIN role_menu rm ON m.`id`=rm.`mid` WHERE m.parent_id is NULL and (pos=2 OR m.name='專案管理') and rm.`rid`=21 [ RunTime:0.002225s ]
[ 2013-05-28T20:01:39+08:00 ] SQL: SELECT m.id,m.`name`,m.`parent_id`,m.`link`,m.`image`,m.`target`,rm.`ext` FROM menu m INNER JOIN role_menu rm ON m.`id`=rm.`mid` WHERE m.parent_id=59 and rm.`rid`=21 [ RunTime:0.002133s ]
[ 2013-05-28T20:01:39+08:00 ] SQL: SELECT m.id,m.`name`,m.`parent_id`,m.`link`,m.`image`,m.`target`,rm.`ext` FROM menu m INNER JOIN role_menu rm ON m.`id`=rm.`mid` WHERE m.parent_id=69 and rm.`rid`=21 [ RunTime:0.002539s ]
[ 2013-05-28T20:01:39+08:00 ] SQL: SELECT m.id,m.`name`,m.`parent_id`,m.`link`,m.`image`,m.`target`,rm.`ext` FROM menu m INNER JOIN role_menu rm ON m.`id`=rm.`mid` WHERE m.parent_id=76 and rm.`rid`=21 [ RunTime:0.002209s ]
[ 2013-05-28T20:01:39+08:00 ] SQL: SELECT m.id,m.`name`,m.`parent_id`,m.`link`,m.`image`,m.`target`,rm.`ext` FROM menu m INNER JOIN role_menu rm ON m.`id`=rm.`mid` WHERE m.parent_id=79 and rm.`rid`=21 [ RunTime:0.002198s ]
[ 2013-05-28T20:01:39+08:00 ] SQL: SELECT m.id,m.`name`,m.`parent_id`,m.`link`,m.`image`,m.`target`,rm.`ext` FROM menu m INNER JOIN role_menu rm ON m.`id`=rm.`mid` WHERE m.parent_id=87 and rm.`rid`=21 [ RunTime:0.002164s ]
[ 2013-05-28T20:01:39+08:00 ] SQL: SELECT m.id,m.`name`,m.`parent_id`,m.`link`,m.`image`,m.`target`,rm.`ext` FROM menu m INNER JOIN role_menu rm ON m.`id`=rm.`mid` WHERE m.parent_id=101 and rm.`rid`=21 [ RunTime:0.002684s ]
[ 2013-05-28T20:01:39+08:00 ] SQL: SELECT m.id,m.`name`,m.`parent_id`,m.`link`,m.`image`,m.`target`,rm.`ext` FROM menu m INNER JOIN role_menu rm ON m.`id`=rm.`mid` WHERE m.parent_id=107 and rm.`rid`=21 [ RunTime:0.002197s ]
[ 2013-05-28T20:01:40+08:00 ] NOTIC: [8] Undefined index: exts BaseAction.class.php 第 80 行.
[ 2013-05-28T20:01:40+08:00 ] SQL: SELECT 
			  rm.*,
			  m.`link` 
			FROM
			  `menu` m 
			  INNER JOIN `role_menu` rm 
			    ON m.`id` = rm.`mid` 
			WHERE rm.`rid` = 21 
			  AND m.`ext` IS NOT NULL  [ RunTime:0.002596s ]
[ 2013-05-28T20:01:40+08:00 ] NOTIC: [8] Undefined index: key WorkAction.class.php 第 15 行.
[ 2013-05-28T20:01:40+08:00 ] SQL: SELECT 
			  w.* ,u.`ucode`,d.`id` depart,IFNULL(t.`name` ,w.typename) `type`
			FROM
			  `work` w 
			  INNER JOIN `user` u 
			    ON u.`id` = w.`uid` 
			   INNER JOIN depart d ON d.`id`=u.`depart`
			   LEFT JOIN `type` t ON t.`id`=w.`type`
			WHERE w.`code` = '13108617' AND w.uid= 10 [ RunTime:0.076609s ]
[ 2013-05-28T20:01:40+08:00 ] SQL: SELECT 
			  w.* ,u.`ucode`,d.`id` depart,IFNULL(t.`name` ,w.typename) `type`
			FROM
			  `work` w 
			  INNER JOIN `user` u 
			    ON u.`id` = w.`uid` 
			   INNER JOIN depart d ON d.`id`=u.`depart`
			   LEFT JOIN `type` t ON t.`id`=w.`type`
			WHERE w.`code` = '13108617' AND w.uid= 10 limit 0,20 [ RunTime:0.006772s ]
[ 2013-05-28T20:01:41+08:00 ] SQL: SHOW COLUMNS FROM `user` [ RunTime:0.006735s ]
[ 2013-05-28T20:01:41+08:00 ] SQL: SELECT * FROM `user` WHERE ( `username` = 'admin' ) LIMIT 1  [ RunTime:0.001140s ]
[ 2013-05-28T20:01:41+08:00 ] SQL: SHOW COLUMNS FROM `msg` [ RunTime:0.006081s ]
[ 2013-05-28T20:01:41+08:00 ] SQL: SELECT COUNT(*) as C FROM (SELECT
		m.id,IFNULL(mr.readerid,0) isread
		FROM
		msg m LEFT JOIN msgreader mr ON m.`id`=mr.`msgid` AND mr.`readerid`=10
		WHERE INSTR(
				CONCAT(',', m.receiversid, ','),
				CONCAT(',', 10, ',')
		) > 0 AND m.code = 13108617) z WHERE z.isread =0 [ RunTime:0.002112s ]
[ 2013-05-28T20:01:41+08:00 ] SQL: SHOW COLUMNS FROM `work` [ RunTime:0.006347s ]
[ 2013-05-28T20:01:41+08:00 ] SQL: SELECT COUNT(*) AS tp_count FROM `work` WHERE code='13108617' and awoke =1 and uid =10 and UNIX_TIMESTAMP(NOW()) - UNIX_TIMESTAMP(DATE_ADD(
			    STR_TO_DATE(
			      CONCAT(
			        DATE(`date`),
			        ' ',
			        ehour,
			        ':',
			        eminute,
			        ':00'
			      ),
			      '%Y-%m-%d %H:%i:%s'
			    ),INTERVAL overday DAY)
			  ) < 0   LIMIT 1  [ RunTime:0.002064s ]
[ 2013-05-28T20:01:41+08:00 ] SQL: SHOW COLUMNS FROM `msgwork` [ RunTime:0.006410s ]
[ 2013-05-28T20:01:41+08:00 ] SQL: SELECT COUNT(*) AS tp_count FROM `msgwork` WHERE code='13108617' and issenderread =0 and senderid =10 LIMIT 1  [ RunTime:0.001370s ]
[ 2013-05-28T20:01:41+08:00 ] SQL: SELECT COUNT(*) AS tp_count FROM `msgwork` WHERE code='13108617' and isreceiverread =0 and receiverid =10 LIMIT 1  [ RunTime:0.001272s ]
[ 2013-05-28T20:01:41+08:00 ] SQL: SELECT m.id,m.`name`,m.`parent_id`,m.`link`,m.`image`,m.`target`,rm.`ext` FROM menu m INNER JOIN role_menu rm ON m.`id`=rm.`mid` WHERE m.parent_id is NULL and pos=1 and rm.`rid`=21 [ RunTime:0.002281s ]
[ 2013-05-28T20:01:41+08:00 ] SQL: SELECT m.id,m.`name`,m.`parent_id`,m.`link`,m.`image`,m.`target`,rm.`ext` FROM menu m INNER JOIN role_menu rm ON m.`id`=rm.`mid` WHERE m.parent_id=1 and rm.`rid`=21 [ RunTime:0.002261s ]
[ 2013-05-28T20:01:41+08:00 ] SQL: SELECT m.id,m.`name`,m.`parent_id`,m.`link`,m.`image`,m.`target`,rm.`ext` FROM menu m INNER JOIN role_menu rm ON m.`id`=rm.`mid` WHERE m.parent_id=2 and rm.`rid`=21 [ RunTime:0.002262s ]
[ 2013-05-28T20:01:41+08:00 ] SQL: SELECT m.id,m.`name`,m.`parent_id`,m.`link`,m.`image`,m.`target`,rm.`ext` FROM menu m INNER JOIN role_menu rm ON m.`id`=rm.`mid` WHERE m.parent_id=6 and rm.`rid`=21 [ RunTime:0.002217s ]
[ 2013-05-28T20:01:41+08:00 ] SQL: SELECT m.id,m.`name`,m.`parent_id`,m.`link`,m.`image`,m.`target`,rm.`ext` FROM menu m INNER JOIN role_menu rm ON m.`id`=rm.`mid` WHERE m.parent_id=7 and rm.`rid`=21 [ RunTime:0.002032s ]
[ 2013-05-28T20:01:41+08:00 ] SQL: SELECT m.id,m.`name`,m.`parent_id`,m.`link`,m.`image`,m.`target`,rm.`ext` FROM menu m INNER JOIN role_menu rm ON m.`id`=rm.`mid` WHERE m.parent_id=8 and rm.`rid`=21 [ RunTime:0.002120s ]
[ 2013-05-28T20:01:41+08:00 ] SQL: SELECT m.id,m.`name`,m.`parent_id`,m.`link`,m.`image`,m.`target`,rm.`ext` FROM menu m INNER JOIN role_menu rm ON m.`id`=rm.`mid` WHERE m.parent_id=34 and rm.`rid`=21 [ RunTime:0.002185s ]
[ 2013-05-28T20:01:41+08:00 ] SQL: SELECT m.id,m.`name`,m.`parent_id`,m.`link`,m.`image`,m.`target`,rm.`ext` FROM menu m INNER JOIN role_menu rm ON m.`id`=rm.`mid` WHERE m.parent_id=35 and rm.`rid`=21 [ RunTime:0.002041s ]
[ 2013-05-28T20:01:41+08:00 ] SQL: SELECT m.id,m.`name`,m.`parent_id`,m.`link`,m.`image`,m.`target`,rm.`ext` FROM menu m INNER JOIN role_menu rm ON m.`id`=rm.`mid` WHERE m.parent_id=36 and rm.`rid`=21 [ RunTime:0.002617s ]
[ 2013-05-28T20:01:41+08:00 ] SQL: SELECT m.id,m.`name`,m.`parent_id`,m.`link`,m.`image`,m.`target`,rm.`ext` FROM menu m INNER JOIN role_menu rm ON m.`id`=rm.`mid` WHERE m.parent_id=39 and rm.`rid`=21 [ RunTime:0.002135s ]
[ 2013-05-28T20:01:41+08:00 ] SQL: SELECT m.id,m.`name`,m.`parent_id`,m.`link`,m.`image`,m.`target`,rm.`ext` FROM menu m INNER JOIN role_menu rm ON m.`id`=rm.`mid` WHERE m.parent_id=42 and rm.`rid`=21 [ RunTime:0.002060s ]
[ 2013-05-28T20:01:41+08:00 ] SQL: SELECT m.id,m.`name`,m.`parent_id`,m.`link`,m.`image`,m.`target`,rm.`ext` FROM menu m INNER JOIN role_menu rm ON m.`id`=rm.`mid` WHERE m.parent_id=45 and rm.`rid`=21 [ RunTime:0.002133s ]
[ 2013-05-28T20:01:41+08:00 ] SQL: SELECT m.id,m.`name`,m.`parent_id`,m.`link`,m.`image`,m.`target`,rm.`ext` FROM menu m INNER JOIN role_menu rm ON m.`id`=rm.`mid` WHERE m.parent_id=51 and rm.`rid`=21 [ RunTime:0.002250s ]
[ 2013-05-28T20:01:41+08:00 ] SQL: SELECT m.id,m.`name`,m.`parent_id`,m.`link`,m.`image`,m.`target`,rm.`ext` FROM menu m INNER JOIN role_menu rm ON m.`id`=rm.`mid` WHERE m.parent_id=108 and rm.`rid`=21 [ RunTime:0.002576s ]
[ 2013-05-28T20:01:41+08:00 ] SQL: SELECT m.id,m.`name`,m.`parent_id`,m.`link`,m.`image`,m.`target`,rm.`ext` FROM menu m INNER JOIN role_menu rm ON m.`id`=rm.`mid` WHERE m.parent_id=111 and rm.`rid`=21 [ RunTime:0.002127s ]
[ 2013-05-28T20:01:41+08:00 ] SQL: SELECT m.id,m.`name`,m.`parent_id`,m.`link`,m.`image`,m.`target`,rm.`ext` FROM menu m INNER JOIN role_menu rm ON m.`id`=rm.`mid` WHERE m.parent_id=115 and rm.`rid`=21 [ RunTime:0.002058s ]
[ 2013-05-28T20:01:41+08:00 ] SQL: SELECT m.id,m.`name`,m.`parent_id`,m.`link`,m.`image`,m.`target`,rm.`ext` FROM menu m INNER JOIN role_menu rm ON m.`id`=rm.`mid` WHERE m.parent_id=59 and rm.`rid`=21 [ RunTime:0.002159s ]
[ 2013-05-28T20:01:41+08:00 ] SQL: SELECT m.id,m.`name`,m.`parent_id`,m.`link`,m.`image`,m.`target`,rm.`ext` FROM menu m INNER JOIN role_menu rm ON m.`id`=rm.`mid` WHERE m.parent_id is NULL and pos=0 and rm.`rid`=21 [ RunTime:0.002262s ]
[ 2013-05-28T20:01:41+08:00 ] SQL: SELECT m.id,m.`name`,m.`parent_id`,m.`link`,m.`image`,m.`target`,rm.`ext` FROM menu m INNER JOIN role_menu rm ON m.`id`=rm.`mid` WHERE m.parent_id=15 and rm.`rid`=21 [ RunTime:0.002353s ]
[ 2013-05-28T20:01:41+08:00 ] SQL: SELECT m.id,m.`name`,m.`parent_id`,m.`link`,m.`image`,m.`target`,rm.`ext` FROM menu m INNER JOIN role_menu rm ON m.`id`=rm.`mid` WHERE m.parent_id=16 and rm.`rid`=21 [ RunTime:0.002082s ]
[ 2013-05-28T20:01:41+08:00 ] SQL: SELECT m.id,m.`name`,m.`parent_id`,m.`link`,m.`image`,m.`target`,rm.`ext` FROM menu m INNER JOIN role_menu rm ON m.`id`=rm.`mid` WHERE m.parent_id=19 and rm.`rid`=21 [ RunTime:0.002360s ]
[ 2013-05-28T20:01:41+08:00 ] SQL: SELECT m.id,m.`name`,m.`parent_id`,m.`link`,m.`image`,m.`target`,rm.`ext` FROM menu m INNER JOIN role_menu rm ON m.`id`=rm.`mid` WHERE m.parent_id=24 and rm.`rid`=21 [ RunTime:0.002340s ]
[ 2013-05-28T20:01:41+08:00 ] SQL: SELECT m.id,m.`name`,m.`parent_id`,m.`link`,m.`image`,m.`target`,rm.`ext` FROM menu m INNER JOIN role_menu rm ON m.`id`=rm.`mid` WHERE m.parent_id=27 and rm.`rid`=21 [ RunTime:0.002090s ]
[ 2013-05-28T20:01:41+08:00 ] SQL: SELECT m.id,m.`name`,m.`parent_id`,m.`link`,m.`image`,m.`target`,rm.`ext` FROM menu m INNER JOIN role_menu rm ON m.`id`=rm.`mid` WHERE m.parent_id=31 and rm.`rid`=21 [ RunTime:0.002969s ]
[ 2013-05-28T20:01:41+08:00 ] SQL: SELECT m.id,m.`name`,m.`parent_id`,m.`link`,m.`image`,m.`target`,rm.`ext` FROM menu m INNER JOIN role_menu rm ON m.`id`=rm.`mid` WHERE m.parent_id is NULL and (pos=2 OR m.name='專案管理') and rm.`rid`=21 [ RunTime:0.002360s ]
[ 2013-05-28T20:01:41+08:00 ] SQL: SELECT m.id,m.`name`,m.`parent_id`,m.`link`,m.`image`,m.`target`,rm.`ext` FROM menu m INNER JOIN role_menu rm ON m.`id`=rm.`mid` WHERE m.parent_id=59 and rm.`rid`=21 [ RunTime:0.002401s ]
[ 2013-05-28T20:01:41+08:00 ] SQL: SELECT m.id,m.`name`,m.`parent_id`,m.`link`,m.`image`,m.`target`,rm.`ext` FROM menu m INNER JOIN role_menu rm ON m.`id`=rm.`mid` WHERE m.parent_id=69 and rm.`rid`=21 [ RunTime:0.002486s ]
[ 2013-05-28T20:01:41+08:00 ] SQL: SELECT m.id,m.`name`,m.`parent_id`,m.`link`,m.`image`,m.`target`,rm.`ext` FROM menu m INNER JOIN role_menu rm ON m.`id`=rm.`mid` WHERE m.parent_id=76 and rm.`rid`=21 [ RunTime:0.002277s ]
[ 2013-05-28T20:01:41+08:00 ] SQL: SELECT m.id,m.`name`,m.`parent_id`,m.`link`,m.`image`,m.`target`,rm.`ext` FROM menu m INNER JOIN role_menu rm ON m.`id`=rm.`mid` WHERE m.parent_id=79 and rm.`rid`=21 [ RunTime:0.002343s ]
[ 2013-05-28T20:01:41+08:00 ] SQL: SELECT m.id,m.`name`,m.`parent_id`,m.`link`,m.`image`,m.`target`,rm.`ext` FROM menu m INNER JOIN role_menu rm ON m.`id`=rm.`mid` WHERE m.parent_id=87 and rm.`rid`=21 [ RunTime:0.002454s ]
[ 2013-05-28T20:01:41+08:00 ] SQL: SELECT m.id,m.`name`,m.`parent_id`,m.`link`,m.`image`,m.`target`,rm.`ext` FROM menu m INNER JOIN role_menu rm ON m.`id`=rm.`mid` WHERE m.parent_id=101 and rm.`rid`=21 [ RunTime:0.002405s ]
[ 2013-05-28T20:01:41+08:00 ] SQL: SELECT m.id,m.`name`,m.`parent_id`,m.`link`,m.`image`,m.`target`,rm.`ext` FROM menu m INNER JOIN role_menu rm ON m.`id`=rm.`mid` WHERE m.parent_id=107 and rm.`rid`=21 [ RunTime:0.002916s ]
[ 2013-05-28T20:01:41+08:00 ] NOTIC: [8] Undefined index: key WorkAction.class.php 第 15 行.
[ 2013-05-28T20:01:41+08:00 ] SQL: SELECT 
			  w.* ,u.`ucode`,d.`id` depart,IFNULL(t.`name` ,w.typename) `type`
			FROM
			  `work` w 
			  INNER JOIN `user` u 
			    ON u.`id` = w.`uid` 
			   INNER JOIN depart d ON d.`id`=u.`depart`
			   LEFT JOIN `type` t ON t.`id`=w.`type`
			WHERE w.`code` = '13108617' AND w.uid= 10 [ RunTime:0.005178s ]
[ 2013-05-28T20:01:41+08:00 ] SQL: SELECT 
			  w.* ,u.`ucode`,d.`id` depart,IFNULL(t.`name` ,w.typename) `type`
			FROM
			  `work` w 
			  INNER JOIN `user` u 
			    ON u.`id` = w.`uid` 
			   INNER JOIN depart d ON d.`id`=u.`depart`
			   LEFT JOIN `type` t ON t.`id`=w.`type`
			WHERE w.`code` = '13108617' AND w.uid= 10 limit 0,20 [ RunTime:0.004281s ]
[ 2013-05-28T20:01:50+08:00 ] NOTIC: [8] Undefined variable: departs 1b0d8f3ccab2c9e317721b1e9216bcbf.php 第 236 行.
[ 2013-05-28T20:01:52+08:00 ] SQL: SHOW COLUMNS FROM `depart` [ RunTime:0.005942s ]
[ 2013-05-28T20:01:52+08:00 ] SQL: SELECT * FROM `depart` WHERE  code='13108617'  [ RunTime:0.000922s ]
[ 2013-05-28T20:01:52+08:00 ] SQL: SHOW COLUMNS FROM `area` [ RunTime:0.081221s ]
[ 2013-05-28T20:01:52+08:00 ] SQL: SELECT * FROM `area` WHERE pid=0 [ RunTime:0.015205s ]
[ 2013-05-28T20:02:27+08:00 ] SQL: SHOW COLUMNS FROM `depart` [ RunTime:0.007023s ]
[ 2013-05-28T20:02:27+08:00 ] SQL: SELECT * FROM `depart` WHERE  code='13108617'  [ RunTime:0.000900s ]
[ 2013-05-28T20:02:27+08:00 ] SQL: SHOW COLUMNS FROM `area` [ RunTime:0.005334s ]
[ 2013-05-28T20:02:27+08:00 ] SQL: SELECT * FROM `area` WHERE pid=0 [ RunTime:0.001022s ]
[ 2013-05-28T20:10:10+08:00 ] SQL: SHOW COLUMNS FROM `depart` [ RunTime:0.005734s ]
[ 2013-05-28T20:10:10+08:00 ] SQL: SELECT * FROM `depart` WHERE  code='13108617'  [ RunTime:0.000940s ]
[ 2013-05-28T20:10:10+08:00 ] SQL: SHOW COLUMNS FROM `area` [ RunTime:0.006928s ]
[ 2013-05-28T20:10:10+08:00 ] SQL: SELECT * FROM `area` WHERE pid=0 [ RunTime:0.001479s ]
[ 2013-05-28T20:10:15+08:00 ] SQL: select * from stock_product where productname like '%AA%' [ RunTime:0.000856s ]
[ 2013-05-28T20:10:35+08:00 ] SQL: SHOW COLUMNS FROM `depart` [ RunTime:0.005140s ]
[ 2013-05-28T20:10:35+08:00 ] SQL: SELECT * FROM `depart` WHERE  code='13108617'  [ RunTime:0.001299s ]
[ 2013-05-28T20:10:35+08:00 ] SQL: SHOW COLUMNS FROM `area` [ RunTime:0.005455s ]
[ 2013-05-28T20:10:35+08:00 ] SQL: SELECT * FROM `area` WHERE pid=0 [ RunTime:0.001151s ]
[ 2013-05-28T20:10:38+08:00 ] SQL: select * from stock_product where productname like '%AA%' [ RunTime:0.000819s ]
[ 2013-05-28T20:12:24+08:00 ] SQL: SHOW COLUMNS FROM `stock_product_big_type` [ RunTime:0.005249s ]
[ 2013-05-28T20:12:24+08:00 ] SQL: SELECT * FROM `stock_product_big_type` WHERE `code`='13108617' [ RunTime:0.000873s ]
[ 2013-05-28T20:12:24+08:00 ] NOTIC: [8] Undefined index: maintype BaseAction.class.php 第 241 行.
[ 2013-05-28T20:12:24+08:00 ] NOTIC: [8] Undefined index: childtype BaseAction.class.php 第 241 行.
[ 2013-05-28T20:12:24+08:00 ] NOTIC: [8] Undefined index: cchildtype BaseAction.class.php 第 241 行.
[ 2013-05-28T20:12:24+08:00 ] NOTIC: [8] Undefined index: pname BaseAction.class.php 第 241 行.
[ 2013-05-28T20:12:24+08:00 ] NOTIC: [8] Undefined index: pcode BaseAction.class.php 第 241 行.
[ 2013-05-28T20:12:24+08:00 ] SQL: SHOW COLUMNS FROM `stock_product` [ RunTime:0.005927s ]
[ 2013-05-28T20:12:24+08:00 ] NOTIC: [8] Undefined variable: where StockAction.class.php 第 278 行.
[ 2013-05-28T20:12:24+08:00 ] SQL: SELECT p.*,
		mt.`name` AS mname ,
		ct.`name` AS cname,
		cct.`name` AS ccname
		 FROM `stock_product` p 
		INNER JOIN `stock_product_main_type` mt ON p.`mt`=mt.`id`
		INNER JOIN `stock_product_child_type` ct ON p.`ct`=ct.`id` 
		INNER JOIN  `stock_product_cchild_type` cct ON p.`cct` =cct.`id`
		WHERE p.`code`='13108617'
		 [ RunTime:0.001271s ]
[ 2013-05-28T20:12:24+08:00 ] SQL: SELECT p.*,
		mt.`name` AS mname ,
		ct.`name` AS cname,
		cct.`name` AS ccname
		 FROM `stock_product` p 
		INNER JOIN `stock_product_main_type` mt ON p.`mt`=mt.`id`
		INNER JOIN `stock_product_child_type` ct ON p.`ct`=ct.`id` 
		INNER JOIN  `stock_product_cchild_type` cct ON p.`cct` =cct.`id`
		WHERE p.`code`='13108617'
		 limit 0,20 [ RunTime:0.001189s ]
[ 2013-05-28T20:12:28+08:00 ] SQL: SHOW COLUMNS FROM `stock_product_big_type` [ RunTime:0.005485s ]
[ 2013-05-28T20:12:28+08:00 ] SQL: SELECT * FROM `stock_product_big_type` WHERE `code`='13108617' [ RunTime:0.000847s ]
[ 2013-05-28T20:12:29+08:00 ] NOTIC: [8] Undefined variable: p 59068ee73afe63aeadb5efa484ab6be4.php 第 13 行.
[ 2013-05-28T20:12:29+08:00 ] NOTIC: [8] Undefined variable: p 59068ee73afe63aeadb5efa484ab6be4.php 第 14 行.
[ 2013-05-28T20:12:29+08:00 ] NOTIC: [8] Undefined variable: p 59068ee73afe63aeadb5efa484ab6be4.php 第 15 行.
[ 2013-05-28T20:12:29+08:00 ] NOTIC: [8] Undefined variable: p 59068ee73afe63aeadb5efa484ab6be4.php 第 16 行.
[ 2013-05-28T20:12:29+08:00 ] NOTIC: [8] Undefined variable: p 59068ee73afe63aeadb5efa484ab6be4.php 第 330 行.
[ 2013-05-28T20:12:29+08:00 ] NOTIC: [8] Undefined variable: p 59068ee73afe63aeadb5efa484ab6be4.php 第 352 行.
[ 2013-05-28T20:12:29+08:00 ] NOTIC: [8] Undefined variable: p 59068ee73afe63aeadb5efa484ab6be4.php 第 357 行.
[ 2013-05-28T20:12:29+08:00 ] NOTIC: [8] Undefined variable: p 59068ee73afe63aeadb5efa484ab6be4.php 第 362 行.
[ 2013-05-28T20:12:29+08:00 ] NOTIC: [8] Undefined variable: p 59068ee73afe63aeadb5efa484ab6be4.php 第 367 行.
[ 2013-05-28T20:12:29+08:00 ] NOTIC: [8] Undefined variable: p 59068ee73afe63aeadb5efa484ab6be4.php 第 372 行.
[ 2013-05-28T20:20:06+08:00 ] SQL: select * from stock_product where productname like '%AA%' [ RunTime:0.000941s ]
[ 2013-05-28T22:21:58+08:00 ] NOTIC: [8] Undefined index: username IndexAction.class.php 第 4 行.
[ 2013-05-28T22:21:58+08:00 ] NOTIC: [8] Undefined index: pwd IndexAction.class.php 第 5 行.
[ 2013-05-28T22:22:29+08:00 ] SQL: SHOW COLUMNS FROM `user` [ RunTime:0.008404s ]
[ 2013-05-28T22:22:29+08:00 ] SQL: SELECT * FROM `user` WHERE ( `username` = 'admin' ) LIMIT 1  [ RunTime:0.015185s ]
[ 2013-05-28T22:22:29+08:00 ] SQL: SHOW COLUMNS FROM `msg` [ RunTime:0.007994s ]
[ 2013-05-28T22:22:29+08:00 ] SQL: SELECT COUNT(*) as C FROM (SELECT
		m.id,IFNULL(mr.readerid,0) isread
		FROM
		msg m LEFT JOIN msgreader mr ON m.`id`=mr.`msgid` AND mr.`readerid`=10
		WHERE INSTR(
				CONCAT(',', m.receiversid, ','),
				CONCAT(',', 10, ',')
		) > 0 AND m.code = 13108617) z WHERE z.isread =0 [ RunTime:0.039070s ]
[ 2013-05-28T22:22:29+08:00 ] SQL: SHOW COLUMNS FROM `work` [ RunTime:0.011505s ]
[ 2013-05-28T22:22:30+08:00 ] SQL: SELECT COUNT(*) AS tp_count FROM `work` WHERE code='13108617' and awoke =1 and uid =10 and UNIX_TIMESTAMP(NOW()) - UNIX_TIMESTAMP(DATE_ADD(
			    STR_TO_DATE(
			      CONCAT(
			        DATE(`date`),
			        ' ',
			        ehour,
			        ':',
			        eminute,
			        ':00'
			      ),
			      '%Y-%m-%d %H:%i:%s'
			    ),INTERVAL overday DAY)
			  ) < 0   LIMIT 1  [ RunTime:0.225359s ]
[ 2013-05-28T22:22:30+08:00 ] SQL: SHOW COLUMNS FROM `msgwork` [ RunTime:0.021171s ]
[ 2013-05-28T22:22:30+08:00 ] SQL: SELECT COUNT(*) AS tp_count FROM `msgwork` WHERE code='13108617' and issenderread =0 and senderid =10 LIMIT 1  [ RunTime:0.004523s ]
[ 2013-05-28T22:22:30+08:00 ] SQL: SELECT COUNT(*) AS tp_count FROM `msgwork` WHERE code='13108617' and isreceiverread =0 and receiverid =10 LIMIT 1  [ RunTime:0.001712s ]
[ 2013-05-28T22:22:30+08:00 ] SQL: SELECT m.id,m.`name`,m.`parent_id`,m.`link`,m.`image`,m.`target`,rm.`ext` FROM menu m INNER JOIN role_menu rm ON m.`id`=rm.`mid` WHERE m.parent_id is NULL and pos=1 and rm.`rid`=21 [ RunTime:0.045057s ]
[ 2013-05-28T22:22:30+08:00 ] SQL: SELECT m.id,m.`name`,m.`parent_id`,m.`link`,m.`image`,m.`target`,rm.`ext` FROM menu m INNER JOIN role_menu rm ON m.`id`=rm.`mid` WHERE m.parent_id=1 and rm.`rid`=21 [ RunTime:0.002749s ]
[ 2013-05-28T22:22:30+08:00 ] SQL: SELECT m.id,m.`name`,m.`parent_id`,m.`link`,m.`image`,m.`target`,rm.`ext` FROM menu m INNER JOIN role_menu rm ON m.`id`=rm.`mid` WHERE m.parent_id=2 and rm.`rid`=21 [ RunTime:0.002502s ]
[ 2013-05-28T22:22:30+08:00 ] SQL: SELECT m.id,m.`name`,m.`parent_id`,m.`link`,m.`image`,m.`target`,rm.`ext` FROM menu m INNER JOIN role_menu rm ON m.`id`=rm.`mid` WHERE m.parent_id=6 and rm.`rid`=21 [ RunTime:0.002713s ]
[ 2013-05-28T22:22:30+08:00 ] SQL: SELECT m.id,m.`name`,m.`parent_id`,m.`link`,m.`image`,m.`target`,rm.`ext` FROM menu m INNER JOIN role_menu rm ON m.`id`=rm.`mid` WHERE m.parent_id=7 and rm.`rid`=21 [ RunTime:0.002501s ]
[ 2013-05-28T22:22:30+08:00 ] SQL: SELECT m.id,m.`name`,m.`parent_id`,m.`link`,m.`image`,m.`target`,rm.`ext` FROM menu m INNER JOIN role_menu rm ON m.`id`=rm.`mid` WHERE m.parent_id=8 and rm.`rid`=21 [ RunTime:0.002513s ]
[ 2013-05-28T22:22:30+08:00 ] SQL: SELECT m.id,m.`name`,m.`parent_id`,m.`link`,m.`image`,m.`target`,rm.`ext` FROM menu m INNER JOIN role_menu rm ON m.`id`=rm.`mid` WHERE m.parent_id=34 and rm.`rid`=21 [ RunTime:0.002259s ]
[ 2013-05-28T22:22:30+08:00 ] SQL: SELECT m.id,m.`name`,m.`parent_id`,m.`link`,m.`image`,m.`target`,rm.`ext` FROM menu m INNER JOIN role_menu rm ON m.`id`=rm.`mid` WHERE m.parent_id=35 and rm.`rid`=21 [ RunTime:0.002216s ]
[ 2013-05-28T22:22:30+08:00 ] SQL: SELECT m.id,m.`name`,m.`parent_id`,m.`link`,m.`image`,m.`target`,rm.`ext` FROM menu m INNER JOIN role_menu rm ON m.`id`=rm.`mid` WHERE m.parent_id=36 and rm.`rid`=21 [ RunTime:0.002873s ]
[ 2013-05-28T22:22:30+08:00 ] SQL: SELECT m.id,m.`name`,m.`parent_id`,m.`link`,m.`image`,m.`target`,rm.`ext` FROM menu m INNER JOIN role_menu rm ON m.`id`=rm.`mid` WHERE m.parent_id=39 and rm.`rid`=21 [ RunTime:0.002545s ]
[ 2013-05-28T22:22:30+08:00 ] SQL: SELECT m.id,m.`name`,m.`parent_id`,m.`link`,m.`image`,m.`target`,rm.`ext` FROM menu m INNER JOIN role_menu rm ON m.`id`=rm.`mid` WHERE m.parent_id=42 and rm.`rid`=21 [ RunTime:0.002335s ]
[ 2013-05-28T22:22:30+08:00 ] SQL: SELECT m.id,m.`name`,m.`parent_id`,m.`link`,m.`image`,m.`target`,rm.`ext` FROM menu m INNER JOIN role_menu rm ON m.`id`=rm.`mid` WHERE m.parent_id=45 and rm.`rid`=21 [ RunTime:0.002340s ]
[ 2013-05-28T22:22:30+08:00 ] SQL: SELECT m.id,m.`name`,m.`parent_id`,m.`link`,m.`image`,m.`target`,rm.`ext` FROM menu m INNER JOIN role_menu rm ON m.`id`=rm.`mid` WHERE m.parent_id=51 and rm.`rid`=21 [ RunTime:0.002259s ]
[ 2013-05-28T22:22:30+08:00 ] SQL: SELECT m.id,m.`name`,m.`parent_id`,m.`link`,m.`image`,m.`target`,rm.`ext` FROM menu m INNER JOIN role_menu rm ON m.`id`=rm.`mid` WHERE m.parent_id=108 and rm.`rid`=21 [ RunTime:0.002760s ]
[ 2013-05-28T22:22:30+08:00 ] SQL: SELECT m.id,m.`name`,m.`parent_id`,m.`link`,m.`image`,m.`target`,rm.`ext` FROM menu m INNER JOIN role_menu rm ON m.`id`=rm.`mid` WHERE m.parent_id=111 and rm.`rid`=21 [ RunTime:0.002455s ]
[ 2013-05-28T22:22:30+08:00 ] SQL: SELECT m.id,m.`name`,m.`parent_id`,m.`link`,m.`image`,m.`target`,rm.`ext` FROM menu m INNER JOIN role_menu rm ON m.`id`=rm.`mid` WHERE m.parent_id=115 and rm.`rid`=21 [ RunTime:0.002336s ]
[ 2013-05-28T22:22:30+08:00 ] SQL: SELECT m.id,m.`name`,m.`parent_id`,m.`link`,m.`image`,m.`target`,rm.`ext` FROM menu m INNER JOIN role_menu rm ON m.`id`=rm.`mid` WHERE m.parent_id=59 and rm.`rid`=21 [ RunTime:0.002235s ]
[ 2013-05-28T22:22:30+08:00 ] SQL: SELECT m.id,m.`name`,m.`parent_id`,m.`link`,m.`image`,m.`target`,rm.`ext` FROM menu m INNER JOIN role_menu rm ON m.`id`=rm.`mid` WHERE m.parent_id is NULL and pos=0 and rm.`rid`=21 [ RunTime:0.002441s ]
[ 2013-05-28T22:22:30+08:00 ] SQL: SELECT m.id,m.`name`,m.`parent_id`,m.`link`,m.`image`,m.`target`,rm.`ext` FROM menu m INNER JOIN role_menu rm ON m.`id`=rm.`mid` WHERE m.parent_id=15 and rm.`rid`=21 [ RunTime:0.002716s ]
[ 2013-05-28T22:22:30+08:00 ] SQL: SELECT m.id,m.`name`,m.`parent_id`,m.`link`,m.`image`,m.`target`,rm.`ext` FROM menu m INNER JOIN role_menu rm ON m.`id`=rm.`mid` WHERE m.parent_id=16 and rm.`rid`=21 [ RunTime:0.002686s ]
[ 2013-05-28T22:22:30+08:00 ] SQL: SELECT m.id,m.`name`,m.`parent_id`,m.`link`,m.`image`,m.`target`,rm.`ext` FROM menu m INNER JOIN role_menu rm ON m.`id`=rm.`mid` WHERE m.parent_id=19 and rm.`rid`=21 [ RunTime:0.002270s ]
[ 2013-05-28T22:22:30+08:00 ] SQL: SELECT m.id,m.`name`,m.`parent_id`,m.`link`,m.`image`,m.`target`,rm.`ext` FROM menu m INNER JOIN role_menu rm ON m.`id`=rm.`mid` WHERE m.parent_id=24 and rm.`rid`=21 [ RunTime:0.002233s ]
[ 2013-05-28T22:22:30+08:00 ] SQL: SELECT m.id,m.`name`,m.`parent_id`,m.`link`,m.`image`,m.`target`,rm.`ext` FROM menu m INNER JOIN role_menu rm ON m.`id`=rm.`mid` WHERE m.parent_id=27 and rm.`rid`=21 [ RunTime:0.002435s ]
[ 2013-05-28T22:22:30+08:00 ] SQL: SELECT m.id,m.`name`,m.`parent_id`,m.`link`,m.`image`,m.`target`,rm.`ext` FROM menu m INNER JOIN role_menu rm ON m.`id`=rm.`mid` WHERE m.parent_id=31 and rm.`rid`=21 [ RunTime:0.002209s ]
[ 2013-05-28T22:22:30+08:00 ] SQL: SELECT m.id,m.`name`,m.`parent_id`,m.`link`,m.`image`,m.`target`,rm.`ext` FROM menu m INNER JOIN role_menu rm ON m.`id`=rm.`mid` WHERE m.parent_id is NULL and (pos=2 OR m.name='專案管理') and rm.`rid`=21 [ RunTime:0.002419s ]
[ 2013-05-28T22:22:30+08:00 ] SQL: SELECT m.id,m.`name`,m.`parent_id`,m.`link`,m.`image`,m.`target`,rm.`ext` FROM menu m INNER JOIN role_menu rm ON m.`id`=rm.`mid` WHERE m.parent_id=59 and rm.`rid`=21 [ RunTime:0.002716s ]
[ 2013-05-28T22:22:30+08:00 ] SQL: SELECT m.id,m.`name`,m.`parent_id`,m.`link`,m.`image`,m.`target`,rm.`ext` FROM menu m INNER JOIN role_menu rm ON m.`id`=rm.`mid` WHERE m.parent_id=69 and rm.`rid`=21 [ RunTime:0.002683s ]
[ 2013-05-28T22:22:30+08:00 ] SQL: SELECT m.id,m.`name`,m.`parent_id`,m.`link`,m.`image`,m.`target`,rm.`ext` FROM menu m INNER JOIN role_menu rm ON m.`id`=rm.`mid` WHERE m.parent_id=76 and rm.`rid`=21 [ RunTime:0.002728s ]
[ 2013-05-28T22:22:30+08:00 ] SQL: SELECT m.id,m.`name`,m.`parent_id`,m.`link`,m.`image`,m.`target`,rm.`ext` FROM menu m INNER JOIN role_menu rm ON m.`id`=rm.`mid` WHERE m.parent_id=79 and rm.`rid`=21 [ RunTime:0.002783s ]
[ 2013-05-28T22:22:30+08:00 ] SQL: SELECT m.id,m.`name`,m.`parent_id`,m.`link`,m.`image`,m.`target`,rm.`ext` FROM menu m INNER JOIN role_menu rm ON m.`id`=rm.`mid` WHERE m.parent_id=87 and rm.`rid`=21 [ RunTime:0.002309s ]
[ 2013-05-28T22:22:30+08:00 ] SQL: SELECT m.id,m.`name`,m.`parent_id`,m.`link`,m.`image`,m.`target`,rm.`ext` FROM menu m INNER JOIN role_menu rm ON m.`id`=rm.`mid` WHERE m.parent_id=101 and rm.`rid`=21 [ RunTime:0.002561s ]
[ 2013-05-28T22:22:30+08:00 ] SQL: SELECT m.id,m.`name`,m.`parent_id`,m.`link`,m.`image`,m.`target`,rm.`ext` FROM menu m INNER JOIN role_menu rm ON m.`id`=rm.`mid` WHERE m.parent_id=107 and rm.`rid`=21 [ RunTime:0.002420s ]
[ 2013-05-28T22:22:31+08:00 ] SQL: SHOW COLUMNS FROM `user` [ RunTime:0.008461s ]
[ 2013-05-28T22:22:31+08:00 ] SQL: SELECT * FROM `user` WHERE ( `username` = 'admin' ) LIMIT 1  [ RunTime:0.001132s ]
[ 2013-05-28T22:22:31+08:00 ] SQL: SHOW COLUMNS FROM `msg` [ RunTime:0.007702s ]
[ 2013-05-28T22:22:31+08:00 ] SQL: SELECT COUNT(*) as C FROM (SELECT
		m.id,IFNULL(mr.readerid,0) isread
		FROM
		msg m LEFT JOIN msgreader mr ON m.`id`=mr.`msgid` AND mr.`readerid`=10
		WHERE INSTR(
				CONCAT(',', m.receiversid, ','),
				CONCAT(',', 10, ',')
		) > 0 AND m.code = 13108617) z WHERE z.isread =0 [ RunTime:0.001966s ]
[ 2013-05-28T22:22:31+08:00 ] SQL: SHOW COLUMNS FROM `work` [ RunTime:0.008230s ]
[ 2013-05-28T22:22:31+08:00 ] SQL: SELECT COUNT(*) AS tp_count FROM `work` WHERE code='13108617' and awoke =1 and uid =10 and UNIX_TIMESTAMP(NOW()) - UNIX_TIMESTAMP(DATE_ADD(
			    STR_TO_DATE(
			      CONCAT(
			        DATE(`date`),
			        ' ',
			        ehour,
			        ':',
			        eminute,
			        ':00'
			      ),
			      '%Y-%m-%d %H:%i:%s'
			    ),INTERVAL overday DAY)
			  ) < 0   LIMIT 1  [ RunTime:0.002160s ]
[ 2013-05-28T22:22:31+08:00 ] SQL: SHOW COLUMNS FROM `msgwork` [ RunTime:0.008021s ]
[ 2013-05-28T22:22:31+08:00 ] SQL: SELECT COUNT(*) AS tp_count FROM `msgwork` WHERE code='13108617' and issenderread =0 and senderid =10 LIMIT 1  [ RunTime:0.001145s ]
[ 2013-05-28T22:22:31+08:00 ] SQL: SELECT COUNT(*) AS tp_count FROM `msgwork` WHERE code='13108617' and isreceiverread =0 and receiverid =10 LIMIT 1  [ RunTime:0.001323s ]
[ 2013-05-28T22:22:31+08:00 ] SQL: SELECT m.id,m.`name`,m.`parent_id`,m.`link`,m.`image`,m.`target`,rm.`ext` FROM menu m INNER JOIN role_menu rm ON m.`id`=rm.`mid` WHERE m.parent_id is NULL and pos=1 and rm.`rid`=21 [ RunTime:0.003335s ]
[ 2013-05-28T22:22:31+08:00 ] SQL: SELECT m.id,m.`name`,m.`parent_id`,m.`link`,m.`image`,m.`target`,rm.`ext` FROM menu m INNER JOIN role_menu rm ON m.`id`=rm.`mid` WHERE m.parent_id=1 and rm.`rid`=21 [ RunTime:0.002818s ]
[ 2013-05-28T22:22:31+08:00 ] SQL: SELECT m.id,m.`name`,m.`parent_id`,m.`link`,m.`image`,m.`target`,rm.`ext` FROM menu m INNER JOIN role_menu rm ON m.`id`=rm.`mid` WHERE m.parent_id=2 and rm.`rid`=21 [ RunTime:0.002481s ]
[ 2013-05-28T22:22:31+08:00 ] SQL: SELECT m.id,m.`name`,m.`parent_id`,m.`link`,m.`image`,m.`target`,rm.`ext` FROM menu m INNER JOIN role_menu rm ON m.`id`=rm.`mid` WHERE m.parent_id=6 and rm.`rid`=21 [ RunTime:0.008376s ]
[ 2013-05-28T22:22:31+08:00 ] SQL: SELECT m.id,m.`name`,m.`parent_id`,m.`link`,m.`image`,m.`target`,rm.`ext` FROM menu m INNER JOIN role_menu rm ON m.`id`=rm.`mid` WHERE m.parent_id=7 and rm.`rid`=21 [ RunTime:0.003489s ]
[ 2013-05-28T22:22:31+08:00 ] SQL: SELECT m.id,m.`name`,m.`parent_id`,m.`link`,m.`image`,m.`target`,rm.`ext` FROM menu m INNER JOIN role_menu rm ON m.`id`=rm.`mid` WHERE m.parent_id=8 and rm.`rid`=21 [ RunTime:0.003121s ]
[ 2013-05-28T22:22:31+08:00 ] SQL: SELECT m.id,m.`name`,m.`parent_id`,m.`link`,m.`image`,m.`target`,rm.`ext` FROM menu m INNER JOIN role_menu rm ON m.`id`=rm.`mid` WHERE m.parent_id=34 and rm.`rid`=21 [ RunTime:0.004212s ]
[ 2013-05-28T22:22:31+08:00 ] SQL: SELECT m.id,m.`name`,m.`parent_id`,m.`link`,m.`image`,m.`target`,rm.`ext` FROM menu m INNER JOIN role_menu rm ON m.`id`=rm.`mid` WHERE m.parent_id=35 and rm.`rid`=21 [ RunTime:0.003009s ]
[ 2013-05-28T22:22:31+08:00 ] SQL: SELECT m.id,m.`name`,m.`parent_id`,m.`link`,m.`image`,m.`target`,rm.`ext` FROM menu m INNER JOIN role_menu rm ON m.`id`=rm.`mid` WHERE m.parent_id=36 and rm.`rid`=21 [ RunTime:0.002454s ]
[ 2013-05-28T22:22:31+08:00 ] SQL: SELECT m.id,m.`name`,m.`parent_id`,m.`link`,m.`image`,m.`target`,rm.`ext` FROM menu m INNER JOIN role_menu rm ON m.`id`=rm.`mid` WHERE m.parent_id=39 and rm.`rid`=21 [ RunTime:0.002734s ]
[ 2013-05-28T22:22:31+08:00 ] SQL: SELECT m.id,m.`name`,m.`parent_id`,m.`link`,m.`image`,m.`target`,rm.`ext` FROM menu m INNER JOIN role_menu rm ON m.`id`=rm.`mid` WHERE m.parent_id=42 and rm.`rid`=21 [ RunTime:0.002604s ]
[ 2013-05-28T22:22:31+08:00 ] SQL: SELECT m.id,m.`name`,m.`parent_id`,m.`link`,m.`image`,m.`target`,rm.`ext` FROM menu m INNER JOIN role_menu rm ON m.`id`=rm.`mid` WHERE m.parent_id=45 and rm.`rid`=21 [ RunTime:0.002797s ]
[ 2013-05-28T22:22:31+08:00 ] SQL: SELECT m.id,m.`name`,m.`parent_id`,m.`link`,m.`image`,m.`target`,rm.`ext` FROM menu m INNER JOIN role_menu rm ON m.`id`=rm.`mid` WHERE m.parent_id=51 and rm.`rid`=21 [ RunTime:0.002482s ]
[ 2013-05-28T22:22:31+08:00 ] SQL: SELECT m.id,m.`name`,m.`parent_id`,m.`link`,m.`image`,m.`target`,rm.`ext` FROM menu m INNER JOIN role_menu rm ON m.`id`=rm.`mid` WHERE m.parent_id=108 and rm.`rid`=21 [ RunTime:0.002548s ]
[ 2013-05-28T22:22:31+08:00 ] SQL: SELECT m.id,m.`name`,m.`parent_id`,m.`link`,m.`image`,m.`target`,rm.`ext` FROM menu m INNER JOIN role_menu rm ON m.`id`=rm.`mid` WHERE m.parent_id=111 and rm.`rid`=21 [ RunTime:0.002314s ]
[ 2013-05-28T22:22:31+08:00 ] SQL: SELECT m.id,m.`name`,m.`parent_id`,m.`link`,m.`image`,m.`target`,rm.`ext` FROM menu m INNER JOIN role_menu rm ON m.`id`=rm.`mid` WHERE m.parent_id=115 and rm.`rid`=21 [ RunTime:0.004783s ]
[ 2013-05-28T22:22:31+08:00 ] SQL: SELECT m.id,m.`name`,m.`parent_id`,m.`link`,m.`image`,m.`target`,rm.`ext` FROM menu m INNER JOIN role_menu rm ON m.`id`=rm.`mid` WHERE m.parent_id=59 and rm.`rid`=21 [ RunTime:0.002397s ]
[ 2013-05-28T22:22:31+08:00 ] SQL: SELECT m.id,m.`name`,m.`parent_id`,m.`link`,m.`image`,m.`target`,rm.`ext` FROM menu m INNER JOIN role_menu rm ON m.`id`=rm.`mid` WHERE m.parent_id is NULL and pos=0 and rm.`rid`=21 [ RunTime:0.002494s ]
[ 2013-05-28T22:22:31+08:00 ] SQL: SELECT m.id,m.`name`,m.`parent_id`,m.`link`,m.`image`,m.`target`,rm.`ext` FROM menu m INNER JOIN role_menu rm ON m.`id`=rm.`mid` WHERE m.parent_id=15 and rm.`rid`=21 [ RunTime:0.002426s ]
[ 2013-05-28T22:22:31+08:00 ] SQL: SELECT m.id,m.`name`,m.`parent_id`,m.`link`,m.`image`,m.`target`,rm.`ext` FROM menu m INNER JOIN role_menu rm ON m.`id`=rm.`mid` WHERE m.parent_id=16 and rm.`rid`=21 [ RunTime:0.003128s ]
[ 2013-05-28T22:22:31+08:00 ] SQL: SELECT m.id,m.`name`,m.`parent_id`,m.`link`,m.`image`,m.`target`,rm.`ext` FROM menu m INNER JOIN role_menu rm ON m.`id`=rm.`mid` WHERE m.parent_id=19 and rm.`rid`=21 [ RunTime:0.002634s ]
[ 2013-05-28T22:22:31+08:00 ] SQL: SELECT m.id,m.`name`,m.`parent_id`,m.`link`,m.`image`,m.`target`,rm.`ext` FROM menu m INNER JOIN role_menu rm ON m.`id`=rm.`mid` WHERE m.parent_id=24 and rm.`rid`=21 [ RunTime:0.002619s ]
[ 2013-05-28T22:22:31+08:00 ] SQL: SELECT m.id,m.`name`,m.`parent_id`,m.`link`,m.`image`,m.`target`,rm.`ext` FROM menu m INNER JOIN role_menu rm ON m.`id`=rm.`mid` WHERE m.parent_id=27 and rm.`rid`=21 [ RunTime:0.002418s ]
[ 2013-05-28T22:22:31+08:00 ] SQL: SELECT m.id,m.`name`,m.`parent_id`,m.`link`,m.`image`,m.`target`,rm.`ext` FROM menu m INNER JOIN role_menu rm ON m.`id`=rm.`mid` WHERE m.parent_id=31 and rm.`rid`=21 [ RunTime:0.002199s ]
[ 2013-05-28T22:22:31+08:00 ] SQL: SELECT m.id,m.`name`,m.`parent_id`,m.`link`,m.`image`,m.`target`,rm.`ext` FROM menu m INNER JOIN role_menu rm ON m.`id`=rm.`mid` WHERE m.parent_id is NULL and (pos=2 OR m.name='專案管理') and rm.`rid`=21 [ RunTime:0.002422s ]
[ 2013-05-28T22:22:31+08:00 ] SQL: SELECT m.id,m.`name`,m.`parent_id`,m.`link`,m.`image`,m.`target`,rm.`ext` FROM menu m INNER JOIN role_menu rm ON m.`id`=rm.`mid` WHERE m.parent_id=59 and rm.`rid`=21 [ RunTime:0.002462s ]
[ 2013-05-28T22:22:31+08:00 ] SQL: SELECT m.id,m.`name`,m.`parent_id`,m.`link`,m.`image`,m.`target`,rm.`ext` FROM menu m INNER JOIN role_menu rm ON m.`id`=rm.`mid` WHERE m.parent_id=69 and rm.`rid`=21 [ RunTime:0.002604s ]
[ 2013-05-28T22:22:31+08:00 ] SQL: SELECT m.id,m.`name`,m.`parent_id`,m.`link`,m.`image`,m.`target`,rm.`ext` FROM menu m INNER JOIN role_menu rm ON m.`id`=rm.`mid` WHERE m.parent_id=76 and rm.`rid`=21 [ RunTime:0.002184s ]
[ 2013-05-28T22:22:31+08:00 ] SQL: SELECT m.id,m.`name`,m.`parent_id`,m.`link`,m.`image`,m.`target`,rm.`ext` FROM menu m INNER JOIN role_menu rm ON m.`id`=rm.`mid` WHERE m.parent_id=79 and rm.`rid`=21 [ RunTime:0.002276s ]
[ 2013-05-28T22:22:31+08:00 ] SQL: SELECT m.id,m.`name`,m.`parent_id`,m.`link`,m.`image`,m.`target`,rm.`ext` FROM menu m INNER JOIN role_menu rm ON m.`id`=rm.`mid` WHERE m.parent_id=87 and rm.`rid`=21 [ RunTime:0.002227s ]
[ 2013-05-28T22:22:31+08:00 ] SQL: SELECT m.id,m.`name`,m.`parent_id`,m.`link`,m.`image`,m.`target`,rm.`ext` FROM menu m INNER JOIN role_menu rm ON m.`id`=rm.`mid` WHERE m.parent_id=101 and rm.`rid`=21 [ RunTime:0.002271s ]
[ 2013-05-28T22:22:31+08:00 ] SQL: SELECT m.id,m.`name`,m.`parent_id`,m.`link`,m.`image`,m.`target`,rm.`ext` FROM menu m INNER JOIN role_menu rm ON m.`id`=rm.`mid` WHERE m.parent_id=107 and rm.`rid`=21 [ RunTime:0.002231s ]
[ 2013-05-28T22:22:31+08:00 ] NOTIC: [8] Undefined index: exts BaseAction.class.php 第 80 行.
[ 2013-05-28T22:22:32+08:00 ] SQL: SELECT 
			  rm.*,
			  m.`link` 
			FROM
			  `menu` m 
			  INNER JOIN `role_menu` rm 
			    ON m.`id` = rm.`mid` 
			WHERE rm.`rid` = 21 
			  AND m.`ext` IS NOT NULL  [ RunTime:0.002482s ]
[ 2013-05-28T22:22:32+08:00 ] NOTIC: [8] Undefined index: key WorkAction.class.php 第 15 行.
[ 2013-05-28T22:22:32+08:00 ] SQL: SELECT 
			  w.* ,u.`ucode`,d.`id` depart,IFNULL(t.`name` ,w.typename) `type`
			FROM
			  `work` w 
			  INNER JOIN `user` u 
			    ON u.`id` = w.`uid` 
			   INNER JOIN depart d ON d.`id`=u.`depart`
			   LEFT JOIN `type` t ON t.`id`=w.`type`
			WHERE w.`code` = '13108617' AND w.uid= 10 [ RunTime:0.029281s ]
[ 2013-05-28T22:22:32+08:00 ] SQL: SELECT 
			  w.* ,u.`ucode`,d.`id` depart,IFNULL(t.`name` ,w.typename) `type`
			FROM
			  `work` w 
			  INNER JOIN `user` u 
			    ON u.`id` = w.`uid` 
			   INNER JOIN depart d ON d.`id`=u.`depart`
			   LEFT JOIN `type` t ON t.`id`=w.`type`
			WHERE w.`code` = '13108617' AND w.uid= 10 limit 0,20 [ RunTime:0.004465s ]
[ 2013-05-28T22:22:37+08:00 ] NOTIC: [8] Undefined index: key CaseAction.class.php 第 4 行.
[ 2013-05-28T22:22:38+08:00 ] SQL: SHOW COLUMNS FROM `case` [ RunTime:0.010604s ]
[ 2013-05-28T22:22:38+08:00 ] SQL: SELECT COUNT(*) AS tp_count FROM `case` WHERE  code='13108617'  LIMIT 1  [ RunTime:0.037051s ]
[ 2013-05-28T22:22:38+08:00 ] SQL: SELECT * FROM `case` WHERE  code='13108617'  ORDER BY id desc LIMIT 0,20  [ RunTime:0.001259s ]
[ 2013-05-28T22:22:41+08:00 ] SQL: SHOW COLUMNS FROM `case` [ RunTime:0.007894s ]
[ 2013-05-28T22:22:41+08:00 ] SQL: SELECT c.*,za.`name` AS zaname,za.`ucode` AS zacode,yw.`name` AS ywname,yw.`ucode` AS ywcode,dd.`name` AS ddname,dd.`ucode` AS ddcode FROM `case` c INNER JOIN `user` za ON c.`casefzr`= za.`id` INNER JOIN `user` yw ON c.`businessfzr`=yw.`id` INNER JOIN `user` dd ON c.`casedd`=dd.`id` where c.id= 9 [ RunTime:0.001723s ]
[ 2013-05-28T22:22:52+08:00 ] SQL: SHOW COLUMNS FROM `case_device_buildingtype` [ RunTime:0.007572s ]
[ 2013-05-28T22:22:52+08:00 ] SQL: SELECT * FROM `case_device_buildingtype` WHERE  `case` = 9 [ RunTime:0.000966s ]
[ 2013-05-28T22:22:52+08:00 ] SQL: SHOW COLUMNS FROM `case_device_type` [ RunTime:0.007225s ]
[ 2013-05-28T22:22:52+08:00 ] SQL: SELECT * FROM `case_device_type` WHERE  `case` = 9 [ RunTime:0.000900s ]
[ 2013-05-28T22:22:52+08:00 ] NOTIC: [8] Undefined index: dname BaseAction.class.php 第 241 行.
[ 2013-05-28T22:22:52+08:00 ] NOTIC: [8] Undefined index: dcode BaseAction.class.php 第 241 行.
[ 2013-05-28T22:22:52+08:00 ] NOTIC: [8] Undefined index: dbuild BaseAction.class.php 第 241 行.
[ 2013-05-28T22:22:52+08:00 ] NOTIC: [8] Undefined index: dfloor BaseAction.class.php 第 241 行.
[ 2013-05-28T22:22:52+08:00 ] NOTIC: [8] Undefined index: darea BaseAction.class.php 第 241 行.
[ 2013-05-28T22:22:52+08:00 ] NOTIC: [8] Undefined index: dtype BaseAction.class.php 第 241 行.
[ 2013-05-28T22:22:52+08:00 ] SQL: SHOW COLUMNS FROM `case_device` [ RunTime:0.007824s ]
[ 2013-05-28T22:22:52+08:00 ] SQL: SELECT d.*,a.`name` AS aname,f.name  AS fname ,t.`name` AS tname ,ct.`name` AS ctname FROM case_device d INNER JOIN case_device_building_floor_area a ON d.`area`=a.id INNER JOIN case_device_building_floor f ON d.floor=f.id INNER JOIN case_device_type t ON d.`type`=t.`id` INNER JOIN case_device_child_type ct ON d.`childtype`=ct.`id` WHERE d.`case`=9 [ RunTime:0.044172s ]
[ 2013-05-28T22:22:53+08:00 ] SQL: SELECT d.*,a.`name` AS aname,f.name  AS fname ,t.`name` AS tname ,ct.`name` AS ctname FROM case_device d INNER JOIN case_device_building_floor_area a ON d.`area`=a.id INNER JOIN case_device_building_floor f ON d.floor=f.id INNER JOIN case_device_type t ON d.`type`=t.`id` INNER JOIN case_device_child_type ct ON d.`childtype`=ct.`id` WHERE d.`case`=9 limit 0,20 [ RunTime:0.001543s ]
[ 2013-05-28T22:22:53+08:00 ] NOTIC: [8] Undefined variable: dname 543ee375db12f51d844502446061f403.php 第 12 行.
[ 2013-05-28T22:22:53+08:00 ] NOTIC: [8] Undefined variable: dcode 543ee375db12f51d844502446061f403.php 第 13 行.
[ 2013-05-28T22:22:53+08:00 ] NOTIC: [8] Undefined variable: dbuild 543ee375db12f51d844502446061f403.php 第 14 行.
[ 2013-05-28T22:22:53+08:00 ] NOTIC: [8] Undefined variable: dfloor 543ee375db12f51d844502446061f403.php 第 15 行.
[ 2013-05-28T22:22:53+08:00 ] NOTIC: [8] Undefined variable: darea 543ee375db12f51d844502446061f403.php 第 16 行.
[ 2013-05-28T22:22:53+08:00 ] NOTIC: [8] Undefined variable: dtype 543ee375db12f51d844502446061f403.php 第 17 行.
[ 2013-05-28T22:31:30+08:00 ] SQL: SHOW COLUMNS FROM `case_device_buildingtype` [ RunTime:0.006935s ]
[ 2013-05-28T22:31:30+08:00 ] SQL: SELECT * FROM `case_device_buildingtype` WHERE  `case` = 9 [ RunTime:0.000958s ]
[ 2013-05-28T22:31:30+08:00 ] SQL: SHOW COLUMNS FROM `case_device_type` [ RunTime:0.006849s ]
[ 2013-05-28T22:31:30+08:00 ] SQL: SELECT * FROM `case_device_type` WHERE  `case` = 9 [ RunTime:0.000850s ]
[ 2013-05-28T22:31:30+08:00 ] NOTIC: [8] Undefined index: dname BaseAction.class.php 第 241 行.
[ 2013-05-28T22:31:30+08:00 ] NOTIC: [8] Undefined index: dcode BaseAction.class.php 第 241 行.
[ 2013-05-28T22:31:30+08:00 ] NOTIC: [8] Undefined index: dbuild BaseAction.class.php 第 241 行.
[ 2013-05-28T22:31:30+08:00 ] NOTIC: [8] Undefined index: dfloor BaseAction.class.php 第 241 行.
[ 2013-05-28T22:31:30+08:00 ] NOTIC: [8] Undefined index: darea BaseAction.class.php 第 241 行.
[ 2013-05-28T22:31:30+08:00 ] NOTIC: [8] Undefined index: dtype BaseAction.class.php 第 241 行.
[ 2013-05-28T22:31:30+08:00 ] SQL: SHOW COLUMNS FROM `case_device` [ RunTime:0.009923s ]
[ 2013-05-28T22:31:30+08:00 ] SQL: SELECT d.*,a.`name` AS aname,f.name  AS fname ,t.`name` AS tname ,ct.`name` AS ctname FROM case_device d INNER JOIN case_device_building_floor_area a ON d.`area`=a.id INNER JOIN case_device_building_floor f ON d.floor=f.id INNER JOIN case_device_type t ON d.`type`=t.`id` INNER JOIN case_device_child_type ct ON d.`childtype`=ct.`id` WHERE d.`case`=9 [ RunTime:0.015076s ]
[ 2013-05-28T22:31:31+08:00 ] SQL: SELECT d.*,a.`name` AS aname,f.name  AS fname ,t.`name` AS tname ,ct.`name` AS ctname FROM case_device d INNER JOIN case_device_building_floor_area a ON d.`area`=a.id INNER JOIN case_device_building_floor f ON d.floor=f.id INNER JOIN case_device_type t ON d.`type`=t.`id` INNER JOIN case_device_child_type ct ON d.`childtype`=ct.`id` WHERE d.`case`=9 limit 0,20 [ RunTime:0.001593s ]
[ 2013-05-28T22:31:31+08:00 ] NOTIC: [8] Undefined variable: dname 543ee375db12f51d844502446061f403.php 第 12 行.
[ 2013-05-28T22:31:31+08:00 ] NOTIC: [8] Undefined variable: dcode 543ee375db12f51d844502446061f403.php 第 13 行.
[ 2013-05-28T22:31:31+08:00 ] NOTIC: [8] Undefined variable: dbuild 543ee375db12f51d844502446061f403.php 第 14 行.
[ 2013-05-28T22:31:31+08:00 ] NOTIC: [8] Undefined variable: dfloor 543ee375db12f51d844502446061f403.php 第 15 行.
[ 2013-05-28T22:31:31+08:00 ] NOTIC: [8] Undefined variable: darea 543ee375db12f51d844502446061f403.php 第 16 行.
[ 2013-05-28T22:31:31+08:00 ] NOTIC: [8] Undefined variable: dtype 543ee375db12f51d844502446061f403.php 第 17 行.
