[ 2013-06-27T22:08:29+08:00 ] NOTIC: [8] Undefined index: username IndexAction.class.php 第 4 行.
[ 2013-06-27T22:08:29+08:00 ] NOTIC: [8] Undefined index: pwd IndexAction.class.php 第 5 行.
[ 2013-06-27T22:08:38+08:00 ] SQL: SHOW COLUMNS FROM `user` [ RunTime:0.109757s ]
[ 2013-06-27T22:08:38+08:00 ] SQL: SELECT * FROM `user` WHERE ( `username` = 'admin' ) LIMIT 1  [ RunTime:0.013665s ]
[ 2013-06-27T22:08:39+08:00 ] SQL: SHOW COLUMNS FROM `msg` [ RunTime:0.212530s ]
[ 2013-06-27T22:08:39+08:00 ] SQL: SELECT COUNT(*) as C FROM (SELECT
		m.id,IFNULL(mr.readerid,0) isread
		FROM
		msg m LEFT JOIN msgreader mr ON m.`id`=mr.`msgid` AND mr.`readerid`=10
		WHERE INSTR(
				CONCAT(',', m.receiversid, ','),
				CONCAT(',', 10, ',')
		) > 0 AND m.code = 13108617) z WHERE z.isread =0 [ RunTime:0.090760s ]
[ 2013-06-27T22:08:39+08:00 ] SQL: SHOW COLUMNS FROM `work` [ RunTime:0.069591s ]
[ 2013-06-27T22:08:39+08:00 ] SQL: SELECT COUNT(*) AS tp_count FROM `work` WHERE code='13108617' and awoke =1 and uid =10 and UNIX_TIMESTAMP(NOW()) - UNIX_TIMESTAMP(DATE_ADD(
			    STR_TO_DATE(
			      CONCAT(
			        DATE(`date`),
			        ' ',
			        ehour,
			        ':',
			        eminute,
			        ':00'
			      ),
			      '%Y-%m-%d %H:%i:%s'
			    ),INTERVAL overday DAY)
			  ) < 0   LIMIT 1  [ RunTime:0.019223s ]
[ 2013-06-27T22:08:39+08:00 ] SQL: SHOW COLUMNS FROM `msgwork` [ RunTime:0.088340s ]
[ 2013-06-27T22:08:39+08:00 ] SQL: SELECT COUNT(*) AS tp_count FROM `msgwork` WHERE code='13108617' and issenderread =0 and senderid =10 LIMIT 1  [ RunTime:0.001616s ]
[ 2013-06-27T22:08:39+08:00 ] SQL: SELECT COUNT(*) AS tp_count FROM `msgwork` WHERE code='13108617' and isreceiverread =0 and receiverid =10 LIMIT 1  [ RunTime:0.001092s ]
[ 2013-06-27T22:08:39+08:00 ] SQL: SELECT m.id,m.`name`,m.`parent_id`,m.`link`,m.`image`,m.`target`,rm.`ext` FROM menu m INNER JOIN role_menu rm ON m.`id`=rm.`mid` WHERE m.parent_id is NULL and pos=1 and rm.`rid`=21 [ RunTime:0.093912s ]
[ 2013-06-27T22:08:39+08:00 ] SQL: SELECT m.id,m.`name`,m.`parent_id`,m.`link`,m.`image`,m.`target`,rm.`ext` FROM menu m INNER JOIN role_menu rm ON m.`id`=rm.`mid` WHERE m.parent_id=1 and rm.`rid`=21 [ RunTime:0.003844s ]
[ 2013-06-27T22:08:39+08:00 ] SQL: SELECT m.id,m.`name`,m.`parent_id`,m.`link`,m.`image`,m.`target`,rm.`ext` FROM menu m INNER JOIN role_menu rm ON m.`id`=rm.`mid` WHERE m.parent_id=2 and rm.`rid`=21 [ RunTime:0.003475s ]
[ 2013-06-27T22:08:39+08:00 ] SQL: SELECT m.id,m.`name`,m.`parent_id`,m.`link`,m.`image`,m.`target`,rm.`ext` FROM menu m INNER JOIN role_menu rm ON m.`id`=rm.`mid` WHERE m.parent_id=6 and rm.`rid`=21 [ RunTime:0.003925s ]
[ 2013-06-27T22:08:39+08:00 ] SQL: SELECT m.id,m.`name`,m.`parent_id`,m.`link`,m.`image`,m.`target`,rm.`ext` FROM menu m INNER JOIN role_menu rm ON m.`id`=rm.`mid` WHERE m.parent_id=7 and rm.`rid`=21 [ RunTime:0.004099s ]
[ 2013-06-27T22:08:39+08:00 ] SQL: SELECT m.id,m.`name`,m.`parent_id`,m.`link`,m.`image`,m.`target`,rm.`ext` FROM menu m INNER JOIN role_menu rm ON m.`id`=rm.`mid` WHERE m.parent_id=8 and rm.`rid`=21 [ RunTime:0.004616s ]
[ 2013-06-27T22:08:39+08:00 ] SQL: SELECT m.id,m.`name`,m.`parent_id`,m.`link`,m.`image`,m.`target`,rm.`ext` FROM menu m INNER JOIN role_menu rm ON m.`id`=rm.`mid` WHERE m.parent_id=34 and rm.`rid`=21 [ RunTime:0.004040s ]
[ 2013-06-27T22:08:39+08:00 ] SQL: SELECT m.id,m.`name`,m.`parent_id`,m.`link`,m.`image`,m.`target`,rm.`ext` FROM menu m INNER JOIN role_menu rm ON m.`id`=rm.`mid` WHERE m.parent_id=35 and rm.`rid`=21 [ RunTime:0.003792s ]
[ 2013-06-27T22:08:39+08:00 ] SQL: SELECT m.id,m.`name`,m.`parent_id`,m.`link`,m.`image`,m.`target`,rm.`ext` FROM menu m INNER JOIN role_menu rm ON m.`id`=rm.`mid` WHERE m.parent_id=36 and rm.`rid`=21 [ RunTime:0.004108s ]
[ 2013-06-27T22:08:39+08:00 ] SQL: SELECT m.id,m.`name`,m.`parent_id`,m.`link`,m.`image`,m.`target`,rm.`ext` FROM menu m INNER JOIN role_menu rm ON m.`id`=rm.`mid` WHERE m.parent_id=39 and rm.`rid`=21 [ RunTime:0.003951s ]
[ 2013-06-27T22:08:39+08:00 ] SQL: SELECT m.id,m.`name`,m.`parent_id`,m.`link`,m.`image`,m.`target`,rm.`ext` FROM menu m INNER JOIN role_menu rm ON m.`id`=rm.`mid` WHERE m.parent_id=42 and rm.`rid`=21 [ RunTime:0.005942s ]
[ 2013-06-27T22:08:39+08:00 ] SQL: SELECT m.id,m.`name`,m.`parent_id`,m.`link`,m.`image`,m.`target`,rm.`ext` FROM menu m INNER JOIN role_menu rm ON m.`id`=rm.`mid` WHERE m.parent_id=45 and rm.`rid`=21 [ RunTime:0.003888s ]
[ 2013-06-27T22:08:39+08:00 ] SQL: SELECT m.id,m.`name`,m.`parent_id`,m.`link`,m.`image`,m.`target`,rm.`ext` FROM menu m INNER JOIN role_menu rm ON m.`id`=rm.`mid` WHERE m.parent_id=51 and rm.`rid`=21 [ RunTime:0.004289s ]
[ 2013-06-27T22:08:39+08:00 ] SQL: SELECT m.id,m.`name`,m.`parent_id`,m.`link`,m.`image`,m.`target`,rm.`ext` FROM menu m INNER JOIN role_menu rm ON m.`id`=rm.`mid` WHERE m.parent_id=108 and rm.`rid`=21 [ RunTime:0.004105s ]
[ 2013-06-27T22:08:39+08:00 ] SQL: SELECT m.id,m.`name`,m.`parent_id`,m.`link`,m.`image`,m.`target`,rm.`ext` FROM menu m INNER JOIN role_menu rm ON m.`id`=rm.`mid` WHERE m.parent_id=111 and rm.`rid`=21 [ RunTime:0.004188s ]
[ 2013-06-27T22:08:39+08:00 ] SQL: SELECT m.id,m.`name`,m.`parent_id`,m.`link`,m.`image`,m.`target`,rm.`ext` FROM menu m INNER JOIN role_menu rm ON m.`id`=rm.`mid` WHERE m.parent_id=115 and rm.`rid`=21 [ RunTime:0.003646s ]
[ 2013-06-27T22:08:39+08:00 ] SQL: SELECT m.id,m.`name`,m.`parent_id`,m.`link`,m.`image`,m.`target`,rm.`ext` FROM menu m INNER JOIN role_menu rm ON m.`id`=rm.`mid` WHERE m.parent_id=59 and rm.`rid`=21 [ RunTime:0.004008s ]
[ 2013-06-27T22:08:39+08:00 ] SQL: SELECT m.id,m.`name`,m.`parent_id`,m.`link`,m.`image`,m.`target`,rm.`ext` FROM menu m INNER JOIN role_menu rm ON m.`id`=rm.`mid` WHERE m.parent_id is NULL and pos=0 and rm.`rid`=21 [ RunTime:0.004550s ]
[ 2013-06-27T22:08:39+08:00 ] SQL: SELECT m.id,m.`name`,m.`parent_id`,m.`link`,m.`image`,m.`target`,rm.`ext` FROM menu m INNER JOIN role_menu rm ON m.`id`=rm.`mid` WHERE m.parent_id=15 and rm.`rid`=21 [ RunTime:0.003536s ]
[ 2013-06-27T22:08:39+08:00 ] SQL: SELECT m.id,m.`name`,m.`parent_id`,m.`link`,m.`image`,m.`target`,rm.`ext` FROM menu m INNER JOIN role_menu rm ON m.`id`=rm.`mid` WHERE m.parent_id=16 and rm.`rid`=21 [ RunTime:0.004050s ]
[ 2013-06-27T22:08:39+08:00 ] SQL: SELECT m.id,m.`name`,m.`parent_id`,m.`link`,m.`image`,m.`target`,rm.`ext` FROM menu m INNER JOIN role_menu rm ON m.`id`=rm.`mid` WHERE m.parent_id=19 and rm.`rid`=21 [ RunTime:0.004707s ]
[ 2013-06-27T22:08:39+08:00 ] SQL: SELECT m.id,m.`name`,m.`parent_id`,m.`link`,m.`image`,m.`target`,rm.`ext` FROM menu m INNER JOIN role_menu rm ON m.`id`=rm.`mid` WHERE m.parent_id=24 and rm.`rid`=21 [ RunTime:0.003573s ]
[ 2013-06-27T22:08:39+08:00 ] SQL: SELECT m.id,m.`name`,m.`parent_id`,m.`link`,m.`image`,m.`target`,rm.`ext` FROM menu m INNER JOIN role_menu rm ON m.`id`=rm.`mid` WHERE m.parent_id=27 and rm.`rid`=21 [ RunTime:0.003771s ]
[ 2013-06-27T22:08:39+08:00 ] SQL: SELECT m.id,m.`name`,m.`parent_id`,m.`link`,m.`image`,m.`target`,rm.`ext` FROM menu m INNER JOIN role_menu rm ON m.`id`=rm.`mid` WHERE m.parent_id=31 and rm.`rid`=21 [ RunTime:0.003462s ]
[ 2013-06-27T22:08:39+08:00 ] SQL: SELECT m.id,m.`name`,m.`parent_id`,m.`link`,m.`image`,m.`target`,rm.`ext` FROM menu m INNER JOIN role_menu rm ON m.`id`=rm.`mid` WHERE m.parent_id is NULL and (pos=2 OR m.name='專案管理') and rm.`rid`=21 [ RunTime:0.004244s ]
[ 2013-06-27T22:08:39+08:00 ] SQL: SELECT m.id,m.`name`,m.`parent_id`,m.`link`,m.`image`,m.`target`,rm.`ext` FROM menu m INNER JOIN role_menu rm ON m.`id`=rm.`mid` WHERE m.parent_id=59 and rm.`rid`=21 [ RunTime:0.003932s ]
[ 2013-06-27T22:08:39+08:00 ] SQL: SELECT m.id,m.`name`,m.`parent_id`,m.`link`,m.`image`,m.`target`,rm.`ext` FROM menu m INNER JOIN role_menu rm ON m.`id`=rm.`mid` WHERE m.parent_id=69 and rm.`rid`=21 [ RunTime:0.003647s ]
[ 2013-06-27T22:08:39+08:00 ] SQL: SELECT m.id,m.`name`,m.`parent_id`,m.`link`,m.`image`,m.`target`,rm.`ext` FROM menu m INNER JOIN role_menu rm ON m.`id`=rm.`mid` WHERE m.parent_id=76 and rm.`rid`=21 [ RunTime:0.004314s ]
[ 2013-06-27T22:08:39+08:00 ] SQL: SELECT m.id,m.`name`,m.`parent_id`,m.`link`,m.`image`,m.`target`,rm.`ext` FROM menu m INNER JOIN role_menu rm ON m.`id`=rm.`mid` WHERE m.parent_id=79 and rm.`rid`=21 [ RunTime:0.003632s ]
[ 2013-06-27T22:08:39+08:00 ] SQL: SELECT m.id,m.`name`,m.`parent_id`,m.`link`,m.`image`,m.`target`,rm.`ext` FROM menu m INNER JOIN role_menu rm ON m.`id`=rm.`mid` WHERE m.parent_id=87 and rm.`rid`=21 [ RunTime:0.003548s ]
[ 2013-06-27T22:08:39+08:00 ] SQL: SELECT m.id,m.`name`,m.`parent_id`,m.`link`,m.`image`,m.`target`,rm.`ext` FROM menu m INNER JOIN role_menu rm ON m.`id`=rm.`mid` WHERE m.parent_id=101 and rm.`rid`=21 [ RunTime:0.004895s ]
[ 2013-06-27T22:08:39+08:00 ] SQL: SELECT m.id,m.`name`,m.`parent_id`,m.`link`,m.`image`,m.`target`,rm.`ext` FROM menu m INNER JOIN role_menu rm ON m.`id`=rm.`mid` WHERE m.parent_id=107 and rm.`rid`=21 [ RunTime:0.003802s ]
[ 2013-06-27T22:08:40+08:00 ] NOTIC: [8] Undefined index: exts BaseAction.class.php 第 80 行.
[ 2013-06-27T22:08:40+08:00 ] SQL: SELECT 
			  rm.*,
			  m.`link` 
			FROM
			  `menu` m 
			  INNER JOIN `role_menu` rm 
			    ON m.`id` = rm.`mid` 
			WHERE rm.`rid` = 21 
			  AND m.`ext` IS NOT NULL  [ RunTime:0.003838s ]
[ 2013-06-27T22:08:40+08:00 ] NOTIC: [8] Undefined index: key WorkAction.class.php 第 15 行.
[ 2013-06-27T22:08:40+08:00 ] SQL: SELECT 
			  w.* ,u.`ucode`,d.`id` depart,IFNULL(t.`name` ,w.typename) `type`
			FROM
			  `work` w 
			  INNER JOIN `user` u 
			    ON u.`id` = w.`uid` 
			   INNER JOIN depart d ON d.`id`=u.`depart`
			   LEFT JOIN `type` t ON t.`id`=w.`type`
			WHERE w.`code` = '13108617' AND w.uid= 10 [ RunTime:0.137039s ]
[ 2013-06-27T22:08:40+08:00 ] SQL: SELECT 
			  w.* ,u.`ucode`,d.`id` depart,IFNULL(t.`name` ,w.typename) `type`
			FROM
			  `work` w 
			  INNER JOIN `user` u 
			    ON u.`id` = w.`uid` 
			   INNER JOIN depart d ON d.`id`=u.`depart`
			   LEFT JOIN `type` t ON t.`id`=w.`type`
			WHERE w.`code` = '13108617' AND w.uid= 10 limit 0,20 [ RunTime:0.007954s ]
[ 2013-06-27T22:09:01+08:00 ] NOTIC: [8] Undefined index: key UserAction.class.php 第 4 行.
[ 2013-06-27T22:09:01+08:00 ] SQL: SHOW COLUMNS FROM `user` [ RunTime:0.007982s ]
[ 2013-06-27T22:09:01+08:00 ] SQL: SELECT COUNT(*) AS tp_count FROM `user` WHERE  code='13108617'  LIMIT 1  [ RunTime:0.012446s ]
[ 2013-06-27T22:09:01+08:00 ] SQL: SELECT * FROM `user` WHERE  code='13108617'  ORDER BY id desc LIMIT 0,20  [ RunTime:0.001697s ]
[ 2013-06-27T22:14:38+08:00 ] NOTIC: [8] Undefined index: key UserAction.class.php 第 4 行.
[ 2013-06-27T22:14:38+08:00 ] SQL: SHOW COLUMNS FROM `user` [ RunTime:0.006735s ]
[ 2013-06-27T22:14:38+08:00 ] SQL: SELECT COUNT(*) AS tp_count FROM `user` WHERE  code='13108617'  LIMIT 1  [ RunTime:0.001311s ]
[ 2013-06-27T22:14:38+08:00 ] SQL: SELECT * FROM `user` WHERE  code='13108617'  ORDER BY id desc LIMIT 0,20  [ RunTime:0.001467s ]
[ 2013-06-27T22:14:39+08:00 ] NOTIC: [8] Undefined variable: departs 8b8281b0005c09106df5944e4149e1bb.php 第 252 行.
[ 2013-06-27T22:14:52+08:00 ] NOTIC: [8] Undefined index: key UserAction.class.php 第 4 行.
[ 2013-06-27T22:14:52+08:00 ] SQL: SHOW COLUMNS FROM `user` [ RunTime:0.006383s ]
[ 2013-06-27T22:14:52+08:00 ] SQL: SELECT COUNT(*) AS tp_count FROM `user` WHERE  code='13108617'  LIMIT 1  [ RunTime:0.001479s ]
[ 2013-06-27T22:14:52+08:00 ] SQL: SELECT * FROM `user` WHERE  code='13108617'  ORDER BY id desc LIMIT 0,20  [ RunTime:0.001620s ]
[ 2013-06-27T22:14:53+08:00 ] NOTIC: [8] Undefined variable: departs 8b8281b0005c09106df5944e4149e1bb.php 第 252 行.
[ 2013-06-27T22:15:28+08:00 ] NOTIC: [8] Undefined index: key UserAction.class.php 第 4 行.
[ 2013-06-27T22:15:28+08:00 ] SQL: SHOW COLUMNS FROM `user` [ RunTime:0.005770s ]
[ 2013-06-27T22:15:28+08:00 ] SQL: SELECT COUNT(*) AS tp_count FROM `user` WHERE  code='13108617'  LIMIT 1  [ RunTime:0.001391s ]
[ 2013-06-27T22:15:28+08:00 ] SQL: SELECT * FROM `user` WHERE  code='13108617'  ORDER BY id desc LIMIT 0,20  [ RunTime:0.001711s ]
[ 2013-06-27T22:15:28+08:00 ] SQL: SHOW COLUMNS FROM `depart` [ RunTime:0.004173s ]
[ 2013-06-27T22:15:28+08:00 ] SQL: SELECT * FROM `depart` WHERE  code='13108617'  [ RunTime:0.000858s ]
[ 2013-06-27T22:16:15+08:00 ] NOTIC: [8] Undefined index: key UserAction.class.php 第 4 行.
[ 2013-06-27T22:16:15+08:00 ] SQL: SHOW COLUMNS FROM `user` [ RunTime:0.007173s ]
[ 2013-06-27T22:16:15+08:00 ] SQL: SELECT COUNT(*) AS tp_count FROM `user` WHERE  code='13108617'  LIMIT 1  [ RunTime:0.003460s ]
[ 2013-06-27T22:16:15+08:00 ] SQL: SELECT * FROM `user` WHERE  code='13108617'  ORDER BY id desc LIMIT 0,20  [ RunTime:0.001531s ]
[ 2013-06-27T22:16:15+08:00 ] SQL: SHOW COLUMNS FROM `depart` [ RunTime:0.006390s ]
[ 2013-06-27T22:16:15+08:00 ] SQL: SELECT * FROM `depart` WHERE  code='13108617'  [ RunTime:0.000848s ]
[ 2013-06-27T22:16:18+08:00 ] SQL: SHOW COLUMNS FROM `team` [ RunTime:0.051401s ]
[ 2013-06-27T22:16:18+08:00 ] SQL: SELECT * FROM `team` WHERE depart=20 [ RunTime:0.001820s ]
[ 2013-06-27T22:17:46+08:00 ] SQL: SHOW COLUMNS FROM `user` [ RunTime:0.006122s ]
[ 2013-06-27T22:17:46+08:00 ] SQL: SELECT COUNT(*) AS tp_count FROM `user` WHERE  code='13108617'  and depart = 20 and team = 30 LIMIT 1  [ RunTime:0.001814s ]
[ 2013-06-27T22:17:46+08:00 ] SQL: SELECT * FROM `user` WHERE  code='13108617'  and depart = 20 and team = 30 ORDER BY id desc LIMIT 0,20  [ RunTime:0.002500s ]
[ 2013-06-27T22:17:46+08:00 ] SQL: SHOW COLUMNS FROM `depart` [ RunTime:0.005372s ]
[ 2013-06-27T22:17:46+08:00 ] SQL: SELECT * FROM `depart` WHERE  code='13108617'  [ RunTime:0.001006s ]
[ 2013-06-27T22:17:55+08:00 ] SQL: SHOW COLUMNS FROM `team` [ RunTime:0.004154s ]
[ 2013-06-27T22:17:55+08:00 ] SQL: SELECT * FROM `team` WHERE depart=20 [ RunTime:0.001066s ]
[ 2013-06-27T22:17:57+08:00 ] SQL: SHOW COLUMNS FROM `user` [ RunTime:0.006185s ]
[ 2013-06-27T22:17:57+08:00 ] SQL: SELECT COUNT(*) AS tp_count FROM `user` WHERE  code='13108617'  and depart = 20 LIMIT 1  [ RunTime:0.004612s ]
[ 2013-06-27T22:17:57+08:00 ] SQL: SELECT * FROM `user` WHERE  code='13108617'  and depart = 20 ORDER BY id desc LIMIT 0,20  [ RunTime:0.002647s ]
[ 2013-06-27T22:17:57+08:00 ] SQL: SHOW COLUMNS FROM `depart` [ RunTime:0.006210s ]
[ 2013-06-27T22:17:57+08:00 ] SQL: SELECT * FROM `depart` WHERE  code='13108617'  [ RunTime:0.000961s ]
[ 2013-06-27T22:20:04+08:00 ] SQL: SHOW COLUMNS FROM `user` [ RunTime:0.007801s ]
[ 2013-06-27T22:20:04+08:00 ] SQL: SELECT COUNT(*) AS tp_count FROM `user` WHERE  code='13108617'  and depart = 20 LIMIT 1  [ RunTime:0.005266s ]
[ 2013-06-27T22:20:04+08:00 ] SQL: SELECT * FROM `user` WHERE  code='13108617'  and depart = 20 ORDER BY id desc LIMIT 0,20  [ RunTime:0.002294s ]
[ 2013-06-27T22:20:05+08:00 ] SQL: SHOW COLUMNS FROM `depart` [ RunTime:0.004623s ]
[ 2013-06-27T22:20:05+08:00 ] SQL: SELECT * FROM `depart` WHERE  code='13108617'  [ RunTime:0.000974s ]
[ 2013-06-27T22:20:06+08:00 ] NOTIC: [8] Undefined variable: team 8b8281b0005c09106df5944e4149e1bb.php 第 14 行.
[ 2013-06-27T22:20:07+08:00 ] SQL: SHOW COLUMNS FROM `team` [ RunTime:0.006775s ]
[ 2013-06-27T22:20:07+08:00 ] SQL: SELECT * FROM `team` WHERE depart=20 [ RunTime:0.002315s ]
[ 2013-06-27T22:20:13+08:00 ] SQL: SHOW COLUMNS FROM `team` [ RunTime:0.004152s ]
[ 2013-06-27T22:20:13+08:00 ] SQL: SELECT * FROM `team` WHERE depart=21 [ RunTime:0.001339s ]
[ 2013-06-27T22:20:15+08:00 ] SQL: SHOW COLUMNS FROM `user` [ RunTime:0.005803s ]
[ 2013-06-27T22:20:15+08:00 ] SQL: SELECT COUNT(*) AS tp_count FROM `user` WHERE  code='13108617'  and depart = 21 LIMIT 1  [ RunTime:0.001518s ]
[ 2013-06-27T22:20:15+08:00 ] SQL: SELECT * FROM `user` WHERE  code='13108617'  and depart = 21 ORDER BY id desc LIMIT 0,20  [ RunTime:0.002450s ]
[ 2013-06-27T22:20:15+08:00 ] SQL: SHOW COLUMNS FROM `depart` [ RunTime:0.005956s ]
[ 2013-06-27T22:20:15+08:00 ] SQL: SELECT * FROM `depart` WHERE  code='13108617'  [ RunTime:0.001940s ]
[ 2013-06-27T22:20:17+08:00 ] NOTIC: [8] Undefined variable: team 8b8281b0005c09106df5944e4149e1bb.php 第 14 行.
[ 2013-06-27T22:20:17+08:00 ] SQL: SHOW COLUMNS FROM `team` [ RunTime:0.004277s ]
[ 2013-06-27T22:20:17+08:00 ] SQL: SELECT * FROM `team` WHERE depart=21 [ RunTime:0.001146s ]
[ 2013-06-27T22:20:20+08:00 ] SQL: SHOW COLUMNS FROM `team` [ RunTime:0.004262s ]
[ 2013-06-27T22:20:20+08:00 ] SQL: SELECT * FROM `team` WHERE depart=22 [ RunTime:0.000984s ]
[ 2013-06-27T22:20:21+08:00 ] SQL: SHOW COLUMNS FROM `user` [ RunTime:0.007581s ]
[ 2013-06-27T22:20:21+08:00 ] SQL: SELECT COUNT(*) AS tp_count FROM `user` WHERE  code='13108617'  and depart = 22 LIMIT 1  [ RunTime:0.001615s ]
[ 2013-06-27T22:20:21+08:00 ] SQL: SELECT * FROM `user` WHERE  code='13108617'  and depart = 22 ORDER BY id desc LIMIT 0,20  [ RunTime:0.002653s ]
[ 2013-06-27T22:20:21+08:00 ] SQL: SHOW COLUMNS FROM `depart` [ RunTime:0.004526s ]
[ 2013-06-27T22:20:21+08:00 ] SQL: SELECT * FROM `depart` WHERE  code='13108617'  [ RunTime:0.000918s ]
[ 2013-06-27T22:20:23+08:00 ] NOTIC: [8] Undefined variable: team 8b8281b0005c09106df5944e4149e1bb.php 第 14 行.
[ 2013-06-27T22:20:23+08:00 ] SQL: SHOW COLUMNS FROM `team` [ RunTime:0.005491s ]
[ 2013-06-27T22:20:23+08:00 ] SQL: SELECT * FROM `team` WHERE depart=22 [ RunTime:0.000934s ]
[ 2013-06-27T22:20:29+08:00 ] SQL: SHOW COLUMNS FROM `user` [ RunTime:0.005551s ]
[ 2013-06-27T22:20:29+08:00 ] SQL: SELECT COUNT(*) AS tp_count FROM `user` WHERE  code='13108617'  and depart = 22 and team = 28 LIMIT 1  [ RunTime:0.001574s ]
[ 2013-06-27T22:20:29+08:00 ] SQL: SELECT * FROM `user` WHERE  code='13108617'  and depart = 22 and team = 28 ORDER BY id desc LIMIT 0,20  [ RunTime:0.002502s ]
[ 2013-06-27T22:20:29+08:00 ] SQL: SHOW COLUMNS FROM `depart` [ RunTime:0.006290s ]
[ 2013-06-27T22:20:29+08:00 ] SQL: SELECT * FROM `depart` WHERE  code='13108617'  [ RunTime:0.000868s ]
[ 2013-06-27T22:20:31+08:00 ] SQL: SHOW COLUMNS FROM `team` [ RunTime:0.004683s ]
[ 2013-06-27T22:20:31+08:00 ] SQL: SELECT * FROM `team` WHERE depart=22 [ RunTime:0.001538s ]
[ 2013-06-27T22:26:42+08:00 ] NOTIC: [8] Undefined index: key CaseAction.class.php 第 4 行.
[ 2013-06-27T22:26:42+08:00 ] SQL: SHOW COLUMNS FROM `case` [ RunTime:0.086350s ]
[ 2013-06-27T22:26:42+08:00 ] SQL: SELECT COUNT(*) AS tp_count FROM `case` WHERE  code='13108617'  and id in (SELECT 
						  `case` 
						FROM
						  case_member 
						WHERE memberid = 10 
						UNION ALL
						SELECT 
						  `case` 
						FROM
						  case_looker 
						WHERE lookerid = 10  )  LIMIT 1  [ RunTime:0.200375s ]
[ 2013-06-27T22:26:42+08:00 ] SQL: SELECT * FROM `case` WHERE  code='13108617'  and id in (SELECT 
						  `case` 
						FROM
						  case_member 
						WHERE memberid = 10 
						UNION ALL
						SELECT 
						  `case` 
						FROM
						  case_looker 
						WHERE lookerid = 10  )  ORDER BY id desc LIMIT 0,20  [ RunTime:0.001984s ]
[ 2013-06-27T22:26:59+08:00 ] NOTIC: [8] Undefined index: key WorkAction.class.php 第 15 行.
[ 2013-06-27T22:26:59+08:00 ] SQL: SELECT 
			  w.* ,u.`ucode`,d.`id` depart,IFNULL(t.`name` ,w.typename) `type`
			FROM
			  `work` w 
			  INNER JOIN `user` u 
			    ON u.`id` = w.`uid` 
			   INNER JOIN depart d ON d.`id`=u.`depart`
			   LEFT JOIN `type` t ON t.`id`=w.`type`
			WHERE w.`code` = '13108617' AND w.uid= 10 [ RunTime:0.011480s ]
[ 2013-06-27T22:26:59+08:00 ] SQL: SELECT 
			  w.* ,u.`ucode`,d.`id` depart,IFNULL(t.`name` ,w.typename) `type`
			FROM
			  `work` w 
			  INNER JOIN `user` u 
			    ON u.`id` = w.`uid` 
			   INNER JOIN depart d ON d.`id`=u.`depart`
			   LEFT JOIN `type` t ON t.`id`=w.`type`
			WHERE w.`code` = '13108617' AND w.uid= 10 limit 0,20 [ RunTime:0.008279s ]
[ 2013-06-27T22:27:09+08:00 ] SQL: SHOW COLUMNS FROM `user` [ RunTime:0.006009s ]
[ 2013-06-27T22:27:09+08:00 ] SQL: SELECT * FROM `user` WHERE ( `username` = '01845' ) LIMIT 1  [ RunTime:0.001093s ]
[ 2013-06-27T22:27:09+08:00 ] SQL: SHOW COLUMNS FROM `msg` [ RunTime:0.006982s ]
[ 2013-06-27T22:27:09+08:00 ] SQL: SELECT COUNT(*) as C FROM (SELECT
		m.id,IFNULL(mr.readerid,0) isread
		FROM
		msg m LEFT JOIN msgreader mr ON m.`id`=mr.`msgid` AND mr.`readerid`=31
		WHERE INSTR(
				CONCAT(',', m.receiversid, ','),
				CONCAT(',', 31, ',')
		) > 0 AND m.code = 13108617) z WHERE z.isread =0 [ RunTime:0.012641s ]
[ 2013-06-27T22:27:09+08:00 ] SQL: SHOW COLUMNS FROM `work` [ RunTime:0.005569s ]
[ 2013-06-27T22:27:09+08:00 ] SQL: SELECT COUNT(*) AS tp_count FROM `work` WHERE code='13108617' and awoke =1 and uid =31 and UNIX_TIMESTAMP(NOW()) - UNIX_TIMESTAMP(DATE_ADD(
			    STR_TO_DATE(
			      CONCAT(
			        DATE(`date`),
			        ' ',
			        ehour,
			        ':',
			        eminute,
			        ':00'
			      ),
			      '%Y-%m-%d %H:%i:%s'
			    ),INTERVAL overday DAY)
			  ) < 0   LIMIT 1  [ RunTime:0.004117s ]
[ 2013-06-27T22:27:09+08:00 ] SQL: SHOW COLUMNS FROM `msgwork` [ RunTime:0.004812s ]
[ 2013-06-27T22:27:09+08:00 ] SQL: SELECT COUNT(*) AS tp_count FROM `msgwork` WHERE code='13108617' and issenderread =0 and senderid =31 LIMIT 1  [ RunTime:0.001500s ]
[ 2013-06-27T22:27:09+08:00 ] SQL: SELECT COUNT(*) AS tp_count FROM `msgwork` WHERE code='13108617' and isreceiverread =0 and receiverid =31 LIMIT 1  [ RunTime:0.001136s ]
[ 2013-06-27T22:27:09+08:00 ] SQL: SELECT m.id,m.`name`,m.`parent_id`,m.`link`,m.`image`,m.`target`,rm.`ext` FROM menu m INNER JOIN role_menu rm ON m.`id`=rm.`mid` WHERE m.parent_id is NULL and pos=1 and rm.`rid`=7 [ RunTime:0.005083s ]
[ 2013-06-27T22:27:09+08:00 ] SQL: SELECT m.id,m.`name`,m.`parent_id`,m.`link`,m.`image`,m.`target`,rm.`ext` FROM menu m INNER JOIN role_menu rm ON m.`id`=rm.`mid` WHERE m.parent_id is NULL and pos=0 and rm.`rid`=7 [ RunTime:0.003564s ]
[ 2013-06-27T22:27:09+08:00 ] SQL: SELECT m.id,m.`name`,m.`parent_id`,m.`link`,m.`image`,m.`target`,rm.`ext` FROM menu m INNER JOIN role_menu rm ON m.`id`=rm.`mid` WHERE m.parent_id is NULL and (pos=2 OR m.name='專案管理') and rm.`rid`=7 [ RunTime:0.003580s ]
[ 2013-06-27T22:27:09+08:00 ] NOTIC: [8] Undefined index: key WorkAction.class.php 第 15 行.
[ 2013-06-27T22:27:09+08:00 ] SQL: SELECT 
			  w.* ,u.`ucode`,d.`id` depart,IFNULL(t.`name` ,w.typename) `type`
			FROM
			  `work` w 
			  INNER JOIN `user` u 
			    ON u.`id` = w.`uid` 
			   INNER JOIN depart d ON d.`id`=u.`depart`
			   LEFT JOIN `type` t ON t.`id`=w.`type`
			WHERE w.`code` = '13108617' AND w.uid= 31 [ RunTime:0.008056s ]
[ 2013-06-27T22:32:56+08:00 ] SQL: SHOW COLUMNS FROM `user` [ RunTime:0.006558s ]
[ 2013-06-27T22:32:56+08:00 ] SQL: SELECT * FROM `user` WHERE ( `username` = '02445' ) LIMIT 1  [ RunTime:0.001110s ]
[ 2013-06-27T22:32:56+08:00 ] SQL: SHOW COLUMNS FROM `msg` [ RunTime:0.005139s ]
[ 2013-06-27T22:32:56+08:00 ] SQL: SELECT COUNT(*) as C FROM (SELECT
		m.id,IFNULL(mr.readerid,0) isread
		FROM
		msg m LEFT JOIN msgreader mr ON m.`id`=mr.`msgid` AND mr.`readerid`=26
		WHERE INSTR(
				CONCAT(',', m.receiversid, ','),
				CONCAT(',', 26, ',')
		) > 0 AND m.code = 13108617) z WHERE z.isread =0 [ RunTime:0.011663s ]
[ 2013-06-27T22:32:56+08:00 ] SQL: SHOW COLUMNS FROM `work` [ RunTime:0.004817s ]
[ 2013-06-27T22:32:56+08:00 ] SQL: SELECT COUNT(*) AS tp_count FROM `work` WHERE code='13108617' and awoke =1 and uid =26 and UNIX_TIMESTAMP(NOW()) - UNIX_TIMESTAMP(DATE_ADD(
			    STR_TO_DATE(
			      CONCAT(
			        DATE(`date`),
			        ' ',
			        ehour,
			        ':',
			        eminute,
			        ':00'
			      ),
			      '%Y-%m-%d %H:%i:%s'
			    ),INTERVAL overday DAY)
			  ) < 0   LIMIT 1  [ RunTime:0.003719s ]
[ 2013-06-27T22:32:56+08:00 ] SQL: SHOW COLUMNS FROM `msgwork` [ RunTime:0.005137s ]
[ 2013-06-27T22:32:56+08:00 ] SQL: SELECT COUNT(*) AS tp_count FROM `msgwork` WHERE code='13108617' and issenderread =0 and senderid =26 LIMIT 1  [ RunTime:0.001566s ]
[ 2013-06-27T22:32:56+08:00 ] SQL: SELECT COUNT(*) AS tp_count FROM `msgwork` WHERE code='13108617' and isreceiverread =0 and receiverid =26 LIMIT 1  [ RunTime:0.001321s ]
[ 2013-06-27T22:32:56+08:00 ] SQL: SELECT m.id,m.`name`,m.`parent_id`,m.`link`,m.`image`,m.`target`,rm.`ext` FROM menu m INNER JOIN role_menu rm ON m.`id`=rm.`mid` WHERE m.parent_id is NULL and pos=1 and rm.`rid`=12 [ RunTime:0.003735s ]
[ 2013-06-27T22:32:56+08:00 ] SQL: SELECT m.id,m.`name`,m.`parent_id`,m.`link`,m.`image`,m.`target`,rm.`ext` FROM menu m INNER JOIN role_menu rm ON m.`id`=rm.`mid` WHERE m.parent_id=1 and rm.`rid`=12 [ RunTime:0.003816s ]
[ 2013-06-27T22:32:56+08:00 ] SQL: SELECT m.id,m.`name`,m.`parent_id`,m.`link`,m.`image`,m.`target`,rm.`ext` FROM menu m INNER JOIN role_menu rm ON m.`id`=rm.`mid` WHERE m.parent_id=2 and rm.`rid`=12 [ RunTime:0.003449s ]
[ 2013-06-27T22:32:56+08:00 ] SQL: SELECT m.id,m.`name`,m.`parent_id`,m.`link`,m.`image`,m.`target`,rm.`ext` FROM menu m INNER JOIN role_menu rm ON m.`id`=rm.`mid` WHERE m.parent_id=6 and rm.`rid`=12 [ RunTime:0.003395s ]
[ 2013-06-27T22:32:56+08:00 ] SQL: SELECT m.id,m.`name`,m.`parent_id`,m.`link`,m.`image`,m.`target`,rm.`ext` FROM menu m INNER JOIN role_menu rm ON m.`id`=rm.`mid` WHERE m.parent_id=7 and rm.`rid`=12 [ RunTime:0.004326s ]
[ 2013-06-27T22:32:56+08:00 ] SQL: SELECT m.id,m.`name`,m.`parent_id`,m.`link`,m.`image`,m.`target`,rm.`ext` FROM menu m INNER JOIN role_menu rm ON m.`id`=rm.`mid` WHERE m.parent_id=8 and rm.`rid`=12 [ RunTime:0.003903s ]
[ 2013-06-27T22:32:56+08:00 ] SQL: SELECT m.id,m.`name`,m.`parent_id`,m.`link`,m.`image`,m.`target`,rm.`ext` FROM menu m INNER JOIN role_menu rm ON m.`id`=rm.`mid` WHERE m.parent_id=42 and rm.`rid`=12 [ RunTime:0.004140s ]
[ 2013-06-27T22:32:56+08:00 ] SQL: SELECT m.id,m.`name`,m.`parent_id`,m.`link`,m.`image`,m.`target`,rm.`ext` FROM menu m INNER JOIN role_menu rm ON m.`id`=rm.`mid` WHERE m.parent_id=108 and rm.`rid`=12 [ RunTime:0.003662s ]
[ 2013-06-27T22:32:56+08:00 ] SQL: SELECT m.id,m.`name`,m.`parent_id`,m.`link`,m.`image`,m.`target`,rm.`ext` FROM menu m INNER JOIN role_menu rm ON m.`id`=rm.`mid` WHERE m.parent_id is NULL and pos=0 and rm.`rid`=12 [ RunTime:0.003999s ]
[ 2013-06-27T22:32:56+08:00 ] SQL: SELECT m.id,m.`name`,m.`parent_id`,m.`link`,m.`image`,m.`target`,rm.`ext` FROM menu m INNER JOIN role_menu rm ON m.`id`=rm.`mid` WHERE m.parent_id=15 and rm.`rid`=12 [ RunTime:0.003471s ]
[ 2013-06-27T22:32:56+08:00 ] SQL: SELECT m.id,m.`name`,m.`parent_id`,m.`link`,m.`image`,m.`target`,rm.`ext` FROM menu m INNER JOIN role_menu rm ON m.`id`=rm.`mid` WHERE m.parent_id=16 and rm.`rid`=12 [ RunTime:0.003721s ]
[ 2013-06-27T22:32:56+08:00 ] SQL: SELECT m.id,m.`name`,m.`parent_id`,m.`link`,m.`image`,m.`target`,rm.`ext` FROM menu m INNER JOIN role_menu rm ON m.`id`=rm.`mid` WHERE m.parent_id=19 and rm.`rid`=12 [ RunTime:0.003551s ]
[ 2013-06-27T22:32:56+08:00 ] SQL: SELECT m.id,m.`name`,m.`parent_id`,m.`link`,m.`image`,m.`target`,rm.`ext` FROM menu m INNER JOIN role_menu rm ON m.`id`=rm.`mid` WHERE m.parent_id=24 and rm.`rid`=12 [ RunTime:0.003875s ]
[ 2013-06-27T22:32:56+08:00 ] SQL: SELECT m.id,m.`name`,m.`parent_id`,m.`link`,m.`image`,m.`target`,rm.`ext` FROM menu m INNER JOIN role_menu rm ON m.`id`=rm.`mid` WHERE m.parent_id=27 and rm.`rid`=12 [ RunTime:0.004441s ]
[ 2013-06-27T22:32:56+08:00 ] SQL: SELECT m.id,m.`name`,m.`parent_id`,m.`link`,m.`image`,m.`target`,rm.`ext` FROM menu m INNER JOIN role_menu rm ON m.`id`=rm.`mid` WHERE m.parent_id=31 and rm.`rid`=12 [ RunTime:0.004763s ]
[ 2013-06-27T22:32:56+08:00 ] SQL: SELECT m.id,m.`name`,m.`parent_id`,m.`link`,m.`image`,m.`target`,rm.`ext` FROM menu m INNER JOIN role_menu rm ON m.`id`=rm.`mid` WHERE m.parent_id is NULL and (pos=2 OR m.name='專案管理') and rm.`rid`=12 [ RunTime:0.003362s ]
[ 2013-06-27T22:32:57+08:00 ] NOTIC: [8] Undefined index: key WorkAction.class.php 第 15 行.
[ 2013-06-27T22:32:57+08:00 ] SQL: SELECT 
			  w.* ,u.`ucode`,d.`id` depart,IFNULL(t.`name` ,w.typename) `type`
			FROM
			  `work` w 
			  INNER JOIN `user` u 
			    ON u.`id` = w.`uid` 
			   INNER JOIN depart d ON d.`id`=u.`depart`
			   LEFT JOIN `type` t ON t.`id`=w.`type`
			WHERE w.`code` = '13108617' AND w.uid= 26 [ RunTime:0.008664s ]
