[ 2013-07-15T11:27:30+08:00 ] NOTIC: [8] Undefined index: SESSION_USER BaseAction.class.php 第 22 行.
[ 2013-07-15T11:27:30+08:00 ] NOTIC: [8] Undefined index: username IndexAction.class.php 第 4 行.
[ 2013-07-15T11:27:30+08:00 ] NOTIC: [8] Undefined index: pwd IndexAction.class.php 第 5 行.
[ 2013-07-15T11:27:33+08:00 ] SQL: SHOW COLUMNS FROM `user` [ RunTime:0.005783s ]
[ 2013-07-15T11:27:33+08:00 ] SQL: SELECT * FROM `user` WHERE ( `username` = 'admin' ) LIMIT 1  [ RunTime:0.017224s ]
[ 2013-07-15T11:27:33+08:00 ] SQL: SHOW COLUMNS FROM `msg` [ RunTime:0.004618s ]
[ 2013-07-15T11:27:34+08:00 ] SQL: SELECT COUNT(*) as C FROM (SELECT
		m.id,IFNULL(mr.readerid,0) isread
		FROM
		msg m LEFT JOIN msgreader mr ON m.`id`=mr.`msgid` AND mr.`readerid`=10
		WHERE INSTR(
				CONCAT(',', m.receiversid, ','),
				CONCAT(',', 10, ',')
		) > 0 AND m.code = 13108617) z WHERE z.isread =0 [ RunTime:0.123426s ]
[ 2013-07-15T11:27:34+08:00 ] SQL: SHOW COLUMNS FROM `work` [ RunTime:0.010482s ]
[ 2013-07-15T11:27:34+08:00 ] SQL: SELECT COUNT(*) AS tp_count FROM `work` WHERE code='13108617' and awoke =1 and uid =10 and UNIX_TIMESTAMP(NOW()) - UNIX_TIMESTAMP(DATE_ADD(
			    STR_TO_DATE(
			      CONCAT(
			        DATE(`date`),
			        ' ',
			        ehour,
			        ':',
			        eminute,
			        ':00'
			      ),
			      '%Y-%m-%d %H:%i:%s'
			    ),INTERVAL overday DAY)
			  ) < 0   LIMIT 1  [ RunTime:0.085991s ]
[ 2013-07-15T11:27:34+08:00 ] SQL: SHOW COLUMNS FROM `msgwork` [ RunTime:0.008518s ]
[ 2013-07-15T11:27:34+08:00 ] SQL: SELECT COUNT(*) AS tp_count FROM `msgwork` WHERE code='13108617' and issenderread =0 and senderid =10 LIMIT 1  [ RunTime:0.001316s ]
[ 2013-07-15T11:27:34+08:00 ] SQL: SELECT COUNT(*) AS tp_count FROM `msgwork` WHERE code='13108617' and isreceiverread =0 and receiverid =10 LIMIT 1  [ RunTime:0.001286s ]
[ 2013-07-15T11:27:34+08:00 ] SQL: SELECT m.id,m.`name`,m.`parent_id`,m.`link`,m.`image`,m.`target`,rm.`ext` FROM menu m INNER JOIN role_menu rm ON m.`id`=rm.`mid` WHERE m.parent_id is NULL and pos=1 and rm.`rid`=21 [ RunTime:0.017699s ]
[ 2013-07-15T11:27:34+08:00 ] SQL: SELECT m.id,m.`name`,m.`parent_id`,m.`link`,m.`image`,m.`target`,rm.`ext` FROM menu m INNER JOIN role_menu rm ON m.`id`=rm.`mid` WHERE m.parent_id=1 and rm.`rid`=21 [ RunTime:0.003879s ]
[ 2013-07-15T11:27:34+08:00 ] SQL: SELECT m.id,m.`name`,m.`parent_id`,m.`link`,m.`image`,m.`target`,rm.`ext` FROM menu m INNER JOIN role_menu rm ON m.`id`=rm.`mid` WHERE m.parent_id=2 and rm.`rid`=21 [ RunTime:0.003439s ]
[ 2013-07-15T11:27:34+08:00 ] SQL: SELECT m.id,m.`name`,m.`parent_id`,m.`link`,m.`image`,m.`target`,rm.`ext` FROM menu m INNER JOIN role_menu rm ON m.`id`=rm.`mid` WHERE m.parent_id=6 and rm.`rid`=21 [ RunTime:0.003533s ]
[ 2013-07-15T11:27:34+08:00 ] SQL: SELECT m.id,m.`name`,m.`parent_id`,m.`link`,m.`image`,m.`target`,rm.`ext` FROM menu m INNER JOIN role_menu rm ON m.`id`=rm.`mid` WHERE m.parent_id=7 and rm.`rid`=21 [ RunTime:0.003911s ]
[ 2013-07-15T11:27:34+08:00 ] SQL: SELECT m.id,m.`name`,m.`parent_id`,m.`link`,m.`image`,m.`target`,rm.`ext` FROM menu m INNER JOIN role_menu rm ON m.`id`=rm.`mid` WHERE m.parent_id=8 and rm.`rid`=21 [ RunTime:0.003949s ]
[ 2013-07-15T11:27:34+08:00 ] SQL: SELECT m.id,m.`name`,m.`parent_id`,m.`link`,m.`image`,m.`target`,rm.`ext` FROM menu m INNER JOIN role_menu rm ON m.`id`=rm.`mid` WHERE m.parent_id=34 and rm.`rid`=21 [ RunTime:0.003742s ]
[ 2013-07-15T11:27:34+08:00 ] SQL: SELECT m.id,m.`name`,m.`parent_id`,m.`link`,m.`image`,m.`target`,rm.`ext` FROM menu m INNER JOIN role_menu rm ON m.`id`=rm.`mid` WHERE m.parent_id=35 and rm.`rid`=21 [ RunTime:0.003452s ]
[ 2013-07-15T11:27:34+08:00 ] SQL: SELECT m.id,m.`name`,m.`parent_id`,m.`link`,m.`image`,m.`target`,rm.`ext` FROM menu m INNER JOIN role_menu rm ON m.`id`=rm.`mid` WHERE m.parent_id=36 and rm.`rid`=21 [ RunTime:0.003366s ]
[ 2013-07-15T11:27:34+08:00 ] SQL: SELECT m.id,m.`name`,m.`parent_id`,m.`link`,m.`image`,m.`target`,rm.`ext` FROM menu m INNER JOIN role_menu rm ON m.`id`=rm.`mid` WHERE m.parent_id=39 and rm.`rid`=21 [ RunTime:0.003924s ]
[ 2013-07-15T11:27:34+08:00 ] SQL: SELECT m.id,m.`name`,m.`parent_id`,m.`link`,m.`image`,m.`target`,rm.`ext` FROM menu m INNER JOIN role_menu rm ON m.`id`=rm.`mid` WHERE m.parent_id=42 and rm.`rid`=21 [ RunTime:0.003470s ]
[ 2013-07-15T11:27:34+08:00 ] SQL: SELECT m.id,m.`name`,m.`parent_id`,m.`link`,m.`image`,m.`target`,rm.`ext` FROM menu m INNER JOIN role_menu rm ON m.`id`=rm.`mid` WHERE m.parent_id=45 and rm.`rid`=21 [ RunTime:0.003702s ]
[ 2013-07-15T11:27:34+08:00 ] SQL: SELECT m.id,m.`name`,m.`parent_id`,m.`link`,m.`image`,m.`target`,rm.`ext` FROM menu m INNER JOIN role_menu rm ON m.`id`=rm.`mid` WHERE m.parent_id=51 and rm.`rid`=21 [ RunTime:0.003741s ]
[ 2013-07-15T11:27:34+08:00 ] SQL: SELECT m.id,m.`name`,m.`parent_id`,m.`link`,m.`image`,m.`target`,rm.`ext` FROM menu m INNER JOIN role_menu rm ON m.`id`=rm.`mid` WHERE m.parent_id=108 and rm.`rid`=21 [ RunTime:0.003839s ]
[ 2013-07-15T11:27:34+08:00 ] SQL: SELECT m.id,m.`name`,m.`parent_id`,m.`link`,m.`image`,m.`target`,rm.`ext` FROM menu m INNER JOIN role_menu rm ON m.`id`=rm.`mid` WHERE m.parent_id=111 and rm.`rid`=21 [ RunTime:0.003381s ]
[ 2013-07-15T11:27:34+08:00 ] SQL: SELECT m.id,m.`name`,m.`parent_id`,m.`link`,m.`image`,m.`target`,rm.`ext` FROM menu m INNER JOIN role_menu rm ON m.`id`=rm.`mid` WHERE m.parent_id=115 and rm.`rid`=21 [ RunTime:0.003925s ]
[ 2013-07-15T11:27:34+08:00 ] SQL: SELECT m.id,m.`name`,m.`parent_id`,m.`link`,m.`image`,m.`target`,rm.`ext` FROM menu m INNER JOIN role_menu rm ON m.`id`=rm.`mid` WHERE m.parent_id=59 and rm.`rid`=21 [ RunTime:0.003520s ]
[ 2013-07-15T11:27:34+08:00 ] SQL: SELECT m.id,m.`name`,m.`parent_id`,m.`link`,m.`image`,m.`target`,rm.`ext` FROM menu m INNER JOIN role_menu rm ON m.`id`=rm.`mid` WHERE m.parent_id is NULL and pos=0 and rm.`rid`=21 [ RunTime:0.003937s ]
[ 2013-07-15T11:27:34+08:00 ] SQL: SELECT m.id,m.`name`,m.`parent_id`,m.`link`,m.`image`,m.`target`,rm.`ext` FROM menu m INNER JOIN role_menu rm ON m.`id`=rm.`mid` WHERE m.parent_id=15 and rm.`rid`=21 [ RunTime:0.003481s ]
[ 2013-07-15T11:27:34+08:00 ] SQL: SELECT m.id,m.`name`,m.`parent_id`,m.`link`,m.`image`,m.`target`,rm.`ext` FROM menu m INNER JOIN role_menu rm ON m.`id`=rm.`mid` WHERE m.parent_id=16 and rm.`rid`=21 [ RunTime:0.003465s ]
[ 2013-07-15T11:27:34+08:00 ] SQL: SELECT m.id,m.`name`,m.`parent_id`,m.`link`,m.`image`,m.`target`,rm.`ext` FROM menu m INNER JOIN role_menu rm ON m.`id`=rm.`mid` WHERE m.parent_id=19 and rm.`rid`=21 [ RunTime:0.003324s ]
[ 2013-07-15T11:27:34+08:00 ] SQL: SELECT m.id,m.`name`,m.`parent_id`,m.`link`,m.`image`,m.`target`,rm.`ext` FROM menu m INNER JOIN role_menu rm ON m.`id`=rm.`mid` WHERE m.parent_id=24 and rm.`rid`=21 [ RunTime:0.003492s ]
[ 2013-07-15T11:27:34+08:00 ] SQL: SELECT m.id,m.`name`,m.`parent_id`,m.`link`,m.`image`,m.`target`,rm.`ext` FROM menu m INNER JOIN role_menu rm ON m.`id`=rm.`mid` WHERE m.parent_id=27 and rm.`rid`=21 [ RunTime:0.004958s ]
[ 2013-07-15T11:27:34+08:00 ] SQL: SELECT m.id,m.`name`,m.`parent_id`,m.`link`,m.`image`,m.`target`,rm.`ext` FROM menu m INNER JOIN role_menu rm ON m.`id`=rm.`mid` WHERE m.parent_id=31 and rm.`rid`=21 [ RunTime:0.003843s ]
[ 2013-07-15T11:27:34+08:00 ] SQL: SELECT m.id,m.`name`,m.`parent_id`,m.`link`,m.`image`,m.`target`,rm.`ext` FROM menu m INNER JOIN role_menu rm ON m.`id`=rm.`mid` WHERE m.parent_id is NULL and (pos=2 OR m.name='專案管理') and rm.`rid`=21 [ RunTime:0.003959s ]
[ 2013-07-15T11:27:34+08:00 ] SQL: SELECT m.id,m.`name`,m.`parent_id`,m.`link`,m.`image`,m.`target`,rm.`ext` FROM menu m INNER JOIN role_menu rm ON m.`id`=rm.`mid` WHERE m.parent_id=59 and rm.`rid`=21 [ RunTime:0.003441s ]
[ 2013-07-15T11:27:34+08:00 ] SQL: SELECT m.id,m.`name`,m.`parent_id`,m.`link`,m.`image`,m.`target`,rm.`ext` FROM menu m INNER JOIN role_menu rm ON m.`id`=rm.`mid` WHERE m.parent_id=69 and rm.`rid`=21 [ RunTime:0.003752s ]
[ 2013-07-15T11:27:34+08:00 ] SQL: SELECT m.id,m.`name`,m.`parent_id`,m.`link`,m.`image`,m.`target`,rm.`ext` FROM menu m INNER JOIN role_menu rm ON m.`id`=rm.`mid` WHERE m.parent_id=76 and rm.`rid`=21 [ RunTime:0.003590s ]
[ 2013-07-15T11:27:34+08:00 ] SQL: SELECT m.id,m.`name`,m.`parent_id`,m.`link`,m.`image`,m.`target`,rm.`ext` FROM menu m INNER JOIN role_menu rm ON m.`id`=rm.`mid` WHERE m.parent_id=79 and rm.`rid`=21 [ RunTime:0.004140s ]
[ 2013-07-15T11:27:34+08:00 ] SQL: SELECT m.id,m.`name`,m.`parent_id`,m.`link`,m.`image`,m.`target`,rm.`ext` FROM menu m INNER JOIN role_menu rm ON m.`id`=rm.`mid` WHERE m.parent_id=87 and rm.`rid`=21 [ RunTime:0.003418s ]
[ 2013-07-15T11:27:34+08:00 ] SQL: SELECT m.id,m.`name`,m.`parent_id`,m.`link`,m.`image`,m.`target`,rm.`ext` FROM menu m INNER JOIN role_menu rm ON m.`id`=rm.`mid` WHERE m.parent_id=101 and rm.`rid`=21 [ RunTime:0.003551s ]
[ 2013-07-15T11:27:34+08:00 ] SQL: SELECT m.id,m.`name`,m.`parent_id`,m.`link`,m.`image`,m.`target`,rm.`ext` FROM menu m INNER JOIN role_menu rm ON m.`id`=rm.`mid` WHERE m.parent_id=107 and rm.`rid`=21 [ RunTime:0.003817s ]
[ 2013-07-15T11:27:34+08:00 ] SQL: SHOW COLUMNS FROM `user` [ RunTime:0.005651s ]
[ 2013-07-15T11:27:34+08:00 ] SQL: SELECT * FROM `user` WHERE ( `username` = 'admin' ) LIMIT 1  [ RunTime:0.001048s ]
[ 2013-07-15T11:27:34+08:00 ] SQL: SHOW COLUMNS FROM `msg` [ RunTime:0.004319s ]
[ 2013-07-15T11:27:34+08:00 ] SQL: SELECT COUNT(*) as C FROM (SELECT
		m.id,IFNULL(mr.readerid,0) isread
		FROM
		msg m LEFT JOIN msgreader mr ON m.`id`=mr.`msgid` AND mr.`readerid`=10
		WHERE INSTR(
				CONCAT(',', m.receiversid, ','),
				CONCAT(',', 10, ',')
		) > 0 AND m.code = 13108617) z WHERE z.isread =0 [ RunTime:0.011201s ]
[ 2013-07-15T11:27:34+08:00 ] SQL: SHOW COLUMNS FROM `work` [ RunTime:0.004765s ]
[ 2013-07-15T11:27:34+08:00 ] SQL: SELECT COUNT(*) AS tp_count FROM `work` WHERE code='13108617' and awoke =1 and uid =10 and UNIX_TIMESTAMP(NOW()) - UNIX_TIMESTAMP(DATE_ADD(
			    STR_TO_DATE(
			      CONCAT(
			        DATE(`date`),
			        ' ',
			        ehour,
			        ':',
			        eminute,
			        ':00'
			      ),
			      '%Y-%m-%d %H:%i:%s'
			    ),INTERVAL overday DAY)
			  ) < 0   LIMIT 1  [ RunTime:0.003451s ]
[ 2013-07-15T11:27:34+08:00 ] SQL: SHOW COLUMNS FROM `msgwork` [ RunTime:0.005220s ]
[ 2013-07-15T11:27:34+08:00 ] SQL: SELECT COUNT(*) AS tp_count FROM `msgwork` WHERE code='13108617' and issenderread =0 and senderid =10 LIMIT 1  [ RunTime:0.001144s ]
[ 2013-07-15T11:27:34+08:00 ] SQL: SELECT COUNT(*) AS tp_count FROM `msgwork` WHERE code='13108617' and isreceiverread =0 and receiverid =10 LIMIT 1  [ RunTime:0.001135s ]
[ 2013-07-15T11:27:34+08:00 ] SQL: SELECT m.id,m.`name`,m.`parent_id`,m.`link`,m.`image`,m.`target`,rm.`ext` FROM menu m INNER JOIN role_menu rm ON m.`id`=rm.`mid` WHERE m.parent_id is NULL and pos=1 and rm.`rid`=21 [ RunTime:0.003891s ]
[ 2013-07-15T11:27:34+08:00 ] SQL: SELECT m.id,m.`name`,m.`parent_id`,m.`link`,m.`image`,m.`target`,rm.`ext` FROM menu m INNER JOIN role_menu rm ON m.`id`=rm.`mid` WHERE m.parent_id=1 and rm.`rid`=21 [ RunTime:0.003364s ]
[ 2013-07-15T11:27:34+08:00 ] SQL: SELECT m.id,m.`name`,m.`parent_id`,m.`link`,m.`image`,m.`target`,rm.`ext` FROM menu m INNER JOIN role_menu rm ON m.`id`=rm.`mid` WHERE m.parent_id=2 and rm.`rid`=21 [ RunTime:0.003786s ]
[ 2013-07-15T11:27:34+08:00 ] SQL: SELECT m.id,m.`name`,m.`parent_id`,m.`link`,m.`image`,m.`target`,rm.`ext` FROM menu m INNER JOIN role_menu rm ON m.`id`=rm.`mid` WHERE m.parent_id=6 and rm.`rid`=21 [ RunTime:0.003866s ]
[ 2013-07-15T11:27:34+08:00 ] SQL: SELECT m.id,m.`name`,m.`parent_id`,m.`link`,m.`image`,m.`target`,rm.`ext` FROM menu m INNER JOIN role_menu rm ON m.`id`=rm.`mid` WHERE m.parent_id=7 and rm.`rid`=21 [ RunTime:0.003396s ]
[ 2013-07-15T11:27:34+08:00 ] SQL: SELECT m.id,m.`name`,m.`parent_id`,m.`link`,m.`image`,m.`target`,rm.`ext` FROM menu m INNER JOIN role_menu rm ON m.`id`=rm.`mid` WHERE m.parent_id=8 and rm.`rid`=21 [ RunTime:0.003523s ]
[ 2013-07-15T11:27:34+08:00 ] SQL: SELECT m.id,m.`name`,m.`parent_id`,m.`link`,m.`image`,m.`target`,rm.`ext` FROM menu m INNER JOIN role_menu rm ON m.`id`=rm.`mid` WHERE m.parent_id=34 and rm.`rid`=21 [ RunTime:0.003593s ]
[ 2013-07-15T11:27:34+08:00 ] SQL: SELECT m.id,m.`name`,m.`parent_id`,m.`link`,m.`image`,m.`target`,rm.`ext` FROM menu m INNER JOIN role_menu rm ON m.`id`=rm.`mid` WHERE m.parent_id=35 and rm.`rid`=21 [ RunTime:0.003674s ]
[ 2013-07-15T11:27:34+08:00 ] SQL: SELECT m.id,m.`name`,m.`parent_id`,m.`link`,m.`image`,m.`target`,rm.`ext` FROM menu m INNER JOIN role_menu rm ON m.`id`=rm.`mid` WHERE m.parent_id=36 and rm.`rid`=21 [ RunTime:0.003319s ]
[ 2013-07-15T11:27:34+08:00 ] SQL: SELECT m.id,m.`name`,m.`parent_id`,m.`link`,m.`image`,m.`target`,rm.`ext` FROM menu m INNER JOIN role_menu rm ON m.`id`=rm.`mid` WHERE m.parent_id=39 and rm.`rid`=21 [ RunTime:0.004079s ]
[ 2013-07-15T11:27:34+08:00 ] SQL: SELECT m.id,m.`name`,m.`parent_id`,m.`link`,m.`image`,m.`target`,rm.`ext` FROM menu m INNER JOIN role_menu rm ON m.`id`=rm.`mid` WHERE m.parent_id=42 and rm.`rid`=21 [ RunTime:0.003398s ]
[ 2013-07-15T11:27:35+08:00 ] SQL: SELECT m.id,m.`name`,m.`parent_id`,m.`link`,m.`image`,m.`target`,rm.`ext` FROM menu m INNER JOIN role_menu rm ON m.`id`=rm.`mid` WHERE m.parent_id=45 and rm.`rid`=21 [ RunTime:0.004061s ]
[ 2013-07-15T11:27:35+08:00 ] SQL: SELECT m.id,m.`name`,m.`parent_id`,m.`link`,m.`image`,m.`target`,rm.`ext` FROM menu m INNER JOIN role_menu rm ON m.`id`=rm.`mid` WHERE m.parent_id=51 and rm.`rid`=21 [ RunTime:0.003412s ]
[ 2013-07-15T11:27:35+08:00 ] SQL: SELECT m.id,m.`name`,m.`parent_id`,m.`link`,m.`image`,m.`target`,rm.`ext` FROM menu m INNER JOIN role_menu rm ON m.`id`=rm.`mid` WHERE m.parent_id=108 and rm.`rid`=21 [ RunTime:0.003498s ]
[ 2013-07-15T11:27:35+08:00 ] SQL: SELECT m.id,m.`name`,m.`parent_id`,m.`link`,m.`image`,m.`target`,rm.`ext` FROM menu m INNER JOIN role_menu rm ON m.`id`=rm.`mid` WHERE m.parent_id=111 and rm.`rid`=21 [ RunTime:0.003477s ]
[ 2013-07-15T11:27:35+08:00 ] SQL: SELECT m.id,m.`name`,m.`parent_id`,m.`link`,m.`image`,m.`target`,rm.`ext` FROM menu m INNER JOIN role_menu rm ON m.`id`=rm.`mid` WHERE m.parent_id=115 and rm.`rid`=21 [ RunTime:0.004065s ]
[ 2013-07-15T11:27:35+08:00 ] SQL: SELECT m.id,m.`name`,m.`parent_id`,m.`link`,m.`image`,m.`target`,rm.`ext` FROM menu m INNER JOIN role_menu rm ON m.`id`=rm.`mid` WHERE m.parent_id=59 and rm.`rid`=21 [ RunTime:0.003814s ]
[ 2013-07-15T11:27:35+08:00 ] SQL: SELECT m.id,m.`name`,m.`parent_id`,m.`link`,m.`image`,m.`target`,rm.`ext` FROM menu m INNER JOIN role_menu rm ON m.`id`=rm.`mid` WHERE m.parent_id is NULL and pos=0 and rm.`rid`=21 [ RunTime:0.003550s ]
[ 2013-07-15T11:27:35+08:00 ] SQL: SELECT m.id,m.`name`,m.`parent_id`,m.`link`,m.`image`,m.`target`,rm.`ext` FROM menu m INNER JOIN role_menu rm ON m.`id`=rm.`mid` WHERE m.parent_id=15 and rm.`rid`=21 [ RunTime:0.003501s ]
[ 2013-07-15T11:27:35+08:00 ] SQL: SELECT m.id,m.`name`,m.`parent_id`,m.`link`,m.`image`,m.`target`,rm.`ext` FROM menu m INNER JOIN role_menu rm ON m.`id`=rm.`mid` WHERE m.parent_id=16 and rm.`rid`=21 [ RunTime:0.003709s ]
[ 2013-07-15T11:27:35+08:00 ] SQL: SELECT m.id,m.`name`,m.`parent_id`,m.`link`,m.`image`,m.`target`,rm.`ext` FROM menu m INNER JOIN role_menu rm ON m.`id`=rm.`mid` WHERE m.parent_id=19 and rm.`rid`=21 [ RunTime:0.003606s ]
[ 2013-07-15T11:27:35+08:00 ] SQL: SELECT m.id,m.`name`,m.`parent_id`,m.`link`,m.`image`,m.`target`,rm.`ext` FROM menu m INNER JOIN role_menu rm ON m.`id`=rm.`mid` WHERE m.parent_id=24 and rm.`rid`=21 [ RunTime:0.003726s ]
[ 2013-07-15T11:27:35+08:00 ] SQL: SELECT m.id,m.`name`,m.`parent_id`,m.`link`,m.`image`,m.`target`,rm.`ext` FROM menu m INNER JOIN role_menu rm ON m.`id`=rm.`mid` WHERE m.parent_id=27 and rm.`rid`=21 [ RunTime:0.003977s ]
[ 2013-07-15T11:27:35+08:00 ] SQL: SELECT m.id,m.`name`,m.`parent_id`,m.`link`,m.`image`,m.`target`,rm.`ext` FROM menu m INNER JOIN role_menu rm ON m.`id`=rm.`mid` WHERE m.parent_id=31 and rm.`rid`=21 [ RunTime:0.004083s ]
[ 2013-07-15T11:27:35+08:00 ] SQL: SELECT m.id,m.`name`,m.`parent_id`,m.`link`,m.`image`,m.`target`,rm.`ext` FROM menu m INNER JOIN role_menu rm ON m.`id`=rm.`mid` WHERE m.parent_id is NULL and (pos=2 OR m.name='專案管理') and rm.`rid`=21 [ RunTime:0.003729s ]
[ 2013-07-15T11:27:35+08:00 ] SQL: SELECT m.id,m.`name`,m.`parent_id`,m.`link`,m.`image`,m.`target`,rm.`ext` FROM menu m INNER JOIN role_menu rm ON m.`id`=rm.`mid` WHERE m.parent_id=59 and rm.`rid`=21 [ RunTime:0.008129s ]
[ 2013-07-15T11:27:35+08:00 ] SQL: SELECT m.id,m.`name`,m.`parent_id`,m.`link`,m.`image`,m.`target`,rm.`ext` FROM menu m INNER JOIN role_menu rm ON m.`id`=rm.`mid` WHERE m.parent_id=69 and rm.`rid`=21 [ RunTime:0.004272s ]
[ 2013-07-15T11:27:35+08:00 ] SQL: SELECT m.id,m.`name`,m.`parent_id`,m.`link`,m.`image`,m.`target`,rm.`ext` FROM menu m INNER JOIN role_menu rm ON m.`id`=rm.`mid` WHERE m.parent_id=76 and rm.`rid`=21 [ RunTime:0.003437s ]
[ 2013-07-15T11:27:35+08:00 ] SQL: SELECT m.id,m.`name`,m.`parent_id`,m.`link`,m.`image`,m.`target`,rm.`ext` FROM menu m INNER JOIN role_menu rm ON m.`id`=rm.`mid` WHERE m.parent_id=79 and rm.`rid`=21 [ RunTime:0.003847s ]
[ 2013-07-15T11:27:35+08:00 ] SQL: SELECT m.id,m.`name`,m.`parent_id`,m.`link`,m.`image`,m.`target`,rm.`ext` FROM menu m INNER JOIN role_menu rm ON m.`id`=rm.`mid` WHERE m.parent_id=87 and rm.`rid`=21 [ RunTime:0.003416s ]
[ 2013-07-15T11:27:35+08:00 ] SQL: SELECT m.id,m.`name`,m.`parent_id`,m.`link`,m.`image`,m.`target`,rm.`ext` FROM menu m INNER JOIN role_menu rm ON m.`id`=rm.`mid` WHERE m.parent_id=101 and rm.`rid`=21 [ RunTime:0.003756s ]
[ 2013-07-15T11:27:35+08:00 ] SQL: SELECT m.id,m.`name`,m.`parent_id`,m.`link`,m.`image`,m.`target`,rm.`ext` FROM menu m INNER JOIN role_menu rm ON m.`id`=rm.`mid` WHERE m.parent_id=107 and rm.`rid`=21 [ RunTime:0.003399s ]
[ 2013-07-15T11:27:35+08:00 ] NOTIC: [8] Undefined index: exts BaseAction.class.php 第 80 行.
[ 2013-07-15T11:27:35+08:00 ] SQL: SELECT 
			  rm.*,
			  m.`link` 
			FROM
			  `menu` m 
			  INNER JOIN `role_menu` rm 
			    ON m.`id` = rm.`mid` 
			WHERE rm.`rid` = 21 
			  AND m.`ext` IS NOT NULL  [ RunTime:0.003807s ]
[ 2013-07-15T11:27:35+08:00 ] NOTIC: [8] Undefined index: key WorkAction.class.php 第 15 行.
[ 2013-07-15T11:27:35+08:00 ] SQL: SELECT 
			  w.* ,u.`ucode`,d.`id` depart,IFNULL(t.`name` ,w.typename) `type`
			FROM
			  `work` w 
			  INNER JOIN `user` u 
			    ON u.`id` = w.`uid` 
			   INNER JOIN depart d ON d.`id`=u.`depart`
			   LEFT JOIN `type` t ON t.`id`=w.`type`
			WHERE w.`code` = '13108617' AND w.uid= 10 [ RunTime:0.008768s ]
[ 2013-07-15T11:27:35+08:00 ] SQL: SELECT 
			  w.* ,u.`ucode`,d.`id` depart,IFNULL(t.`name` ,w.typename) `type`
			FROM
			  `work` w 
			  INNER JOIN `user` u 
			    ON u.`id` = w.`uid` 
			   INNER JOIN depart d ON d.`id`=u.`depart`
			   LEFT JOIN `type` t ON t.`id`=w.`type`
			WHERE w.`code` = '13108617' AND w.uid= 10 limit 0,20 [ RunTime:0.008829s ]
[ 2013-07-15T11:28:17+08:00 ] NOTIC: [8] Undefined index: key WorkAction.class.php 第 15 行.
[ 2013-07-15T11:28:17+08:00 ] SQL: SELECT 
			  w.* ,u.`ucode`,d.`id` depart,IFNULL(t.`name` ,w.typename) `type`
			FROM
			  `work` w 
			  INNER JOIN `user` u 
			    ON u.`id` = w.`uid` 
			   INNER JOIN depart d ON d.`id`=u.`depart`
			   LEFT JOIN `type` t ON t.`id`=w.`type`
			WHERE w.`code` = '13108617' AND w.uid= 10 [ RunTime:0.010027s ]
[ 2013-07-15T11:28:17+08:00 ] SQL: SELECT 
			  w.* ,u.`ucode`,d.`id` depart,IFNULL(t.`name` ,w.typename) `type`
			FROM
			  `work` w 
			  INNER JOIN `user` u 
			    ON u.`id` = w.`uid` 
			   INNER JOIN depart d ON d.`id`=u.`depart`
			   LEFT JOIN `type` t ON t.`id`=w.`type`
			WHERE w.`code` = '13108617' AND w.uid= 10 limit 0,20 [ RunTime:0.010126s ]
[ 2013-07-15T11:28:19+08:00 ] NOTIC: [8] Undefined index: key WorkAction.class.php 第 15 行.
[ 2013-07-15T11:28:19+08:00 ] SQL: SELECT 
			  w.* ,u.`ucode`,d.`id` depart,IFNULL(t.`name` ,w.typename) `type`
			FROM
			  `work` w 
			  INNER JOIN `user` u 
			    ON u.`id` = w.`uid` 
			   INNER JOIN depart d ON d.`id`=u.`depart`
			   LEFT JOIN `type` t ON t.`id`=w.`type`
			WHERE w.`code` = '13108617' AND w.uid= 10 [ RunTime:0.009090s ]
[ 2013-07-15T11:28:19+08:00 ] SQL: SELECT 
			  w.* ,u.`ucode`,d.`id` depart,IFNULL(t.`name` ,w.typename) `type`
			FROM
			  `work` w 
			  INNER JOIN `user` u 
			    ON u.`id` = w.`uid` 
			   INNER JOIN depart d ON d.`id`=u.`depart`
			   LEFT JOIN `type` t ON t.`id`=w.`type`
			WHERE w.`code` = '13108617' AND w.uid= 10 limit 0,20 [ RunTime:0.008297s ]
[ 2013-07-15T11:28:22+08:00 ] NOTIC: [8] Undefined index: sdate CheckAction.class.php 第 4 行.
[ 2013-07-15T11:28:22+08:00 ] NOTIC: [8] Undefined index: edate CheckAction.class.php 第 5 行.
[ 2013-07-15T11:28:22+08:00 ] SQL: SHOW COLUMNS FROM `check` [ RunTime:0.004922s ]
[ 2013-07-15T11:28:22+08:00 ] SQL: SELECT COUNT(*) AS tp_count FROM `check` WHERE  `code`='13108617'  and uid=10 LIMIT 1  [ RunTime:0.016039s ]
[ 2013-07-15T11:28:22+08:00 ] SQL: SELECT * FROM `check` WHERE  `code`='13108617'  and uid=10 ORDER BY id desc LIMIT 0,20  [ RunTime:0.003417s ]
[ 2013-07-15T11:28:25+08:00 ] NOTIC: [8] Undefined index: key WorkAction.class.php 第 15 行.
[ 2013-07-15T11:28:25+08:00 ] SQL: SELECT 
			  w.* ,u.`ucode`,d.`id` depart,IFNULL(t.`name` ,w.typename) `type`
			FROM
			  `work` w 
			  INNER JOIN `user` u 
			    ON u.`id` = w.`uid` 
			   INNER JOIN depart d ON d.`id`=u.`depart`
			   LEFT JOIN `type` t ON t.`id`=w.`type`
			WHERE w.`code` = '13108617' AND w.uid= 10 [ RunTime:0.008544s ]
[ 2013-07-15T11:28:25+08:00 ] SQL: SELECT 
			  w.* ,u.`ucode`,d.`id` depart,IFNULL(t.`name` ,w.typename) `type`
			FROM
			  `work` w 
			  INNER JOIN `user` u 
			    ON u.`id` = w.`uid` 
			   INNER JOIN depart d ON d.`id`=u.`depart`
			   LEFT JOIN `type` t ON t.`id`=w.`type`
			WHERE w.`code` = '13108617' AND w.uid= 10 limit 0,20 [ RunTime:0.009270s ]
[ 2013-07-15T15:00:41+08:00 ] NOTIC: [8] Undefined index: SESSION_USER BaseAction.class.php 第 22 行.
[ 2013-07-15T15:00:41+08:00 ] NOTIC: [8] Undefined index: username IndexAction.class.php 第 4 行.
[ 2013-07-15T15:00:41+08:00 ] NOTIC: [8] Undefined index: pwd IndexAction.class.php 第 5 行.
[ 2013-07-15T15:00:43+08:00 ] SQL: SHOW COLUMNS FROM `user` [ RunTime:0.014822s ]
[ 2013-07-15T15:00:43+08:00 ] SQL: SELECT * FROM `user` WHERE ( `username` = 'admin' ) LIMIT 1  [ RunTime:0.001713s ]
[ 2013-07-15T15:00:43+08:00 ] SQL: SHOW COLUMNS FROM `msg` [ RunTime:0.021471s ]
[ 2013-07-15T15:00:43+08:00 ] SQL: SELECT COUNT(*) as C FROM (SELECT
		m.id,IFNULL(mr.readerid,0) isread
		FROM
		msg m LEFT JOIN msgreader mr ON m.`id`=mr.`msgid` AND mr.`readerid`=10
		WHERE INSTR(
				CONCAT(',', m.receiversid, ','),
				CONCAT(',', 10, ',')
		) > 0 AND m.code = 13108617) z WHERE z.isread =0 [ RunTime:0.011225s ]
[ 2013-07-15T15:00:43+08:00 ] SQL: SHOW COLUMNS FROM `work` [ RunTime:0.005269s ]
[ 2013-07-15T15:00:43+08:00 ] SQL: SELECT COUNT(*) AS tp_count FROM `work` WHERE code='13108617' and awoke =1 and uid =10 and UNIX_TIMESTAMP(NOW()) - UNIX_TIMESTAMP(DATE_ADD(
			    STR_TO_DATE(
			      CONCAT(
			        DATE(`date`),
			        ' ',
			        ehour,
			        ':',
			        eminute,
			        ':00'
			      ),
			      '%Y-%m-%d %H:%i:%s'
			    ),INTERVAL overday DAY)
			  ) < 0   LIMIT 1  [ RunTime:0.003680s ]
[ 2013-07-15T15:00:44+08:00 ] SQL: SHOW COLUMNS FROM `msgwork` [ RunTime:0.005038s ]
[ 2013-07-15T15:00:44+08:00 ] SQL: SELECT COUNT(*) AS tp_count FROM `msgwork` WHERE code='13108617' and issenderread =0 and senderid =10 LIMIT 1  [ RunTime:0.001263s ]
[ 2013-07-15T15:00:44+08:00 ] SQL: SELECT COUNT(*) AS tp_count FROM `msgwork` WHERE code='13108617' and isreceiverread =0 and receiverid =10 LIMIT 1  [ RunTime:0.001102s ]
[ 2013-07-15T15:00:44+08:00 ] SQL: SELECT m.id,m.`name`,m.`parent_id`,m.`link`,m.`image`,m.`target`,rm.`ext` FROM menu m INNER JOIN role_menu rm ON m.`id`=rm.`mid` WHERE m.parent_id is NULL and pos=1 and rm.`rid`=21 [ RunTime:0.004282s ]
[ 2013-07-15T15:00:44+08:00 ] SQL: SELECT m.id,m.`name`,m.`parent_id`,m.`link`,m.`image`,m.`target`,rm.`ext` FROM menu m INNER JOIN role_menu rm ON m.`id`=rm.`mid` WHERE m.parent_id=1 and rm.`rid`=21 [ RunTime:0.003782s ]
[ 2013-07-15T15:00:44+08:00 ] SQL: SELECT m.id,m.`name`,m.`parent_id`,m.`link`,m.`image`,m.`target`,rm.`ext` FROM menu m INNER JOIN role_menu rm ON m.`id`=rm.`mid` WHERE m.parent_id=2 and rm.`rid`=21 [ RunTime:0.003761s ]
[ 2013-07-15T15:00:44+08:00 ] SQL: SELECT m.id,m.`name`,m.`parent_id`,m.`link`,m.`image`,m.`target`,rm.`ext` FROM menu m INNER JOIN role_menu rm ON m.`id`=rm.`mid` WHERE m.parent_id=6 and rm.`rid`=21 [ RunTime:0.003369s ]
[ 2013-07-15T15:00:44+08:00 ] SQL: SELECT m.id,m.`name`,m.`parent_id`,m.`link`,m.`image`,m.`target`,rm.`ext` FROM menu m INNER JOIN role_menu rm ON m.`id`=rm.`mid` WHERE m.parent_id=7 and rm.`rid`=21 [ RunTime:0.003666s ]
[ 2013-07-15T15:00:44+08:00 ] SQL: SELECT m.id,m.`name`,m.`parent_id`,m.`link`,m.`image`,m.`target`,rm.`ext` FROM menu m INNER JOIN role_menu rm ON m.`id`=rm.`mid` WHERE m.parent_id=8 and rm.`rid`=21 [ RunTime:0.003836s ]
[ 2013-07-15T15:00:44+08:00 ] SQL: SELECT m.id,m.`name`,m.`parent_id`,m.`link`,m.`image`,m.`target`,rm.`ext` FROM menu m INNER JOIN role_menu rm ON m.`id`=rm.`mid` WHERE m.parent_id=34 and rm.`rid`=21 [ RunTime:0.003953s ]
[ 2013-07-15T15:00:44+08:00 ] SQL: SELECT m.id,m.`name`,m.`parent_id`,m.`link`,m.`image`,m.`target`,rm.`ext` FROM menu m INNER JOIN role_menu rm ON m.`id`=rm.`mid` WHERE m.parent_id=35 and rm.`rid`=21 [ RunTime:0.003682s ]
[ 2013-07-15T15:00:44+08:00 ] SQL: SELECT m.id,m.`name`,m.`parent_id`,m.`link`,m.`image`,m.`target`,rm.`ext` FROM menu m INNER JOIN role_menu rm ON m.`id`=rm.`mid` WHERE m.parent_id=36 and rm.`rid`=21 [ RunTime:0.010789s ]
[ 2013-07-15T15:00:44+08:00 ] SQL: SELECT m.id,m.`name`,m.`parent_id`,m.`link`,m.`image`,m.`target`,rm.`ext` FROM menu m INNER JOIN role_menu rm ON m.`id`=rm.`mid` WHERE m.parent_id=39 and rm.`rid`=21 [ RunTime:0.003406s ]
[ 2013-07-15T15:00:44+08:00 ] SQL: SELECT m.id,m.`name`,m.`parent_id`,m.`link`,m.`image`,m.`target`,rm.`ext` FROM menu m INNER JOIN role_menu rm ON m.`id`=rm.`mid` WHERE m.parent_id=42 and rm.`rid`=21 [ RunTime:0.003881s ]
[ 2013-07-15T15:00:44+08:00 ] SQL: SELECT m.id,m.`name`,m.`parent_id`,m.`link`,m.`image`,m.`target`,rm.`ext` FROM menu m INNER JOIN role_menu rm ON m.`id`=rm.`mid` WHERE m.parent_id=45 and rm.`rid`=21 [ RunTime:0.003497s ]
[ 2013-07-15T15:00:44+08:00 ] SQL: SELECT m.id,m.`name`,m.`parent_id`,m.`link`,m.`image`,m.`target`,rm.`ext` FROM menu m INNER JOIN role_menu rm ON m.`id`=rm.`mid` WHERE m.parent_id=51 and rm.`rid`=21 [ RunTime:0.003916s ]
[ 2013-07-15T15:00:44+08:00 ] SQL: SELECT m.id,m.`name`,m.`parent_id`,m.`link`,m.`image`,m.`target`,rm.`ext` FROM menu m INNER JOIN role_menu rm ON m.`id`=rm.`mid` WHERE m.parent_id=108 and rm.`rid`=21 [ RunTime:0.003689s ]
[ 2013-07-15T15:00:44+08:00 ] SQL: SELECT m.id,m.`name`,m.`parent_id`,m.`link`,m.`image`,m.`target`,rm.`ext` FROM menu m INNER JOIN role_menu rm ON m.`id`=rm.`mid` WHERE m.parent_id=111 and rm.`rid`=21 [ RunTime:0.004519s ]
[ 2013-07-15T15:00:44+08:00 ] SQL: SELECT m.id,m.`name`,m.`parent_id`,m.`link`,m.`image`,m.`target`,rm.`ext` FROM menu m INNER JOIN role_menu rm ON m.`id`=rm.`mid` WHERE m.parent_id=115 and rm.`rid`=21 [ RunTime:0.003825s ]
[ 2013-07-15T15:00:44+08:00 ] SQL: SELECT m.id,m.`name`,m.`parent_id`,m.`link`,m.`image`,m.`target`,rm.`ext` FROM menu m INNER JOIN role_menu rm ON m.`id`=rm.`mid` WHERE m.parent_id=59 and rm.`rid`=21 [ RunTime:0.004378s ]
[ 2013-07-15T15:00:44+08:00 ] SQL: SELECT m.id,m.`name`,m.`parent_id`,m.`link`,m.`image`,m.`target`,rm.`ext` FROM menu m INNER JOIN role_menu rm ON m.`id`=rm.`mid` WHERE m.parent_id is NULL and pos=0 and rm.`rid`=21 [ RunTime:0.003789s ]
[ 2013-07-15T15:00:44+08:00 ] SQL: SELECT m.id,m.`name`,m.`parent_id`,m.`link`,m.`image`,m.`target`,rm.`ext` FROM menu m INNER JOIN role_menu rm ON m.`id`=rm.`mid` WHERE m.parent_id=15 and rm.`rid`=21 [ RunTime:0.003426s ]
[ 2013-07-15T15:00:44+08:00 ] SQL: SELECT m.id,m.`name`,m.`parent_id`,m.`link`,m.`image`,m.`target`,rm.`ext` FROM menu m INNER JOIN role_menu rm ON m.`id`=rm.`mid` WHERE m.parent_id=16 and rm.`rid`=21 [ RunTime:0.003547s ]
[ 2013-07-15T15:00:44+08:00 ] SQL: SELECT m.id,m.`name`,m.`parent_id`,m.`link`,m.`image`,m.`target`,rm.`ext` FROM menu m INNER JOIN role_menu rm ON m.`id`=rm.`mid` WHERE m.parent_id=19 and rm.`rid`=21 [ RunTime:0.003561s ]
[ 2013-07-15T15:00:44+08:00 ] SQL: SELECT m.id,m.`name`,m.`parent_id`,m.`link`,m.`image`,m.`target`,rm.`ext` FROM menu m INNER JOIN role_menu rm ON m.`id`=rm.`mid` WHERE m.parent_id=24 and rm.`rid`=21 [ RunTime:0.003383s ]
[ 2013-07-15T15:00:44+08:00 ] SQL: SELECT m.id,m.`name`,m.`parent_id`,m.`link`,m.`image`,m.`target`,rm.`ext` FROM menu m INNER JOIN role_menu rm ON m.`id`=rm.`mid` WHERE m.parent_id=27 and rm.`rid`=21 [ RunTime:0.003363s ]
[ 2013-07-15T15:00:44+08:00 ] SQL: SELECT m.id,m.`name`,m.`parent_id`,m.`link`,m.`image`,m.`target`,rm.`ext` FROM menu m INNER JOIN role_menu rm ON m.`id`=rm.`mid` WHERE m.parent_id=31 and rm.`rid`=21 [ RunTime:0.003405s ]
[ 2013-07-15T15:00:44+08:00 ] SQL: SELECT m.id,m.`name`,m.`parent_id`,m.`link`,m.`image`,m.`target`,rm.`ext` FROM menu m INNER JOIN role_menu rm ON m.`id`=rm.`mid` WHERE m.parent_id is NULL and (pos=2 OR m.name='專案管理') and rm.`rid`=21 [ RunTime:0.003919s ]
[ 2013-07-15T15:00:44+08:00 ] SQL: SELECT m.id,m.`name`,m.`parent_id`,m.`link`,m.`image`,m.`target`,rm.`ext` FROM menu m INNER JOIN role_menu rm ON m.`id`=rm.`mid` WHERE m.parent_id=59 and rm.`rid`=21 [ RunTime:0.003459s ]
[ 2013-07-15T15:00:44+08:00 ] SQL: SELECT m.id,m.`name`,m.`parent_id`,m.`link`,m.`image`,m.`target`,rm.`ext` FROM menu m INNER JOIN role_menu rm ON m.`id`=rm.`mid` WHERE m.parent_id=69 and rm.`rid`=21 [ RunTime:0.003627s ]
[ 2013-07-15T15:00:44+08:00 ] SQL: SELECT m.id,m.`name`,m.`parent_id`,m.`link`,m.`image`,m.`target`,rm.`ext` FROM menu m INNER JOIN role_menu rm ON m.`id`=rm.`mid` WHERE m.parent_id=76 and rm.`rid`=21 [ RunTime:0.003665s ]
[ 2013-07-15T15:00:44+08:00 ] SQL: SELECT m.id,m.`name`,m.`parent_id`,m.`link`,m.`image`,m.`target`,rm.`ext` FROM menu m INNER JOIN role_menu rm ON m.`id`=rm.`mid` WHERE m.parent_id=79 and rm.`rid`=21 [ RunTime:0.004199s ]
[ 2013-07-15T15:00:44+08:00 ] SQL: SELECT m.id,m.`name`,m.`parent_id`,m.`link`,m.`image`,m.`target`,rm.`ext` FROM menu m INNER JOIN role_menu rm ON m.`id`=rm.`mid` WHERE m.parent_id=87 and rm.`rid`=21 [ RunTime:0.005235s ]
[ 2013-07-15T15:00:44+08:00 ] SQL: SELECT m.id,m.`name`,m.`parent_id`,m.`link`,m.`image`,m.`target`,rm.`ext` FROM menu m INNER JOIN role_menu rm ON m.`id`=rm.`mid` WHERE m.parent_id=101 and rm.`rid`=21 [ RunTime:0.003554s ]
[ 2013-07-15T15:00:44+08:00 ] SQL: SELECT m.id,m.`name`,m.`parent_id`,m.`link`,m.`image`,m.`target`,rm.`ext` FROM menu m INNER JOIN role_menu rm ON m.`id`=rm.`mid` WHERE m.parent_id=107 and rm.`rid`=21 [ RunTime:0.003443s ]
[ 2013-07-15T15:00:44+08:00 ] NOTIC: [8] Undefined index: exts BaseAction.class.php 第 80 行.
[ 2013-07-15T15:00:44+08:00 ] SQL: SELECT 
			  rm.*,
			  m.`link` 
			FROM
			  `menu` m 
			  INNER JOIN `role_menu` rm 
			    ON m.`id` = rm.`mid` 
			WHERE rm.`rid` = 21 
			  AND m.`ext` IS NOT NULL  [ RunTime:0.004438s ]
[ 2013-07-15T15:00:44+08:00 ] NOTIC: [8] Undefined index: key WorkAction.class.php 第 15 行.
[ 2013-07-15T15:00:44+08:00 ] SQL: SELECT 
			  w.* ,u.`ucode`,d.`id` depart,IFNULL(t.`name` ,w.typename) `type`
			FROM
			  `work` w 
			  INNER JOIN `user` u 
			    ON u.`id` = w.`uid` 
			   INNER JOIN depart d ON d.`id`=u.`depart`
			   LEFT JOIN `type` t ON t.`id`=w.`type`
			WHERE w.`code` = '13108617' AND w.uid= 10 [ RunTime:0.009118s ]
[ 2013-07-15T15:00:44+08:00 ] SQL: SELECT 
			  w.* ,u.`ucode`,d.`id` depart,IFNULL(t.`name` ,w.typename) `type`
			FROM
			  `work` w 
			  INNER JOIN `user` u 
			    ON u.`id` = w.`uid` 
			   INNER JOIN depart d ON d.`id`=u.`depart`
			   LEFT JOIN `type` t ON t.`id`=w.`type`
			WHERE w.`code` = '13108617' AND w.uid= 10 limit 0,20 [ RunTime:0.008851s ]
[ 2013-07-15T15:00:48+08:00 ] SQL: SHOW COLUMNS FROM `work` [ RunTime:0.004896s ]
[ 2013-07-15T15:00:48+08:00 ] SQL: SELECT * FROM `work` WHERE ( `id` = '712' ) LIMIT 1  [ RunTime:0.001167s ]
[ 2013-07-15T15:00:48+08:00 ] SQL: UPDATE `work` SET `awoke`=0 WHERE ( `id` = '712' ) [ RunTime:0.116472s ]
[ 2013-07-15T15:00:48+08:00 ] SQL: SHOW COLUMNS FROM `work` [ RunTime:0.009666s ]
[ 2013-07-15T15:00:48+08:00 ] SQL: SELECT COUNT(*) AS tp_count FROM `work` WHERE  `code`='13108617'  and awoke =1 and uid =10 and UNIX_TIMESTAMP(NOW()) - UNIX_TIMESTAMP(DATE_ADD(
			    STR_TO_DATE(
			      CONCAT(
			        DATE(`date`),
			        ' ',
			        ehour,
			        ':',
			        eminute,
			        ':00'
			      ),
			      '%Y-%m-%d %H:%i:%s'
			    ),INTERVAL overday DAY)
			  ) < 0   LIMIT 1  [ RunTime:0.003730s ]
[ 2013-07-15T15:00:51+08:00 ] ERR: (ThinkException) 无法加载模块localhost
[ 2013-07-15T15:01:16+08:00 ] NOTIC: [8] Undefined index: username IndexAction.class.php 第 4 行.
[ 2013-07-15T15:01:16+08:00 ] NOTIC: [8] Undefined index: pwd IndexAction.class.php 第 5 行.
[ 2013-07-15T15:01:21+08:00 ] SQL: SHOW COLUMNS FROM `user` [ RunTime:0.006602s ]
[ 2013-07-15T15:01:21+08:00 ] SQL: SELECT * FROM `user` WHERE ( `username` = 'admin' ) LIMIT 1  [ RunTime:0.001080s ]
[ 2013-07-15T15:01:21+08:00 ] SQL: SHOW COLUMNS FROM `msg` [ RunTime:0.004686s ]
[ 2013-07-15T15:01:21+08:00 ] SQL: SELECT COUNT(*) as C FROM (SELECT
		m.id,IFNULL(mr.readerid,0) isread
		FROM
		msg m LEFT JOIN msgreader mr ON m.`id`=mr.`msgid` AND mr.`readerid`=10
		WHERE INSTR(
				CONCAT(',', m.receiversid, ','),
				CONCAT(',', 10, ',')
		) > 0 AND m.code = 13108617) z WHERE z.isread =0 [ RunTime:0.011721s ]
[ 2013-07-15T15:01:21+08:00 ] SQL: SHOW COLUMNS FROM `work` [ RunTime:0.004793s ]
[ 2013-07-15T15:01:21+08:00 ] SQL: SELECT COUNT(*) AS tp_count FROM `work` WHERE code='13108617' and awoke =1 and uid =10 and UNIX_TIMESTAMP(NOW()) - UNIX_TIMESTAMP(DATE_ADD(
			    STR_TO_DATE(
			      CONCAT(
			        DATE(`date`),
			        ' ',
			        ehour,
			        ':',
			        eminute,
			        ':00'
			      ),
			      '%Y-%m-%d %H:%i:%s'
			    ),INTERVAL overday DAY)
			  ) < 0   LIMIT 1  [ RunTime:0.003886s ]
[ 2013-07-15T15:01:21+08:00 ] SQL: SHOW COLUMNS FROM `msgwork` [ RunTime:0.006141s ]
[ 2013-07-15T15:01:21+08:00 ] SQL: SELECT COUNT(*) AS tp_count FROM `msgwork` WHERE code='13108617' and issenderread =0 and senderid =10 LIMIT 1  [ RunTime:0.001360s ]
[ 2013-07-15T15:01:21+08:00 ] SQL: SELECT COUNT(*) AS tp_count FROM `msgwork` WHERE code='13108617' and isreceiverread =0 and receiverid =10 LIMIT 1  [ RunTime:0.001419s ]
[ 2013-07-15T15:01:21+08:00 ] SQL: SELECT m.id,m.`name`,m.`parent_id`,m.`link`,m.`image`,m.`target`,rm.`ext` FROM menu m INNER JOIN role_menu rm ON m.`id`=rm.`mid` WHERE m.parent_id is NULL and pos=1 and rm.`rid`=21 [ RunTime:0.004289s ]
[ 2013-07-15T15:01:21+08:00 ] SQL: SELECT m.id,m.`name`,m.`parent_id`,m.`link`,m.`image`,m.`target`,rm.`ext` FROM menu m INNER JOIN role_menu rm ON m.`id`=rm.`mid` WHERE m.parent_id=1 and rm.`rid`=21 [ RunTime:0.003471s ]
[ 2013-07-15T15:01:21+08:00 ] SQL: SELECT m.id,m.`name`,m.`parent_id`,m.`link`,m.`image`,m.`target`,rm.`ext` FROM menu m INNER JOIN role_menu rm ON m.`id`=rm.`mid` WHERE m.parent_id=2 and rm.`rid`=21 [ RunTime:0.004293s ]
[ 2013-07-15T15:01:21+08:00 ] SQL: SELECT m.id,m.`name`,m.`parent_id`,m.`link`,m.`image`,m.`target`,rm.`ext` FROM menu m INNER JOIN role_menu rm ON m.`id`=rm.`mid` WHERE m.parent_id=6 and rm.`rid`=21 [ RunTime:0.003375s ]
[ 2013-07-15T15:01:21+08:00 ] SQL: SELECT m.id,m.`name`,m.`parent_id`,m.`link`,m.`image`,m.`target`,rm.`ext` FROM menu m INNER JOIN role_menu rm ON m.`id`=rm.`mid` WHERE m.parent_id=7 and rm.`rid`=21 [ RunTime:0.003446s ]
[ 2013-07-15T15:01:21+08:00 ] SQL: SELECT m.id,m.`name`,m.`parent_id`,m.`link`,m.`image`,m.`target`,rm.`ext` FROM menu m INNER JOIN role_menu rm ON m.`id`=rm.`mid` WHERE m.parent_id=8 and rm.`rid`=21 [ RunTime:0.003581s ]
[ 2013-07-15T15:01:21+08:00 ] SQL: SELECT m.id,m.`name`,m.`parent_id`,m.`link`,m.`image`,m.`target`,rm.`ext` FROM menu m INNER JOIN role_menu rm ON m.`id`=rm.`mid` WHERE m.parent_id=34 and rm.`rid`=21 [ RunTime:0.004020s ]
[ 2013-07-15T15:01:21+08:00 ] SQL: SELECT m.id,m.`name`,m.`parent_id`,m.`link`,m.`image`,m.`target`,rm.`ext` FROM menu m INNER JOIN role_menu rm ON m.`id`=rm.`mid` WHERE m.parent_id=35 and rm.`rid`=21 [ RunTime:0.003389s ]
[ 2013-07-15T15:01:21+08:00 ] SQL: SELECT m.id,m.`name`,m.`parent_id`,m.`link`,m.`image`,m.`target`,rm.`ext` FROM menu m INNER JOIN role_menu rm ON m.`id`=rm.`mid` WHERE m.parent_id=36 and rm.`rid`=21 [ RunTime:0.003484s ]
[ 2013-07-15T15:01:21+08:00 ] SQL: SELECT m.id,m.`name`,m.`parent_id`,m.`link`,m.`image`,m.`target`,rm.`ext` FROM menu m INNER JOIN role_menu rm ON m.`id`=rm.`mid` WHERE m.parent_id=39 and rm.`rid`=21 [ RunTime:0.003722s ]
[ 2013-07-15T15:01:21+08:00 ] SQL: SELECT m.id,m.`name`,m.`parent_id`,m.`link`,m.`image`,m.`target`,rm.`ext` FROM menu m INNER JOIN role_menu rm ON m.`id`=rm.`mid` WHERE m.parent_id=42 and rm.`rid`=21 [ RunTime:0.003912s ]
[ 2013-07-15T15:01:21+08:00 ] SQL: SELECT m.id,m.`name`,m.`parent_id`,m.`link`,m.`image`,m.`target`,rm.`ext` FROM menu m INNER JOIN role_menu rm ON m.`id`=rm.`mid` WHERE m.parent_id=45 and rm.`rid`=21 [ RunTime:0.003646s ]
[ 2013-07-15T15:01:21+08:00 ] SQL: SELECT m.id,m.`name`,m.`parent_id`,m.`link`,m.`image`,m.`target`,rm.`ext` FROM menu m INNER JOIN role_menu rm ON m.`id`=rm.`mid` WHERE m.parent_id=51 and rm.`rid`=21 [ RunTime:0.003557s ]
[ 2013-07-15T15:01:21+08:00 ] SQL: SELECT m.id,m.`name`,m.`parent_id`,m.`link`,m.`image`,m.`target`,rm.`ext` FROM menu m INNER JOIN role_menu rm ON m.`id`=rm.`mid` WHERE m.parent_id=108 and rm.`rid`=21 [ RunTime:0.003605s ]
[ 2013-07-15T15:01:21+08:00 ] SQL: SELECT m.id,m.`name`,m.`parent_id`,m.`link`,m.`image`,m.`target`,rm.`ext` FROM menu m INNER JOIN role_menu rm ON m.`id`=rm.`mid` WHERE m.parent_id=111 and rm.`rid`=21 [ RunTime:0.003361s ]
[ 2013-07-15T15:01:21+08:00 ] SQL: SELECT m.id,m.`name`,m.`parent_id`,m.`link`,m.`image`,m.`target`,rm.`ext` FROM menu m INNER JOIN role_menu rm ON m.`id`=rm.`mid` WHERE m.parent_id=115 and rm.`rid`=21 [ RunTime:0.003467s ]
[ 2013-07-15T15:01:21+08:00 ] SQL: SELECT m.id,m.`name`,m.`parent_id`,m.`link`,m.`image`,m.`target`,rm.`ext` FROM menu m INNER JOIN role_menu rm ON m.`id`=rm.`mid` WHERE m.parent_id=59 and rm.`rid`=21 [ RunTime:0.003891s ]
[ 2013-07-15T15:01:21+08:00 ] SQL: SELECT m.id,m.`name`,m.`parent_id`,m.`link`,m.`image`,m.`target`,rm.`ext` FROM menu m INNER JOIN role_menu rm ON m.`id`=rm.`mid` WHERE m.parent_id is NULL and pos=0 and rm.`rid`=21 [ RunTime:0.003520s ]
[ 2013-07-15T15:01:21+08:00 ] SQL: SELECT m.id,m.`name`,m.`parent_id`,m.`link`,m.`image`,m.`target`,rm.`ext` FROM menu m INNER JOIN role_menu rm ON m.`id`=rm.`mid` WHERE m.parent_id=15 and rm.`rid`=21 [ RunTime:0.004092s ]
[ 2013-07-15T15:01:21+08:00 ] SQL: SELECT m.id,m.`name`,m.`parent_id`,m.`link`,m.`image`,m.`target`,rm.`ext` FROM menu m INNER JOIN role_menu rm ON m.`id`=rm.`mid` WHERE m.parent_id=16 and rm.`rid`=21 [ RunTime:0.003528s ]
[ 2013-07-15T15:01:21+08:00 ] SQL: SELECT m.id,m.`name`,m.`parent_id`,m.`link`,m.`image`,m.`target`,rm.`ext` FROM menu m INNER JOIN role_menu rm ON m.`id`=rm.`mid` WHERE m.parent_id=19 and rm.`rid`=21 [ RunTime:0.003767s ]
[ 2013-07-15T15:01:21+08:00 ] SQL: SELECT m.id,m.`name`,m.`parent_id`,m.`link`,m.`image`,m.`target`,rm.`ext` FROM menu m INNER JOIN role_menu rm ON m.`id`=rm.`mid` WHERE m.parent_id=24 and rm.`rid`=21 [ RunTime:0.003471s ]
[ 2013-07-15T15:01:21+08:00 ] SQL: SELECT m.id,m.`name`,m.`parent_id`,m.`link`,m.`image`,m.`target`,rm.`ext` FROM menu m INNER JOIN role_menu rm ON m.`id`=rm.`mid` WHERE m.parent_id=27 and rm.`rid`=21 [ RunTime:0.003697s ]
[ 2013-07-15T15:01:21+08:00 ] SQL: SELECT m.id,m.`name`,m.`parent_id`,m.`link`,m.`image`,m.`target`,rm.`ext` FROM menu m INNER JOIN role_menu rm ON m.`id`=rm.`mid` WHERE m.parent_id=31 and rm.`rid`=21 [ RunTime:0.003469s ]
[ 2013-07-15T15:01:21+08:00 ] SQL: SELECT m.id,m.`name`,m.`parent_id`,m.`link`,m.`image`,m.`target`,rm.`ext` FROM menu m INNER JOIN role_menu rm ON m.`id`=rm.`mid` WHERE m.parent_id is NULL and (pos=2 OR m.name='專案管理') and rm.`rid`=21 [ RunTime:0.003836s ]
[ 2013-07-15T15:01:21+08:00 ] SQL: SELECT m.id,m.`name`,m.`parent_id`,m.`link`,m.`image`,m.`target`,rm.`ext` FROM menu m INNER JOIN role_menu rm ON m.`id`=rm.`mid` WHERE m.parent_id=59 and rm.`rid`=21 [ RunTime:0.003878s ]
[ 2013-07-15T15:01:22+08:00 ] SQL: SELECT m.id,m.`name`,m.`parent_id`,m.`link`,m.`image`,m.`target`,rm.`ext` FROM menu m INNER JOIN role_menu rm ON m.`id`=rm.`mid` WHERE m.parent_id=69 and rm.`rid`=21 [ RunTime:0.004046s ]
[ 2013-07-15T15:01:22+08:00 ] SQL: SELECT m.id,m.`name`,m.`parent_id`,m.`link`,m.`image`,m.`target`,rm.`ext` FROM menu m INNER JOIN role_menu rm ON m.`id`=rm.`mid` WHERE m.parent_id=76 and rm.`rid`=21 [ RunTime:0.003395s ]
[ 2013-07-15T15:01:22+08:00 ] SQL: SELECT m.id,m.`name`,m.`parent_id`,m.`link`,m.`image`,m.`target`,rm.`ext` FROM menu m INNER JOIN role_menu rm ON m.`id`=rm.`mid` WHERE m.parent_id=79 and rm.`rid`=21 [ RunTime:0.003853s ]
[ 2013-07-15T15:01:22+08:00 ] SQL: SELECT m.id,m.`name`,m.`parent_id`,m.`link`,m.`image`,m.`target`,rm.`ext` FROM menu m INNER JOIN role_menu rm ON m.`id`=rm.`mid` WHERE m.parent_id=87 and rm.`rid`=21 [ RunTime:0.003720s ]
[ 2013-07-15T15:01:22+08:00 ] SQL: SELECT m.id,m.`name`,m.`parent_id`,m.`link`,m.`image`,m.`target`,rm.`ext` FROM menu m INNER JOIN role_menu rm ON m.`id`=rm.`mid` WHERE m.parent_id=101 and rm.`rid`=21 [ RunTime:0.003587s ]
[ 2013-07-15T15:01:22+08:00 ] SQL: SELECT m.id,m.`name`,m.`parent_id`,m.`link`,m.`image`,m.`target`,rm.`ext` FROM menu m INNER JOIN role_menu rm ON m.`id`=rm.`mid` WHERE m.parent_id=107 and rm.`rid`=21 [ RunTime:0.003485s ]
[ 2013-07-15T15:01:22+08:00 ] NOTIC: [8] Undefined index: key WorkAction.class.php 第 15 行.
[ 2013-07-15T15:01:22+08:00 ] SQL: SELECT 
			  w.* ,u.`ucode`,d.`id` depart,IFNULL(t.`name` ,w.typename) `type`
			FROM
			  `work` w 
			  INNER JOIN `user` u 
			    ON u.`id` = w.`uid` 
			   INNER JOIN depart d ON d.`id`=u.`depart`
			   LEFT JOIN `type` t ON t.`id`=w.`type`
			WHERE w.`code` = '13108617' AND w.uid= 10 [ RunTime:0.009873s ]
[ 2013-07-15T15:01:22+08:00 ] SQL: SELECT 
			  w.* ,u.`ucode`,d.`id` depart,IFNULL(t.`name` ,w.typename) `type`
			FROM
			  `work` w 
			  INNER JOIN `user` u 
			    ON u.`id` = w.`uid` 
			   INNER JOIN depart d ON d.`id`=u.`depart`
			   LEFT JOIN `type` t ON t.`id`=w.`type`
			WHERE w.`code` = '13108617' AND w.uid= 10 limit 0,20 [ RunTime:0.008558s ]
[ 2013-07-15T15:01:24+08:00 ] SQL: SHOW COLUMNS FROM `work` [ RunTime:0.005151s ]
[ 2013-07-15T15:01:24+08:00 ] SQL: SELECT * FROM `work` WHERE ( `id` = '52' ) LIMIT 1  [ RunTime:0.000993s ]
[ 2013-07-15T15:01:24+08:00 ] SQL: UPDATE `work` SET `awoke`=0 WHERE ( `id` = '52' ) [ RunTime:0.060091s ]
[ 2013-07-15T15:01:24+08:00 ] SQL: SHOW COLUMNS FROM `work` [ RunTime:0.008290s ]
[ 2013-07-15T15:01:24+08:00 ] SQL: SELECT COUNT(*) AS tp_count FROM `work` WHERE  `code`='13108617'  and awoke =1 and uid =10 and UNIX_TIMESTAMP(NOW()) - UNIX_TIMESTAMP(DATE_ADD(
			    STR_TO_DATE(
			      CONCAT(
			        DATE(`date`),
			        ' ',
			        ehour,
			        ':',
			        eminute,
			        ':00'
			      ),
			      '%Y-%m-%d %H:%i:%s'
			    ),INTERVAL overday DAY)
			  ) < 0   LIMIT 1  [ RunTime:0.003935s ]
[ 2013-07-15T15:02:31+08:00 ] ERR: (ThinkException) 无法加载模块localhost
[ 2013-07-15T15:08:53+08:00 ] SQL: SHOW COLUMNS FROM `work` [ RunTime:0.004793s ]
[ 2013-07-15T15:08:53+08:00 ] SQL: SELECT * FROM `work` WHERE ( `id` = '712' ) LIMIT 1  [ RunTime:0.000965s ]
[ 2013-07-15T15:08:53+08:00 ] SQL: UPDATE `work` SET `awoke`=0 WHERE ( `id` = '712' ) [ RunTime:0.058863s ]
[ 2013-07-15T15:08:53+08:00 ] SQL: SHOW COLUMNS FROM `work` [ RunTime:0.004860s ]
[ 2013-07-15T15:08:53+08:00 ] SQL: SELECT COUNT(*) AS tp_count FROM `work` WHERE  `code`='13108617'  and awoke =1 and uid =10 and UNIX_TIMESTAMP(NOW()) - UNIX_TIMESTAMP(DATE_ADD(
			    STR_TO_DATE(
			      CONCAT(
			        DATE(`date`),
			        ' ',
			        ehour,
			        ':',
			        eminute,
			        ':00'
			      ),
			      '%Y-%m-%d %H:%i:%s'
			    ),INTERVAL overday DAY)
			  ) < 0   LIMIT 1  [ RunTime:0.004336s ]
[ 2013-07-15T15:09:01+08:00 ] ERR: (ThinkException) 模板不存在[index/Tpl/default/Public/success.html]
[ 2013-07-15T15:11:50+08:00 ] ERR: (ThinkException) 模板不存在[index/Tpl/default/Public/success.html]
[ 2013-07-15T15:12:08+08:00 ] ERR: (ThinkException) 无法加载模块
[ 2013-07-15T15:12:19+08:00 ] SQL: SHOW COLUMNS FROM `work` [ RunTime:0.004640s ]
[ 2013-07-15T15:12:19+08:00 ] SQL: SELECT * FROM `work` WHERE ( `id` = '712' ) LIMIT 1  [ RunTime:0.000960s ]
[ 2013-07-15T15:12:19+08:00 ] SQL: UPDATE `work` SET `awoke`=0 WHERE ( `id` = '712' ) [ RunTime:0.041126s ]
[ 2013-07-15T15:12:19+08:00 ] SQL: SHOW COLUMNS FROM `work` [ RunTime:0.005164s ]
[ 2013-07-15T15:12:19+08:00 ] SQL: SELECT COUNT(*) AS tp_count FROM `work` WHERE  `code`='13108617'  and awoke =1 and uid =10 and UNIX_TIMESTAMP(NOW()) - UNIX_TIMESTAMP(DATE_ADD(
			    STR_TO_DATE(
			      CONCAT(
			        DATE(`date`),
			        ' ',
			        ehour,
			        ':',
			        eminute,
			        ':00'
			      ),
			      '%Y-%m-%d %H:%i:%s'
			    ),INTERVAL overday DAY)
			  ) < 0   LIMIT 1  [ RunTime:0.003542s ]
[ 2013-07-15T15:12:26+08:00 ] SQL: SHOW COLUMNS FROM `work` [ RunTime:0.004621s ]
[ 2013-07-15T15:12:26+08:00 ] SQL: SELECT * FROM `work` WHERE ( `id` = '712' ) LIMIT 1  [ RunTime:0.002329s ]
[ 2013-07-15T15:12:26+08:00 ] SQL: UPDATE `work` SET `awoke`=0 WHERE ( `id` = '712' ) [ RunTime:0.068507s ]
[ 2013-07-15T15:12:26+08:00 ] SQL: SHOW COLUMNS FROM `work` [ RunTime:0.008107s ]
[ 2013-07-15T15:12:26+08:00 ] SQL: SELECT COUNT(*) AS tp_count FROM `work` WHERE  `code`='13108617'  and awoke =1 and uid =10 and UNIX_TIMESTAMP(NOW()) - UNIX_TIMESTAMP(DATE_ADD(
			    STR_TO_DATE(
			      CONCAT(
			        DATE(`date`),
			        ' ',
			        ehour,
			        ':',
			        eminute,
			        ':00'
			      ),
			      '%Y-%m-%d %H:%i:%s'
			    ),INTERVAL overday DAY)
			  ) < 0   LIMIT 1  [ RunTime:0.003608s ]
[ 2013-07-15T15:12:29+08:00 ] SQL: SHOW COLUMNS FROM `msg` [ RunTime:0.004910s ]
[ 2013-07-15T15:12:29+08:00 ] SQL: SELECT 
			  m.*,IFNULL(mr.readerid,0) isread 
			FROM
			  msg m LEFT JOIN msgreader mr ON m.`id`=mr.`msgid` AND mr.`readerid`=10
			WHERE INSTR(
			    CONCAT(',', m.receiversid, ','),
			    CONCAT(',', 10, ',')
			  ) > 0 AND m.code = 13108617 [ RunTime:0.017118s ]
[ 2013-07-15T15:12:29+08:00 ] SQL: SELECT 
			  m.*,IFNULL(mr.readerid,0) isread 
			FROM
			  msg m LEFT JOIN msgreader mr ON m.`id`=mr.`msgid` AND mr.`readerid`=10
			WHERE INSTR(
			    CONCAT(',', m.receiversid, ','),
			    CONCAT(',', 10, ',')
			  ) > 0 AND m.code = 13108617 limit 0,20 [ RunTime:0.017052s ]
[ 2013-07-15T15:12:32+08:00 ] SQL: SHOW COLUMNS FROM `msg` [ RunTime:0.004909s ]
[ 2013-07-15T15:12:32+08:00 ] SQL: SELECT 
			  m.*,IFNULL(mr.readerid,0) isread 
			FROM
			  msg m LEFT JOIN msgreader mr ON m.`id`=mr.`msgid` AND mr.`readerid`=10
			WHERE INSTR(
			    CONCAT(',', m.receiversid, ','),
			    CONCAT(',', 10, ',')
			  ) > 0 AND m.code = 13108617 [ RunTime:0.016034s ]
[ 2013-07-15T15:12:32+08:00 ] SQL: SELECT 
			  m.*,IFNULL(mr.readerid,0) isread 
			FROM
			  msg m LEFT JOIN msgreader mr ON m.`id`=mr.`msgid` AND mr.`readerid`=10
			WHERE INSTR(
			    CONCAT(',', m.receiversid, ','),
			    CONCAT(',', 10, ',')
			  ) > 0 AND m.code = 13108617 limit 0,20 [ RunTime:0.016352s ]
[ 2013-07-15T15:12:35+08:00 ] SQL: SHOW COLUMNS FROM `msg` [ RunTime:0.004921s ]
[ 2013-07-15T15:12:35+08:00 ] SQL: SELECT 
			  m.*,IFNULL(mr.readerid,0) isread 
			FROM
			  msg m LEFT JOIN msgreader mr ON m.`id`=mr.`msgid` AND mr.`readerid`=10
			WHERE INSTR(
			    CONCAT(',', m.receiversid, ','),
			    CONCAT(',', 10, ',')
			  ) > 0 AND m.code = 13108617 [ RunTime:0.016449s ]
[ 2013-07-15T15:12:35+08:00 ] SQL: SELECT 
			  m.*,IFNULL(mr.readerid,0) isread 
			FROM
			  msg m LEFT JOIN msgreader mr ON m.`id`=mr.`msgid` AND mr.`readerid`=10
			WHERE INSTR(
			    CONCAT(',', m.receiversid, ','),
			    CONCAT(',', 10, ',')
			  ) > 0 AND m.code = 13108617 limit 0,20 [ RunTime:0.016150s ]
