[ 2013-06-03T13:43:53+08:00 ] NOTIC: [8] Undefined index: username IndexAction.class.php 第 4 行.
[ 2013-06-03T13:43:53+08:00 ] NOTIC: [8] Undefined index: pwd IndexAction.class.php 第 5 行.
[ 2013-06-03T13:43:57+08:00 ] SQL: SHOW COLUMNS FROM `user` [ RunTime:0.009218s ]
[ 2013-06-03T13:43:58+08:00 ] SQL: SELECT * FROM `user` WHERE ( `username` = 'admin' ) LIMIT 1  [ RunTime:0.001281s ]
[ 2013-06-03T13:43:58+08:00 ] SQL: SHOW COLUMNS FROM `msg` [ RunTime:0.008701s ]
[ 2013-06-03T13:43:58+08:00 ] SQL: SELECT COUNT(*) as C FROM (SELECT
		m.id,IFNULL(mr.readerid,0) isread
		FROM
		msg m LEFT JOIN msgreader mr ON m.`id`=mr.`msgid` AND mr.`readerid`=10
		WHERE INSTR(
				CONCAT(',', m.receiversid, ','),
				CONCAT(',', 10, ',')
		) > 0 AND m.code = 13108617) z WHERE z.isread =0 [ RunTime:0.051629s ]
[ 2013-06-03T13:43:58+08:00 ] SQL: SHOW COLUMNS FROM `work` [ RunTime:0.008156s ]
[ 2013-06-03T13:43:58+08:00 ] SQL: SELECT COUNT(*) AS tp_count FROM `work` WHERE code='13108617' and awoke =1 and uid =10 and UNIX_TIMESTAMP(NOW()) - UNIX_TIMESTAMP(DATE_ADD(
			    STR_TO_DATE(
			      CONCAT(
			        DATE(`date`),
			        ' ',
			        ehour,
			        ':',
			        eminute,
			        ':00'
			      ),
			      '%Y-%m-%d %H:%i:%s'
			    ),INTERVAL overday DAY)
			  ) < 0   LIMIT 1  [ RunTime:0.023992s ]
[ 2013-06-03T13:43:58+08:00 ] SQL: SHOW COLUMNS FROM `msgwork` [ RunTime:0.007780s ]
[ 2013-06-03T13:43:58+08:00 ] SQL: SELECT COUNT(*) AS tp_count FROM `msgwork` WHERE code='13108617' and issenderread =0 and senderid =10 LIMIT 1  [ RunTime:0.001370s ]
[ 2013-06-03T13:43:58+08:00 ] SQL: SELECT COUNT(*) AS tp_count FROM `msgwork` WHERE code='13108617' and isreceiverread =0 and receiverid =10 LIMIT 1  [ RunTime:0.001146s ]
[ 2013-06-03T13:43:58+08:00 ] SQL: SELECT m.id,m.`name`,m.`parent_id`,m.`link`,m.`image`,m.`target`,rm.`ext` FROM menu m INNER JOIN role_menu rm ON m.`id`=rm.`mid` WHERE m.parent_id is NULL and pos=1 and rm.`rid`=21 [ RunTime:0.017857s ]
[ 2013-06-03T13:43:58+08:00 ] SQL: SELECT m.id,m.`name`,m.`parent_id`,m.`link`,m.`image`,m.`target`,rm.`ext` FROM menu m INNER JOIN role_menu rm ON m.`id`=rm.`mid` WHERE m.parent_id=1 and rm.`rid`=21 [ RunTime:0.003768s ]
[ 2013-06-03T13:43:58+08:00 ] SQL: SELECT m.id,m.`name`,m.`parent_id`,m.`link`,m.`image`,m.`target`,rm.`ext` FROM menu m INNER JOIN role_menu rm ON m.`id`=rm.`mid` WHERE m.parent_id=2 and rm.`rid`=21 [ RunTime:0.003631s ]
[ 2013-06-03T13:43:58+08:00 ] SQL: SELECT m.id,m.`name`,m.`parent_id`,m.`link`,m.`image`,m.`target`,rm.`ext` FROM menu m INNER JOIN role_menu rm ON m.`id`=rm.`mid` WHERE m.parent_id=6 and rm.`rid`=21 [ RunTime:0.003705s ]
[ 2013-06-03T13:43:58+08:00 ] SQL: SELECT m.id,m.`name`,m.`parent_id`,m.`link`,m.`image`,m.`target`,rm.`ext` FROM menu m INNER JOIN role_menu rm ON m.`id`=rm.`mid` WHERE m.parent_id=7 and rm.`rid`=21 [ RunTime:0.003893s ]
[ 2013-06-03T13:43:58+08:00 ] SQL: SELECT m.id,m.`name`,m.`parent_id`,m.`link`,m.`image`,m.`target`,rm.`ext` FROM menu m INNER JOIN role_menu rm ON m.`id`=rm.`mid` WHERE m.parent_id=8 and rm.`rid`=21 [ RunTime:0.003590s ]
[ 2013-06-03T13:43:58+08:00 ] SQL: SELECT m.id,m.`name`,m.`parent_id`,m.`link`,m.`image`,m.`target`,rm.`ext` FROM menu m INNER JOIN role_menu rm ON m.`id`=rm.`mid` WHERE m.parent_id=34 and rm.`rid`=21 [ RunTime:0.003833s ]
[ 2013-06-03T13:43:58+08:00 ] SQL: SELECT m.id,m.`name`,m.`parent_id`,m.`link`,m.`image`,m.`target`,rm.`ext` FROM menu m INNER JOIN role_menu rm ON m.`id`=rm.`mid` WHERE m.parent_id=35 and rm.`rid`=21 [ RunTime:0.003918s ]
[ 2013-06-03T13:43:58+08:00 ] SQL: SELECT m.id,m.`name`,m.`parent_id`,m.`link`,m.`image`,m.`target`,rm.`ext` FROM menu m INNER JOIN role_menu rm ON m.`id`=rm.`mid` WHERE m.parent_id=36 and rm.`rid`=21 [ RunTime:0.003827s ]
[ 2013-06-03T13:43:58+08:00 ] SQL: SELECT m.id,m.`name`,m.`parent_id`,m.`link`,m.`image`,m.`target`,rm.`ext` FROM menu m INNER JOIN role_menu rm ON m.`id`=rm.`mid` WHERE m.parent_id=39 and rm.`rid`=21 [ RunTime:0.003842s ]
[ 2013-06-03T13:43:58+08:00 ] SQL: SELECT m.id,m.`name`,m.`parent_id`,m.`link`,m.`image`,m.`target`,rm.`ext` FROM menu m INNER JOIN role_menu rm ON m.`id`=rm.`mid` WHERE m.parent_id=42 and rm.`rid`=21 [ RunTime:0.004205s ]
[ 2013-06-03T13:43:58+08:00 ] SQL: SELECT m.id,m.`name`,m.`parent_id`,m.`link`,m.`image`,m.`target`,rm.`ext` FROM menu m INNER JOIN role_menu rm ON m.`id`=rm.`mid` WHERE m.parent_id=45 and rm.`rid`=21 [ RunTime:0.003592s ]
[ 2013-06-03T13:43:58+08:00 ] SQL: SELECT m.id,m.`name`,m.`parent_id`,m.`link`,m.`image`,m.`target`,rm.`ext` FROM menu m INNER JOIN role_menu rm ON m.`id`=rm.`mid` WHERE m.parent_id=51 and rm.`rid`=21 [ RunTime:0.004200s ]
[ 2013-06-03T13:43:58+08:00 ] SQL: SELECT m.id,m.`name`,m.`parent_id`,m.`link`,m.`image`,m.`target`,rm.`ext` FROM menu m INNER JOIN role_menu rm ON m.`id`=rm.`mid` WHERE m.parent_id=108 and rm.`rid`=21 [ RunTime:0.003594s ]
[ 2013-06-03T13:43:58+08:00 ] SQL: SELECT m.id,m.`name`,m.`parent_id`,m.`link`,m.`image`,m.`target`,rm.`ext` FROM menu m INNER JOIN role_menu rm ON m.`id`=rm.`mid` WHERE m.parent_id=111 and rm.`rid`=21 [ RunTime:0.004093s ]
[ 2013-06-03T13:43:58+08:00 ] SQL: SELECT m.id,m.`name`,m.`parent_id`,m.`link`,m.`image`,m.`target`,rm.`ext` FROM menu m INNER JOIN role_menu rm ON m.`id`=rm.`mid` WHERE m.parent_id=115 and rm.`rid`=21 [ RunTime:0.003769s ]
[ 2013-06-03T13:43:58+08:00 ] SQL: SELECT m.id,m.`name`,m.`parent_id`,m.`link`,m.`image`,m.`target`,rm.`ext` FROM menu m INNER JOIN role_menu rm ON m.`id`=rm.`mid` WHERE m.parent_id=59 and rm.`rid`=21 [ RunTime:0.003810s ]
[ 2013-06-03T13:43:58+08:00 ] SQL: SELECT m.id,m.`name`,m.`parent_id`,m.`link`,m.`image`,m.`target`,rm.`ext` FROM menu m INNER JOIN role_menu rm ON m.`id`=rm.`mid` WHERE m.parent_id is NULL and pos=0 and rm.`rid`=21 [ RunTime:0.003622s ]
[ 2013-06-03T13:43:58+08:00 ] SQL: SELECT m.id,m.`name`,m.`parent_id`,m.`link`,m.`image`,m.`target`,rm.`ext` FROM menu m INNER JOIN role_menu rm ON m.`id`=rm.`mid` WHERE m.parent_id=15 and rm.`rid`=21 [ RunTime:0.003580s ]
[ 2013-06-03T13:43:58+08:00 ] SQL: SELECT m.id,m.`name`,m.`parent_id`,m.`link`,m.`image`,m.`target`,rm.`ext` FROM menu m INNER JOIN role_menu rm ON m.`id`=rm.`mid` WHERE m.parent_id=16 and rm.`rid`=21 [ RunTime:0.005327s ]
[ 2013-06-03T13:43:58+08:00 ] SQL: SELECT m.id,m.`name`,m.`parent_id`,m.`link`,m.`image`,m.`target`,rm.`ext` FROM menu m INNER JOIN role_menu rm ON m.`id`=rm.`mid` WHERE m.parent_id=19 and rm.`rid`=21 [ RunTime:0.003773s ]
[ 2013-06-03T13:43:58+08:00 ] SQL: SELECT m.id,m.`name`,m.`parent_id`,m.`link`,m.`image`,m.`target`,rm.`ext` FROM menu m INNER JOIN role_menu rm ON m.`id`=rm.`mid` WHERE m.parent_id=24 and rm.`rid`=21 [ RunTime:0.003591s ]
[ 2013-06-03T13:43:58+08:00 ] SQL: SELECT m.id,m.`name`,m.`parent_id`,m.`link`,m.`image`,m.`target`,rm.`ext` FROM menu m INNER JOIN role_menu rm ON m.`id`=rm.`mid` WHERE m.parent_id=27 and rm.`rid`=21 [ RunTime:0.003751s ]
[ 2013-06-03T13:43:58+08:00 ] SQL: SELECT m.id,m.`name`,m.`parent_id`,m.`link`,m.`image`,m.`target`,rm.`ext` FROM menu m INNER JOIN role_menu rm ON m.`id`=rm.`mid` WHERE m.parent_id=31 and rm.`rid`=21 [ RunTime:0.004036s ]
[ 2013-06-03T13:43:58+08:00 ] SQL: SELECT m.id,m.`name`,m.`parent_id`,m.`link`,m.`image`,m.`target`,rm.`ext` FROM menu m INNER JOIN role_menu rm ON m.`id`=rm.`mid` WHERE m.parent_id is NULL and (pos=2 OR m.name='專案管理') and rm.`rid`=21 [ RunTime:0.004001s ]
[ 2013-06-03T13:43:58+08:00 ] SQL: SELECT m.id,m.`name`,m.`parent_id`,m.`link`,m.`image`,m.`target`,rm.`ext` FROM menu m INNER JOIN role_menu rm ON m.`id`=rm.`mid` WHERE m.parent_id=59 and rm.`rid`=21 [ RunTime:0.005051s ]
[ 2013-06-03T13:43:58+08:00 ] SQL: SELECT m.id,m.`name`,m.`parent_id`,m.`link`,m.`image`,m.`target`,rm.`ext` FROM menu m INNER JOIN role_menu rm ON m.`id`=rm.`mid` WHERE m.parent_id=69 and rm.`rid`=21 [ RunTime:0.003996s ]
[ 2013-06-03T13:43:58+08:00 ] SQL: SELECT m.id,m.`name`,m.`parent_id`,m.`link`,m.`image`,m.`target`,rm.`ext` FROM menu m INNER JOIN role_menu rm ON m.`id`=rm.`mid` WHERE m.parent_id=76 and rm.`rid`=21 [ RunTime:0.003853s ]
[ 2013-06-03T13:43:58+08:00 ] SQL: SELECT m.id,m.`name`,m.`parent_id`,m.`link`,m.`image`,m.`target`,rm.`ext` FROM menu m INNER JOIN role_menu rm ON m.`id`=rm.`mid` WHERE m.parent_id=79 and rm.`rid`=21 [ RunTime:0.003773s ]
[ 2013-06-03T13:43:58+08:00 ] SQL: SELECT m.id,m.`name`,m.`parent_id`,m.`link`,m.`image`,m.`target`,rm.`ext` FROM menu m INNER JOIN role_menu rm ON m.`id`=rm.`mid` WHERE m.parent_id=87 and rm.`rid`=21 [ RunTime:0.003871s ]
[ 2013-06-03T13:43:58+08:00 ] SQL: SELECT m.id,m.`name`,m.`parent_id`,m.`link`,m.`image`,m.`target`,rm.`ext` FROM menu m INNER JOIN role_menu rm ON m.`id`=rm.`mid` WHERE m.parent_id=101 and rm.`rid`=21 [ RunTime:0.003972s ]
[ 2013-06-03T13:43:58+08:00 ] SQL: SELECT m.id,m.`name`,m.`parent_id`,m.`link`,m.`image`,m.`target`,rm.`ext` FROM menu m INNER JOIN role_menu rm ON m.`id`=rm.`mid` WHERE m.parent_id=107 and rm.`rid`=21 [ RunTime:0.004061s ]
[ 2013-06-03T13:43:59+08:00 ] NOTIC: [8] Undefined index: exts BaseAction.class.php 第 80 行.
[ 2013-06-03T13:43:59+08:00 ] SQL: SELECT 
			  rm.*,
			  m.`link` 
			FROM
			  `menu` m 
			  INNER JOIN `role_menu` rm 
			    ON m.`id` = rm.`mid` 
			WHERE rm.`rid` = 21 
			  AND m.`ext` IS NOT NULL  [ RunTime:0.003927s ]
[ 2013-06-03T13:43:59+08:00 ] NOTIC: [8] Undefined index: key WorkAction.class.php 第 15 行.
[ 2013-06-03T13:43:59+08:00 ] SQL: SELECT 
			  w.* ,u.`ucode`,d.`id` depart,IFNULL(t.`name` ,w.typename) `type`
			FROM
			  `work` w 
			  INNER JOIN `user` u 
			    ON u.`id` = w.`uid` 
			   INNER JOIN depart d ON d.`id`=u.`depart`
			   LEFT JOIN `type` t ON t.`id`=w.`type`
			WHERE w.`code` = '13108617' AND w.uid= 10 [ RunTime:0.008522s ]
[ 2013-06-03T13:43:59+08:00 ] SQL: SELECT 
			  w.* ,u.`ucode`,d.`id` depart,IFNULL(t.`name` ,w.typename) `type`
			FROM
			  `work` w 
			  INNER JOIN `user` u 
			    ON u.`id` = w.`uid` 
			   INNER JOIN depart d ON d.`id`=u.`depart`
			   LEFT JOIN `type` t ON t.`id`=w.`type`
			WHERE w.`code` = '13108617' AND w.uid= 10 limit 0,20 [ RunTime:0.008989s ]
[ 2013-06-03T13:46:34+08:00 ] ERR: (ThinkException) 非法操作images
[ 2013-06-03T13:46:34+08:00 ] ERR: (ThinkException) 非法操作images
[ 2013-06-03T13:48:33+08:00 ] ERR: (ThinkException) 非法操作images
[ 2013-06-03T13:48:34+08:00 ] ERR: (ThinkException) 非法操作images
[ 2013-06-03T20:33:29+08:00 ] NOTIC: [8] Undefined index: username IndexAction.class.php 第 4 行.
[ 2013-06-03T20:33:29+08:00 ] NOTIC: [8] Undefined index: pwd IndexAction.class.php 第 5 行.
[ 2013-06-03T20:33:50+08:00 ] SQL: SHOW COLUMNS FROM `user` [ RunTime:0.109301s ]
[ 2013-06-03T20:33:50+08:00 ] SQL: SELECT * FROM `user` WHERE ( `username` = 'admin' ) LIMIT 1  [ RunTime:0.001619s ]
[ 2013-06-03T20:33:50+08:00 ] SQL: SHOW COLUMNS FROM `msg` [ RunTime:0.135711s ]
[ 2013-06-03T20:33:50+08:00 ] SQL: SELECT COUNT(*) as C FROM (SELECT
		m.id,IFNULL(mr.readerid,0) isread
		FROM
		msg m LEFT JOIN msgreader mr ON m.`id`=mr.`msgid` AND mr.`readerid`=10
		WHERE INSTR(
				CONCAT(',', m.receiversid, ','),
				CONCAT(',', 10, ',')
		) > 0 AND m.code = 13108617) z WHERE z.isread =0 [ RunTime:0.096655s ]
[ 2013-06-03T20:33:51+08:00 ] SQL: SHOW COLUMNS FROM `work` [ RunTime:0.054344s ]
[ 2013-06-03T20:33:51+08:00 ] SQL: SELECT COUNT(*) AS tp_count FROM `work` WHERE code='13108617' and awoke =1 and uid =10 and UNIX_TIMESTAMP(NOW()) - UNIX_TIMESTAMP(DATE_ADD(
			    STR_TO_DATE(
			      CONCAT(
			        DATE(`date`),
			        ' ',
			        ehour,
			        ':',
			        eminute,
			        ':00'
			      ),
			      '%Y-%m-%d %H:%i:%s'
			    ),INTERVAL overday DAY)
			  ) < 0   LIMIT 1  [ RunTime:0.019891s ]
[ 2013-06-03T20:33:51+08:00 ] SQL: SHOW COLUMNS FROM `msgwork` [ RunTime:0.101195s ]
[ 2013-06-03T20:33:51+08:00 ] SQL: SELECT COUNT(*) AS tp_count FROM `msgwork` WHERE code='13108617' and issenderread =0 and senderid =10 LIMIT 1  [ RunTime:0.001408s ]
[ 2013-06-03T20:33:51+08:00 ] SQL: SELECT COUNT(*) AS tp_count FROM `msgwork` WHERE code='13108617' and isreceiverread =0 and receiverid =10 LIMIT 1  [ RunTime:0.001906s ]
[ 2013-06-03T20:33:51+08:00 ] SQL: SELECT m.id,m.`name`,m.`parent_id`,m.`link`,m.`image`,m.`target`,rm.`ext` FROM menu m INNER JOIN role_menu rm ON m.`id`=rm.`mid` WHERE m.parent_id is NULL and pos=1 and rm.`rid`=21 [ RunTime:0.126147s ]
[ 2013-06-03T20:33:51+08:00 ] SQL: SELECT m.id,m.`name`,m.`parent_id`,m.`link`,m.`image`,m.`target`,rm.`ext` FROM menu m INNER JOIN role_menu rm ON m.`id`=rm.`mid` WHERE m.parent_id=1 and rm.`rid`=21 [ RunTime:0.004000s ]
[ 2013-06-03T20:33:51+08:00 ] SQL: SELECT m.id,m.`name`,m.`parent_id`,m.`link`,m.`image`,m.`target`,rm.`ext` FROM menu m INNER JOIN role_menu rm ON m.`id`=rm.`mid` WHERE m.parent_id=2 and rm.`rid`=21 [ RunTime:0.003614s ]
[ 2013-06-03T20:33:51+08:00 ] SQL: SELECT m.id,m.`name`,m.`parent_id`,m.`link`,m.`image`,m.`target`,rm.`ext` FROM menu m INNER JOIN role_menu rm ON m.`id`=rm.`mid` WHERE m.parent_id=6 and rm.`rid`=21 [ RunTime:0.009674s ]
[ 2013-06-03T20:33:51+08:00 ] SQL: SELECT m.id,m.`name`,m.`parent_id`,m.`link`,m.`image`,m.`target`,rm.`ext` FROM menu m INNER JOIN role_menu rm ON m.`id`=rm.`mid` WHERE m.parent_id=7 and rm.`rid`=21 [ RunTime:0.003847s ]
[ 2013-06-03T20:33:51+08:00 ] SQL: SELECT m.id,m.`name`,m.`parent_id`,m.`link`,m.`image`,m.`target`,rm.`ext` FROM menu m INNER JOIN role_menu rm ON m.`id`=rm.`mid` WHERE m.parent_id=8 and rm.`rid`=21 [ RunTime:0.003572s ]
[ 2013-06-03T20:33:51+08:00 ] SQL: SELECT m.id,m.`name`,m.`parent_id`,m.`link`,m.`image`,m.`target`,rm.`ext` FROM menu m INNER JOIN role_menu rm ON m.`id`=rm.`mid` WHERE m.parent_id=34 and rm.`rid`=21 [ RunTime:0.007820s ]
[ 2013-06-03T20:33:51+08:00 ] SQL: SELECT m.id,m.`name`,m.`parent_id`,m.`link`,m.`image`,m.`target`,rm.`ext` FROM menu m INNER JOIN role_menu rm ON m.`id`=rm.`mid` WHERE m.parent_id=35 and rm.`rid`=21 [ RunTime:0.004098s ]
[ 2013-06-03T20:33:51+08:00 ] SQL: SELECT m.id,m.`name`,m.`parent_id`,m.`link`,m.`image`,m.`target`,rm.`ext` FROM menu m INNER JOIN role_menu rm ON m.`id`=rm.`mid` WHERE m.parent_id=36 and rm.`rid`=21 [ RunTime:0.003513s ]
[ 2013-06-03T20:33:51+08:00 ] SQL: SELECT m.id,m.`name`,m.`parent_id`,m.`link`,m.`image`,m.`target`,rm.`ext` FROM menu m INNER JOIN role_menu rm ON m.`id`=rm.`mid` WHERE m.parent_id=39 and rm.`rid`=21 [ RunTime:0.003607s ]
[ 2013-06-03T20:33:51+08:00 ] SQL: SELECT m.id,m.`name`,m.`parent_id`,m.`link`,m.`image`,m.`target`,rm.`ext` FROM menu m INNER JOIN role_menu rm ON m.`id`=rm.`mid` WHERE m.parent_id=42 and rm.`rid`=21 [ RunTime:0.004834s ]
[ 2013-06-03T20:33:51+08:00 ] SQL: SELECT m.id,m.`name`,m.`parent_id`,m.`link`,m.`image`,m.`target`,rm.`ext` FROM menu m INNER JOIN role_menu rm ON m.`id`=rm.`mid` WHERE m.parent_id=45 and rm.`rid`=21 [ RunTime:0.003428s ]
[ 2013-06-03T20:33:51+08:00 ] SQL: SELECT m.id,m.`name`,m.`parent_id`,m.`link`,m.`image`,m.`target`,rm.`ext` FROM menu m INNER JOIN role_menu rm ON m.`id`=rm.`mid` WHERE m.parent_id=51 and rm.`rid`=21 [ RunTime:0.003920s ]
[ 2013-06-03T20:33:51+08:00 ] SQL: SELECT m.id,m.`name`,m.`parent_id`,m.`link`,m.`image`,m.`target`,rm.`ext` FROM menu m INNER JOIN role_menu rm ON m.`id`=rm.`mid` WHERE m.parent_id=108 and rm.`rid`=21 [ RunTime:0.003602s ]
[ 2013-06-03T20:33:51+08:00 ] SQL: SELECT m.id,m.`name`,m.`parent_id`,m.`link`,m.`image`,m.`target`,rm.`ext` FROM menu m INNER JOIN role_menu rm ON m.`id`=rm.`mid` WHERE m.parent_id=111 and rm.`rid`=21 [ RunTime:0.004648s ]
[ 2013-06-03T20:33:51+08:00 ] SQL: SELECT m.id,m.`name`,m.`parent_id`,m.`link`,m.`image`,m.`target`,rm.`ext` FROM menu m INNER JOIN role_menu rm ON m.`id`=rm.`mid` WHERE m.parent_id=115 and rm.`rid`=21 [ RunTime:0.007492s ]
[ 2013-06-03T20:33:51+08:00 ] SQL: SELECT m.id,m.`name`,m.`parent_id`,m.`link`,m.`image`,m.`target`,rm.`ext` FROM menu m INNER JOIN role_menu rm ON m.`id`=rm.`mid` WHERE m.parent_id=59 and rm.`rid`=21 [ RunTime:0.003849s ]
[ 2013-06-03T20:33:51+08:00 ] SQL: SELECT m.id,m.`name`,m.`parent_id`,m.`link`,m.`image`,m.`target`,rm.`ext` FROM menu m INNER JOIN role_menu rm ON m.`id`=rm.`mid` WHERE m.parent_id is NULL and pos=0 and rm.`rid`=21 [ RunTime:0.003679s ]
[ 2013-06-03T20:33:51+08:00 ] SQL: SELECT m.id,m.`name`,m.`parent_id`,m.`link`,m.`image`,m.`target`,rm.`ext` FROM menu m INNER JOIN role_menu rm ON m.`id`=rm.`mid` WHERE m.parent_id=15 and rm.`rid`=21 [ RunTime:0.006208s ]
[ 2013-06-03T20:33:51+08:00 ] SQL: SELECT m.id,m.`name`,m.`parent_id`,m.`link`,m.`image`,m.`target`,rm.`ext` FROM menu m INNER JOIN role_menu rm ON m.`id`=rm.`mid` WHERE m.parent_id=16 and rm.`rid`=21 [ RunTime:0.003947s ]
[ 2013-06-03T20:33:51+08:00 ] SQL: SELECT m.id,m.`name`,m.`parent_id`,m.`link`,m.`image`,m.`target`,rm.`ext` FROM menu m INNER JOIN role_menu rm ON m.`id`=rm.`mid` WHERE m.parent_id=19 and rm.`rid`=21 [ RunTime:0.003720s ]
[ 2013-06-03T20:33:51+08:00 ] SQL: SELECT m.id,m.`name`,m.`parent_id`,m.`link`,m.`image`,m.`target`,rm.`ext` FROM menu m INNER JOIN role_menu rm ON m.`id`=rm.`mid` WHERE m.parent_id=24 and rm.`rid`=21 [ RunTime:0.003814s ]
[ 2013-06-03T20:33:51+08:00 ] SQL: SELECT m.id,m.`name`,m.`parent_id`,m.`link`,m.`image`,m.`target`,rm.`ext` FROM menu m INNER JOIN role_menu rm ON m.`id`=rm.`mid` WHERE m.parent_id=27 and rm.`rid`=21 [ RunTime:0.005785s ]
[ 2013-06-03T20:33:51+08:00 ] SQL: SELECT m.id,m.`name`,m.`parent_id`,m.`link`,m.`image`,m.`target`,rm.`ext` FROM menu m INNER JOIN role_menu rm ON m.`id`=rm.`mid` WHERE m.parent_id=31 and rm.`rid`=21 [ RunTime:0.005835s ]
[ 2013-06-03T20:33:51+08:00 ] SQL: SELECT m.id,m.`name`,m.`parent_id`,m.`link`,m.`image`,m.`target`,rm.`ext` FROM menu m INNER JOIN role_menu rm ON m.`id`=rm.`mid` WHERE m.parent_id is NULL and (pos=2 OR m.name='專案管理') and rm.`rid`=21 [ RunTime:0.004897s ]
[ 2013-06-03T20:33:51+08:00 ] SQL: SELECT m.id,m.`name`,m.`parent_id`,m.`link`,m.`image`,m.`target`,rm.`ext` FROM menu m INNER JOIN role_menu rm ON m.`id`=rm.`mid` WHERE m.parent_id=59 and rm.`rid`=21 [ RunTime:0.003678s ]
[ 2013-06-03T20:33:51+08:00 ] SQL: SELECT m.id,m.`name`,m.`parent_id`,m.`link`,m.`image`,m.`target`,rm.`ext` FROM menu m INNER JOIN role_menu rm ON m.`id`=rm.`mid` WHERE m.parent_id=69 and rm.`rid`=21 [ RunTime:0.006791s ]
[ 2013-06-03T20:33:51+08:00 ] SQL: SELECT m.id,m.`name`,m.`parent_id`,m.`link`,m.`image`,m.`target`,rm.`ext` FROM menu m INNER JOIN role_menu rm ON m.`id`=rm.`mid` WHERE m.parent_id=76 and rm.`rid`=21 [ RunTime:0.005817s ]
[ 2013-06-03T20:33:51+08:00 ] SQL: SELECT m.id,m.`name`,m.`parent_id`,m.`link`,m.`image`,m.`target`,rm.`ext` FROM menu m INNER JOIN role_menu rm ON m.`id`=rm.`mid` WHERE m.parent_id=79 and rm.`rid`=21 [ RunTime:0.004430s ]
[ 2013-06-03T20:33:51+08:00 ] SQL: SELECT m.id,m.`name`,m.`parent_id`,m.`link`,m.`image`,m.`target`,rm.`ext` FROM menu m INNER JOIN role_menu rm ON m.`id`=rm.`mid` WHERE m.parent_id=87 and rm.`rid`=21 [ RunTime:0.004297s ]
[ 2013-06-03T20:33:51+08:00 ] SQL: SELECT m.id,m.`name`,m.`parent_id`,m.`link`,m.`image`,m.`target`,rm.`ext` FROM menu m INNER JOIN role_menu rm ON m.`id`=rm.`mid` WHERE m.parent_id=101 and rm.`rid`=21 [ RunTime:0.004085s ]
[ 2013-06-03T20:33:51+08:00 ] SQL: SELECT m.id,m.`name`,m.`parent_id`,m.`link`,m.`image`,m.`target`,rm.`ext` FROM menu m INNER JOIN role_menu rm ON m.`id`=rm.`mid` WHERE m.parent_id=107 and rm.`rid`=21 [ RunTime:0.004051s ]
[ 2013-06-03T20:33:52+08:00 ] NOTIC: [8] Undefined index: exts BaseAction.class.php 第 80 行.
[ 2013-06-03T20:33:52+08:00 ] SQL: SELECT 
			  rm.*,
			  m.`link` 
			FROM
			  `menu` m 
			  INNER JOIN `role_menu` rm 
			    ON m.`id` = rm.`mid` 
			WHERE rm.`rid` = 21 
			  AND m.`ext` IS NOT NULL  [ RunTime:0.004126s ]
[ 2013-06-03T20:33:52+08:00 ] NOTIC: [8] Undefined index: key WorkAction.class.php 第 15 行.
[ 2013-06-03T20:33:52+08:00 ] SQL: SELECT 
			  w.* ,u.`ucode`,d.`id` depart,IFNULL(t.`name` ,w.typename) `type`
			FROM
			  `work` w 
			  INNER JOIN `user` u 
			    ON u.`id` = w.`uid` 
			   INNER JOIN depart d ON d.`id`=u.`depart`
			   LEFT JOIN `type` t ON t.`id`=w.`type`
			WHERE w.`code` = '13108617' AND w.uid= 10 [ RunTime:0.135704s ]
[ 2013-06-03T20:33:52+08:00 ] SQL: SELECT 
			  w.* ,u.`ucode`,d.`id` depart,IFNULL(t.`name` ,w.typename) `type`
			FROM
			  `work` w 
			  INNER JOIN `user` u 
			    ON u.`id` = w.`uid` 
			   INNER JOIN depart d ON d.`id`=u.`depart`
			   LEFT JOIN `type` t ON t.`id`=w.`type`
			WHERE w.`code` = '13108617' AND w.uid= 10 limit 0,20 [ RunTime:0.011055s ]
[ 2013-06-03T20:34:07+08:00 ] ERR: (ThinkException) 非法操作images
[ 2013-06-03T20:34:08+08:00 ] ERR: (ThinkException) 非法操作images
[ 2013-06-03T20:51:18+08:00 ] ERR: (ThinkException) 非法操作images
[ 2013-06-03T20:51:18+08:00 ] ERR: (ThinkException) 非法操作images
[ 2013-06-03T20:52:55+08:00 ] ERR: (ThinkException) 非法操作images
[ 2013-06-03T20:52:55+08:00 ] ERR: (ThinkException) 非法操作images
[ 2013-06-03T21:00:48+08:00 ] SQL: SHOW COLUMNS FROM `depart` [ RunTime:0.007717s ]
[ 2013-06-03T21:00:48+08:00 ] SQL: SELECT * FROM `depart` WHERE ( `id` = '10' ) LIMIT 1  [ RunTime:0.001848s ]
[ 2013-06-03T21:00:50+08:00 ] ERR: (ThinkException) 非法操作images
[ 2013-06-03T21:00:50+08:00 ] ERR: (ThinkException) 非法操作images
[ 2013-06-03T21:01:55+08:00 ] NOTIC: [8] Undefined index: username IndexAction.class.php 第 4 行.
[ 2013-06-03T21:01:55+08:00 ] NOTIC: [8] Undefined index: pwd IndexAction.class.php 第 5 行.
[ 2013-06-03T21:01:58+08:00 ] SQL: SHOW COLUMNS FROM `user` [ RunTime:0.009642s ]
[ 2013-06-03T21:01:58+08:00 ] SQL: SELECT * FROM `user` WHERE ( `username` = 'admin' ) LIMIT 1  [ RunTime:0.001404s ]
[ 2013-06-03T21:01:58+08:00 ] SQL: SHOW COLUMNS FROM `msg` [ RunTime:0.007715s ]
[ 2013-06-03T21:01:58+08:00 ] SQL: SELECT COUNT(*) as C FROM (SELECT
		m.id,IFNULL(mr.readerid,0) isread
		FROM
		msg m LEFT JOIN msgreader mr ON m.`id`=mr.`msgid` AND mr.`readerid`=10
		WHERE INSTR(
				CONCAT(',', m.receiversid, ','),
				CONCAT(',', 10, ',')
		) > 0 AND m.code = 13108617) z WHERE z.isread =0 [ RunTime:0.012129s ]
[ 2013-06-03T21:01:58+08:00 ] SQL: SHOW COLUMNS FROM `work` [ RunTime:0.009936s ]
[ 2013-06-03T21:01:58+08:00 ] SQL: SELECT COUNT(*) AS tp_count FROM `work` WHERE code='13108617' and awoke =1 and uid =10 and UNIX_TIMESTAMP(NOW()) - UNIX_TIMESTAMP(DATE_ADD(
			    STR_TO_DATE(
			      CONCAT(
			        DATE(`date`),
			        ' ',
			        ehour,
			        ':',
			        eminute,
			        ':00'
			      ),
			      '%Y-%m-%d %H:%i:%s'
			    ),INTERVAL overday DAY)
			  ) < 0   LIMIT 1  [ RunTime:0.003974s ]
[ 2013-06-03T21:01:58+08:00 ] SQL: SHOW COLUMNS FROM `msgwork` [ RunTime:0.010024s ]
[ 2013-06-03T21:01:58+08:00 ] SQL: SELECT COUNT(*) AS tp_count FROM `msgwork` WHERE code='13108617' and issenderread =0 and senderid =10 LIMIT 1  [ RunTime:0.001303s ]
[ 2013-06-03T21:01:58+08:00 ] SQL: SELECT COUNT(*) AS tp_count FROM `msgwork` WHERE code='13108617' and isreceiverread =0 and receiverid =10 LIMIT 1  [ RunTime:0.003200s ]
[ 2013-06-03T21:01:58+08:00 ] SQL: SELECT m.id,m.`name`,m.`parent_id`,m.`link`,m.`image`,m.`target`,rm.`ext` FROM menu m INNER JOIN role_menu rm ON m.`id`=rm.`mid` WHERE m.parent_id is NULL and pos=1 and rm.`rid`=21 [ RunTime:0.004441s ]
[ 2013-06-03T21:01:58+08:00 ] SQL: SELECT m.id,m.`name`,m.`parent_id`,m.`link`,m.`image`,m.`target`,rm.`ext` FROM menu m INNER JOIN role_menu rm ON m.`id`=rm.`mid` WHERE m.parent_id=1 and rm.`rid`=21 [ RunTime:0.004127s ]
[ 2013-06-03T21:01:58+08:00 ] SQL: SELECT m.id,m.`name`,m.`parent_id`,m.`link`,m.`image`,m.`target`,rm.`ext` FROM menu m INNER JOIN role_menu rm ON m.`id`=rm.`mid` WHERE m.parent_id=2 and rm.`rid`=21 [ RunTime:0.004498s ]
[ 2013-06-03T21:01:58+08:00 ] SQL: SELECT m.id,m.`name`,m.`parent_id`,m.`link`,m.`image`,m.`target`,rm.`ext` FROM menu m INNER JOIN role_menu rm ON m.`id`=rm.`mid` WHERE m.parent_id=6 and rm.`rid`=21 [ RunTime:0.005296s ]
[ 2013-06-03T21:01:58+08:00 ] SQL: SELECT m.id,m.`name`,m.`parent_id`,m.`link`,m.`image`,m.`target`,rm.`ext` FROM menu m INNER JOIN role_menu rm ON m.`id`=rm.`mid` WHERE m.parent_id=7 and rm.`rid`=21 [ RunTime:0.004315s ]
[ 2013-06-03T21:01:58+08:00 ] SQL: SELECT m.id,m.`name`,m.`parent_id`,m.`link`,m.`image`,m.`target`,rm.`ext` FROM menu m INNER JOIN role_menu rm ON m.`id`=rm.`mid` WHERE m.parent_id=8 and rm.`rid`=21 [ RunTime:0.004783s ]
[ 2013-06-03T21:01:58+08:00 ] SQL: SELECT m.id,m.`name`,m.`parent_id`,m.`link`,m.`image`,m.`target`,rm.`ext` FROM menu m INNER JOIN role_menu rm ON m.`id`=rm.`mid` WHERE m.parent_id=34 and rm.`rid`=21 [ RunTime:0.003870s ]
[ 2013-06-03T21:01:58+08:00 ] SQL: SELECT m.id,m.`name`,m.`parent_id`,m.`link`,m.`image`,m.`target`,rm.`ext` FROM menu m INNER JOIN role_menu rm ON m.`id`=rm.`mid` WHERE m.parent_id=35 and rm.`rid`=21 [ RunTime:0.006667s ]
[ 2013-06-03T21:01:58+08:00 ] SQL: SELECT m.id,m.`name`,m.`parent_id`,m.`link`,m.`image`,m.`target`,rm.`ext` FROM menu m INNER JOIN role_menu rm ON m.`id`=rm.`mid` WHERE m.parent_id=36 and rm.`rid`=21 [ RunTime:0.004150s ]
[ 2013-06-03T21:01:59+08:00 ] SQL: SELECT m.id,m.`name`,m.`parent_id`,m.`link`,m.`image`,m.`target`,rm.`ext` FROM menu m INNER JOIN role_menu rm ON m.`id`=rm.`mid` WHERE m.parent_id=39 and rm.`rid`=21 [ RunTime:0.003969s ]
[ 2013-06-03T21:01:59+08:00 ] SQL: SELECT m.id,m.`name`,m.`parent_id`,m.`link`,m.`image`,m.`target`,rm.`ext` FROM menu m INNER JOIN role_menu rm ON m.`id`=rm.`mid` WHERE m.parent_id=42 and rm.`rid`=21 [ RunTime:0.004352s ]
[ 2013-06-03T21:01:59+08:00 ] SQL: SELECT m.id,m.`name`,m.`parent_id`,m.`link`,m.`image`,m.`target`,rm.`ext` FROM menu m INNER JOIN role_menu rm ON m.`id`=rm.`mid` WHERE m.parent_id=45 and rm.`rid`=21 [ RunTime:0.003780s ]
[ 2013-06-03T21:01:59+08:00 ] SQL: SELECT m.id,m.`name`,m.`parent_id`,m.`link`,m.`image`,m.`target`,rm.`ext` FROM menu m INNER JOIN role_menu rm ON m.`id`=rm.`mid` WHERE m.parent_id=51 and rm.`rid`=21 [ RunTime:0.005652s ]
[ 2013-06-03T21:01:59+08:00 ] SQL: SELECT m.id,m.`name`,m.`parent_id`,m.`link`,m.`image`,m.`target`,rm.`ext` FROM menu m INNER JOIN role_menu rm ON m.`id`=rm.`mid` WHERE m.parent_id=108 and rm.`rid`=21 [ RunTime:0.005231s ]
[ 2013-06-03T21:01:59+08:00 ] SQL: SELECT m.id,m.`name`,m.`parent_id`,m.`link`,m.`image`,m.`target`,rm.`ext` FROM menu m INNER JOIN role_menu rm ON m.`id`=rm.`mid` WHERE m.parent_id=111 and rm.`rid`=21 [ RunTime:0.003933s ]
[ 2013-06-03T21:01:59+08:00 ] SQL: SELECT m.id,m.`name`,m.`parent_id`,m.`link`,m.`image`,m.`target`,rm.`ext` FROM menu m INNER JOIN role_menu rm ON m.`id`=rm.`mid` WHERE m.parent_id=115 and rm.`rid`=21 [ RunTime:0.003828s ]
[ 2013-06-03T21:01:59+08:00 ] SQL: SELECT m.id,m.`name`,m.`parent_id`,m.`link`,m.`image`,m.`target`,rm.`ext` FROM menu m INNER JOIN role_menu rm ON m.`id`=rm.`mid` WHERE m.parent_id=59 and rm.`rid`=21 [ RunTime:0.004815s ]
[ 2013-06-03T21:01:59+08:00 ] SQL: SELECT m.id,m.`name`,m.`parent_id`,m.`link`,m.`image`,m.`target`,rm.`ext` FROM menu m INNER JOIN role_menu rm ON m.`id`=rm.`mid` WHERE m.parent_id is NULL and pos=0 and rm.`rid`=21 [ RunTime:0.003890s ]
[ 2013-06-03T21:01:59+08:00 ] SQL: SELECT m.id,m.`name`,m.`parent_id`,m.`link`,m.`image`,m.`target`,rm.`ext` FROM menu m INNER JOIN role_menu rm ON m.`id`=rm.`mid` WHERE m.parent_id=15 and rm.`rid`=21 [ RunTime:0.003997s ]
[ 2013-06-03T21:01:59+08:00 ] SQL: SELECT m.id,m.`name`,m.`parent_id`,m.`link`,m.`image`,m.`target`,rm.`ext` FROM menu m INNER JOIN role_menu rm ON m.`id`=rm.`mid` WHERE m.parent_id=16 and rm.`rid`=21 [ RunTime:0.004792s ]
[ 2013-06-03T21:01:59+08:00 ] SQL: SELECT m.id,m.`name`,m.`parent_id`,m.`link`,m.`image`,m.`target`,rm.`ext` FROM menu m INNER JOIN role_menu rm ON m.`id`=rm.`mid` WHERE m.parent_id=19 and rm.`rid`=21 [ RunTime:0.003924s ]
[ 2013-06-03T21:01:59+08:00 ] SQL: SELECT m.id,m.`name`,m.`parent_id`,m.`link`,m.`image`,m.`target`,rm.`ext` FROM menu m INNER JOIN role_menu rm ON m.`id`=rm.`mid` WHERE m.parent_id=24 and rm.`rid`=21 [ RunTime:0.004890s ]
[ 2013-06-03T21:01:59+08:00 ] SQL: SELECT m.id,m.`name`,m.`parent_id`,m.`link`,m.`image`,m.`target`,rm.`ext` FROM menu m INNER JOIN role_menu rm ON m.`id`=rm.`mid` WHERE m.parent_id=27 and rm.`rid`=21 [ RunTime:0.004119s ]
[ 2013-06-03T21:01:59+08:00 ] SQL: SELECT m.id,m.`name`,m.`parent_id`,m.`link`,m.`image`,m.`target`,rm.`ext` FROM menu m INNER JOIN role_menu rm ON m.`id`=rm.`mid` WHERE m.parent_id=31 and rm.`rid`=21 [ RunTime:0.003968s ]
[ 2013-06-03T21:01:59+08:00 ] SQL: SELECT m.id,m.`name`,m.`parent_id`,m.`link`,m.`image`,m.`target`,rm.`ext` FROM menu m INNER JOIN role_menu rm ON m.`id`=rm.`mid` WHERE m.parent_id is NULL and (pos=2 OR m.name='專案管理') and rm.`rid`=21 [ RunTime:0.006665s ]
[ 2013-06-03T21:01:59+08:00 ] SQL: SELECT m.id,m.`name`,m.`parent_id`,m.`link`,m.`image`,m.`target`,rm.`ext` FROM menu m INNER JOIN role_menu rm ON m.`id`=rm.`mid` WHERE m.parent_id=59 and rm.`rid`=21 [ RunTime:0.005518s ]
[ 2013-06-03T21:01:59+08:00 ] SQL: SELECT m.id,m.`name`,m.`parent_id`,m.`link`,m.`image`,m.`target`,rm.`ext` FROM menu m INNER JOIN role_menu rm ON m.`id`=rm.`mid` WHERE m.parent_id=69 and rm.`rid`=21 [ RunTime:0.004061s ]
[ 2013-06-03T21:01:59+08:00 ] SQL: SELECT m.id,m.`name`,m.`parent_id`,m.`link`,m.`image`,m.`target`,rm.`ext` FROM menu m INNER JOIN role_menu rm ON m.`id`=rm.`mid` WHERE m.parent_id=76 and rm.`rid`=21 [ RunTime:0.004346s ]
[ 2013-06-03T21:01:59+08:00 ] SQL: SELECT m.id,m.`name`,m.`parent_id`,m.`link`,m.`image`,m.`target`,rm.`ext` FROM menu m INNER JOIN role_menu rm ON m.`id`=rm.`mid` WHERE m.parent_id=79 and rm.`rid`=21 [ RunTime:0.004233s ]
[ 2013-06-03T21:01:59+08:00 ] SQL: SELECT m.id,m.`name`,m.`parent_id`,m.`link`,m.`image`,m.`target`,rm.`ext` FROM menu m INNER JOIN role_menu rm ON m.`id`=rm.`mid` WHERE m.parent_id=87 and rm.`rid`=21 [ RunTime:0.004118s ]
[ 2013-06-03T21:01:59+08:00 ] SQL: SELECT m.id,m.`name`,m.`parent_id`,m.`link`,m.`image`,m.`target`,rm.`ext` FROM menu m INNER JOIN role_menu rm ON m.`id`=rm.`mid` WHERE m.parent_id=101 and rm.`rid`=21 [ RunTime:0.003836s ]
[ 2013-06-03T21:01:59+08:00 ] SQL: SELECT m.id,m.`name`,m.`parent_id`,m.`link`,m.`image`,m.`target`,rm.`ext` FROM menu m INNER JOIN role_menu rm ON m.`id`=rm.`mid` WHERE m.parent_id=107 and rm.`rid`=21 [ RunTime:0.004769s ]
[ 2013-06-03T21:01:59+08:00 ] NOTIC: [8] Undefined index: exts BaseAction.class.php 第 80 行.
[ 2013-06-03T21:01:59+08:00 ] SQL: SELECT 
			  rm.*,
			  m.`link` 
			FROM
			  `menu` m 
			  INNER JOIN `role_menu` rm 
			    ON m.`id` = rm.`mid` 
			WHERE rm.`rid` = 21 
			  AND m.`ext` IS NOT NULL  [ RunTime:0.004313s ]
[ 2013-06-03T21:01:59+08:00 ] NOTIC: [8] Undefined index: key WorkAction.class.php 第 15 行.
[ 2013-06-03T21:01:59+08:00 ] SQL: SELECT 
			  w.* ,u.`ucode`,d.`id` depart,IFNULL(t.`name` ,w.typename) `type`
			FROM
			  `work` w 
			  INNER JOIN `user` u 
			    ON u.`id` = w.`uid` 
			   INNER JOIN depart d ON d.`id`=u.`depart`
			   LEFT JOIN `type` t ON t.`id`=w.`type`
			WHERE w.`code` = '13108617' AND w.uid= 10 [ RunTime:0.008442s ]
[ 2013-06-03T21:01:59+08:00 ] SQL: SELECT 
			  w.* ,u.`ucode`,d.`id` depart,IFNULL(t.`name` ,w.typename) `type`
			FROM
			  `work` w 
			  INNER JOIN `user` u 
			    ON u.`id` = w.`uid` 
			   INNER JOIN depart d ON d.`id`=u.`depart`
			   LEFT JOIN `type` t ON t.`id`=w.`type`
			WHERE w.`code` = '13108617' AND w.uid= 10 limit 0,20 [ RunTime:0.009444s ]
[ 2013-06-03T21:02:36+08:00 ] SQL: SHOW COLUMNS FROM `depart` [ RunTime:0.007563s ]
[ 2013-06-03T21:02:36+08:00 ] SQL: SELECT * FROM `depart` WHERE ( `id` = '10' ) LIMIT 1  [ RunTime:0.000983s ]
[ 2013-06-03T21:02:37+08:00 ] ERR: (ThinkException) 非法操作images
[ 2013-06-03T21:02:38+08:00 ] ERR: (ThinkException) 非法操作images
[ 2013-06-03T21:02:50+08:00 ] SQL: SHOW COLUMNS FROM `depart` [ RunTime:0.007478s ]
[ 2013-06-03T21:02:51+08:00 ] SQL: SELECT * FROM `depart` WHERE ( `id` = '10' ) LIMIT 1  [ RunTime:0.000874s ]
[ 2013-06-03T21:03:06+08:00 ] ERR: (ThinkException) 非法操作images
[ 2013-06-03T21:03:06+08:00 ] ERR: (ThinkException) 非法操作images
[ 2013-06-03T21:03:44+08:00 ] SQL: SHOW COLUMNS FROM `depart` [ RunTime:0.007415s ]
[ 2013-06-03T21:03:44+08:00 ] SQL: SELECT * FROM `depart` WHERE ( `id` = '20' ) LIMIT 1  [ RunTime:0.000944s ]
[ 2013-06-03T21:03:50+08:00 ] ERR: (ThinkException) 非法操作images
[ 2013-06-03T21:03:50+08:00 ] ERR: (ThinkException) 非法操作images
[ 2013-06-03T21:15:57+08:00 ] SQL: SHOW COLUMNS FROM `depart` [ RunTime:0.008064s ]
[ 2013-06-03T21:15:57+08:00 ] SQL: SELECT * FROM `depart` WHERE ( `id` = '20' ) LIMIT 1  [ RunTime:0.001967s ]
[ 2013-06-03T21:16:01+08:00 ] ERR: (ThinkException) 非法操作images
[ 2013-06-03T21:24:56+08:00 ] SQL: SHOW COLUMNS FROM `depart` [ RunTime:0.008984s ]
[ 2013-06-03T21:24:56+08:00 ] SQL: SELECT * FROM `depart` WHERE ( `id` = '20' ) LIMIT 1  [ RunTime:0.000994s ]
[ 2013-06-03T21:24:57+08:00 ] ERR: (ThinkException) 非法操作images
[ 2013-06-03T21:25:27+08:00 ] SQL: SHOW COLUMNS FROM `depart` [ RunTime:0.007482s ]
[ 2013-06-03T21:25:27+08:00 ] SQL: SELECT * FROM `depart` WHERE ( `id` = '20' ) LIMIT 1  [ RunTime:0.000994s ]
[ 2013-06-03T21:25:29+08:00 ] ERR: (ThinkException) 非法操作images
[ 2013-06-03T21:26:06+08:00 ] SQL: SHOW COLUMNS FROM `depart` [ RunTime:0.007989s ]
[ 2013-06-03T21:26:06+08:00 ] SQL: SELECT * FROM `depart` WHERE ( `id` = '20' ) LIMIT 1  [ RunTime:0.001737s ]
[ 2013-06-03T21:26:07+08:00 ] ERR: (ThinkException) 非法操作images
[ 2013-06-03T21:26:34+08:00 ] SQL: SHOW COLUMNS FROM `depart` [ RunTime:0.008114s ]
[ 2013-06-03T21:26:34+08:00 ] SQL: SELECT * FROM `depart` WHERE ( `id` = '20' ) LIMIT 1  [ RunTime:0.004161s ]
[ 2013-06-03T21:26:35+08:00 ] ERR: (ThinkException) 非法操作images
[ 2013-06-03T21:31:55+08:00 ] SQL: SHOW COLUMNS FROM `depart` [ RunTime:0.007129s ]
[ 2013-06-03T21:31:55+08:00 ] SQL: SELECT * FROM `depart` WHERE ( `id` = '20' ) LIMIT 1  [ RunTime:0.000913s ]
[ 2013-06-03T21:31:56+08:00 ] ERR: (ThinkException) 非法操作images
[ 2013-06-03T21:32:18+08:00 ] SQL: SHOW COLUMNS FROM `depart` [ RunTime:0.007353s ]
[ 2013-06-03T21:32:18+08:00 ] SQL: SELECT * FROM `depart` WHERE ( `id` = '20' ) LIMIT 1  [ RunTime:0.001129s ]
[ 2013-06-03T21:32:19+08:00 ] ERR: (ThinkException) 非法操作images
[ 2013-06-03T21:32:39+08:00 ] SQL: SHOW COLUMNS FROM `depart` [ RunTime:0.008736s ]
[ 2013-06-03T21:32:39+08:00 ] SQL: SELECT * FROM `depart` WHERE ( `id` = '20' ) LIMIT 1  [ RunTime:0.003981s ]
[ 2013-06-03T21:32:40+08:00 ] ERR: (ThinkException) 非法操作images
[ 2013-06-03T21:33:04+08:00 ] SQL: SHOW COLUMNS FROM `depart` [ RunTime:0.010835s ]
[ 2013-06-03T21:33:04+08:00 ] SQL: SELECT * FROM `depart` WHERE ( `id` = '20' ) LIMIT 1  [ RunTime:0.000850s ]
[ 2013-06-03T21:33:05+08:00 ] ERR: (ThinkException) 非法操作images
[ 2013-06-03T21:36:05+08:00 ] SQL: SHOW COLUMNS FROM `depart` [ RunTime:0.006983s ]
[ 2013-06-03T21:36:05+08:00 ] SQL: SELECT * FROM `depart` WHERE ( `id` = '20' ) LIMIT 1  [ RunTime:0.000996s ]
[ 2013-06-03T21:36:06+08:00 ] ERR: (ThinkException) 非法操作images
[ 2013-06-03T21:38:17+08:00 ] SQL: SHOW COLUMNS FROM `depart` [ RunTime:0.007656s ]
[ 2013-06-03T21:38:17+08:00 ] SQL: SELECT * FROM `depart` WHERE ( `id` = '20' ) LIMIT 1  [ RunTime:0.000892s ]
[ 2013-06-03T21:38:19+08:00 ] ERR: (ThinkException) 非法操作images
[ 2013-06-03T21:38:52+08:00 ] SQL: SHOW COLUMNS FROM `depart` [ RunTime:0.010886s ]
[ 2013-06-03T21:38:52+08:00 ] SQL: SELECT * FROM `depart` WHERE ( `id` = '20' ) LIMIT 1  [ RunTime:0.000873s ]
[ 2013-06-03T21:49:35+08:00 ] SQL: SHOW COLUMNS FROM `depart` [ RunTime:0.007521s ]
[ 2013-06-03T21:49:35+08:00 ] SQL: SELECT * FROM `depart` WHERE ( `id` = '20' ) LIMIT 1  [ RunTime:0.000898s ]
[ 2013-06-03T21:50:20+08:00 ] SQL: SHOW COLUMNS FROM `project_invoice` [ RunTime:0.007520s ]
[ 2013-06-03T21:50:20+08:00 ] NOTIC: [8] Undefined index: id ProjectManageAction.class.php 第 172 行.
[ 2013-06-03T21:50:21+08:00 ] SQL: INSERT INTO `project_invoice` (`reqdate`,`pricecode`,`requestid`,`requestunitname`,`invoicetype`,`estimatedelegatemethods`,`total`,`tax`,`totalprice`,`code`) VALUES ('2013/06/03','11111','10','機電部','三聯','選擇性招標','14','0.7000000000000001','14.7','13108617') [ RunTime:0.003987s ]
[ 2013-06-03T21:50:21+08:00 ] SQL: SHOW COLUMNS FROM `project_invoice_detail` [ RunTime:0.008635s ]
[ 2013-06-03T21:50:21+08:00 ] NOTIC: [8] Undefined offset: 4 ProjectManageAction.class.php 第 198 行.
[ 2013-06-03T21:50:21+08:00 ] SQL: INSERT INTO `project_invoice_detail` (`invoice`,`productname`,`productcount`,`productprice`,`totalprice`) VALUES (1,'11','1','1',null) [ RunTime:0.002583s ]
[ 2013-06-03T21:50:21+08:00 ] NOTIC: [8] Undefined offset: 4 ProjectManageAction.class.php 第 198 行.
[ 2013-06-03T21:50:21+08:00 ] SQL: INSERT INTO `project_invoice_detail` (`invoice`,`productname`,`productcount`,`productprice`,`totalprice`) VALUES (1,'2','2','4',null) [ RunTime:0.015671s ]
[ 2013-06-03T21:50:21+08:00 ] NOTIC: [8] Undefined offset: 4 ProjectManageAction.class.php 第 198 行.
[ 2013-06-03T21:50:21+08:00 ] SQL: INSERT INTO `project_invoice_detail` (`invoice`,`productname`,`productcount`,`productprice`,`totalprice`) VALUES (1,'3','3','9',null) [ RunTime:0.000891s ]
[ 2013-06-03T21:51:22+08:00 ] SQL: SHOW COLUMNS FROM `depart` [ RunTime:0.008373s ]
[ 2013-06-03T21:51:22+08:00 ] SQL: SELECT * FROM `depart` WHERE ( `id` = '20' ) LIMIT 1  [ RunTime:0.000885s ]
[ 2013-06-03T21:51:45+08:00 ] SQL: SHOW COLUMNS FROM `project_invoice` [ RunTime:0.007622s ]
[ 2013-06-03T21:51:45+08:00 ] NOTIC: [8] Undefined index: id ProjectManageAction.class.php 第 172 行.
[ 2013-06-03T21:51:45+08:00 ] SQL: INSERT INTO `project_invoice` (`reqdate`,`pricecode`,`requestid`,`requestunitname`,`invoicetype`,`estimatedelegatemethods`,`total`,`tax`,`totalprice`,`code`) VALUES ('2013/06/03','AD222','10','機電部','三聯','選擇性招標','10','0.5','10.5','13108617') [ RunTime:0.001092s ]
[ 2013-06-03T21:51:45+08:00 ] SQL: SHOW COLUMNS FROM `project_invoice_detail` [ RunTime:0.008741s ]
[ 2013-06-03T21:51:45+08:00 ] SQL: INSERT INTO `project_invoice_detail` (`invoice`,`productname`,`productcount`,`productprice`,`totalprice`) VALUES (2,'11','2','2','4') [ RunTime:0.000874s ]
[ 2013-06-03T21:51:45+08:00 ] SQL: INSERT INTO `project_invoice_detail` (`invoice`,`productname`,`productcount`,`productprice`,`totalprice`) VALUES (2,'3','3','2','6') [ RunTime:0.001077s ]
[ 2013-06-03T22:04:57+08:00 ] ERR: (ThinkException) 非法操作__PUBLIC__
[ 2013-06-03T22:04:57+08:00 ] ERR: (ThinkException) 非法操作__PUBLIC__
[ 2013-06-03T22:04:57+08:00 ] ERR: (ThinkException) 非法操作__PUBLIC__
[ 2013-06-03T22:04:57+08:00 ] ERR: (ThinkException) 非法操作__PUBLIC__
[ 2013-06-03T22:04:58+08:00 ] ERR: (ThinkException) 非法操作__PUBLIC__
[ 2013-06-03T22:04:58+08:00 ] ERR: (ThinkException) 非法操作__PUBLIC__
[ 2013-06-03T22:04:58+08:00 ] ERR: (ThinkException) 非法操作__PUBLIC__
[ 2013-06-03T22:04:58+08:00 ] ERR: (ThinkException) 非法操作__PUBLIC__
[ 2013-06-03T22:04:58+08:00 ] ERR: (ThinkException) 非法操作__PUBLIC__
[ 2013-06-03T22:04:59+08:00 ] ERR: (ThinkException) 非法操作__PUBLIC__
[ 2013-06-03T22:04:59+08:00 ] ERR: (ThinkException) 非法操作__PUBLIC__
[ 2013-06-03T22:04:59+08:00 ] ERR: (ThinkException) 非法操作__PUBLIC__
[ 2013-06-03T22:04:59+08:00 ] ERR: (ThinkException) 非法操作__PUBLIC__
[ 2013-06-03T22:04:59+08:00 ] ERR: (ThinkException) 非法操作__PUBLIC__
[ 2013-06-03T22:04:59+08:00 ] ERR: (ThinkException) 非法操作__PUBLIC__
[ 2013-06-03T22:04:59+08:00 ] ERR: (ThinkException) 非法操作__PUBLIC__
[ 2013-06-03T22:05:00+08:00 ] ERR: (ThinkException) 非法操作__PUBLIC__
[ 2013-06-03T22:05:00+08:00 ] ERR: (ThinkException) 非法操作__PUBLIC__
[ 2013-06-03T22:05:00+08:00 ] ERR: (ThinkException) 非法操作__PUBLIC__
[ 2013-06-03T22:05:00+08:00 ] ERR: (ThinkException) 非法操作__PUBLIC__
[ 2013-06-03T22:05:00+08:00 ] ERR: (ThinkException) 非法操作__PUBLIC__
[ 2013-06-03T22:05:32+08:00 ] NOTIC: [8] Undefined index: sdate ProjectManageAction.class.php 第 156 行.
[ 2013-06-03T22:05:32+08:00 ] NOTIC: [8] Undefined index: spricecode ProjectManageAction.class.php 第 157 行.
[ 2013-06-03T22:05:32+08:00 ] SQL: SHOW COLUMNS FROM `project_invoice` [ RunTime:0.008464s ]
[ 2013-06-03T22:05:32+08:00 ] SQL: SELECT COUNT(*) AS tp_count FROM `project_invoice` WHERE  code='13108617'  LIMIT 1  [ RunTime:0.001752s ]
[ 2013-06-03T22:05:32+08:00 ] SQL: SELECT * FROM `project_invoice` WHERE  code='13108617'  ORDER BY id desc LIMIT 0,20  [ RunTime:0.000979s ]
[ 2013-06-03T22:06:00+08:00 ] ERR: (ThinkException) 非法操作__PUBLIC__
[ 2013-06-03T22:06:00+08:00 ] ERR: (ThinkException) 非法操作__PUBLIC__
[ 2013-06-03T22:06:00+08:00 ] ERR: (ThinkException) 非法操作__PUBLIC__
[ 2013-06-03T22:06:00+08:00 ] ERR: (ThinkException) 非法操作__PUBLIC__
[ 2013-06-03T22:06:00+08:00 ] ERR: (ThinkException) 非法操作__PUBLIC__
[ 2013-06-03T22:06:01+08:00 ] ERR: (ThinkException) 非法操作__PUBLIC__
[ 2013-06-03T22:06:01+08:00 ] ERR: (ThinkException) 非法操作__PUBLIC__
[ 2013-06-03T22:06:01+08:00 ] ERR: (ThinkException) 非法操作__PUBLIC__
[ 2013-06-03T22:06:01+08:00 ] ERR: (ThinkException) 非法操作__PUBLIC__
[ 2013-06-03T22:06:02+08:00 ] ERR: (ThinkException) 非法操作__PUBLIC__
[ 2013-06-03T22:06:02+08:00 ] ERR: (ThinkException) 非法操作__PUBLIC__
[ 2013-06-03T22:06:02+08:00 ] ERR: (ThinkException) 非法操作__PUBLIC__
[ 2013-06-03T22:06:02+08:00 ] ERR: (ThinkException) 非法操作__PUBLIC__
[ 2013-06-03T22:06:02+08:00 ] ERR: (ThinkException) 非法操作__PUBLIC__
[ 2013-06-03T22:06:02+08:00 ] ERR: (ThinkException) 非法操作__PUBLIC__
[ 2013-06-03T22:06:02+08:00 ] ERR: (ThinkException) 非法操作__PUBLIC__
[ 2013-06-03T22:06:03+08:00 ] ERR: (ThinkException) 非法操作__PUBLIC__
[ 2013-06-03T22:06:03+08:00 ] ERR: (ThinkException) 非法操作__PUBLIC__
[ 2013-06-03T22:06:03+08:00 ] ERR: (ThinkException) 非法操作__PUBLIC__
[ 2013-06-03T22:06:03+08:00 ] ERR: (ThinkException) 非法操作__PUBLIC__
[ 2013-06-03T22:06:03+08:00 ] ERR: (ThinkException) 非法操作__PUBLIC__
[ 2013-06-03T22:06:44+08:00 ] NOTIC: [8] Undefined index: sdate ProjectManageAction.class.php 第 156 行.
[ 2013-06-03T22:06:44+08:00 ] NOTIC: [8] Undefined index: spricecode ProjectManageAction.class.php 第 157 行.
[ 2013-06-03T22:06:44+08:00 ] SQL: SHOW COLUMNS FROM `project_invoice` [ RunTime:0.009552s ]
[ 2013-06-03T22:06:44+08:00 ] SQL: SELECT COUNT(*) AS tp_count FROM `project_invoice` WHERE  code='13108617'  LIMIT 1  [ RunTime:0.000865s ]
[ 2013-06-03T22:06:44+08:00 ] SQL: SELECT * FROM `project_invoice` WHERE  code='13108617'  ORDER BY id desc LIMIT 0,20  [ RunTime:0.000934s ]
[ 2013-06-03T22:07:53+08:00 ] NOTIC: [8] Undefined index: sdate ProjectManageAction.class.php 第 156 行.
[ 2013-06-03T22:07:53+08:00 ] NOTIC: [8] Undefined index: spricecode ProjectManageAction.class.php 第 157 行.
[ 2013-06-03T22:07:53+08:00 ] SQL: SHOW COLUMNS FROM `project_invoice` [ RunTime:0.007960s ]
[ 2013-06-03T22:07:53+08:00 ] SQL: SELECT COUNT(*) AS tp_count FROM `project_invoice` WHERE  code='13108617'  LIMIT 1  [ RunTime:0.002185s ]
[ 2013-06-03T22:07:53+08:00 ] SQL: SELECT * FROM `project_invoice` WHERE  code='13108617'  ORDER BY id desc LIMIT 0,20  [ RunTime:0.001107s ]
[ 2013-06-03T22:07:56+08:00 ] NOTIC: [8] Undefined index: sdate ProjectManageAction.class.php 第 156 行.
[ 2013-06-03T22:07:56+08:00 ] NOTIC: [8] Undefined index: spricecode ProjectManageAction.class.php 第 157 行.
[ 2013-06-03T22:07:56+08:00 ] SQL: SHOW COLUMNS FROM `project_invoice` [ RunTime:0.013575s ]
[ 2013-06-03T22:07:56+08:00 ] SQL: SELECT COUNT(*) AS tp_count FROM `project_invoice` WHERE  code='13108617'  LIMIT 1  [ RunTime:0.000832s ]
[ 2013-06-03T22:07:56+08:00 ] SQL: SELECT * FROM `project_invoice` WHERE  code='13108617'  ORDER BY id desc LIMIT 0,20  [ RunTime:0.001254s ]
[ 2013-06-03T22:08:46+08:00 ] NOTIC: [8] Undefined index: spricecode ProjectManageAction.class.php 第 157 行.
[ 2013-06-03T22:08:46+08:00 ] SQL: SHOW COLUMNS FROM `project_invoice` [ RunTime:0.007588s ]
[ 2013-06-03T22:08:46+08:00 ] SQL: SELECT COUNT(*) AS tp_count FROM `project_invoice` WHERE  code='13108617'  AND datediff(pricedate,'2013-06-02') =0  LIMIT 1  [ RunTime:0.000812s ]
[ 2013-06-03T22:08:46+08:00 ] SQL: SELECT * FROM `project_invoice` WHERE  code='13108617'  AND datediff(pricedate,'2013-06-02') =0  ORDER BY id desc LIMIT 0,20  [ RunTime:0.000741s ]
[ 2013-06-03T22:08:50+08:00 ] NOTIC: [8] Undefined index: spricecode ProjectManageAction.class.php 第 157 行.
[ 2013-06-03T22:08:50+08:00 ] SQL: SHOW COLUMNS FROM `project_invoice` [ RunTime:0.009139s ]
[ 2013-06-03T22:08:50+08:00 ] SQL: SELECT COUNT(*) AS tp_count FROM `project_invoice` WHERE  code='13108617'  AND datediff(pricedate,'2013-06-03') =0  LIMIT 1  [ RunTime:0.000759s ]
[ 2013-06-03T22:08:50+08:00 ] SQL: SELECT * FROM `project_invoice` WHERE  code='13108617'  AND datediff(pricedate,'2013-06-03') =0  ORDER BY id desc LIMIT 0,20  [ RunTime:0.000814s ]
[ 2013-06-03T22:08:52+08:00 ] NOTIC: [8] Undefined index: spricecode ProjectManageAction.class.php 第 157 行.
[ 2013-06-03T22:08:52+08:00 ] SQL: SHOW COLUMNS FROM `project_invoice` [ RunTime:0.009254s ]
[ 2013-06-03T22:08:52+08:00 ] SQL: SELECT COUNT(*) AS tp_count FROM `project_invoice` WHERE  code='13108617'  LIMIT 1  [ RunTime:0.001140s ]
[ 2013-06-03T22:08:52+08:00 ] SQL: SELECT * FROM `project_invoice` WHERE  code='13108617'  ORDER BY id desc LIMIT 0,20  [ RunTime:0.001505s ]
[ 2013-06-03T22:09:02+08:00 ] NOTIC: [8] Undefined index: spricecode ProjectManageAction.class.php 第 157 行.
[ 2013-06-03T22:09:02+08:00 ] SQL: SHOW COLUMNS FROM `project_invoice` [ RunTime:0.009362s ]
[ 2013-06-03T22:09:02+08:00 ] SQL: SELECT COUNT(*) AS tp_count FROM `project_invoice` WHERE  code='13108617'  LIMIT 1  [ RunTime:0.001108s ]
[ 2013-06-03T22:09:02+08:00 ] SQL: SELECT * FROM `project_invoice` WHERE  code='13108617'  ORDER BY id desc LIMIT 0,20  [ RunTime:0.001806s ]
[ 2013-06-03T22:09:21+08:00 ] NOTIC: [8] Undefined index: spricecode ProjectManageAction.class.php 第 157 行.
[ 2013-06-03T22:09:21+08:00 ] SQL: SHOW COLUMNS FROM `project_invoice` [ RunTime:0.020723s ]
[ 2013-06-03T22:09:21+08:00 ] SQL: SELECT COUNT(*) AS tp_count FROM `project_invoice` WHERE  code='13108617'  AND datediff(pricedate,'2013-06-03') =0  LIMIT 1  [ RunTime:0.001272s ]
[ 2013-06-03T22:09:21+08:00 ] SQL: SELECT * FROM `project_invoice` WHERE  code='13108617'  AND datediff(pricedate,'2013-06-03') =0  ORDER BY id desc LIMIT 0,20  [ RunTime:0.003050s ]
[ 2013-06-03T22:12:35+08:00 ] NOTIC: [8] Undefined index: spricecode ProjectManageAction.class.php 第 157 行.
[ 2013-06-03T22:12:35+08:00 ] SQL: SHOW COLUMNS FROM `project_invoice` [ RunTime:0.007868s ]
[ 2013-06-03T22:12:35+08:00 ] SQL: SELECT COUNT(*) AS tp_count FROM `project_invoice` WHERE  code='13108617'  AND datediff(pricedate,'2013-06-03') =0  LIMIT 1  [ RunTime:0.008653s ]
[ 2013-06-03T22:12:35+08:00 ] SQL: SELECT * FROM `project_invoice` WHERE  code='13108617'  AND datediff(pricedate,'2013-06-03') =0  ORDER BY id desc LIMIT 0,20  [ RunTime:0.003559s ]
[ 2013-06-03T22:12:35+08:00 ] NOTIC: [8] Undefined variable: spricecode 7ceeec23fa167a5af66c3837c1b6f339.php 第 230 行.
[ 2013-06-03T22:12:39+08:00 ] NOTIC: [8] Undefined index: spricecode ProjectManageAction.class.php 第 157 行.
[ 2013-06-03T22:12:39+08:00 ] SQL: SHOW COLUMNS FROM `project_invoice` [ RunTime:0.007775s ]
[ 2013-06-03T22:12:39+08:00 ] SQL: SELECT COUNT(*) AS tp_count FROM `project_invoice` WHERE  code='13108617'  AND datediff(pricedate,'2013-06-03') =0  LIMIT 1  [ RunTime:0.000859s ]
[ 2013-06-03T22:12:39+08:00 ] SQL: SELECT * FROM `project_invoice` WHERE  code='13108617'  AND datediff(pricedate,'2013-06-03') =0  ORDER BY id desc LIMIT 0,20  [ RunTime:0.000733s ]
[ 2013-06-03T22:12:40+08:00 ] NOTIC: [8] Undefined variable: spricecode 7ceeec23fa167a5af66c3837c1b6f339.php 第 230 行.
[ 2013-06-03T22:12:41+08:00 ] NOTIC: [8] Undefined index: spricecode ProjectManageAction.class.php 第 157 行.
[ 2013-06-03T22:12:41+08:00 ] SQL: SHOW COLUMNS FROM `project_invoice` [ RunTime:0.008115s ]
[ 2013-06-03T22:12:41+08:00 ] SQL: SELECT COUNT(*) AS tp_count FROM `project_invoice` WHERE  code='13108617'  AND datediff(pricedate,'2013-06-03') =0  LIMIT 1  [ RunTime:0.000939s ]
[ 2013-06-03T22:12:41+08:00 ] SQL: SELECT * FROM `project_invoice` WHERE  code='13108617'  AND datediff(pricedate,'2013-06-03') =0  ORDER BY id desc LIMIT 0,20  [ RunTime:0.002706s ]
[ 2013-06-03T22:12:42+08:00 ] NOTIC: [8] Undefined variable: spricecode 7ceeec23fa167a5af66c3837c1b6f339.php 第 230 行.
[ 2013-06-03T22:12:43+08:00 ] NOTIC: [8] Undefined index: spricecode ProjectManageAction.class.php 第 157 行.
[ 2013-06-03T22:12:43+08:00 ] SQL: SHOW COLUMNS FROM `project_invoice` [ RunTime:0.008718s ]
[ 2013-06-03T22:12:43+08:00 ] SQL: SELECT COUNT(*) AS tp_count FROM `project_invoice` WHERE  code='13108617'  AND datediff(pricedate,'2013-06-03') =0  LIMIT 1  [ RunTime:0.002355s ]
[ 2013-06-03T22:12:43+08:00 ] SQL: SELECT * FROM `project_invoice` WHERE  code='13108617'  AND datediff(pricedate,'2013-06-03') =0  ORDER BY id desc LIMIT 0,20  [ RunTime:0.000839s ]
[ 2013-06-03T22:12:44+08:00 ] NOTIC: [8] Undefined variable: spricecode 7ceeec23fa167a5af66c3837c1b6f339.php 第 230 行.
[ 2013-06-03T22:12:45+08:00 ] NOTIC: [8] Undefined index: spricecode ProjectManageAction.class.php 第 157 行.
[ 2013-06-03T22:12:45+08:00 ] SQL: SHOW COLUMNS FROM `project_invoice` [ RunTime:0.008505s ]
[ 2013-06-03T22:12:45+08:00 ] SQL: SELECT COUNT(*) AS tp_count FROM `project_invoice` WHERE  code='13108617'  AND datediff(pricedate,'2013-06-03') =0  LIMIT 1  [ RunTime:0.001406s ]
[ 2013-06-03T22:12:45+08:00 ] SQL: SELECT * FROM `project_invoice` WHERE  code='13108617'  AND datediff(pricedate,'2013-06-03') =0  ORDER BY id desc LIMIT 0,20  [ RunTime:0.001017s ]
[ 2013-06-03T22:12:46+08:00 ] NOTIC: [8] Undefined variable: spricecode 7ceeec23fa167a5af66c3837c1b6f339.php 第 230 行.
[ 2013-06-03T22:12:55+08:00 ] NOTIC: [8] Undefined index: spricecode ProjectManageAction.class.php 第 157 行.
[ 2013-06-03T22:12:55+08:00 ] SQL: SHOW COLUMNS FROM `project_invoice` [ RunTime:0.009461s ]
[ 2013-06-03T22:12:55+08:00 ] SQL: SELECT COUNT(*) AS tp_count FROM `project_invoice` WHERE  code='13108617'  AND datediff(pricedate,'2013-06-03') =0  LIMIT 1  [ RunTime:0.002331s ]
[ 2013-06-03T22:12:55+08:00 ] SQL: SELECT * FROM `project_invoice` WHERE  code='13108617'  AND datediff(pricedate,'2013-06-03') =0  ORDER BY id desc LIMIT 0,20  [ RunTime:0.000893s ]
[ 2013-06-03T22:12:56+08:00 ] NOTIC: [8] Undefined variable: spricecode 7ceeec23fa167a5af66c3837c1b6f339.php 第 230 行.
[ 2013-06-03T22:14:37+08:00 ] NOTIC: [8] Undefined index: spricecode ProjectManageAction.class.php 第 157 行.
[ 2013-06-03T22:14:37+08:00 ] SQL: SHOW COLUMNS FROM `project_invoice` [ RunTime:0.008016s ]
[ 2013-06-03T22:14:37+08:00 ] SQL: SELECT COUNT(*) AS tp_count FROM `project_invoice` WHERE  code='13108617'  AND datediff(pricedate,'2013-06-03') =0  LIMIT 1  [ RunTime:0.000780s ]
[ 2013-06-03T22:14:37+08:00 ] SQL: SELECT * FROM `project_invoice` WHERE  code='13108617'  AND datediff(pricedate,'2013-06-03') =0  ORDER BY id desc LIMIT 0,20  [ RunTime:0.000887s ]
[ 2013-06-03T22:14:38+08:00 ] NOTIC: [8] Undefined variable: spricecode 7ceeec23fa167a5af66c3837c1b6f339.php 第 230 行.
[ 2013-06-03T22:14:39+08:00 ] NOTIC: [8] Undefined index: spricecode ProjectManageAction.class.php 第 157 行.
[ 2013-06-03T22:14:39+08:00 ] SQL: SHOW COLUMNS FROM `project_invoice` [ RunTime:0.008821s ]
[ 2013-06-03T22:14:39+08:00 ] SQL: SELECT COUNT(*) AS tp_count FROM `project_invoice` WHERE  code='13108617'  AND datediff(pricedate,'2013-06-03') =0  LIMIT 1  [ RunTime:0.001047s ]
[ 2013-06-03T22:14:39+08:00 ] SQL: SELECT * FROM `project_invoice` WHERE  code='13108617'  AND datediff(pricedate,'2013-06-03') =0  ORDER BY id desc LIMIT 0,20  [ RunTime:0.001045s ]
[ 2013-06-03T22:14:40+08:00 ] NOTIC: [8] Undefined variable: spricecode 7ceeec23fa167a5af66c3837c1b6f339.php 第 230 行.
[ 2013-06-03T22:15:47+08:00 ] NOTIC: [8] Undefined index: spricecode ProjectManageAction.class.php 第 157 行.
[ 2013-06-03T22:15:47+08:00 ] SQL: SHOW COLUMNS FROM `project_invoice` [ RunTime:0.008157s ]
[ 2013-06-03T22:15:47+08:00 ] SQL: SELECT COUNT(*) AS tp_count FROM `project_invoice` WHERE  code='13108617'  AND datediff(reqdate,'2013-06-03') =0  LIMIT 1  [ RunTime:0.000886s ]
[ 2013-06-03T22:15:47+08:00 ] SQL: SELECT * FROM `project_invoice` WHERE  code='13108617'  AND datediff(reqdate,'2013-06-03') =0  ORDER BY id desc LIMIT 0,20  [ RunTime:0.001243s ]
[ 2013-06-03T22:15:48+08:00 ] NOTIC: [8] Undefined variable: spricecode 7ceeec23fa167a5af66c3837c1b6f339.php 第 230 行.
[ 2013-06-03T22:15:55+08:00 ] NOTIC: [8] Undefined index: spricecode ProjectManageAction.class.php 第 157 行.
[ 2013-06-03T22:15:55+08:00 ] SQL: SHOW COLUMNS FROM `project_invoice` [ RunTime:0.007714s ]
[ 2013-06-03T22:15:55+08:00 ] SQL: SELECT COUNT(*) AS tp_count FROM `project_invoice` WHERE  code='13108617'  AND datediff(reqdate,'2013-06-03') =0  LIMIT 1  [ RunTime:0.001223s ]
[ 2013-06-03T22:15:55+08:00 ] SQL: SELECT * FROM `project_invoice` WHERE  code='13108617'  AND datediff(reqdate,'2013-06-03') =0  ORDER BY id desc LIMIT 0,20  [ RunTime:0.005411s ]
[ 2013-06-03T22:15:55+08:00 ] NOTIC: [8] Undefined variable: spricecode 7ceeec23fa167a5af66c3837c1b6f339.php 第 230 行.
[ 2013-06-03T22:15:58+08:00 ] NOTIC: [8] Undefined index: spricecode ProjectManageAction.class.php 第 157 行.
[ 2013-06-03T22:15:58+08:00 ] SQL: SHOW COLUMNS FROM `project_invoice` [ RunTime:0.008853s ]
[ 2013-06-03T22:15:58+08:00 ] SQL: SELECT COUNT(*) AS tp_count FROM `project_invoice` WHERE  code='13108617'  AND datediff(reqdate,'2013-06-03') =0  LIMIT 1  [ RunTime:0.001130s ]
[ 2013-06-03T22:15:58+08:00 ] SQL: SELECT * FROM `project_invoice` WHERE  code='13108617'  AND datediff(reqdate,'2013-06-03') =0  ORDER BY id desc LIMIT 0,20  [ RunTime:0.000963s ]
[ 2013-06-03T22:15:58+08:00 ] NOTIC: [8] Undefined variable: spricecode 7ceeec23fa167a5af66c3837c1b6f339.php 第 230 行.
[ 2013-06-03T22:16:29+08:00 ] NOTIC: [8] Undefined index: spricecode ProjectManageAction.class.php 第 157 行.
[ 2013-06-03T22:16:29+08:00 ] SQL: SHOW COLUMNS FROM `project_invoice` [ RunTime:0.014481s ]
[ 2013-06-03T22:16:29+08:00 ] SQL: SELECT COUNT(*) AS tp_count FROM `project_invoice` WHERE  code='13108617'  AND datediff(reqdate,'2013-06-03') =0  LIMIT 1  [ RunTime:0.000930s ]
[ 2013-06-03T22:16:29+08:00 ] SQL: SELECT * FROM `project_invoice` WHERE  code='13108617'  AND datediff(reqdate,'2013-06-03') =0  ORDER BY id desc LIMIT 0,20  [ RunTime:0.001186s ]
[ 2013-06-03T22:16:30+08:00 ] NOTIC: [8] Undefined variable: spricecode 7ceeec23fa167a5af66c3837c1b6f339.php 第 230 行.
[ 2013-06-03T22:16:57+08:00 ] NOTIC: [8] Undefined index: spricecode ProjectManageAction.class.php 第 157 行.
[ 2013-06-03T22:16:57+08:00 ] SQL: SHOW COLUMNS FROM `project_invoice` [ RunTime:0.009123s ]
[ 2013-06-03T22:16:57+08:00 ] SQL: SELECT COUNT(*) AS tp_count FROM `project_invoice` WHERE  code='13108617'  AND datediff(reqdate,'2013-06-03') =0  LIMIT 1  [ RunTime:0.001160s ]
[ 2013-06-03T22:16:57+08:00 ] SQL: SELECT * FROM `project_invoice` WHERE  code='13108617'  AND datediff(reqdate,'2013-06-03') =0  ORDER BY id desc LIMIT 0,20  [ RunTime:0.001049s ]
[ 2013-06-03T22:16:57+08:00 ] NOTIC: [8] Undefined variable: spricecode 7ceeec23fa167a5af66c3837c1b6f339.php 第 230 行.
[ 2013-06-03T22:17:02+08:00 ] NOTIC: [8] Undefined index: spricecode ProjectManageAction.class.php 第 157 行.
[ 2013-06-03T22:17:02+08:00 ] SQL: SHOW COLUMNS FROM `project_invoice` [ RunTime:0.014226s ]
[ 2013-06-03T22:17:02+08:00 ] SQL: SELECT COUNT(*) AS tp_count FROM `project_invoice` WHERE  code='13108617'  AND datediff(reqdate,'2013-06-03') =0  LIMIT 1  [ RunTime:0.001047s ]
[ 2013-06-03T22:17:02+08:00 ] SQL: SELECT * FROM `project_invoice` WHERE  code='13108617'  AND datediff(reqdate,'2013-06-03') =0  ORDER BY id desc LIMIT 0,20  [ RunTime:0.001070s ]
[ 2013-06-03T22:17:03+08:00 ] NOTIC: [8] Undefined variable: spricecode 7ceeec23fa167a5af66c3837c1b6f339.php 第 230 行.
[ 2013-06-03T22:17:56+08:00 ] NOTIC: [8] Undefined index: spricecode ProjectManageAction.class.php 第 157 行.
[ 2013-06-03T22:17:56+08:00 ] SQL: SHOW COLUMNS FROM `project_invoice` [ RunTime:0.009433s ]
[ 2013-06-03T22:17:56+08:00 ] SQL: SELECT COUNT(*) AS tp_count FROM `project_invoice` WHERE  code='13108617'  AND datediff(reqdate,'2013-06-03') =0  LIMIT 1  [ RunTime:0.001184s ]
[ 2013-06-03T22:17:56+08:00 ] SQL: SELECT * FROM `project_invoice` WHERE  code='13108617'  AND datediff(reqdate,'2013-06-03') =0  ORDER BY id desc LIMIT 0,20  [ RunTime:0.001097s ]
[ 2013-06-03T22:17:56+08:00 ] NOTIC: [8] Undefined variable: spricecode 7ceeec23fa167a5af66c3837c1b6f339.php 第 230 行.
[ 2013-06-03T22:18:01+08:00 ] SQL: SHOW COLUMNS FROM `project_invoice` [ RunTime:0.008885s ]
[ 2013-06-03T22:18:01+08:00 ] SQL: SELECT COUNT(*) AS tp_count FROM `project_invoice` WHERE  code='13108617'  AND datediff(reqdate,'2013-06-03') =0  AND pricecode ='AD222' LIMIT 1  [ RunTime:0.014698s ]
[ 2013-06-03T22:18:01+08:00 ] SQL: SELECT * FROM `project_invoice` WHERE  code='13108617'  AND datediff(reqdate,'2013-06-03') =0  AND pricecode ='AD222' ORDER BY id desc LIMIT 0,20  [ RunTime:0.002041s ]
[ 2013-06-03T22:19:39+08:00 ] SQL: SHOW COLUMNS FROM `project_invoice` [ RunTime:0.008352s ]
[ 2013-06-03T22:19:39+08:00 ] SQL: SELECT COUNT(*) AS tp_count FROM `project_invoice` WHERE  code='13108617'  AND datediff(reqdate,'2013-06-03') =0  AND pricecode ='AD222' LIMIT 1  [ RunTime:0.001540s ]
[ 2013-06-03T22:19:39+08:00 ] SQL: SELECT * FROM `project_invoice` WHERE  code='13108617'  AND datediff(reqdate,'2013-06-03') =0  AND pricecode ='AD222' ORDER BY id desc LIMIT 0,20  [ RunTime:0.001586s ]
[ 2013-06-03T22:39:42+08:00 ] SQL: SHOW COLUMNS FROM `depart` [ RunTime:0.014548s ]
[ 2013-06-03T22:39:42+08:00 ] SQL: SELECT * FROM `depart` WHERE ( `id` = '20' ) LIMIT 1  [ RunTime:0.002709s ]
[ 2013-06-03T22:40:48+08:00 ] SQL: SHOW COLUMNS FROM `project_invoice` [ RunTime:0.007635s ]
[ 2013-06-03T22:40:48+08:00 ] SQL: SELECT COUNT(*) AS tp_count FROM `project_invoice` WHERE  code='13108617'  AND datediff(reqdate,'2013-06-03') =0  AND pricecode ='AD222' LIMIT 1  [ RunTime:0.017913s ]
[ 2013-06-03T22:40:48+08:00 ] SQL: SELECT * FROM `project_invoice` WHERE  code='13108617'  AND datediff(reqdate,'2013-06-03') =0  AND pricecode ='AD222' ORDER BY id desc LIMIT 0,20  [ RunTime:0.001093s ]
[ 2013-06-03T22:40:53+08:00 ] SQL: SHOW COLUMNS FROM `project_invoice` [ RunTime:0.007437s ]
[ 2013-06-03T22:40:53+08:00 ] SQL: SHOW COLUMNS FROM `project_invoice_detail` [ RunTime:0.013294s ]
[ 2013-06-03T22:40:53+08:00 ] SQL: SELECT * FROM `project_invoice` WHERE ( `id` = '2' ) LIMIT 1  [ RunTime:0.000981s ]
[ 2013-06-03T22:40:54+08:00 ] SQL: SELECT * FROM `project_invoice_detail` WHERE invoice=2 [ RunTime:0.001106s ]
[ 2013-06-03T22:40:54+08:00 ] NOTIC: [8] Undefined variable: depart 0470efe96ba9b77a3224044374941be6.php 第 301 行.
[ 2013-06-03T22:40:54+08:00 ] NOTIC: [8] Undefined variable: depart 0470efe96ba9b77a3224044374941be6.php 第 302 行.
[ 2013-06-03T22:40:54+08:00 ] NOTIC: [8] Undefined variable: depart 0470efe96ba9b77a3224044374941be6.php 第 303 行.
[ 2013-06-03T22:41:08+08:00 ] SQL: SHOW COLUMNS FROM `project_invoice` [ RunTime:0.010619s ]
[ 2013-06-03T22:41:08+08:00 ] SQL: UPDATE `project_invoice` SET `reqdate`='2013-06-03',`pricecode`='AD222',`requestid`='10',`requestuser`='管理员',`requestunitid`='',`requestunitname`='',`invoicetype`='三聯',`estimatedelegatemethods`='選擇性招標',`total`='26',`tax`='1.3',`totalprice`='27.3',`code`='13108617' WHERE ( `id` = '2' ) [ RunTime:0.010070s ]
[ 2013-06-03T22:41:08+08:00 ] SQL: SHOW COLUMNS FROM `project_invoice_detail` [ RunTime:0.007399s ]
[ 2013-06-03T22:41:08+08:00 ] SQL: DELETE FROM `project_invoice_detail` WHERE price =2 [ RunTime:0.004400s ]
[ 2013-06-03T22:41:08+08:00 ] SQL: INSERT INTO `project_invoice_detail` (`invoice`,`productname`,`productcount`,`productprice`,`totalprice`) VALUES ('2','11','2','2','4') [ RunTime:0.000754s ]
[ 2013-06-03T22:41:08+08:00 ] SQL: INSERT INTO `project_invoice_detail` (`invoice`,`productname`,`productcount`,`productprice`,`totalprice`) VALUES ('2','3','3','2','6') [ RunTime:0.000767s ]
[ 2013-06-03T22:41:08+08:00 ] SQL: INSERT INTO `project_invoice_detail` (`invoice`,`productname`,`productcount`,`productprice`,`totalprice`) VALUES ('2','44','4','4','16') [ RunTime:0.000734s ]
[ 2013-06-03T22:41:09+08:00 ] NOTIC: [8] Undefined index: sdate ProjectManageAction.class.php 第 156 行.
[ 2013-06-03T22:41:09+08:00 ] NOTIC: [8] Undefined index: spricecode ProjectManageAction.class.php 第 157 行.
[ 2013-06-03T22:41:09+08:00 ] SQL: SHOW COLUMNS FROM `project_invoice` [ RunTime:0.011005s ]
[ 2013-06-03T22:41:09+08:00 ] SQL: SELECT COUNT(*) AS tp_count FROM `project_invoice` WHERE  code='13108617'  LIMIT 1  [ RunTime:0.000849s ]
[ 2013-06-03T22:41:09+08:00 ] SQL: SELECT * FROM `project_invoice` WHERE  code='13108617'  ORDER BY id desc LIMIT 0,20  [ RunTime:0.001044s ]
[ 2013-06-03T22:41:09+08:00 ] NOTIC: [8] Undefined variable: sdate 7ceeec23fa167a5af66c3837c1b6f339.php 第 228 行.
[ 2013-06-03T22:41:09+08:00 ] NOTIC: [8] Undefined variable: spricecode 7ceeec23fa167a5af66c3837c1b6f339.php 第 230 行.
[ 2013-06-03T22:41:14+08:00 ] SQL: SHOW COLUMNS FROM `project_invoice` [ RunTime:0.011419s ]
[ 2013-06-03T22:41:14+08:00 ] SQL: SHOW COLUMNS FROM `project_invoice_detail` [ RunTime:0.010651s ]
[ 2013-06-03T22:41:14+08:00 ] SQL: SELECT * FROM `project_invoice` WHERE ( `id` = '2' ) LIMIT 1  [ RunTime:0.000983s ]
[ 2013-06-03T22:41:14+08:00 ] SQL: SELECT * FROM `project_invoice_detail` WHERE invoice=2 [ RunTime:0.004407s ]
[ 2013-06-03T22:41:15+08:00 ] NOTIC: [8] Undefined variable: depart 0470efe96ba9b77a3224044374941be6.php 第 301 行.
[ 2013-06-03T22:41:15+08:00 ] NOTIC: [8] Undefined variable: depart 0470efe96ba9b77a3224044374941be6.php 第 302 行.
[ 2013-06-03T22:41:15+08:00 ] NOTIC: [8] Undefined variable: depart 0470efe96ba9b77a3224044374941be6.php 第 303 行.
[ 2013-06-03T22:42:03+08:00 ] SQL: SHOW COLUMNS FROM `project_invoice` [ RunTime:0.007376s ]
[ 2013-06-03T22:42:03+08:00 ] SQL: UPDATE `project_invoice` SET `reqdate`='2013-06-03',`pricecode`='AD222',`requestid`='10',`requestuser`='管理员',`requestunitid`='',`requestunitname`='',`invoicetype`='三聯',`estimatedelegatemethods`='選擇性招標',`total`='52',`tax`='2.6',`totalprice`='54.6',`code`='13108617' WHERE ( `id` = '2' ) [ RunTime:0.000892s ]
[ 2013-06-03T22:42:03+08:00 ] SQL: SHOW COLUMNS FROM `project_invoice_detail` [ RunTime:0.013816s ]
[ 2013-06-03T22:42:03+08:00 ] SQL: DELETE FROM `project_invoice_detail` WHERE invoice =2 [ RunTime:0.001015s ]
[ 2013-06-03T22:42:03+08:00 ] SQL: INSERT INTO `project_invoice_detail` (`invoice`,`productname`,`productcount`,`productprice`,`totalprice`) VALUES ('2','11','2','2','4') [ RunTime:0.000841s ]
[ 2013-06-03T22:42:03+08:00 ] SQL: INSERT INTO `project_invoice_detail` (`invoice`,`productname`,`productcount`,`productprice`,`totalprice`) VALUES ('2','3','3','2','6') [ RunTime:0.000977s ]
[ 2013-06-03T22:42:03+08:00 ] SQL: INSERT INTO `project_invoice_detail` (`invoice`,`productname`,`productcount`,`productprice`,`totalprice`) VALUES ('2','11','2','2','4') [ RunTime:0.000764s ]
[ 2013-06-03T22:42:03+08:00 ] SQL: INSERT INTO `project_invoice_detail` (`invoice`,`productname`,`productcount`,`productprice`,`totalprice`) VALUES ('2','3','3','2','6') [ RunTime:0.001061s ]
[ 2013-06-03T22:42:03+08:00 ] SQL: INSERT INTO `project_invoice_detail` (`invoice`,`productname`,`productcount`,`productprice`,`totalprice`) VALUES ('2','44','4','4','16') [ RunTime:0.000740s ]
[ 2013-06-03T22:42:04+08:00 ] SQL: INSERT INTO `project_invoice_detail` (`invoice`,`productname`,`productcount`,`productprice`,`totalprice`) VALUES ('2','5555','4','4','16') [ RunTime:0.002666s ]
[ 2013-06-03T22:42:04+08:00 ] NOTIC: [8] Undefined index: sdate ProjectManageAction.class.php 第 156 行.
[ 2013-06-03T22:42:04+08:00 ] NOTIC: [8] Undefined index: spricecode ProjectManageAction.class.php 第 157 行.
[ 2013-06-03T22:42:04+08:00 ] SQL: SHOW COLUMNS FROM `project_invoice` [ RunTime:0.007880s ]
[ 2013-06-03T22:42:04+08:00 ] SQL: SELECT COUNT(*) AS tp_count FROM `project_invoice` WHERE  code='13108617'  LIMIT 1  [ RunTime:0.000957s ]
[ 2013-06-03T22:42:04+08:00 ] SQL: SELECT * FROM `project_invoice` WHERE  code='13108617'  ORDER BY id desc LIMIT 0,20  [ RunTime:0.001205s ]
[ 2013-06-03T22:42:04+08:00 ] NOTIC: [8] Undefined variable: sdate 7ceeec23fa167a5af66c3837c1b6f339.php 第 228 行.
[ 2013-06-03T22:42:04+08:00 ] NOTIC: [8] Undefined variable: spricecode 7ceeec23fa167a5af66c3837c1b6f339.php 第 230 行.
[ 2013-06-03T22:42:07+08:00 ] SQL: SHOW COLUMNS FROM `project_invoice` [ RunTime:0.008319s ]
[ 2013-06-03T22:42:07+08:00 ] SQL: SHOW COLUMNS FROM `project_invoice_detail` [ RunTime:0.009047s ]
[ 2013-06-03T22:42:07+08:00 ] SQL: SELECT * FROM `project_invoice` WHERE ( `id` = '2' ) LIMIT 1  [ RunTime:0.001202s ]
[ 2013-06-03T22:42:07+08:00 ] SQL: SELECT * FROM `project_invoice_detail` WHERE invoice=2 [ RunTime:0.000896s ]
[ 2013-06-03T22:42:08+08:00 ] NOTIC: [8] Undefined variable: depart 0470efe96ba9b77a3224044374941be6.php 第 301 行.
[ 2013-06-03T22:42:08+08:00 ] NOTIC: [8] Undefined variable: depart 0470efe96ba9b77a3224044374941be6.php 第 302 行.
[ 2013-06-03T22:42:08+08:00 ] NOTIC: [8] Undefined variable: depart 0470efe96ba9b77a3224044374941be6.php 第 303 行.
[ 2013-06-03T22:44:43+08:00 ] SQL: SHOW COLUMNS FROM `project_invoice` [ RunTime:0.008679s ]
[ 2013-06-03T22:44:43+08:00 ] SQL: DELETE FROM `project_invoice` WHERE ( `id` = '1' ) [ RunTime:0.047491s ]
[ 2013-06-03T22:44:43+08:00 ] SQL: SHOW COLUMNS FROM `project_invoice_detail` [ RunTime:0.009820s ]
[ 2013-06-03T22:44:43+08:00 ] SQL: DELETE FROM `project_invoice_detail` WHERE invoice =1 [ RunTime:0.034594s ]
[ 2013-06-03T22:44:43+08:00 ] NOTIC: [8] Undefined index: sdate ProjectManageAction.class.php 第 156 行.
[ 2013-06-03T22:44:43+08:00 ] NOTIC: [8] Undefined index: spricecode ProjectManageAction.class.php 第 157 行.
[ 2013-06-03T22:44:43+08:00 ] SQL: SHOW COLUMNS FROM `project_invoice` [ RunTime:0.013365s ]
[ 2013-06-03T22:44:43+08:00 ] SQL: SELECT COUNT(*) AS tp_count FROM `project_invoice` WHERE  code='13108617'  LIMIT 1  [ RunTime:0.001103s ]
[ 2013-06-03T22:44:43+08:00 ] SQL: SELECT * FROM `project_invoice` WHERE  code='13108617'  ORDER BY id desc LIMIT 0,20  [ RunTime:0.000971s ]
[ 2013-06-03T22:44:44+08:00 ] NOTIC: [8] Undefined variable: sdate 7ceeec23fa167a5af66c3837c1b6f339.php 第 228 行.
[ 2013-06-03T22:44:44+08:00 ] NOTIC: [8] Undefined variable: spricecode 7ceeec23fa167a5af66c3837c1b6f339.php 第 230 行.
[ 2013-06-03T22:44:50+08:00 ] SQL: SHOW COLUMNS FROM `project_invoice` [ RunTime:0.009700s ]
[ 2013-06-03T22:44:50+08:00 ] SQL: SHOW COLUMNS FROM `project_invoice_detail` [ RunTime:0.014847s ]
[ 2013-06-03T22:44:50+08:00 ] SQL: SELECT * FROM `project_invoice` WHERE ( `id` = '2' ) LIMIT 1  [ RunTime:0.008322s ]
[ 2013-06-03T22:44:50+08:00 ] SQL: SELECT * FROM `project_invoice_detail` WHERE invoice=2 [ RunTime:0.000881s ]
[ 2013-06-03T22:44:50+08:00 ] NOTIC: [8] Undefined variable: depart 0470efe96ba9b77a3224044374941be6.php 第 301 行.
[ 2013-06-03T22:44:50+08:00 ] NOTIC: [8] Undefined variable: depart 0470efe96ba9b77a3224044374941be6.php 第 302 行.
[ 2013-06-03T22:44:50+08:00 ] NOTIC: [8] Undefined variable: depart 0470efe96ba9b77a3224044374941be6.php 第 303 行.
[ 2013-06-03T22:46:59+08:00 ] SQL: SHOW COLUMNS FROM `depart` [ RunTime:0.007499s ]
[ 2013-06-03T22:46:59+08:00 ] SQL: SELECT * FROM `depart` WHERE ( `id` = '20' ) LIMIT 1  [ RunTime:0.010541s ]
[ 2013-06-03T22:47:19+08:00 ] SQL: SHOW COLUMNS FROM `project_invoice` [ RunTime:0.007457s ]
[ 2013-06-03T22:47:19+08:00 ] NOTIC: [8] Undefined index: id ProjectManageAction.class.php 第 185 行.
[ 2013-06-03T22:47:19+08:00 ] SQL: INSERT INTO `project_invoice` (`reqdate`,`requestid`,`requestuser`,`requestunitid`,`requestunitname`,`invoicetype`,`estimatedelegatemethods`,`total`,`tax`,`totalprice`,`code`) VALUES ('2013/06/03','10','管理员','20','機電部','三聯','選擇性招標','484','24.200000000000003','508.2','13108617') [ RunTime:0.002207s ]
[ 2013-06-03T22:47:19+08:00 ] SQL: SHOW COLUMNS FROM `project_invoice_detail` [ RunTime:0.007465s ]
[ 2013-06-03T22:47:19+08:00 ] SQL: INSERT INTO `project_invoice_detail` (`invoice`,`productname`,`productcount`,`productprice`,`totalprice`) VALUES (3,'22','22','22','484') [ RunTime:0.004196s ]
[ 2013-06-03T22:47:20+08:00 ] NOTIC: [8] Undefined index: sdate ProjectManageAction.class.php 第 156 行.
[ 2013-06-03T22:47:20+08:00 ] NOTIC: [8] Undefined index: spricecode ProjectManageAction.class.php 第 157 行.
[ 2013-06-03T22:47:20+08:00 ] SQL: SHOW COLUMNS FROM `project_invoice` [ RunTime:0.008351s ]
[ 2013-06-03T22:47:20+08:00 ] SQL: SELECT COUNT(*) AS tp_count FROM `project_invoice` WHERE  code='13108617'  LIMIT 1  [ RunTime:0.001286s ]
[ 2013-06-03T22:47:20+08:00 ] SQL: SELECT * FROM `project_invoice` WHERE  code='13108617'  ORDER BY id desc LIMIT 0,20  [ RunTime:0.001030s ]
[ 2013-06-03T22:47:20+08:00 ] NOTIC: [8] Undefined variable: sdate 7ceeec23fa167a5af66c3837c1b6f339.php 第 228 行.
[ 2013-06-03T22:47:20+08:00 ] NOTIC: [8] Undefined variable: spricecode 7ceeec23fa167a5af66c3837c1b6f339.php 第 230 行.
[ 2013-06-03T22:47:25+08:00 ] SQL: SHOW COLUMNS FROM `project_invoice` [ RunTime:0.007871s ]
[ 2013-06-03T22:47:25+08:00 ] SQL: SHOW COLUMNS FROM `project_invoice_detail` [ RunTime:0.008825s ]
[ 2013-06-03T22:47:25+08:00 ] SQL: SELECT * FROM `project_invoice` WHERE ( `id` = '3' ) LIMIT 1  [ RunTime:0.010082s ]
[ 2013-06-03T22:47:25+08:00 ] SQL: SELECT * FROM `project_invoice_detail` WHERE invoice=3 [ RunTime:0.001425s ]
[ 2013-06-03T22:47:25+08:00 ] NOTIC: [8] Undefined variable: depart 0470efe96ba9b77a3224044374941be6.php 第 303 行.
[ 2013-06-03T22:48:18+08:00 ] SQL: SHOW COLUMNS FROM `project_invoice` [ RunTime:0.008221s ]
[ 2013-06-03T22:48:18+08:00 ] SQL: SHOW COLUMNS FROM `project_invoice_detail` [ RunTime:0.011315s ]
[ 2013-06-03T22:48:18+08:00 ] SQL: SELECT * FROM `project_invoice` WHERE ( `id` = '3' ) LIMIT 1  [ RunTime:0.001020s ]
[ 2013-06-03T22:48:19+08:00 ] SQL: SELECT * FROM `project_invoice_detail` WHERE invoice=3 [ RunTime:0.000837s ]
[ 2013-06-03T22:48:39+08:00 ] SQL: SHOW COLUMNS FROM `project_invoice` [ RunTime:0.007844s ]
[ 2013-06-03T22:48:39+08:00 ] SQL: UPDATE `project_invoice` SET `reqdate`='2013-06-03',`pricecode`='MMMC',`requestid`='10',`requestuser`='管理员',`requestunitid`='20',`requestunitname`='機電部',`invoicetype`='三聯',`estimatedelegatemethods`='選擇性招標',`total`='484',`tax`='24.2000000',`totalprice`='508.2',`code`='13108617' WHERE ( `id` = '3' ) [ RunTime:0.001088s ]
[ 2013-06-03T22:48:39+08:00 ] SQL: SHOW COLUMNS FROM `project_invoice_detail` [ RunTime:0.008202s ]
[ 2013-06-03T22:48:39+08:00 ] SQL: DELETE FROM `project_invoice_detail` WHERE invoice =3 [ RunTime:0.001279s ]
[ 2013-06-03T22:48:39+08:00 ] SQL: INSERT INTO `project_invoice_detail` (`invoice`,`productname`,`productcount`,`productprice`,`totalprice`) VALUES ('3','22','22','22','484') [ RunTime:0.001506s ]
[ 2013-06-03T22:48:39+08:00 ] NOTIC: [8] Undefined index: sdate ProjectManageAction.class.php 第 156 行.
[ 2013-06-03T22:48:39+08:00 ] NOTIC: [8] Undefined index: spricecode ProjectManageAction.class.php 第 157 行.
[ 2013-06-03T22:48:39+08:00 ] SQL: SHOW COLUMNS FROM `project_invoice` [ RunTime:0.007985s ]
[ 2013-06-03T22:48:39+08:00 ] SQL: SELECT COUNT(*) AS tp_count FROM `project_invoice` WHERE  code='13108617'  LIMIT 1  [ RunTime:0.000841s ]
[ 2013-06-03T22:48:39+08:00 ] SQL: SELECT * FROM `project_invoice` WHERE  code='13108617'  ORDER BY id desc LIMIT 0,20  [ RunTime:0.001367s ]
[ 2013-06-03T22:48:40+08:00 ] NOTIC: [8] Undefined variable: sdate 7ceeec23fa167a5af66c3837c1b6f339.php 第 228 行.
[ 2013-06-03T22:48:40+08:00 ] NOTIC: [8] Undefined variable: spricecode 7ceeec23fa167a5af66c3837c1b6f339.php 第 230 行.
[ 2013-06-03T22:48:49+08:00 ] SQL: SHOW COLUMNS FROM `project_invoice` [ RunTime:0.008428s ]
[ 2013-06-03T22:48:49+08:00 ] SQL: SHOW COLUMNS FROM `project_invoice_detail` [ RunTime:0.009805s ]
[ 2013-06-03T22:48:49+08:00 ] SQL: SELECT * FROM `project_invoice` WHERE ( `id` = '3' ) LIMIT 1  [ RunTime:0.001323s ]
[ 2013-06-03T22:48:49+08:00 ] SQL: SELECT * FROM `project_invoice_detail` WHERE invoice=3 [ RunTime:0.000937s ]
[ 2013-06-03T22:50:50+08:00 ] SQL: SHOW COLUMNS FROM `project_invoice` [ RunTime:0.008694s ]
[ 2013-06-03T22:50:50+08:00 ] SQL: DELETE FROM `project_invoice` WHERE ( `id` = '2' ) [ RunTime:0.042972s ]
[ 2013-06-03T22:50:50+08:00 ] SQL: SHOW COLUMNS FROM `project_invoice_detail` [ RunTime:0.007806s ]
[ 2013-06-03T22:50:50+08:00 ] SQL: DELETE FROM `project_invoice_detail` WHERE invoice =2 [ RunTime:0.038135s ]
[ 2013-06-03T22:50:51+08:00 ] NOTIC: [8] Undefined index: sdate ProjectManageAction.class.php 第 156 行.
[ 2013-06-03T22:50:51+08:00 ] NOTIC: [8] Undefined index: spricecode ProjectManageAction.class.php 第 157 行.
[ 2013-06-03T22:50:51+08:00 ] SQL: SHOW COLUMNS FROM `project_invoice` [ RunTime:0.009810s ]
[ 2013-06-03T22:50:51+08:00 ] SQL: SELECT COUNT(*) AS tp_count FROM `project_invoice` WHERE  code='13108617'  LIMIT 1  [ RunTime:0.001694s ]
[ 2013-06-03T22:50:51+08:00 ] SQL: SELECT * FROM `project_invoice` WHERE  code='13108617'  ORDER BY id desc LIMIT 0,20  [ RunTime:0.001242s ]
[ 2013-06-03T22:50:51+08:00 ] NOTIC: [8] Undefined variable: sdate 7ceeec23fa167a5af66c3837c1b6f339.php 第 228 行.
[ 2013-06-03T22:50:51+08:00 ] NOTIC: [8] Undefined variable: spricecode 7ceeec23fa167a5af66c3837c1b6f339.php 第 230 行.
