[ 2013-09-28T01:02:22+08:00 ] NOTIC: [8] Undefined index: sdate CheckAction.class.php 第 4 行.
[ 2013-09-28T01:02:22+08:00 ] NOTIC: [8] Undefined index: edate CheckAction.class.php 第 5 行.
[ 2013-09-28T01:02:22+08:00 ] SQL: select COUNT(*) from `check` WHERE  `code`='13108617'  and uid=30 [ RunTime:0.000886s ]
[ 2013-09-28T01:02:22+08:00 ] SQL: select *,TIMEDIFF(downtime,ontime) difftime from `check` WHERE  `code`='13108617'  and uid=30 order by id desc  limit 0,20 [ RunTime:0.001752s ]
[ 2013-09-28T01:02:26+08:00 ] SQL: SHOW COLUMNS FROM `check` [ RunTime:0.007575s ]
[ 2013-09-28T01:02:26+08:00 ] SQL: SELECT * FROM `check` WHERE type='一般' and DATEDIFF(date,'2013-09-28')=0 and  uid=30 LIMIT 1  [ RunTime:0.001393s ]
[ 2013-09-28T01:02:26+08:00 ] SQL: SELECT * FROM company  WHERE CONCAT(downhour,downminute)<'0102' AND code='13108617' [ RunTime:0.001032s ]
[ 2013-09-28T01:02:26+08:00 ] SQL: SELECT * FROM `check` WHERE type='一般' and id =(select max(id) from check where uid=30) LIMIT 1  [ RunTime:0.000804s ]
[ 2013-09-28T01:02:26+08:00 ] SQL: SELECT * FROM company  WHERE CONCAT(downhour,downminute)<'0102' AND code='13108617' [ RunTime:0.001764s ]
[ 2013-09-28T01:02:26+08:00 ] NOTIC: [8] Undefined index: sdate CheckAction.class.php 第 4 行.
[ 2013-09-28T01:02:26+08:00 ] NOTIC: [8] Undefined index: edate CheckAction.class.php 第 5 行.
[ 2013-09-28T01:02:26+08:00 ] SQL: select COUNT(*) from `check` WHERE  `code`='13108617'  and uid=30 [ RunTime:0.000959s ]
[ 2013-09-28T01:02:26+08:00 ] SQL: select *,TIMEDIFF(downtime,ontime) difftime from `check` WHERE  `code`='13108617'  and uid=30 order by id desc  limit 0,20 [ RunTime:0.000997s ]
[ 2013-09-28T01:02:43+08:00 ] NOTIC: [8] Undefined index: username IndexAction.class.php 第 4 行.
[ 2013-09-28T01:02:43+08:00 ] NOTIC: [8] Undefined index: pwd IndexAction.class.php 第 5 行.
[ 2013-09-28T01:02:50+08:00 ] SQL: SHOW COLUMNS FROM `user` [ RunTime:0.009454s ]
[ 2013-09-28T01:02:50+08:00 ] SQL: SELECT * FROM `user` WHERE ( `username` = '03231' ) LIMIT 1  [ RunTime:0.001763s ]
[ 2013-09-28T01:02:50+08:00 ] SQL: SHOW COLUMNS FROM `msg` [ RunTime:0.006542s ]
[ 2013-09-28T01:02:50+08:00 ] SQL: SELECT COUNT(*) as C FROM (SELECT
		m.id,IFNULL(mr.readerid,0) isread
		FROM
		msg m LEFT JOIN msgreader mr ON m.`id`=mr.`msgid` AND mr.`readerid`=30
		WHERE INSTR(
				CONCAT(',', m.receiversid, ','),
				CONCAT(',', 30, ',')
		) > 0 AND m.code = 13108617) z WHERE z.isread =0 [ RunTime:0.027095s ]
[ 2013-09-28T01:02:50+08:00 ] SQL: SHOW COLUMNS FROM `work` [ RunTime:0.006823s ]
[ 2013-09-28T01:02:50+08:00 ] SQL: SELECT COUNT(*) AS tp_count FROM `work` WHERE code='13108617' and awoke =1 and uid =30 and UNIX_TIMESTAMP(NOW()) - UNIX_TIMESTAMP(DATE_ADD(
			    STR_TO_DATE(
			      CONCAT(
			        DATE(`date`),
			        ' ',
			        ehour,
			        ':',
			        eminute,
			        ':00'
			      ),
			      '%Y-%m-%d %H:%i:%s'
			    ),INTERVAL overday DAY)
			  ) < 0   LIMIT 1  [ RunTime:0.009064s ]
[ 2013-09-28T01:02:50+08:00 ] SQL: SHOW COLUMNS FROM `msgwork` [ RunTime:0.006722s ]
[ 2013-09-28T01:02:50+08:00 ] SQL: SELECT COUNT(*) AS tp_count FROM `msgwork` WHERE code='13108617' and issenderread =0 and senderid =30 LIMIT 1  [ RunTime:0.001408s ]
[ 2013-09-28T01:02:50+08:00 ] SQL: SELECT COUNT(*) AS tp_count FROM `msgwork` WHERE code='13108617' and isreceiverread =0 and receiverid =30 LIMIT 1  [ RunTime:0.001724s ]
[ 2013-09-28T01:02:50+08:00 ] SQL: SELECT m.id,m.`name`,m.`parent_id`,m.`link`,m.`image`,m.`target`,rm.`ext` FROM menu m INNER JOIN role_menu rm ON m.`id`=rm.`mid` WHERE m.parent_id is NULL and pos=1 and rm.`rid`=20 [ RunTime:0.004505s ]
[ 2013-09-28T01:02:50+08:00 ] SQL: SELECT m.id,m.`name`,m.`parent_id`,m.`link`,m.`image`,m.`target`,rm.`ext` FROM menu m INNER JOIN role_menu rm ON m.`id`=rm.`mid` WHERE m.parent_id=1 and rm.`rid`=20 order by ordernumber,id [ RunTime:0.004212s ]
[ 2013-09-28T01:02:50+08:00 ] SQL: SELECT m.id,m.`name`,m.`parent_id`,m.`link`,m.`image`,m.`target`,rm.`ext` FROM menu m INNER JOIN role_menu rm ON m.`id`=rm.`mid` WHERE m.parent_id=2 and rm.`rid`=20 order by ordernumber,id [ RunTime:0.005431s ]
[ 2013-09-28T01:02:50+08:00 ] SQL: SELECT m.id,m.`name`,m.`parent_id`,m.`link`,m.`image`,m.`target`,rm.`ext` FROM menu m INNER JOIN role_menu rm ON m.`id`=rm.`mid` WHERE m.parent_id=6 and rm.`rid`=20 order by ordernumber,id [ RunTime:0.004392s ]
[ 2013-09-28T01:02:50+08:00 ] SQL: SELECT m.id,m.`name`,m.`parent_id`,m.`link`,m.`image`,m.`target`,rm.`ext` FROM menu m INNER JOIN role_menu rm ON m.`id`=rm.`mid` WHERE m.parent_id=7 and rm.`rid`=20 order by ordernumber,id [ RunTime:0.004308s ]
[ 2013-09-28T01:02:50+08:00 ] SQL: SELECT m.id,m.`name`,m.`parent_id`,m.`link`,m.`image`,m.`target`,rm.`ext` FROM menu m INNER JOIN role_menu rm ON m.`id`=rm.`mid` WHERE m.parent_id=8 and rm.`rid`=20 order by ordernumber,id [ RunTime:0.004817s ]
[ 2013-09-28T01:02:50+08:00 ] SQL: SELECT m.id,m.`name`,m.`parent_id`,m.`link`,m.`image`,m.`target`,rm.`ext` FROM menu m INNER JOIN role_menu rm ON m.`id`=rm.`mid` WHERE m.parent_id=34 and rm.`rid`=20 order by ordernumber,id [ RunTime:0.004322s ]
[ 2013-09-28T01:02:50+08:00 ] SQL: SELECT m.id,m.`name`,m.`parent_id`,m.`link`,m.`image`,m.`target`,rm.`ext` FROM menu m INNER JOIN role_menu rm ON m.`id`=rm.`mid` WHERE m.parent_id=35 and rm.`rid`=20 order by ordernumber,id [ RunTime:0.004646s ]
[ 2013-09-28T01:02:50+08:00 ] SQL: SELECT m.id,m.`name`,m.`parent_id`,m.`link`,m.`image`,m.`target`,rm.`ext` FROM menu m INNER JOIN role_menu rm ON m.`id`=rm.`mid` WHERE m.parent_id=36 and rm.`rid`=20 order by ordernumber,id [ RunTime:0.005699s ]
[ 2013-09-28T01:02:50+08:00 ] SQL: SELECT m.id,m.`name`,m.`parent_id`,m.`link`,m.`image`,m.`target`,rm.`ext` FROM menu m INNER JOIN role_menu rm ON m.`id`=rm.`mid` WHERE m.parent_id=39 and rm.`rid`=20 order by ordernumber,id [ RunTime:0.005005s ]
[ 2013-09-28T01:02:50+08:00 ] SQL: SELECT m.id,m.`name`,m.`parent_id`,m.`link`,m.`image`,m.`target`,rm.`ext` FROM menu m INNER JOIN role_menu rm ON m.`id`=rm.`mid` WHERE m.parent_id=42 and rm.`rid`=20 order by ordernumber,id [ RunTime:0.004379s ]
[ 2013-09-28T01:02:50+08:00 ] SQL: SELECT m.id,m.`name`,m.`parent_id`,m.`link`,m.`image`,m.`target`,rm.`ext` FROM menu m INNER JOIN role_menu rm ON m.`id`=rm.`mid` WHERE m.parent_id=45 and rm.`rid`=20 order by ordernumber,id [ RunTime:0.004889s ]
[ 2013-09-28T01:02:50+08:00 ] SQL: SELECT m.id,m.`name`,m.`parent_id`,m.`link`,m.`image`,m.`target`,rm.`ext` FROM menu m INNER JOIN role_menu rm ON m.`id`=rm.`mid` WHERE m.parent_id=51 and rm.`rid`=20 order by ordernumber,id [ RunTime:0.004879s ]
[ 2013-09-28T01:02:50+08:00 ] SQL: SELECT m.id,m.`name`,m.`parent_id`,m.`link`,m.`image`,m.`target`,rm.`ext` FROM menu m INNER JOIN role_menu rm ON m.`id`=rm.`mid` WHERE m.parent_id=108 and rm.`rid`=20 order by ordernumber,id [ RunTime:0.004164s ]
[ 2013-09-28T01:02:50+08:00 ] SQL: SELECT m.id,m.`name`,m.`parent_id`,m.`link`,m.`image`,m.`target`,rm.`ext` FROM menu m INNER JOIN role_menu rm ON m.`id`=rm.`mid` WHERE m.parent_id=111 and rm.`rid`=20 order by ordernumber,id [ RunTime:0.004889s ]
[ 2013-09-28T01:02:50+08:00 ] SQL: SELECT m.id,m.`name`,m.`parent_id`,m.`link`,m.`image`,m.`target`,rm.`ext` FROM menu m INNER JOIN role_menu rm ON m.`id`=rm.`mid` WHERE m.parent_id=115 and rm.`rid`=20 order by ordernumber,id [ RunTime:0.005178s ]
[ 2013-09-28T01:02:50+08:00 ] SQL: SELECT m.id,m.`name`,m.`parent_id`,m.`link`,m.`image`,m.`target`,rm.`ext` FROM menu m INNER JOIN role_menu rm ON m.`id`=rm.`mid` WHERE m.parent_id=59 and rm.`rid`=20 order by ordernumber,id [ RunTime:0.004404s ]
[ 2013-09-28T01:02:50+08:00 ] SQL: SELECT m.id,m.`name`,m.`parent_id`,m.`link`,m.`image`,m.`target`,rm.`ext` FROM menu m INNER JOIN role_menu rm ON m.`id`=rm.`mid` WHERE m.parent_id is NULL and pos=0 and rm.`rid`=20 [ RunTime:0.004769s ]
[ 2013-09-28T01:02:50+08:00 ] SQL: SELECT m.id,m.`name`,m.`parent_id`,m.`link`,m.`image`,m.`target`,rm.`ext` FROM menu m INNER JOIN role_menu rm ON m.`id`=rm.`mid` WHERE m.parent_id=15 and rm.`rid`=20 order by ordernumber,id [ RunTime:0.005227s ]
[ 2013-09-28T01:02:50+08:00 ] SQL: SELECT m.id,m.`name`,m.`parent_id`,m.`link`,m.`image`,m.`target`,rm.`ext` FROM menu m INNER JOIN role_menu rm ON m.`id`=rm.`mid` WHERE m.parent_id=16 and rm.`rid`=20 order by ordernumber,id [ RunTime:0.004469s ]
[ 2013-09-28T01:02:50+08:00 ] SQL: SELECT m.id,m.`name`,m.`parent_id`,m.`link`,m.`image`,m.`target`,rm.`ext` FROM menu m INNER JOIN role_menu rm ON m.`id`=rm.`mid` WHERE m.parent_id=19 and rm.`rid`=20 order by ordernumber,id [ RunTime:0.009436s ]
[ 2013-09-28T01:02:51+08:00 ] SQL: SELECT m.id,m.`name`,m.`parent_id`,m.`link`,m.`image`,m.`target`,rm.`ext` FROM menu m INNER JOIN role_menu rm ON m.`id`=rm.`mid` WHERE m.parent_id=24 and rm.`rid`=20 order by ordernumber,id [ RunTime:0.004559s ]
[ 2013-09-28T01:02:51+08:00 ] SQL: SELECT m.id,m.`name`,m.`parent_id`,m.`link`,m.`image`,m.`target`,rm.`ext` FROM menu m INNER JOIN role_menu rm ON m.`id`=rm.`mid` WHERE m.parent_id=27 and rm.`rid`=20 order by ordernumber,id [ RunTime:0.004453s ]
[ 2013-09-28T01:02:51+08:00 ] SQL: SELECT m.id,m.`name`,m.`parent_id`,m.`link`,m.`image`,m.`target`,rm.`ext` FROM menu m INNER JOIN role_menu rm ON m.`id`=rm.`mid` WHERE m.parent_id=31 and rm.`rid`=20 order by ordernumber,id [ RunTime:0.004485s ]
[ 2013-09-28T01:02:51+08:00 ] SQL: SELECT m.id,m.`name`,m.`parent_id`,m.`link`,m.`image`,m.`target`,rm.`ext` FROM menu m INNER JOIN role_menu rm ON m.`id`=rm.`mid` WHERE m.parent_id is NULL and (pos=2 OR m.name='專案管理') and rm.`rid`=20 [ RunTime:0.004140s ]
[ 2013-09-28T01:02:51+08:00 ] SQL: SELECT m.id,m.`name`,m.`parent_id`,m.`link`,m.`image`,m.`target`,rm.`ext` FROM menu m INNER JOIN role_menu rm ON m.`id`=rm.`mid` WHERE m.parent_id=59 and rm.`rid`=20 order by ordernumber,id [ RunTime:0.004889s ]
[ 2013-09-28T01:02:51+08:00 ] SQL: SELECT m.id,m.`name`,m.`parent_id`,m.`link`,m.`image`,m.`target`,rm.`ext` FROM menu m INNER JOIN role_menu rm ON m.`id`=rm.`mid` WHERE m.parent_id=69 and rm.`rid`=20 order by ordernumber,id [ RunTime:0.004547s ]
[ 2013-09-28T01:02:51+08:00 ] SQL: SELECT m.id,m.`name`,m.`parent_id`,m.`link`,m.`image`,m.`target`,rm.`ext` FROM menu m INNER JOIN role_menu rm ON m.`id`=rm.`mid` WHERE m.parent_id=76 and rm.`rid`=20 order by ordernumber,id [ RunTime:0.004809s ]
[ 2013-09-28T01:02:51+08:00 ] SQL: SELECT m.id,m.`name`,m.`parent_id`,m.`link`,m.`image`,m.`target`,rm.`ext` FROM menu m INNER JOIN role_menu rm ON m.`id`=rm.`mid` WHERE m.parent_id=79 and rm.`rid`=20 order by ordernumber,id [ RunTime:0.004563s ]
[ 2013-09-28T01:02:51+08:00 ] SQL: SELECT m.id,m.`name`,m.`parent_id`,m.`link`,m.`image`,m.`target`,rm.`ext` FROM menu m INNER JOIN role_menu rm ON m.`id`=rm.`mid` WHERE m.parent_id=87 and rm.`rid`=20 order by ordernumber,id [ RunTime:0.005116s ]
[ 2013-09-28T01:02:51+08:00 ] SQL: SELECT m.id,m.`name`,m.`parent_id`,m.`link`,m.`image`,m.`target`,rm.`ext` FROM menu m INNER JOIN role_menu rm ON m.`id`=rm.`mid` WHERE m.parent_id=101 and rm.`rid`=20 order by ordernumber,id [ RunTime:0.004462s ]
[ 2013-09-28T01:02:51+08:00 ] SQL: SELECT m.id,m.`name`,m.`parent_id`,m.`link`,m.`image`,m.`target`,rm.`ext` FROM menu m INNER JOIN role_menu rm ON m.`id`=rm.`mid` WHERE m.parent_id=107 and rm.`rid`=20 order by ordernumber,id [ RunTime:0.006104s ]
[ 2013-09-28T01:02:51+08:00 ] NOTIC: [8] Undefined index: key WorkAction.class.php 第 15 行.
[ 2013-09-28T01:02:51+08:00 ] NOTIC: [8] Undefined index: sdate BaseAction.class.php 第 241 行.
[ 2013-09-28T01:02:51+08:00 ] NOTIC: [8] Undefined index: edate BaseAction.class.php 第 241 行.
[ 2013-09-28T01:02:51+08:00 ] SQL: SELECT 
			  w.* ,u.`ucode`,d.`id` depart,IFNULL(t.`name` ,w.typename) `type`
			FROM
			  `work` w 
			  INNER JOIN `user` u 
			    ON u.`id` = w.`uid` 
			   INNER JOIN depart d ON d.`id`=u.`depart`
			   LEFT JOIN `type` t ON t.`id`=w.`type`
			WHERE w.`code` = '13108617' AND w.uid= 30  ORDER BY w.id desc  [ RunTime:0.028331s ]
[ 2013-09-28T01:02:51+08:00 ] SQL: SELECT 
			  w.* ,u.`ucode`,d.`id` depart,IFNULL(t.`name` ,w.typename) `type`
			FROM
			  `work` w 
			  INNER JOIN `user` u 
			    ON u.`id` = w.`uid` 
			   INNER JOIN depart d ON d.`id`=u.`depart`
			   LEFT JOIN `type` t ON t.`id`=w.`type`
			WHERE w.`code` = '13108617' AND w.uid= 30  ORDER BY w.id desc  limit 0,20 [ RunTime:0.024761s ]
[ 2013-09-28T01:02:52+08:00 ] NOTIC: [8] Undefined variable: sdate a2c51faf257f2ebe48aa3609eae55296.php 第 261 行.
[ 2013-09-28T01:02:52+08:00 ] NOTIC: [8] Undefined variable: edate a2c51faf257f2ebe48aa3609eae55296.php 第 261 行.
[ 2013-09-28T01:02:57+08:00 ] NOTIC: [8] Undefined index: sdate CheckAction.class.php 第 4 行.
[ 2013-09-28T01:02:57+08:00 ] NOTIC: [8] Undefined index: edate CheckAction.class.php 第 5 行.
[ 2013-09-28T01:02:57+08:00 ] SQL: select COUNT(*) from `check` WHERE  `code`='13108617'  and uid=30 [ RunTime:0.001463s ]
[ 2013-09-28T01:02:57+08:00 ] SQL: select *,TIMEDIFF(downtime,ontime) difftime from `check` WHERE  `code`='13108617'  and uid=30 order by id desc  limit 0,20 [ RunTime:0.000891s ]
[ 2013-09-28T01:03:21+08:00 ] SQL: SHOW COLUMNS FROM `check` [ RunTime:0.006351s ]
[ 2013-09-28T01:03:32+08:00 ] SQL: SELECT * FROM `check` WHERE type='一般' and DATEDIFF(date,'2013-09-28')=0 and  uid=30 LIMIT 1  [ RunTime:0.004527s ]
[ 2013-09-28T01:04:15+08:00 ] SQL: SELECT * FROM company  WHERE CONCAT(downhour,downminute)<'0104' AND code='13108617' [ RunTime:0.001333s ]
[ 2013-09-28T01:04:28+08:00 ] SQL: SELECT * FROM `check` WHERE type='一般' and id =(select max(id) from check where uid=30) LIMIT 1  [ RunTime:0.000720s ]
[ 2013-09-28T01:04:45+08:00 ] SQL: SELECT * FROM company  WHERE CONCAT(downhour,downminute)<'0104' AND code='13108617' [ RunTime:0.001233s ]
[ 2013-09-28T01:04:45+08:00 ] NOTIC: [8] Undefined index: sdate CheckAction.class.php 第 4 行.
[ 2013-09-28T01:04:45+08:00 ] NOTIC: [8] Undefined index: edate CheckAction.class.php 第 5 行.
[ 2013-09-28T01:04:45+08:00 ] SQL: select COUNT(*) from `check` WHERE  `code`='13108617'  and uid=30 [ RunTime:0.001737s ]
[ 2013-09-28T01:04:45+08:00 ] SQL: select *,TIMEDIFF(downtime,ontime) difftime from `check` WHERE  `code`='13108617'  and uid=30 order by id desc  limit 0,20 [ RunTime:0.001116s ]
[ 2013-09-28T01:05:26+08:00 ] SQL: SHOW COLUMNS FROM `check` [ RunTime:0.007647s ]
[ 2013-09-28T01:05:29+08:00 ] SQL: SELECT * FROM `check` WHERE type='一般' and DATEDIFF(date,'2013-09-28')=0 and  uid=30 LIMIT 1  [ RunTime:0.001132s ]
[ 2013-09-28T01:05:31+08:00 ] SQL: SELECT * FROM company  WHERE CONCAT(downhour,downminute)<'0105' AND code='13108617' [ RunTime:0.001125s ]
[ 2013-09-28T01:05:33+08:00 ] SQL: SELECT * FROM `check` WHERE type='一般' and id =(select max(id) from `check` where uid=30) LIMIT 1  [ RunTime:0.001558s ]
[ 2013-09-28T01:05:52+08:00 ] NOTIC: [8] Undefined index: sdate CheckAction.class.php 第 4 行.
[ 2013-09-28T01:05:52+08:00 ] NOTIC: [8] Undefined index: edate CheckAction.class.php 第 5 行.
[ 2013-09-28T01:05:52+08:00 ] SQL: select COUNT(*) from `check` WHERE  `code`='13108617'  and uid=30 [ RunTime:0.001751s ]
[ 2013-09-28T01:05:52+08:00 ] SQL: select *,TIMEDIFF(downtime,ontime) difftime from `check` WHERE  `code`='13108617'  and uid=30 order by id desc  limit 0,20 [ RunTime:0.001436s ]
[ 2013-09-28T01:07:03+08:00 ] SQL: SHOW COLUMNS FROM `check` [ RunTime:0.007354s ]
[ 2013-09-28T01:07:05+08:00 ] SQL: SELECT * FROM `check` WHERE type='一般' and DATEDIFF(date,'2013-09-28')=0 and  uid=30 LIMIT 1  [ RunTime:0.001233s ]
[ 2013-09-28T01:07:06+08:00 ] SQL: SELECT * FROM company  WHERE CONCAT(downhour,downminute)<'0107' AND code='13108617' [ RunTime:0.003063s ]
[ 2013-09-28T01:07:08+08:00 ] SQL: SELECT * FROM `check` WHERE type='一般' and id =(select max(id) from `check` where uid=30) LIMIT 1  [ RunTime:0.001008s ]
[ 2013-09-28T01:07:11+08:00 ] NOTIC: [8] Undefined variable: cat debug-eval 第 1 行.
[ 2013-09-28T01:07:11+08:00 ] NOTIC: [8] Undefined variable: categories debug-eval 第 1 行.
[ 2013-09-28T01:07:11+08:00 ] NOTIC: [8] Undefined variable: cat2 debug-eval 第 1 行.
[ 2013-09-28T01:07:11+08:00 ] NOTIC: [8] Undefined variable: cat debug-eval 第 1 行.
[ 2013-09-28T01:07:29+08:00 ] NOTIC: [8] Undefined variable: cat debug-eval 第 1 行.
[ 2013-09-28T01:07:29+08:00 ] NOTIC: [8] Undefined variable: cat2 debug-eval 第 1 行.
[ 2013-09-28T01:07:29+08:00 ] NOTIC: [8] Undefined variable: categories debug-eval 第 1 行.
[ 2013-09-28T01:07:29+08:00 ] NOTIC: [8] Undefined variable: cat debug-eval 第 1 行.
[ 2013-09-28T01:09:18+08:00 ] NOTIC: [8] Undefined variable: cat debug-eval 第 1 行.
[ 2013-09-28T01:09:18+08:00 ] NOTIC: [8] Undefined variable: cat debug-eval 第 1 行.
[ 2013-09-28T01:09:18+08:00 ] NOTIC: [8] Undefined variable: cat2 debug-eval 第 1 行.
[ 2013-09-28T01:09:18+08:00 ] NOTIC: [8] Undefined variable: categories debug-eval 第 1 行.
[ 2013-09-28T01:10:27+08:00 ] NOTIC: [8] Undefined variable: cat debug-eval 第 1 行.
[ 2013-09-28T01:10:27+08:00 ] NOTIC: [8] Undefined variable: cat debug-eval 第 1 行.
[ 2013-09-28T01:10:27+08:00 ] NOTIC: [8] Undefined variable: cat2 debug-eval 第 1 行.
[ 2013-09-28T01:10:27+08:00 ] NOTIC: [8] Undefined variable: categories debug-eval 第 1 行.
[ 2013-09-28T01:14:24+08:00 ] NOTIC: [8] Undefined index: sdate CheckAction.class.php 第 4 行.
[ 2013-09-28T01:14:24+08:00 ] NOTIC: [8] Undefined index: edate CheckAction.class.php 第 5 行.
[ 2013-09-28T01:14:24+08:00 ] SQL: select COUNT(*) from `check` WHERE  `code`='13108617'  and uid=30 [ RunTime:0.000995s ]
[ 2013-09-28T01:14:24+08:00 ] SQL: select *,TIMEDIFF(downtime,ontime) difftime from `check` WHERE  `code`='13108617'  and uid=30 order by id desc  limit 0,20 [ RunTime:0.001060s ]
[ 2013-09-28T01:14:28+08:00 ] SQL: SHOW COLUMNS FROM `check` [ RunTime:0.006364s ]
[ 2013-09-28T01:14:32+08:00 ] SQL: SELECT * FROM `check` WHERE type='一般' and DATEDIFF(date,'2013-09-28')=0 and  uid=30 LIMIT 1  [ RunTime:0.002151s ]
[ 2013-09-28T01:14:32+08:00 ] SQL: SELECT * FROM company  WHERE CONCAT(downhour,downminute)<'0114' AND code='13108617' [ RunTime:0.001875s ]
[ 2013-09-28T01:14:34+08:00 ] SQL: SELECT * FROM `check` WHERE type='一般' and id =(select max(id) from `check` where uid=30) LIMIT 1  [ RunTime:0.002573s ]
[ 2013-09-28T01:14:40+08:00 ] SQL: SELECT * FROM company  WHERE CONCAT(downhour,downminute)<'0114' AND code='13108617' [ RunTime:0.002571s ]
[ 2013-09-28T01:14:40+08:00 ] SQL: UPDATE `check` SET `code`='13108617',`type`='一般',`date`='2013-09-27 06:01:37',`ontime`='2013-09-27 06:01:37',`downtime`='2013-09-28 01:14:40',`status`='異常',`overday`=null,`uid`='30' WHERE ( `id` = '2084' ) [ RunTime:0.067076s ]
[ 2013-09-28T01:14:40+08:00 ] NOTIC: [8] Undefined index: sdate CheckAction.class.php 第 4 行.
[ 2013-09-28T01:14:40+08:00 ] NOTIC: [8] Undefined index: edate CheckAction.class.php 第 5 行.
[ 2013-09-28T01:14:40+08:00 ] SQL: select COUNT(*) from `check` WHERE  `code`='13108617'  and uid=30 [ RunTime:0.001318s ]
[ 2013-09-28T01:14:40+08:00 ] SQL: select *,TIMEDIFF(downtime,ontime) difftime from `check` WHERE  `code`='13108617'  and uid=30 order by id desc  limit 0,20 [ RunTime:0.001324s ]
