[ 2013-09-09T16:53:44+08:00 ] NOTIC: [8] Undefined index: username IndexAction.class.php 第 4 行.
[ 2013-09-09T16:53:44+08:00 ] NOTIC: [8] Undefined index: pwd IndexAction.class.php 第 5 行.
[ 2013-09-09T16:53:52+08:00 ] SQL: SHOW COLUMNS FROM `user` [ RunTime:0.175261s ]
[ 2013-09-09T16:53:53+08:00 ] SQL: SELECT * FROM `user` WHERE ( `username` = 'admin' ) LIMIT 1  [ RunTime:0.055115s ]
[ 2013-09-09T16:53:53+08:00 ] SQL: SHOW COLUMNS FROM `msg` [ RunTime:0.121371s ]
[ 2013-09-09T16:53:53+08:00 ] SQL: SELECT COUNT(*) as C FROM (SELECT
		m.id,IFNULL(mr.readerid,0) isread
		FROM
		msg m LEFT JOIN msgreader mr ON m.`id`=mr.`msgid` AND mr.`readerid`=10
		WHERE INSTR(
				CONCAT(',', m.receiversid, ','),
				CONCAT(',', 10, ',')
		) > 0 AND m.code = 13108617) z WHERE z.isread =0 [ RunTime:0.533686s ]
[ 2013-09-09T16:53:53+08:00 ] SQL: SHOW COLUMNS FROM `work` [ RunTime:0.041718s ]
[ 2013-09-09T16:53:54+08:00 ] SQL: SELECT COUNT(*) AS tp_count FROM `work` WHERE code='13108617' and awoke =1 and uid =10 and UNIX_TIMESTAMP(NOW()) - UNIX_TIMESTAMP(DATE_ADD(
			    STR_TO_DATE(
			      CONCAT(
			        DATE(`date`),
			        ' ',
			        ehour,
			        ':',
			        eminute,
			        ':00'
			      ),
			      '%Y-%m-%d %H:%i:%s'
			    ),INTERVAL overday DAY)
			  ) < 0   LIMIT 1  [ RunTime:0.211698s ]
[ 2013-09-09T16:53:54+08:00 ] SQL: SHOW COLUMNS FROM `msgwork` [ RunTime:0.106279s ]
[ 2013-09-09T16:53:54+08:00 ] SQL: SELECT COUNT(*) AS tp_count FROM `msgwork` WHERE code='13108617' and issenderread =0 and senderid =10 LIMIT 1  [ RunTime:0.061143s ]
[ 2013-09-09T16:53:54+08:00 ] SQL: SELECT COUNT(*) AS tp_count FROM `msgwork` WHERE code='13108617' and isreceiverread =0 and receiverid =10 LIMIT 1  [ RunTime:0.001285s ]
[ 2013-09-09T16:53:54+08:00 ] SQL: SELECT m.id,m.`name`,m.`parent_id`,m.`link`,m.`image`,m.`target`,rm.`ext` FROM menu m INNER JOIN role_menu rm ON m.`id`=rm.`mid` WHERE m.parent_id is NULL and pos=1 and rm.`rid`=21 [ RunTime:0.250916s ]
[ 2013-09-09T16:53:54+08:00 ] SQL: SELECT m.id,m.`name`,m.`parent_id`,m.`link`,m.`image`,m.`target`,rm.`ext` FROM menu m INNER JOIN role_menu rm ON m.`id`=rm.`mid` WHERE m.parent_id=1 and rm.`rid`=21 order by ordernumber,id [ RunTime:0.124129s ]
[ 2013-09-09T16:53:54+08:00 ] SQL: SELECT m.id,m.`name`,m.`parent_id`,m.`link`,m.`image`,m.`target`,rm.`ext` FROM menu m INNER JOIN role_menu rm ON m.`id`=rm.`mid` WHERE m.parent_id=2 and rm.`rid`=21 order by ordernumber,id [ RunTime:0.024259s ]
[ 2013-09-09T16:53:54+08:00 ] SQL: SELECT m.id,m.`name`,m.`parent_id`,m.`link`,m.`image`,m.`target`,rm.`ext` FROM menu m INNER JOIN role_menu rm ON m.`id`=rm.`mid` WHERE m.parent_id=6 and rm.`rid`=21 order by ordernumber,id [ RunTime:0.008896s ]
[ 2013-09-09T16:53:54+08:00 ] SQL: SELECT m.id,m.`name`,m.`parent_id`,m.`link`,m.`image`,m.`target`,rm.`ext` FROM menu m INNER JOIN role_menu rm ON m.`id`=rm.`mid` WHERE m.parent_id=7 and rm.`rid`=21 order by ordernumber,id [ RunTime:0.006309s ]
[ 2013-09-09T16:53:54+08:00 ] SQL: SELECT m.id,m.`name`,m.`parent_id`,m.`link`,m.`image`,m.`target`,rm.`ext` FROM menu m INNER JOIN role_menu rm ON m.`id`=rm.`mid` WHERE m.parent_id=8 and rm.`rid`=21 order by ordernumber,id [ RunTime:0.004162s ]
[ 2013-09-09T16:53:54+08:00 ] SQL: SELECT m.id,m.`name`,m.`parent_id`,m.`link`,m.`image`,m.`target`,rm.`ext` FROM menu m INNER JOIN role_menu rm ON m.`id`=rm.`mid` WHERE m.parent_id=34 and rm.`rid`=21 order by ordernumber,id [ RunTime:0.004560s ]
[ 2013-09-09T16:53:54+08:00 ] SQL: SELECT m.id,m.`name`,m.`parent_id`,m.`link`,m.`image`,m.`target`,rm.`ext` FROM menu m INNER JOIN role_menu rm ON m.`id`=rm.`mid` WHERE m.parent_id=35 and rm.`rid`=21 order by ordernumber,id [ RunTime:0.005208s ]
[ 2013-09-09T16:53:54+08:00 ] SQL: SELECT m.id,m.`name`,m.`parent_id`,m.`link`,m.`image`,m.`target`,rm.`ext` FROM menu m INNER JOIN role_menu rm ON m.`id`=rm.`mid` WHERE m.parent_id=36 and rm.`rid`=21 order by ordernumber,id [ RunTime:0.026040s ]
[ 2013-09-09T16:53:54+08:00 ] SQL: SELECT m.id,m.`name`,m.`parent_id`,m.`link`,m.`image`,m.`target`,rm.`ext` FROM menu m INNER JOIN role_menu rm ON m.`id`=rm.`mid` WHERE m.parent_id=39 and rm.`rid`=21 order by ordernumber,id [ RunTime:0.004917s ]
[ 2013-09-09T16:53:54+08:00 ] SQL: SELECT m.id,m.`name`,m.`parent_id`,m.`link`,m.`image`,m.`target`,rm.`ext` FROM menu m INNER JOIN role_menu rm ON m.`id`=rm.`mid` WHERE m.parent_id=42 and rm.`rid`=21 order by ordernumber,id [ RunTime:0.004105s ]
[ 2013-09-09T16:53:54+08:00 ] SQL: SELECT m.id,m.`name`,m.`parent_id`,m.`link`,m.`image`,m.`target`,rm.`ext` FROM menu m INNER JOIN role_menu rm ON m.`id`=rm.`mid` WHERE m.parent_id=45 and rm.`rid`=21 order by ordernumber,id [ RunTime:0.004598s ]
[ 2013-09-09T16:53:54+08:00 ] SQL: SELECT m.id,m.`name`,m.`parent_id`,m.`link`,m.`image`,m.`target`,rm.`ext` FROM menu m INNER JOIN role_menu rm ON m.`id`=rm.`mid` WHERE m.parent_id=51 and rm.`rid`=21 order by ordernumber,id [ RunTime:0.005246s ]
[ 2013-09-09T16:53:54+08:00 ] SQL: SELECT m.id,m.`name`,m.`parent_id`,m.`link`,m.`image`,m.`target`,rm.`ext` FROM menu m INNER JOIN role_menu rm ON m.`id`=rm.`mid` WHERE m.parent_id=108 and rm.`rid`=21 order by ordernumber,id [ RunTime:0.004187s ]
[ 2013-09-09T16:53:54+08:00 ] SQL: SELECT m.id,m.`name`,m.`parent_id`,m.`link`,m.`image`,m.`target`,rm.`ext` FROM menu m INNER JOIN role_menu rm ON m.`id`=rm.`mid` WHERE m.parent_id=111 and rm.`rid`=21 order by ordernumber,id [ RunTime:0.004929s ]
[ 2013-09-09T16:53:54+08:00 ] SQL: SELECT m.id,m.`name`,m.`parent_id`,m.`link`,m.`image`,m.`target`,rm.`ext` FROM menu m INNER JOIN role_menu rm ON m.`id`=rm.`mid` WHERE m.parent_id=115 and rm.`rid`=21 order by ordernumber,id [ RunTime:0.005746s ]
[ 2013-09-09T16:53:55+08:00 ] SQL: SELECT m.id,m.`name`,m.`parent_id`,m.`link`,m.`image`,m.`target`,rm.`ext` FROM menu m INNER JOIN role_menu rm ON m.`id`=rm.`mid` WHERE m.parent_id=59 and rm.`rid`=21 order by ordernumber,id [ RunTime:0.044801s ]
[ 2013-09-09T16:53:55+08:00 ] SQL: SELECT m.id,m.`name`,m.`parent_id`,m.`link`,m.`image`,m.`target`,rm.`ext` FROM menu m INNER JOIN role_menu rm ON m.`id`=rm.`mid` WHERE m.parent_id is NULL and pos=0 and rm.`rid`=21 [ RunTime:0.004295s ]
[ 2013-09-09T16:53:55+08:00 ] SQL: SELECT m.id,m.`name`,m.`parent_id`,m.`link`,m.`image`,m.`target`,rm.`ext` FROM menu m INNER JOIN role_menu rm ON m.`id`=rm.`mid` WHERE m.parent_id=15 and rm.`rid`=21 order by ordernumber,id [ RunTime:0.004520s ]
[ 2013-09-09T16:53:55+08:00 ] SQL: SELECT m.id,m.`name`,m.`parent_id`,m.`link`,m.`image`,m.`target`,rm.`ext` FROM menu m INNER JOIN role_menu rm ON m.`id`=rm.`mid` WHERE m.parent_id=16 and rm.`rid`=21 order by ordernumber,id [ RunTime:0.004496s ]
[ 2013-09-09T16:53:55+08:00 ] SQL: SELECT m.id,m.`name`,m.`parent_id`,m.`link`,m.`image`,m.`target`,rm.`ext` FROM menu m INNER JOIN role_menu rm ON m.`id`=rm.`mid` WHERE m.parent_id=19 and rm.`rid`=21 order by ordernumber,id [ RunTime:0.004234s ]
[ 2013-09-09T16:53:55+08:00 ] SQL: SELECT m.id,m.`name`,m.`parent_id`,m.`link`,m.`image`,m.`target`,rm.`ext` FROM menu m INNER JOIN role_menu rm ON m.`id`=rm.`mid` WHERE m.parent_id=24 and rm.`rid`=21 order by ordernumber,id [ RunTime:0.036297s ]
[ 2013-09-09T16:53:55+08:00 ] SQL: SELECT m.id,m.`name`,m.`parent_id`,m.`link`,m.`image`,m.`target`,rm.`ext` FROM menu m INNER JOIN role_menu rm ON m.`id`=rm.`mid` WHERE m.parent_id=27 and rm.`rid`=21 order by ordernumber,id [ RunTime:0.004766s ]
[ 2013-09-09T16:53:55+08:00 ] SQL: SELECT m.id,m.`name`,m.`parent_id`,m.`link`,m.`image`,m.`target`,rm.`ext` FROM menu m INNER JOIN role_menu rm ON m.`id`=rm.`mid` WHERE m.parent_id=31 and rm.`rid`=21 order by ordernumber,id [ RunTime:0.004977s ]
[ 2013-09-09T16:53:55+08:00 ] SQL: SELECT m.id,m.`name`,m.`parent_id`,m.`link`,m.`image`,m.`target`,rm.`ext` FROM menu m INNER JOIN role_menu rm ON m.`id`=rm.`mid` WHERE m.parent_id is NULL and (pos=2 OR m.name='專案管理') and rm.`rid`=21 [ RunTime:0.004421s ]
[ 2013-09-09T16:53:55+08:00 ] SQL: SELECT m.id,m.`name`,m.`parent_id`,m.`link`,m.`image`,m.`target`,rm.`ext` FROM menu m INNER JOIN role_menu rm ON m.`id`=rm.`mid` WHERE m.parent_id=59 and rm.`rid`=21 order by ordernumber,id [ RunTime:0.005005s ]
[ 2013-09-09T16:53:55+08:00 ] SQL: SELECT m.id,m.`name`,m.`parent_id`,m.`link`,m.`image`,m.`target`,rm.`ext` FROM menu m INNER JOIN role_menu rm ON m.`id`=rm.`mid` WHERE m.parent_id=69 and rm.`rid`=21 order by ordernumber,id [ RunTime:0.005122s ]
[ 2013-09-09T16:53:55+08:00 ] SQL: SELECT m.id,m.`name`,m.`parent_id`,m.`link`,m.`image`,m.`target`,rm.`ext` FROM menu m INNER JOIN role_menu rm ON m.`id`=rm.`mid` WHERE m.parent_id=76 and rm.`rid`=21 order by ordernumber,id [ RunTime:0.004955s ]
[ 2013-09-09T16:53:55+08:00 ] SQL: SELECT m.id,m.`name`,m.`parent_id`,m.`link`,m.`image`,m.`target`,rm.`ext` FROM menu m INNER JOIN role_menu rm ON m.`id`=rm.`mid` WHERE m.parent_id=79 and rm.`rid`=21 order by ordernumber,id [ RunTime:0.004278s ]
[ 2013-09-09T16:53:55+08:00 ] SQL: SELECT m.id,m.`name`,m.`parent_id`,m.`link`,m.`image`,m.`target`,rm.`ext` FROM menu m INNER JOIN role_menu rm ON m.`id`=rm.`mid` WHERE m.parent_id=87 and rm.`rid`=21 order by ordernumber,id [ RunTime:0.004768s ]
[ 2013-09-09T16:53:55+08:00 ] SQL: SELECT m.id,m.`name`,m.`parent_id`,m.`link`,m.`image`,m.`target`,rm.`ext` FROM menu m INNER JOIN role_menu rm ON m.`id`=rm.`mid` WHERE m.parent_id=101 and rm.`rid`=21 order by ordernumber,id [ RunTime:0.004588s ]
[ 2013-09-09T16:53:55+08:00 ] SQL: SELECT m.id,m.`name`,m.`parent_id`,m.`link`,m.`image`,m.`target`,rm.`ext` FROM menu m INNER JOIN role_menu rm ON m.`id`=rm.`mid` WHERE m.parent_id=107 and rm.`rid`=21 order by ordernumber,id [ RunTime:0.004363s ]
[ 2013-09-09T16:53:55+08:00 ] SQL: SHOW COLUMNS FROM `user` [ RunTime:0.007446s ]
[ 2013-09-09T16:53:55+08:00 ] SQL: SELECT * FROM `user` WHERE ( `username` = 'admin' ) LIMIT 1  [ RunTime:0.001075s ]
[ 2013-09-09T16:53:55+08:00 ] SQL: SHOW COLUMNS FROM `msg` [ RunTime:0.006302s ]
[ 2013-09-09T16:53:55+08:00 ] SQL: SELECT COUNT(*) as C FROM (SELECT
		m.id,IFNULL(mr.readerid,0) isread
		FROM
		msg m LEFT JOIN msgreader mr ON m.`id`=mr.`msgid` AND mr.`readerid`=10
		WHERE INSTR(
				CONCAT(',', m.receiversid, ','),
				CONCAT(',', 10, ',')
		) > 0 AND m.code = 13108617) z WHERE z.isread =0 [ RunTime:0.023160s ]
[ 2013-09-09T16:53:55+08:00 ] SQL: SHOW COLUMNS FROM `work` [ RunTime:0.006685s ]
[ 2013-09-09T16:53:55+08:00 ] SQL: SELECT COUNT(*) AS tp_count FROM `work` WHERE code='13108617' and awoke =1 and uid =10 and UNIX_TIMESTAMP(NOW()) - UNIX_TIMESTAMP(DATE_ADD(
			    STR_TO_DATE(
			      CONCAT(
			        DATE(`date`),
			        ' ',
			        ehour,
			        ':',
			        eminute,
			        ':00'
			      ),
			      '%Y-%m-%d %H:%i:%s'
			    ),INTERVAL overday DAY)
			  ) < 0   LIMIT 1  [ RunTime:0.007397s ]
[ 2013-09-09T16:53:55+08:00 ] SQL: SHOW COLUMNS FROM `msgwork` [ RunTime:0.006116s ]
[ 2013-09-09T16:53:55+08:00 ] SQL: SELECT COUNT(*) AS tp_count FROM `msgwork` WHERE code='13108617' and issenderread =0 and senderid =10 LIMIT 1  [ RunTime:0.001405s ]
[ 2013-09-09T16:53:55+08:00 ] SQL: SELECT COUNT(*) AS tp_count FROM `msgwork` WHERE code='13108617' and isreceiverread =0 and receiverid =10 LIMIT 1  [ RunTime:0.001479s ]
[ 2013-09-09T16:53:55+08:00 ] SQL: SELECT m.id,m.`name`,m.`parent_id`,m.`link`,m.`image`,m.`target`,rm.`ext` FROM menu m INNER JOIN role_menu rm ON m.`id`=rm.`mid` WHERE m.parent_id is NULL and pos=1 and rm.`rid`=21 [ RunTime:0.004609s ]
[ 2013-09-09T16:53:55+08:00 ] SQL: SELECT m.id,m.`name`,m.`parent_id`,m.`link`,m.`image`,m.`target`,rm.`ext` FROM menu m INNER JOIN role_menu rm ON m.`id`=rm.`mid` WHERE m.parent_id=1 and rm.`rid`=21 order by ordernumber,id [ RunTime:0.004614s ]
[ 2013-09-09T16:53:55+08:00 ] SQL: SELECT m.id,m.`name`,m.`parent_id`,m.`link`,m.`image`,m.`target`,rm.`ext` FROM menu m INNER JOIN role_menu rm ON m.`id`=rm.`mid` WHERE m.parent_id=2 and rm.`rid`=21 order by ordernumber,id [ RunTime:0.004426s ]
[ 2013-09-09T16:53:55+08:00 ] SQL: SELECT m.id,m.`name`,m.`parent_id`,m.`link`,m.`image`,m.`target`,rm.`ext` FROM menu m INNER JOIN role_menu rm ON m.`id`=rm.`mid` WHERE m.parent_id=6 and rm.`rid`=21 order by ordernumber,id [ RunTime:0.004569s ]
[ 2013-09-09T16:53:55+08:00 ] SQL: SELECT m.id,m.`name`,m.`parent_id`,m.`link`,m.`image`,m.`target`,rm.`ext` FROM menu m INNER JOIN role_menu rm ON m.`id`=rm.`mid` WHERE m.parent_id=7 and rm.`rid`=21 order by ordernumber,id [ RunTime:0.004104s ]
[ 2013-09-09T16:53:55+08:00 ] SQL: SELECT m.id,m.`name`,m.`parent_id`,m.`link`,m.`image`,m.`target`,rm.`ext` FROM menu m INNER JOIN role_menu rm ON m.`id`=rm.`mid` WHERE m.parent_id=8 and rm.`rid`=21 order by ordernumber,id [ RunTime:0.004342s ]
[ 2013-09-09T16:53:55+08:00 ] SQL: SELECT m.id,m.`name`,m.`parent_id`,m.`link`,m.`image`,m.`target`,rm.`ext` FROM menu m INNER JOIN role_menu rm ON m.`id`=rm.`mid` WHERE m.parent_id=34 and rm.`rid`=21 order by ordernumber,id [ RunTime:0.004590s ]
[ 2013-09-09T16:53:55+08:00 ] SQL: SELECT m.id,m.`name`,m.`parent_id`,m.`link`,m.`image`,m.`target`,rm.`ext` FROM menu m INNER JOIN role_menu rm ON m.`id`=rm.`mid` WHERE m.parent_id=35 and rm.`rid`=21 order by ordernumber,id [ RunTime:0.004819s ]
[ 2013-09-09T16:53:55+08:00 ] SQL: SELECT m.id,m.`name`,m.`parent_id`,m.`link`,m.`image`,m.`target`,rm.`ext` FROM menu m INNER JOIN role_menu rm ON m.`id`=rm.`mid` WHERE m.parent_id=36 and rm.`rid`=21 order by ordernumber,id [ RunTime:0.005310s ]
[ 2013-09-09T16:53:55+08:00 ] SQL: SELECT m.id,m.`name`,m.`parent_id`,m.`link`,m.`image`,m.`target`,rm.`ext` FROM menu m INNER JOIN role_menu rm ON m.`id`=rm.`mid` WHERE m.parent_id=39 and rm.`rid`=21 order by ordernumber,id [ RunTime:0.004087s ]
[ 2013-09-09T16:53:55+08:00 ] SQL: SELECT m.id,m.`name`,m.`parent_id`,m.`link`,m.`image`,m.`target`,rm.`ext` FROM menu m INNER JOIN role_menu rm ON m.`id`=rm.`mid` WHERE m.parent_id=42 and rm.`rid`=21 order by ordernumber,id [ RunTime:0.004122s ]
[ 2013-09-09T16:53:55+08:00 ] SQL: SELECT m.id,m.`name`,m.`parent_id`,m.`link`,m.`image`,m.`target`,rm.`ext` FROM menu m INNER JOIN role_menu rm ON m.`id`=rm.`mid` WHERE m.parent_id=45 and rm.`rid`=21 order by ordernumber,id [ RunTime:0.004190s ]
[ 2013-09-09T16:53:55+08:00 ] SQL: SELECT m.id,m.`name`,m.`parent_id`,m.`link`,m.`image`,m.`target`,rm.`ext` FROM menu m INNER JOIN role_menu rm ON m.`id`=rm.`mid` WHERE m.parent_id=51 and rm.`rid`=21 order by ordernumber,id [ RunTime:0.004575s ]
[ 2013-09-09T16:53:55+08:00 ] SQL: SELECT m.id,m.`name`,m.`parent_id`,m.`link`,m.`image`,m.`target`,rm.`ext` FROM menu m INNER JOIN role_menu rm ON m.`id`=rm.`mid` WHERE m.parent_id=108 and rm.`rid`=21 order by ordernumber,id [ RunTime:0.004316s ]
[ 2013-09-09T16:53:55+08:00 ] SQL: SELECT m.id,m.`name`,m.`parent_id`,m.`link`,m.`image`,m.`target`,rm.`ext` FROM menu m INNER JOIN role_menu rm ON m.`id`=rm.`mid` WHERE m.parent_id=111 and rm.`rid`=21 order by ordernumber,id [ RunTime:0.004154s ]
[ 2013-09-09T16:53:55+08:00 ] SQL: SELECT m.id,m.`name`,m.`parent_id`,m.`link`,m.`image`,m.`target`,rm.`ext` FROM menu m INNER JOIN role_menu rm ON m.`id`=rm.`mid` WHERE m.parent_id=115 and rm.`rid`=21 order by ordernumber,id [ RunTime:0.004429s ]
[ 2013-09-09T16:53:55+08:00 ] SQL: SELECT m.id,m.`name`,m.`parent_id`,m.`link`,m.`image`,m.`target`,rm.`ext` FROM menu m INNER JOIN role_menu rm ON m.`id`=rm.`mid` WHERE m.parent_id=59 and rm.`rid`=21 order by ordernumber,id [ RunTime:0.004740s ]
[ 2013-09-09T16:53:55+08:00 ] SQL: SELECT m.id,m.`name`,m.`parent_id`,m.`link`,m.`image`,m.`target`,rm.`ext` FROM menu m INNER JOIN role_menu rm ON m.`id`=rm.`mid` WHERE m.parent_id is NULL and pos=0 and rm.`rid`=21 [ RunTime:0.004355s ]
[ 2013-09-09T16:53:55+08:00 ] SQL: SELECT m.id,m.`name`,m.`parent_id`,m.`link`,m.`image`,m.`target`,rm.`ext` FROM menu m INNER JOIN role_menu rm ON m.`id`=rm.`mid` WHERE m.parent_id=15 and rm.`rid`=21 order by ordernumber,id [ RunTime:0.004313s ]
[ 2013-09-09T16:53:55+08:00 ] SQL: SELECT m.id,m.`name`,m.`parent_id`,m.`link`,m.`image`,m.`target`,rm.`ext` FROM menu m INNER JOIN role_menu rm ON m.`id`=rm.`mid` WHERE m.parent_id=16 and rm.`rid`=21 order by ordernumber,id [ RunTime:0.004854s ]
[ 2013-09-09T16:53:55+08:00 ] SQL: SELECT m.id,m.`name`,m.`parent_id`,m.`link`,m.`image`,m.`target`,rm.`ext` FROM menu m INNER JOIN role_menu rm ON m.`id`=rm.`mid` WHERE m.parent_id=19 and rm.`rid`=21 order by ordernumber,id [ RunTime:0.004289s ]
[ 2013-09-09T16:53:56+08:00 ] SQL: SELECT m.id,m.`name`,m.`parent_id`,m.`link`,m.`image`,m.`target`,rm.`ext` FROM menu m INNER JOIN role_menu rm ON m.`id`=rm.`mid` WHERE m.parent_id=24 and rm.`rid`=21 order by ordernumber,id [ RunTime:0.004400s ]
[ 2013-09-09T16:53:56+08:00 ] SQL: SELECT m.id,m.`name`,m.`parent_id`,m.`link`,m.`image`,m.`target`,rm.`ext` FROM menu m INNER JOIN role_menu rm ON m.`id`=rm.`mid` WHERE m.parent_id=27 and rm.`rid`=21 order by ordernumber,id [ RunTime:0.004309s ]
[ 2013-09-09T16:53:56+08:00 ] SQL: SELECT m.id,m.`name`,m.`parent_id`,m.`link`,m.`image`,m.`target`,rm.`ext` FROM menu m INNER JOIN role_menu rm ON m.`id`=rm.`mid` WHERE m.parent_id=31 and rm.`rid`=21 order by ordernumber,id [ RunTime:0.004230s ]
[ 2013-09-09T16:53:56+08:00 ] SQL: SELECT m.id,m.`name`,m.`parent_id`,m.`link`,m.`image`,m.`target`,rm.`ext` FROM menu m INNER JOIN role_menu rm ON m.`id`=rm.`mid` WHERE m.parent_id is NULL and (pos=2 OR m.name='專案管理') and rm.`rid`=21 [ RunTime:0.004446s ]
[ 2013-09-09T16:53:56+08:00 ] SQL: SELECT m.id,m.`name`,m.`parent_id`,m.`link`,m.`image`,m.`target`,rm.`ext` FROM menu m INNER JOIN role_menu rm ON m.`id`=rm.`mid` WHERE m.parent_id=59 and rm.`rid`=21 order by ordernumber,id [ RunTime:0.004372s ]
[ 2013-09-09T16:53:56+08:00 ] SQL: SELECT m.id,m.`name`,m.`parent_id`,m.`link`,m.`image`,m.`target`,rm.`ext` FROM menu m INNER JOIN role_menu rm ON m.`id`=rm.`mid` WHERE m.parent_id=69 and rm.`rid`=21 order by ordernumber,id [ RunTime:0.004354s ]
[ 2013-09-09T16:53:56+08:00 ] SQL: SELECT m.id,m.`name`,m.`parent_id`,m.`link`,m.`image`,m.`target`,rm.`ext` FROM menu m INNER JOIN role_menu rm ON m.`id`=rm.`mid` WHERE m.parent_id=76 and rm.`rid`=21 order by ordernumber,id [ RunTime:0.004611s ]
[ 2013-09-09T16:53:56+08:00 ] SQL: SELECT m.id,m.`name`,m.`parent_id`,m.`link`,m.`image`,m.`target`,rm.`ext` FROM menu m INNER JOIN role_menu rm ON m.`id`=rm.`mid` WHERE m.parent_id=79 and rm.`rid`=21 order by ordernumber,id [ RunTime:0.004208s ]
[ 2013-09-09T16:53:56+08:00 ] SQL: SELECT m.id,m.`name`,m.`parent_id`,m.`link`,m.`image`,m.`target`,rm.`ext` FROM menu m INNER JOIN role_menu rm ON m.`id`=rm.`mid` WHERE m.parent_id=87 and rm.`rid`=21 order by ordernumber,id [ RunTime:0.004403s ]
[ 2013-09-09T16:53:56+08:00 ] SQL: SELECT m.id,m.`name`,m.`parent_id`,m.`link`,m.`image`,m.`target`,rm.`ext` FROM menu m INNER JOIN role_menu rm ON m.`id`=rm.`mid` WHERE m.parent_id=101 and rm.`rid`=21 order by ordernumber,id [ RunTime:0.004820s ]
[ 2013-09-09T16:53:56+08:00 ] SQL: SELECT m.id,m.`name`,m.`parent_id`,m.`link`,m.`image`,m.`target`,rm.`ext` FROM menu m INNER JOIN role_menu rm ON m.`id`=rm.`mid` WHERE m.parent_id=107 and rm.`rid`=21 order by ordernumber,id [ RunTime:0.004134s ]
[ 2013-09-09T16:53:56+08:00 ] NOTIC: [8] Undefined index: exts BaseAction.class.php 第 80 行.
[ 2013-09-09T16:53:56+08:00 ] SQL: SELECT 
			  rm.*,
			  m.`link` 
			FROM
			  `menu` m 
			  INNER JOIN `role_menu` rm 
			    ON m.`id` = rm.`mid` 
			WHERE rm.`rid` = 21 
			  AND m.`ext` IS NOT NULL  [ RunTime:0.004367s ]
[ 2013-09-09T16:53:56+08:00 ] NOTIC: [8] Undefined index: key WorkAction.class.php 第 15 行.
[ 2013-09-09T16:53:56+08:00 ] NOTIC: [8] Undefined index: sdate BaseAction.class.php 第 241 行.
[ 2013-09-09T16:53:56+08:00 ] NOTIC: [8] Undefined index: edate BaseAction.class.php 第 241 行.
[ 2013-09-09T16:53:56+08:00 ] SQL: SELECT 
			  w.* ,u.`ucode`,d.`id` depart,IFNULL(t.`name` ,w.typename) `type`
			FROM
			  `work` w 
			  INNER JOIN `user` u 
			    ON u.`id` = w.`uid` 
			   INNER JOIN depart d ON d.`id`=u.`depart`
			   LEFT JOIN `type` t ON t.`id`=w.`type`
			WHERE w.`code` = '13108617' AND w.uid= 10  ORDER BY w.id desc  [ RunTime:0.184424s ]
[ 2013-09-09T16:53:56+08:00 ] SQL: SELECT 
			  w.* ,u.`ucode`,d.`id` depart,IFNULL(t.`name` ,w.typename) `type`
			FROM
			  `work` w 
			  INNER JOIN `user` u 
			    ON u.`id` = w.`uid` 
			   INNER JOIN depart d ON d.`id`=u.`depart`
			   LEFT JOIN `type` t ON t.`id`=w.`type`
			WHERE w.`code` = '13108617' AND w.uid= 10  ORDER BY w.id desc  limit 0,20 [ RunTime:0.020302s ]
[ 2013-09-09T16:53:57+08:00 ] NOTIC: [8] Undefined variable: sdate a2c51faf257f2ebe48aa3609eae55296.php 第 261 行.
[ 2013-09-09T16:53:57+08:00 ] NOTIC: [8] Undefined variable: edate a2c51faf257f2ebe48aa3609eae55296.php 第 261 行.
[ 2013-09-09T17:02:58+08:00 ] NOTIC: [8] Undefined index: key CaseAction.class.php 第 4 行.
[ 2013-09-09T17:02:58+08:00 ] SQL: SHOW COLUMNS FROM `case` [ RunTime:0.117950s ]
[ 2013-09-09T17:02:59+08:00 ] SQL: SELECT COUNT(*) AS tp_count FROM `case` WHERE  `code`='13108617'  and id in (SELECT 
						  `case` 
						FROM
						  case_member 
						WHERE memberid = 10 
						UNION ALL
						SELECT 
						  `case` 
						FROM
						  case_looker 
						WHERE lookerid = 10  )  LIMIT 1  [ RunTime:0.143336s ]
[ 2013-09-09T17:02:59+08:00 ] SQL: SELECT * FROM `case` WHERE  `code`='13108617'  and id in (SELECT 
						  `case` 
						FROM
						  case_member 
						WHERE memberid = 10 
						UNION ALL
						SELECT 
						  `case` 
						FROM
						  case_looker 
						WHERE lookerid = 10  )  ORDER BY id desc LIMIT 0,20  [ RunTime:0.001518s ]
[ 2013-09-09T17:03:04+08:00 ] SQL: SHOW COLUMNS FROM `user` [ RunTime:0.007453s ]
[ 2013-09-09T17:03:04+08:00 ] SQL: SELECT * FROM `user` WHERE ( `username` = '02234' ) LIMIT 1  [ RunTime:0.001423s ]
[ 2013-09-09T17:03:04+08:00 ] SQL: SHOW COLUMNS FROM `msg` [ RunTime:0.006809s ]
[ 2013-09-09T17:03:04+08:00 ] SQL: SELECT COUNT(*) as C FROM (SELECT
		m.id,IFNULL(mr.readerid,0) isread
		FROM
		msg m LEFT JOIN msgreader mr ON m.`id`=mr.`msgid` AND mr.`readerid`=37
		WHERE INSTR(
				CONCAT(',', m.receiversid, ','),
				CONCAT(',', 37, ',')
		) > 0 AND m.code = 13108617) z WHERE z.isread =0 [ RunTime:0.023324s ]
[ 2013-09-09T17:03:04+08:00 ] SQL: SHOW COLUMNS FROM `work` [ RunTime:0.005943s ]
[ 2013-09-09T17:03:04+08:00 ] SQL: SELECT COUNT(*) AS tp_count FROM `work` WHERE code='13108617' and awoke =1 and uid =37 and UNIX_TIMESTAMP(NOW()) - UNIX_TIMESTAMP(DATE_ADD(
			    STR_TO_DATE(
			      CONCAT(
			        DATE(`date`),
			        ' ',
			        ehour,
			        ':',
			        eminute,
			        ':00'
			      ),
			      '%Y-%m-%d %H:%i:%s'
			    ),INTERVAL overday DAY)
			  ) < 0   LIMIT 1  [ RunTime:0.007472s ]
[ 2013-09-09T17:03:04+08:00 ] SQL: SHOW COLUMNS FROM `msgwork` [ RunTime:0.006023s ]
[ 2013-09-09T17:03:04+08:00 ] SQL: SELECT COUNT(*) AS tp_count FROM `msgwork` WHERE code='13108617' and issenderread =0 and senderid =37 LIMIT 1  [ RunTime:0.001246s ]
[ 2013-09-09T17:03:04+08:00 ] SQL: SELECT COUNT(*) AS tp_count FROM `msgwork` WHERE code='13108617' and isreceiverread =0 and receiverid =37 LIMIT 1  [ RunTime:0.001399s ]
[ 2013-09-09T17:03:04+08:00 ] SQL: SELECT m.id,m.`name`,m.`parent_id`,m.`link`,m.`image`,m.`target`,rm.`ext` FROM menu m INNER JOIN role_menu rm ON m.`id`=rm.`mid` WHERE m.parent_id is NULL and pos=1 and rm.`rid`=16 [ RunTime:0.004215s ]
[ 2013-09-09T17:03:04+08:00 ] SQL: SELECT m.id,m.`name`,m.`parent_id`,m.`link`,m.`image`,m.`target`,rm.`ext` FROM menu m INNER JOIN role_menu rm ON m.`id`=rm.`mid` WHERE m.parent_id=1 and rm.`rid`=16 order by ordernumber,id [ RunTime:0.006120s ]
[ 2013-09-09T17:03:04+08:00 ] SQL: SELECT m.id,m.`name`,m.`parent_id`,m.`link`,m.`image`,m.`target`,rm.`ext` FROM menu m INNER JOIN role_menu rm ON m.`id`=rm.`mid` WHERE m.parent_id=2 and rm.`rid`=16 order by ordernumber,id [ RunTime:0.004171s ]
[ 2013-09-09T17:03:04+08:00 ] SQL: SELECT m.id,m.`name`,m.`parent_id`,m.`link`,m.`image`,m.`target`,rm.`ext` FROM menu m INNER JOIN role_menu rm ON m.`id`=rm.`mid` WHERE m.parent_id=6 and rm.`rid`=16 order by ordernumber,id [ RunTime:0.004252s ]
[ 2013-09-09T17:03:04+08:00 ] SQL: SELECT m.id,m.`name`,m.`parent_id`,m.`link`,m.`image`,m.`target`,rm.`ext` FROM menu m INNER JOIN role_menu rm ON m.`id`=rm.`mid` WHERE m.parent_id=7 and rm.`rid`=16 order by ordernumber,id [ RunTime:0.004280s ]
[ 2013-09-09T17:03:04+08:00 ] SQL: SELECT m.id,m.`name`,m.`parent_id`,m.`link`,m.`image`,m.`target`,rm.`ext` FROM menu m INNER JOIN role_menu rm ON m.`id`=rm.`mid` WHERE m.parent_id=8 and rm.`rid`=16 order by ordernumber,id [ RunTime:0.004314s ]
[ 2013-09-09T17:03:04+08:00 ] SQL: SELECT m.id,m.`name`,m.`parent_id`,m.`link`,m.`image`,m.`target`,rm.`ext` FROM menu m INNER JOIN role_menu rm ON m.`id`=rm.`mid` WHERE m.parent_id=34 and rm.`rid`=16 order by ordernumber,id [ RunTime:0.004062s ]
[ 2013-09-09T17:03:04+08:00 ] SQL: SELECT m.id,m.`name`,m.`parent_id`,m.`link`,m.`image`,m.`target`,rm.`ext` FROM menu m INNER JOIN role_menu rm ON m.`id`=rm.`mid` WHERE m.parent_id=35 and rm.`rid`=16 order by ordernumber,id [ RunTime:0.004527s ]
[ 2013-09-09T17:03:04+08:00 ] SQL: SELECT m.id,m.`name`,m.`parent_id`,m.`link`,m.`image`,m.`target`,rm.`ext` FROM menu m INNER JOIN role_menu rm ON m.`id`=rm.`mid` WHERE m.parent_id=36 and rm.`rid`=16 order by ordernumber,id [ RunTime:0.004521s ]
[ 2013-09-09T17:03:04+08:00 ] SQL: SELECT m.id,m.`name`,m.`parent_id`,m.`link`,m.`image`,m.`target`,rm.`ext` FROM menu m INNER JOIN role_menu rm ON m.`id`=rm.`mid` WHERE m.parent_id=39 and rm.`rid`=16 order by ordernumber,id [ RunTime:0.004160s ]
[ 2013-09-09T17:03:04+08:00 ] SQL: SELECT m.id,m.`name`,m.`parent_id`,m.`link`,m.`image`,m.`target`,rm.`ext` FROM menu m INNER JOIN role_menu rm ON m.`id`=rm.`mid` WHERE m.parent_id=42 and rm.`rid`=16 order by ordernumber,id [ RunTime:0.004674s ]
[ 2013-09-09T17:03:04+08:00 ] SQL: SELECT m.id,m.`name`,m.`parent_id`,m.`link`,m.`image`,m.`target`,rm.`ext` FROM menu m INNER JOIN role_menu rm ON m.`id`=rm.`mid` WHERE m.parent_id=45 and rm.`rid`=16 order by ordernumber,id [ RunTime:0.004099s ]
[ 2013-09-09T17:03:04+08:00 ] SQL: SELECT m.id,m.`name`,m.`parent_id`,m.`link`,m.`image`,m.`target`,rm.`ext` FROM menu m INNER JOIN role_menu rm ON m.`id`=rm.`mid` WHERE m.parent_id=51 and rm.`rid`=16 order by ordernumber,id [ RunTime:0.004331s ]
[ 2013-09-09T17:03:04+08:00 ] SQL: SELECT m.id,m.`name`,m.`parent_id`,m.`link`,m.`image`,m.`target`,rm.`ext` FROM menu m INNER JOIN role_menu rm ON m.`id`=rm.`mid` WHERE m.parent_id=108 and rm.`rid`=16 order by ordernumber,id [ RunTime:0.005132s ]
[ 2013-09-09T17:03:04+08:00 ] SQL: SELECT m.id,m.`name`,m.`parent_id`,m.`link`,m.`image`,m.`target`,rm.`ext` FROM menu m INNER JOIN role_menu rm ON m.`id`=rm.`mid` WHERE m.parent_id=111 and rm.`rid`=16 order by ordernumber,id [ RunTime:0.004455s ]
[ 2013-09-09T17:03:04+08:00 ] SQL: SELECT m.id,m.`name`,m.`parent_id`,m.`link`,m.`image`,m.`target`,rm.`ext` FROM menu m INNER JOIN role_menu rm ON m.`id`=rm.`mid` WHERE m.parent_id=59 and rm.`rid`=16 order by ordernumber,id [ RunTime:0.004473s ]
[ 2013-09-09T17:03:04+08:00 ] SQL: SELECT m.id,m.`name`,m.`parent_id`,m.`link`,m.`image`,m.`target`,rm.`ext` FROM menu m INNER JOIN role_menu rm ON m.`id`=rm.`mid` WHERE m.parent_id is NULL and pos=0 and rm.`rid`=16 [ RunTime:0.004374s ]
[ 2013-09-09T17:03:04+08:00 ] SQL: SELECT m.id,m.`name`,m.`parent_id`,m.`link`,m.`image`,m.`target`,rm.`ext` FROM menu m INNER JOIN role_menu rm ON m.`id`=rm.`mid` WHERE m.parent_id=15 and rm.`rid`=16 order by ordernumber,id [ RunTime:0.004786s ]
[ 2013-09-09T17:03:04+08:00 ] SQL: SELECT m.id,m.`name`,m.`parent_id`,m.`link`,m.`image`,m.`target`,rm.`ext` FROM menu m INNER JOIN role_menu rm ON m.`id`=rm.`mid` WHERE m.parent_id=16 and rm.`rid`=16 order by ordernumber,id [ RunTime:0.004791s ]
[ 2013-09-09T17:03:04+08:00 ] SQL: SELECT m.id,m.`name`,m.`parent_id`,m.`link`,m.`image`,m.`target`,rm.`ext` FROM menu m INNER JOIN role_menu rm ON m.`id`=rm.`mid` WHERE m.parent_id=19 and rm.`rid`=16 order by ordernumber,id [ RunTime:0.004314s ]
[ 2013-09-09T17:03:04+08:00 ] SQL: SELECT m.id,m.`name`,m.`parent_id`,m.`link`,m.`image`,m.`target`,rm.`ext` FROM menu m INNER JOIN role_menu rm ON m.`id`=rm.`mid` WHERE m.parent_id=24 and rm.`rid`=16 order by ordernumber,id [ RunTime:0.004138s ]
[ 2013-09-09T17:03:04+08:00 ] SQL: SELECT m.id,m.`name`,m.`parent_id`,m.`link`,m.`image`,m.`target`,rm.`ext` FROM menu m INNER JOIN role_menu rm ON m.`id`=rm.`mid` WHERE m.parent_id=27 and rm.`rid`=16 order by ordernumber,id [ RunTime:0.004447s ]
[ 2013-09-09T17:03:04+08:00 ] SQL: SELECT m.id,m.`name`,m.`parent_id`,m.`link`,m.`image`,m.`target`,rm.`ext` FROM menu m INNER JOIN role_menu rm ON m.`id`=rm.`mid` WHERE m.parent_id=31 and rm.`rid`=16 order by ordernumber,id [ RunTime:0.004691s ]
[ 2013-09-09T17:03:04+08:00 ] SQL: SELECT m.id,m.`name`,m.`parent_id`,m.`link`,m.`image`,m.`target`,rm.`ext` FROM menu m INNER JOIN role_menu rm ON m.`id`=rm.`mid` WHERE m.parent_id is NULL and (pos=2 OR m.name='專案管理') and rm.`rid`=16 [ RunTime:0.004047s ]
[ 2013-09-09T17:03:04+08:00 ] SQL: SELECT m.id,m.`name`,m.`parent_id`,m.`link`,m.`image`,m.`target`,rm.`ext` FROM menu m INNER JOIN role_menu rm ON m.`id`=rm.`mid` WHERE m.parent_id=59 and rm.`rid`=16 order by ordernumber,id [ RunTime:0.004437s ]
[ 2013-09-09T17:03:04+08:00 ] SQL: SELECT m.id,m.`name`,m.`parent_id`,m.`link`,m.`image`,m.`target`,rm.`ext` FROM menu m INNER JOIN role_menu rm ON m.`id`=rm.`mid` WHERE m.parent_id=69 and rm.`rid`=16 order by ordernumber,id [ RunTime:0.004276s ]
[ 2013-09-09T17:03:04+08:00 ] SQL: SELECT m.id,m.`name`,m.`parent_id`,m.`link`,m.`image`,m.`target`,rm.`ext` FROM menu m INNER JOIN role_menu rm ON m.`id`=rm.`mid` WHERE m.parent_id=76 and rm.`rid`=16 order by ordernumber,id [ RunTime:0.004299s ]
[ 2013-09-09T17:03:04+08:00 ] SQL: SELECT m.id,m.`name`,m.`parent_id`,m.`link`,m.`image`,m.`target`,rm.`ext` FROM menu m INNER JOIN role_menu rm ON m.`id`=rm.`mid` WHERE m.parent_id=79 and rm.`rid`=16 order by ordernumber,id [ RunTime:0.004857s ]
[ 2013-09-09T17:03:04+08:00 ] SQL: SELECT m.id,m.`name`,m.`parent_id`,m.`link`,m.`image`,m.`target`,rm.`ext` FROM menu m INNER JOIN role_menu rm ON m.`id`=rm.`mid` WHERE m.parent_id=87 and rm.`rid`=16 order by ordernumber,id [ RunTime:0.004185s ]
[ 2013-09-09T17:03:04+08:00 ] SQL: SELECT m.id,m.`name`,m.`parent_id`,m.`link`,m.`image`,m.`target`,rm.`ext` FROM menu m INNER JOIN role_menu rm ON m.`id`=rm.`mid` WHERE m.parent_id=101 and rm.`rid`=16 order by ordernumber,id [ RunTime:0.004192s ]
[ 2013-09-09T17:03:04+08:00 ] SQL: SELECT m.id,m.`name`,m.`parent_id`,m.`link`,m.`image`,m.`target`,rm.`ext` FROM menu m INNER JOIN role_menu rm ON m.`id`=rm.`mid` WHERE m.parent_id=107 and rm.`rid`=16 order by ordernumber,id [ RunTime:0.004782s ]
[ 2013-09-09T17:03:05+08:00 ] NOTIC: [8] Undefined index: exts BaseAction.class.php 第 80 行.
[ 2013-09-09T17:03:05+08:00 ] SQL: SELECT 
			  rm.*,
			  m.`link` 
			FROM
			  `menu` m 
			  INNER JOIN `role_menu` rm 
			    ON m.`id` = rm.`mid` 
			WHERE rm.`rid` = 16 
			  AND m.`ext` IS NOT NULL  [ RunTime:0.004364s ]
[ 2013-09-09T17:03:05+08:00 ] NOTIC: [8] Undefined index: key WorkAction.class.php 第 15 行.
[ 2013-09-09T17:03:05+08:00 ] NOTIC: [8] Undefined index: sdate BaseAction.class.php 第 241 行.
[ 2013-09-09T17:03:05+08:00 ] NOTIC: [8] Undefined index: edate BaseAction.class.php 第 241 行.
[ 2013-09-09T17:03:05+08:00 ] SQL: SELECT 
			  w.* ,u.`ucode`,d.`id` depart,IFNULL(t.`name` ,w.typename) `type`
			FROM
			  `work` w 
			  INNER JOIN `user` u 
			    ON u.`id` = w.`uid` 
			   INNER JOIN depart d ON d.`id`=u.`depart`
			   LEFT JOIN `type` t ON t.`id`=w.`type`
			WHERE w.`code` = '13108617' AND w.uid= 37  ORDER BY w.id desc  [ RunTime:0.001033s ]
[ 2013-09-09T17:03:05+08:00 ] NOTIC: [8] Undefined variable: sdate a2c51faf257f2ebe48aa3609eae55296.php 第 261 行.
[ 2013-09-09T17:03:05+08:00 ] NOTIC: [8] Undefined variable: edate a2c51faf257f2ebe48aa3609eae55296.php 第 261 行.
[ 2013-09-09T17:03:08+08:00 ] NOTIC: [8] Undefined index: key CaseAction.class.php 第 4 行.
[ 2013-09-09T17:03:08+08:00 ] SQL: SHOW COLUMNS FROM `case` [ RunTime:0.007313s ]
[ 2013-09-09T17:03:08+08:00 ] SQL: SELECT COUNT(*) AS tp_count FROM `case` WHERE  `code`='13108617'  and id in (SELECT 
						  `case` 
						FROM
						  case_member 
						WHERE memberid = 37 
						UNION ALL
						SELECT 
						  `case` 
						FROM
						  case_looker 
						WHERE lookerid = 37  )  LIMIT 1  [ RunTime:0.001246s ]
[ 2013-09-09T17:03:08+08:00 ] SQL: SELECT * FROM `case` WHERE  `code`='13108617'  and id in (SELECT 
						  `case` 
						FROM
						  case_member 
						WHERE memberid = 37 
						UNION ALL
						SELECT 
						  `case` 
						FROM
						  case_looker 
						WHERE lookerid = 37  )  ORDER BY id desc LIMIT 0,20  [ RunTime:0.001854s ]
[ 2013-09-09T17:03:16+08:00 ] SQL: SHOW COLUMNS FROM `user` [ RunTime:0.007238s ]
[ 2013-09-09T17:03:16+08:00 ] SQL: SELECT * FROM `user` WHERE ( `username` = '03231' ) LIMIT 1  [ RunTime:0.001140s ]
[ 2013-09-09T17:03:23+08:00 ] SQL: SHOW COLUMNS FROM `user` [ RunTime:0.007014s ]
[ 2013-09-09T17:03:23+08:00 ] SQL: SELECT * FROM `user` WHERE ( `username` = '03231' ) LIMIT 1  [ RunTime:0.001129s ]
[ 2013-09-09T17:03:31+08:00 ] SQL: SHOW COLUMNS FROM `user` [ RunTime:0.007057s ]
[ 2013-09-09T17:03:31+08:00 ] SQL: SELECT * FROM `user` WHERE ( `username` = '03231' ) LIMIT 1  [ RunTime:0.001154s ]
[ 2013-09-09T17:05:37+08:00 ] SQL: SHOW COLUMNS FROM `user` [ RunTime:0.016315s ]
[ 2013-09-09T17:05:37+08:00 ] SQL: SELECT * FROM `user` WHERE ( `username` = '03231' ) LIMIT 1  [ RunTime:0.001149s ]
[ 2013-09-09T17:05:39+08:00 ] SQL: SHOW COLUMNS FROM `user` [ RunTime:0.006794s ]
[ 2013-09-09T17:05:39+08:00 ] SQL: SELECT * FROM `user` WHERE ( `username` = 'admin' ) LIMIT 1  [ RunTime:0.001292s ]
[ 2013-09-09T17:05:39+08:00 ] SQL: SHOW COLUMNS FROM `msg` [ RunTime:0.006790s ]
[ 2013-09-09T17:05:39+08:00 ] SQL: SELECT COUNT(*) as C FROM (SELECT
		m.id,IFNULL(mr.readerid,0) isread
		FROM
		msg m LEFT JOIN msgreader mr ON m.`id`=mr.`msgid` AND mr.`readerid`=10
		WHERE INSTR(
				CONCAT(',', m.receiversid, ','),
				CONCAT(',', 10, ',')
		) > 0 AND m.code = 13108617) z WHERE z.isread =0 [ RunTime:0.023025s ]
[ 2013-09-09T17:05:39+08:00 ] SQL: SHOW COLUMNS FROM `work` [ RunTime:0.008425s ]
[ 2013-09-09T17:05:39+08:00 ] SQL: SELECT COUNT(*) AS tp_count FROM `work` WHERE code='13108617' and awoke =1 and uid =10 and UNIX_TIMESTAMP(NOW()) - UNIX_TIMESTAMP(DATE_ADD(
			    STR_TO_DATE(
			      CONCAT(
			        DATE(`date`),
			        ' ',
			        ehour,
			        ':',
			        eminute,
			        ':00'
			      ),
			      '%Y-%m-%d %H:%i:%s'
			    ),INTERVAL overday DAY)
			  ) < 0   LIMIT 1  [ RunTime:0.007633s ]
[ 2013-09-09T17:05:39+08:00 ] SQL: SHOW COLUMNS FROM `msgwork` [ RunTime:0.006590s ]
[ 2013-09-09T17:05:39+08:00 ] SQL: SELECT COUNT(*) AS tp_count FROM `msgwork` WHERE code='13108617' and issenderread =0 and senderid =10 LIMIT 1  [ RunTime:0.001782s ]
[ 2013-09-09T17:05:39+08:00 ] SQL: SELECT COUNT(*) AS tp_count FROM `msgwork` WHERE code='13108617' and isreceiverread =0 and receiverid =10 LIMIT 1  [ RunTime:0.001209s ]
[ 2013-09-09T17:05:39+08:00 ] SQL: SELECT m.id,m.`name`,m.`parent_id`,m.`link`,m.`image`,m.`target`,rm.`ext` FROM menu m INNER JOIN role_menu rm ON m.`id`=rm.`mid` WHERE m.parent_id is NULL and pos=1 and rm.`rid`=21 [ RunTime:0.004718s ]
[ 2013-09-09T17:05:39+08:00 ] SQL: SELECT m.id,m.`name`,m.`parent_id`,m.`link`,m.`image`,m.`target`,rm.`ext` FROM menu m INNER JOIN role_menu rm ON m.`id`=rm.`mid` WHERE m.parent_id=1 and rm.`rid`=21 order by ordernumber,id [ RunTime:0.004167s ]
[ 2013-09-09T17:05:39+08:00 ] SQL: SELECT m.id,m.`name`,m.`parent_id`,m.`link`,m.`image`,m.`target`,rm.`ext` FROM menu m INNER JOIN role_menu rm ON m.`id`=rm.`mid` WHERE m.parent_id=2 and rm.`rid`=21 order by ordernumber,id [ RunTime:0.004315s ]
[ 2013-09-09T17:05:39+08:00 ] SQL: SELECT m.id,m.`name`,m.`parent_id`,m.`link`,m.`image`,m.`target`,rm.`ext` FROM menu m INNER JOIN role_menu rm ON m.`id`=rm.`mid` WHERE m.parent_id=6 and rm.`rid`=21 order by ordernumber,id [ RunTime:0.004344s ]
[ 2013-09-09T17:05:39+08:00 ] SQL: SELECT m.id,m.`name`,m.`parent_id`,m.`link`,m.`image`,m.`target`,rm.`ext` FROM menu m INNER JOIN role_menu rm ON m.`id`=rm.`mid` WHERE m.parent_id=7 and rm.`rid`=21 order by ordernumber,id [ RunTime:0.004109s ]
[ 2013-09-09T17:05:39+08:00 ] SQL: SELECT m.id,m.`name`,m.`parent_id`,m.`link`,m.`image`,m.`target`,rm.`ext` FROM menu m INNER JOIN role_menu rm ON m.`id`=rm.`mid` WHERE m.parent_id=8 and rm.`rid`=21 order by ordernumber,id [ RunTime:0.004624s ]
[ 2013-09-09T17:05:39+08:00 ] SQL: SELECT m.id,m.`name`,m.`parent_id`,m.`link`,m.`image`,m.`target`,rm.`ext` FROM menu m INNER JOIN role_menu rm ON m.`id`=rm.`mid` WHERE m.parent_id=34 and rm.`rid`=21 order by ordernumber,id [ RunTime:0.006142s ]
[ 2013-09-09T17:05:39+08:00 ] SQL: SELECT m.id,m.`name`,m.`parent_id`,m.`link`,m.`image`,m.`target`,rm.`ext` FROM menu m INNER JOIN role_menu rm ON m.`id`=rm.`mid` WHERE m.parent_id=35 and rm.`rid`=21 order by ordernumber,id [ RunTime:0.004353s ]
[ 2013-09-09T17:05:39+08:00 ] SQL: SELECT m.id,m.`name`,m.`parent_id`,m.`link`,m.`image`,m.`target`,rm.`ext` FROM menu m INNER JOIN role_menu rm ON m.`id`=rm.`mid` WHERE m.parent_id=36 and rm.`rid`=21 order by ordernumber,id [ RunTime:0.005292s ]
[ 2013-09-09T17:05:39+08:00 ] SQL: SELECT m.id,m.`name`,m.`parent_id`,m.`link`,m.`image`,m.`target`,rm.`ext` FROM menu m INNER JOIN role_menu rm ON m.`id`=rm.`mid` WHERE m.parent_id=39 and rm.`rid`=21 order by ordernumber,id [ RunTime:0.004472s ]
[ 2013-09-09T17:05:39+08:00 ] SQL: SELECT m.id,m.`name`,m.`parent_id`,m.`link`,m.`image`,m.`target`,rm.`ext` FROM menu m INNER JOIN role_menu rm ON m.`id`=rm.`mid` WHERE m.parent_id=42 and rm.`rid`=21 order by ordernumber,id [ RunTime:0.004665s ]
[ 2013-09-09T17:05:39+08:00 ] SQL: SELECT m.id,m.`name`,m.`parent_id`,m.`link`,m.`image`,m.`target`,rm.`ext` FROM menu m INNER JOIN role_menu rm ON m.`id`=rm.`mid` WHERE m.parent_id=45 and rm.`rid`=21 order by ordernumber,id [ RunTime:0.004421s ]
[ 2013-09-09T17:05:39+08:00 ] SQL: SELECT m.id,m.`name`,m.`parent_id`,m.`link`,m.`image`,m.`target`,rm.`ext` FROM menu m INNER JOIN role_menu rm ON m.`id`=rm.`mid` WHERE m.parent_id=51 and rm.`rid`=21 order by ordernumber,id [ RunTime:0.004640s ]
[ 2013-09-09T17:05:39+08:00 ] SQL: SELECT m.id,m.`name`,m.`parent_id`,m.`link`,m.`image`,m.`target`,rm.`ext` FROM menu m INNER JOIN role_menu rm ON m.`id`=rm.`mid` WHERE m.parent_id=108 and rm.`rid`=21 order by ordernumber,id [ RunTime:0.006648s ]
[ 2013-09-09T17:05:39+08:00 ] SQL: SELECT m.id,m.`name`,m.`parent_id`,m.`link`,m.`image`,m.`target`,rm.`ext` FROM menu m INNER JOIN role_menu rm ON m.`id`=rm.`mid` WHERE m.parent_id=111 and rm.`rid`=21 order by ordernumber,id [ RunTime:0.004333s ]
[ 2013-09-09T17:05:39+08:00 ] SQL: SELECT m.id,m.`name`,m.`parent_id`,m.`link`,m.`image`,m.`target`,rm.`ext` FROM menu m INNER JOIN role_menu rm ON m.`id`=rm.`mid` WHERE m.parent_id=115 and rm.`rid`=21 order by ordernumber,id [ RunTime:0.004375s ]
[ 2013-09-09T17:05:39+08:00 ] SQL: SELECT m.id,m.`name`,m.`parent_id`,m.`link`,m.`image`,m.`target`,rm.`ext` FROM menu m INNER JOIN role_menu rm ON m.`id`=rm.`mid` WHERE m.parent_id=59 and rm.`rid`=21 order by ordernumber,id [ RunTime:0.004810s ]
[ 2013-09-09T17:05:39+08:00 ] SQL: SELECT m.id,m.`name`,m.`parent_id`,m.`link`,m.`image`,m.`target`,rm.`ext` FROM menu m INNER JOIN role_menu rm ON m.`id`=rm.`mid` WHERE m.parent_id is NULL and pos=0 and rm.`rid`=21 [ RunTime:0.004240s ]
[ 2013-09-09T17:05:39+08:00 ] SQL: SELECT m.id,m.`name`,m.`parent_id`,m.`link`,m.`image`,m.`target`,rm.`ext` FROM menu m INNER JOIN role_menu rm ON m.`id`=rm.`mid` WHERE m.parent_id=15 and rm.`rid`=21 order by ordernumber,id [ RunTime:0.005134s ]
[ 2013-09-09T17:05:39+08:00 ] SQL: SELECT m.id,m.`name`,m.`parent_id`,m.`link`,m.`image`,m.`target`,rm.`ext` FROM menu m INNER JOIN role_menu rm ON m.`id`=rm.`mid` WHERE m.parent_id=16 and rm.`rid`=21 order by ordernumber,id [ RunTime:0.004870s ]
[ 2013-09-09T17:05:39+08:00 ] SQL: SELECT m.id,m.`name`,m.`parent_id`,m.`link`,m.`image`,m.`target`,rm.`ext` FROM menu m INNER JOIN role_menu rm ON m.`id`=rm.`mid` WHERE m.parent_id=19 and rm.`rid`=21 order by ordernumber,id [ RunTime:0.004500s ]
[ 2013-09-09T17:05:39+08:00 ] SQL: SELECT m.id,m.`name`,m.`parent_id`,m.`link`,m.`image`,m.`target`,rm.`ext` FROM menu m INNER JOIN role_menu rm ON m.`id`=rm.`mid` WHERE m.parent_id=24 and rm.`rid`=21 order by ordernumber,id [ RunTime:0.004551s ]
[ 2013-09-09T17:05:39+08:00 ] SQL: SELECT m.id,m.`name`,m.`parent_id`,m.`link`,m.`image`,m.`target`,rm.`ext` FROM menu m INNER JOIN role_menu rm ON m.`id`=rm.`mid` WHERE m.parent_id=27 and rm.`rid`=21 order by ordernumber,id [ RunTime:0.004333s ]
[ 2013-09-09T17:05:39+08:00 ] SQL: SELECT m.id,m.`name`,m.`parent_id`,m.`link`,m.`image`,m.`target`,rm.`ext` FROM menu m INNER JOIN role_menu rm ON m.`id`=rm.`mid` WHERE m.parent_id=31 and rm.`rid`=21 order by ordernumber,id [ RunTime:0.004422s ]
[ 2013-09-09T17:05:39+08:00 ] SQL: SELECT m.id,m.`name`,m.`parent_id`,m.`link`,m.`image`,m.`target`,rm.`ext` FROM menu m INNER JOIN role_menu rm ON m.`id`=rm.`mid` WHERE m.parent_id is NULL and (pos=2 OR m.name='專案管理') and rm.`rid`=21 [ RunTime:0.004687s ]
[ 2013-09-09T17:05:39+08:00 ] SQL: SELECT m.id,m.`name`,m.`parent_id`,m.`link`,m.`image`,m.`target`,rm.`ext` FROM menu m INNER JOIN role_menu rm ON m.`id`=rm.`mid` WHERE m.parent_id=59 and rm.`rid`=21 order by ordernumber,id [ RunTime:0.005157s ]
[ 2013-09-09T17:05:39+08:00 ] SQL: SELECT m.id,m.`name`,m.`parent_id`,m.`link`,m.`image`,m.`target`,rm.`ext` FROM menu m INNER JOIN role_menu rm ON m.`id`=rm.`mid` WHERE m.parent_id=69 and rm.`rid`=21 order by ordernumber,id [ RunTime:0.005448s ]
[ 2013-09-09T17:05:39+08:00 ] SQL: SELECT m.id,m.`name`,m.`parent_id`,m.`link`,m.`image`,m.`target`,rm.`ext` FROM menu m INNER JOIN role_menu rm ON m.`id`=rm.`mid` WHERE m.parent_id=76 and rm.`rid`=21 order by ordernumber,id [ RunTime:0.005367s ]
[ 2013-09-09T17:05:39+08:00 ] SQL: SELECT m.id,m.`name`,m.`parent_id`,m.`link`,m.`image`,m.`target`,rm.`ext` FROM menu m INNER JOIN role_menu rm ON m.`id`=rm.`mid` WHERE m.parent_id=79 and rm.`rid`=21 order by ordernumber,id [ RunTime:0.005313s ]
[ 2013-09-09T17:05:39+08:00 ] SQL: SELECT m.id,m.`name`,m.`parent_id`,m.`link`,m.`image`,m.`target`,rm.`ext` FROM menu m INNER JOIN role_menu rm ON m.`id`=rm.`mid` WHERE m.parent_id=87 and rm.`rid`=21 order by ordernumber,id [ RunTime:0.004659s ]
[ 2013-09-09T17:05:39+08:00 ] SQL: SELECT m.id,m.`name`,m.`parent_id`,m.`link`,m.`image`,m.`target`,rm.`ext` FROM menu m INNER JOIN role_menu rm ON m.`id`=rm.`mid` WHERE m.parent_id=101 and rm.`rid`=21 order by ordernumber,id [ RunTime:0.004201s ]
[ 2013-09-09T17:05:39+08:00 ] SQL: SELECT m.id,m.`name`,m.`parent_id`,m.`link`,m.`image`,m.`target`,rm.`ext` FROM menu m INNER JOIN role_menu rm ON m.`id`=rm.`mid` WHERE m.parent_id=107 and rm.`rid`=21 order by ordernumber,id [ RunTime:0.005390s ]
[ 2013-09-09T17:05:40+08:00 ] NOTIC: [8] Undefined index: exts BaseAction.class.php 第 80 行.
[ 2013-09-09T17:05:40+08:00 ] SQL: SELECT 
			  rm.*,
			  m.`link` 
			FROM
			  `menu` m 
			  INNER JOIN `role_menu` rm 
			    ON m.`id` = rm.`mid` 
			WHERE rm.`rid` = 21 
			  AND m.`ext` IS NOT NULL  [ RunTime:0.004500s ]
[ 2013-09-09T17:05:40+08:00 ] NOTIC: [8] Undefined index: key WorkAction.class.php 第 15 行.
[ 2013-09-09T17:05:40+08:00 ] NOTIC: [8] Undefined index: sdate BaseAction.class.php 第 241 行.
[ 2013-09-09T17:05:40+08:00 ] NOTIC: [8] Undefined index: edate BaseAction.class.php 第 241 行.
[ 2013-09-09T17:05:40+08:00 ] SQL: SELECT 
			  w.* ,u.`ucode`,d.`id` depart,IFNULL(t.`name` ,w.typename) `type`
			FROM
			  `work` w 
			  INNER JOIN `user` u 
			    ON u.`id` = w.`uid` 
			   INNER JOIN depart d ON d.`id`=u.`depart`
			   LEFT JOIN `type` t ON t.`id`=w.`type`
			WHERE w.`code` = '13108617' AND w.uid= 10  ORDER BY w.id desc  [ RunTime:0.052254s ]
[ 2013-09-09T17:05:40+08:00 ] SQL: SELECT 
			  w.* ,u.`ucode`,d.`id` depart,IFNULL(t.`name` ,w.typename) `type`
			FROM
			  `work` w 
			  INNER JOIN `user` u 
			    ON u.`id` = w.`uid` 
			   INNER JOIN depart d ON d.`id`=u.`depart`
			   LEFT JOIN `type` t ON t.`id`=w.`type`
			WHERE w.`code` = '13108617' AND w.uid= 10  ORDER BY w.id desc  limit 0,20 [ RunTime:0.020223s ]
[ 2013-09-09T17:05:40+08:00 ] NOTIC: [8] Undefined variable: sdate a2c51faf257f2ebe48aa3609eae55296.php 第 261 行.
[ 2013-09-09T17:05:40+08:00 ] NOTIC: [8] Undefined variable: edate a2c51faf257f2ebe48aa3609eae55296.php 第 261 行.
[ 2013-09-09T17:05:43+08:00 ] NOTIC: [8] Undefined index: skey UserAction.class.php 第 4 行.
[ 2013-09-09T17:05:43+08:00 ] NOTIC: [8] Undefined index: sdepart UserAction.class.php 第 5 行.
[ 2013-09-09T17:05:43+08:00 ] NOTIC: [8] Undefined index: steam UserAction.class.php 第 6 行.
[ 2013-09-09T17:05:43+08:00 ] SQL: SHOW COLUMNS FROM `user` [ RunTime:0.007398s ]
[ 2013-09-09T17:05:43+08:00 ] NOTIC: [8] Undefined index: where UserAction.class.php 第 35 行.
[ 2013-09-09T17:05:43+08:00 ] SQL: SELECT COUNT(*) FROM `user` u left JOIN depart d
				ON u.`depart`=d.`id`
				left JOIN team t
				ON u.`team`=t.`id`
						 WHERE u. [ RunTime:0.001017s ]
[ 2013-09-09T17:05:43+08:00 ] NOTIC: [8] Undefined variable: list BaseAction.class.php 第 263 行.
[ 2013-09-09T17:05:43+08:00 ] SQL: SHOW COLUMNS FROM `depart` [ RunTime:0.020374s ]
[ 2013-09-09T17:05:44+08:00 ] SQL: SELECT * FROM `depart` WHERE  code='13108617'  [ RunTime:0.000851s ]
[ 2013-09-09T17:05:44+08:00 ] NOTIC: [8] Undefined variable: depart 8b8281b0005c09106df5944e4149e1bb.php 第 13 行.
[ 2013-09-09T17:05:44+08:00 ] NOTIC: [8] Undefined variable: team 8b8281b0005c09106df5944e4149e1bb.php 第 14 行.
[ 2013-09-09T17:05:44+08:00 ] NOTIC: [8] Undefined variable: username 8b8281b0005c09106df5944e4149e1bb.php 第 279 行.
[ 2013-09-09T17:05:48+08:00 ] SQL: SHOW COLUMNS FROM `team` [ RunTime:0.047120s ]
[ 2013-09-09T17:05:48+08:00 ] SQL: SELECT * FROM `team` WHERE depart=20 [ RunTime:0.035257s ]
[ 2013-09-09T17:05:50+08:00 ] SQL: SHOW COLUMNS FROM `user` [ RunTime:0.007067s ]
[ 2013-09-09T17:05:51+08:00 ] SQL: SELECT COUNT(*) FROM `user` u left JOIN depart d
				ON u.`depart`=d.`id`
				left JOIN team t
				ON u.`team`=t.`id`
						 WHERE u. `code`='13108617'  and u.depart = 20 [ RunTime:0.071283s ]
[ 2013-09-09T17:05:51+08:00 ] SQL: SELECT u.*,d.`name` dname ,t.`name` tname FROM `user` u left JOIN depart d
				ON u.`depart`=d.`id`
				left JOIN team t
				ON u.`team`=t.`id`
						 WHERE u. `code`='13108617'  and u.depart = 20 limit 0,20 [ RunTime:0.002998s ]
[ 2013-09-09T17:05:51+08:00 ] SQL: SHOW COLUMNS FROM `depart` [ RunTime:0.005499s ]
[ 2013-09-09T17:05:51+08:00 ] SQL: SELECT * FROM `depart` WHERE  code='13108617'  [ RunTime:0.000853s ]
[ 2013-09-09T17:05:51+08:00 ] NOTIC: [8] Undefined variable: team 8b8281b0005c09106df5944e4149e1bb.php 第 14 行.
[ 2013-09-09T17:05:51+08:00 ] NOTIC: [8] Undefined variable: username 8b8281b0005c09106df5944e4149e1bb.php 第 279 行.
[ 2013-09-09T17:05:52+08:00 ] SQL: SHOW COLUMNS FROM `team` [ RunTime:0.005844s ]
[ 2013-09-09T17:05:52+08:00 ] SQL: SELECT * FROM `team` WHERE depart=20 [ RunTime:0.001096s ]
[ 2013-09-09T17:06:11+08:00 ] SQL: SHOW COLUMNS FROM `user` [ RunTime:0.007127s ]
[ 2013-09-09T17:06:11+08:00 ] SQL: SELECT * FROM `user` WHERE ( `username` = '03485' ) LIMIT 1  [ RunTime:0.001594s ]
[ 2013-09-09T17:06:11+08:00 ] SQL: SHOW COLUMNS FROM `msg` [ RunTime:0.006006s ]
[ 2013-09-09T17:06:11+08:00 ] SQL: SELECT COUNT(*) as C FROM (SELECT
		m.id,IFNULL(mr.readerid,0) isread
		FROM
		msg m LEFT JOIN msgreader mr ON m.`id`=mr.`msgid` AND mr.`readerid`=51
		WHERE INSTR(
				CONCAT(',', m.receiversid, ','),
				CONCAT(',', 51, ',')
		) > 0 AND m.code = 13108617) z WHERE z.isread =0 [ RunTime:0.022981s ]
[ 2013-09-09T17:06:11+08:00 ] SQL: SHOW COLUMNS FROM `work` [ RunTime:0.006391s ]
[ 2013-09-09T17:06:11+08:00 ] SQL: SELECT COUNT(*) AS tp_count FROM `work` WHERE code='13108617' and awoke =1 and uid =51 and UNIX_TIMESTAMP(NOW()) - UNIX_TIMESTAMP(DATE_ADD(
			    STR_TO_DATE(
			      CONCAT(
			        DATE(`date`),
			        ' ',
			        ehour,
			        ':',
			        eminute,
			        ':00'
			      ),
			      '%Y-%m-%d %H:%i:%s'
			    ),INTERVAL overday DAY)
			  ) < 0   LIMIT 1  [ RunTime:0.007827s ]
[ 2013-09-09T17:06:11+08:00 ] SQL: SHOW COLUMNS FROM `msgwork` [ RunTime:0.006067s ]
[ 2013-09-09T17:06:11+08:00 ] SQL: SELECT COUNT(*) AS tp_count FROM `msgwork` WHERE code='13108617' and issenderread =0 and senderid =51 LIMIT 1  [ RunTime:0.001244s ]
[ 2013-09-09T17:06:11+08:00 ] SQL: SELECT COUNT(*) AS tp_count FROM `msgwork` WHERE code='13108617' and isreceiverread =0 and receiverid =51 LIMIT 1  [ RunTime:0.001414s ]
[ 2013-09-09T17:06:11+08:00 ] SQL: SELECT m.id,m.`name`,m.`parent_id`,m.`link`,m.`image`,m.`target`,rm.`ext` FROM menu m INNER JOIN role_menu rm ON m.`id`=rm.`mid` WHERE m.parent_id is NULL and pos=1 and rm.`rid`=43 [ RunTime:0.004050s ]
[ 2013-09-09T17:06:11+08:00 ] SQL: SELECT m.id,m.`name`,m.`parent_id`,m.`link`,m.`image`,m.`target`,rm.`ext` FROM menu m INNER JOIN role_menu rm ON m.`id`=rm.`mid` WHERE m.parent_id=2 and rm.`rid`=43 order by ordernumber,id [ RunTime:0.004017s ]
[ 2013-09-09T17:06:11+08:00 ] SQL: SELECT m.id,m.`name`,m.`parent_id`,m.`link`,m.`image`,m.`target`,rm.`ext` FROM menu m INNER JOIN role_menu rm ON m.`id`=rm.`mid` WHERE m.parent_id=6 and rm.`rid`=43 order by ordernumber,id [ RunTime:0.004264s ]
[ 2013-09-09T17:06:11+08:00 ] SQL: SELECT m.id,m.`name`,m.`parent_id`,m.`link`,m.`image`,m.`target`,rm.`ext` FROM menu m INNER JOIN role_menu rm ON m.`id`=rm.`mid` WHERE m.parent_id=59 and rm.`rid`=43 order by ordernumber,id [ RunTime:0.004367s ]
[ 2013-09-09T17:06:11+08:00 ] SQL: SELECT m.id,m.`name`,m.`parent_id`,m.`link`,m.`image`,m.`target`,rm.`ext` FROM menu m INNER JOIN role_menu rm ON m.`id`=rm.`mid` WHERE m.parent_id is NULL and pos=0 and rm.`rid`=43 [ RunTime:0.003970s ]
[ 2013-09-09T17:06:11+08:00 ] SQL: SELECT m.id,m.`name`,m.`parent_id`,m.`link`,m.`image`,m.`target`,rm.`ext` FROM menu m INNER JOIN role_menu rm ON m.`id`=rm.`mid` WHERE m.parent_id=15 and rm.`rid`=43 order by ordernumber,id [ RunTime:0.003864s ]
[ 2013-09-09T17:06:11+08:00 ] SQL: SELECT m.id,m.`name`,m.`parent_id`,m.`link`,m.`image`,m.`target`,rm.`ext` FROM menu m INNER JOIN role_menu rm ON m.`id`=rm.`mid` WHERE m.parent_id=16 and rm.`rid`=43 order by ordernumber,id [ RunTime:0.004176s ]
[ 2013-09-09T17:06:11+08:00 ] SQL: SELECT m.id,m.`name`,m.`parent_id`,m.`link`,m.`image`,m.`target`,rm.`ext` FROM menu m INNER JOIN role_menu rm ON m.`id`=rm.`mid` WHERE m.parent_id=19 and rm.`rid`=43 order by ordernumber,id [ RunTime:0.003972s ]
[ 2013-09-09T17:06:11+08:00 ] SQL: SELECT m.id,m.`name`,m.`parent_id`,m.`link`,m.`image`,m.`target`,rm.`ext` FROM menu m INNER JOIN role_menu rm ON m.`id`=rm.`mid` WHERE m.parent_id=31 and rm.`rid`=43 order by ordernumber,id [ RunTime:0.004126s ]
[ 2013-09-09T17:06:11+08:00 ] SQL: SELECT m.id,m.`name`,m.`parent_id`,m.`link`,m.`image`,m.`target`,rm.`ext` FROM menu m INNER JOIN role_menu rm ON m.`id`=rm.`mid` WHERE m.parent_id is NULL and (pos=2 OR m.name='專案管理') and rm.`rid`=43 [ RunTime:0.004175s ]
[ 2013-09-09T17:06:11+08:00 ] SQL: SELECT m.id,m.`name`,m.`parent_id`,m.`link`,m.`image`,m.`target`,rm.`ext` FROM menu m INNER JOIN role_menu rm ON m.`id`=rm.`mid` WHERE m.parent_id=59 and rm.`rid`=43 order by ordernumber,id [ RunTime:0.004395s ]
[ 2013-09-09T17:06:11+08:00 ] SQL: SELECT m.id,m.`name`,m.`parent_id`,m.`link`,m.`image`,m.`target`,rm.`ext` FROM menu m INNER JOIN role_menu rm ON m.`id`=rm.`mid` WHERE m.parent_id=69 and rm.`rid`=43 order by ordernumber,id [ RunTime:0.004085s ]
[ 2013-09-09T17:06:11+08:00 ] SQL: SELECT m.id,m.`name`,m.`parent_id`,m.`link`,m.`image`,m.`target`,rm.`ext` FROM menu m INNER JOIN role_menu rm ON m.`id`=rm.`mid` WHERE m.parent_id=76 and rm.`rid`=43 order by ordernumber,id [ RunTime:0.003854s ]
[ 2013-09-09T17:06:11+08:00 ] SQL: SELECT m.id,m.`name`,m.`parent_id`,m.`link`,m.`image`,m.`target`,rm.`ext` FROM menu m INNER JOIN role_menu rm ON m.`id`=rm.`mid` WHERE m.parent_id=79 and rm.`rid`=43 order by ordernumber,id [ RunTime:0.004077s ]
[ 2013-09-09T17:06:11+08:00 ] SQL: SELECT m.id,m.`name`,m.`parent_id`,m.`link`,m.`image`,m.`target`,rm.`ext` FROM menu m INNER JOIN role_menu rm ON m.`id`=rm.`mid` WHERE m.parent_id=107 and rm.`rid`=43 order by ordernumber,id [ RunTime:0.004181s ]
[ 2013-09-09T17:06:11+08:00 ] NOTIC: [8] Undefined index: exts BaseAction.class.php 第 80 行.
[ 2013-09-09T17:06:11+08:00 ] SQL: SELECT 
			  rm.*,
			  m.`link` 
			FROM
			  `menu` m 
			  INNER JOIN `role_menu` rm 
			    ON m.`id` = rm.`mid` 
			WHERE rm.`rid` = 43 
			  AND m.`ext` IS NOT NULL  [ RunTime:0.004541s ]
[ 2013-09-09T17:06:11+08:00 ] NOTIC: [8] Undefined index: key WorkAction.class.php 第 15 行.
[ 2013-09-09T17:06:11+08:00 ] NOTIC: [8] Undefined index: sdate BaseAction.class.php 第 241 行.
[ 2013-09-09T17:06:11+08:00 ] NOTIC: [8] Undefined index: edate BaseAction.class.php 第 241 行.
[ 2013-09-09T17:06:11+08:00 ] SQL: SELECT 
			  w.* ,u.`ucode`,d.`id` depart,IFNULL(t.`name` ,w.typename) `type`
			FROM
			  `work` w 
			  INNER JOIN `user` u 
			    ON u.`id` = w.`uid` 
			   INNER JOIN depart d ON d.`id`=u.`depart`
			   LEFT JOIN `type` t ON t.`id`=w.`type`
			WHERE w.`code` = '13108617' AND w.uid= 51  ORDER BY w.id desc  [ RunTime:0.022627s ]
[ 2013-09-09T17:06:12+08:00 ] SQL: SELECT 
			  w.* ,u.`ucode`,d.`id` depart,IFNULL(t.`name` ,w.typename) `type`
			FROM
			  `work` w 
			  INNER JOIN `user` u 
			    ON u.`id` = w.`uid` 
			   INNER JOIN depart d ON d.`id`=u.`depart`
			   LEFT JOIN `type` t ON t.`id`=w.`type`
			WHERE w.`code` = '13108617' AND w.uid= 51  ORDER BY w.id desc  limit 0,20 [ RunTime:0.005241s ]
[ 2013-09-09T17:06:12+08:00 ] NOTIC: [8] Undefined variable: sdate a2c51faf257f2ebe48aa3609eae55296.php 第 261 行.
[ 2013-09-09T17:06:12+08:00 ] NOTIC: [8] Undefined variable: edate a2c51faf257f2ebe48aa3609eae55296.php 第 261 行.
[ 2013-09-09T17:06:16+08:00 ] NOTIC: [8] Undefined index: key CaseAction.class.php 第 4 行.
[ 2013-09-09T17:06:17+08:00 ] SQL: SHOW COLUMNS FROM `case` [ RunTime:0.006649s ]
[ 2013-09-09T17:06:17+08:00 ] SQL: SELECT COUNT(*) AS tp_count FROM `case` WHERE  `code`='13108617'  and id in (SELECT 
						  `case` 
						FROM
						  case_member 
						WHERE memberid = 51 
						UNION ALL
						SELECT 
						  `case` 
						FROM
						  case_looker 
						WHERE lookerid = 51  )  LIMIT 1  [ RunTime:0.001325s ]
[ 2013-09-09T17:06:17+08:00 ] SQL: SELECT * FROM `case` WHERE  `code`='13108617'  and id in (SELECT 
						  `case` 
						FROM
						  case_member 
						WHERE memberid = 51 
						UNION ALL
						SELECT 
						  `case` 
						FROM
						  case_looker 
						WHERE lookerid = 51  )  ORDER BY id desc LIMIT 0,20  [ RunTime:0.001575s ]
[ 2013-09-09T17:06:19+08:00 ] SQL: SHOW COLUMNS FROM `case_content` [ RunTime:0.046435s ]
[ 2013-09-09T17:06:19+08:00 ] SQL: select * from case_content where id =9 [ RunTime:0.043659s ]
[ 2013-09-09T17:06:19+08:00 ] NOTIC: [8] Undefined index: caseName 6a80fc463fa49e147ec5390fac1af20e.php 第 107 行.
[ 2013-09-09T17:06:20+08:00 ] SQL: SHOW COLUMNS FROM `case_content` [ RunTime:0.031999s ]
[ 2013-09-09T17:06:20+08:00 ] SQL: select * from case_content where id =9 [ RunTime:0.000860s ]
[ 2013-09-09T17:06:20+08:00 ] NOTIC: [8] Undefined index: caseName 6a80fc463fa49e147ec5390fac1af20e.php 第 107 行.
[ 2013-09-09T17:06:24+08:00 ] NOTIC: [8] Undefined index: sstate BaseAction.class.php 第 241 行.
[ 2013-09-09T17:06:24+08:00 ] NOTIC: [8] Undefined index: name BaseAction.class.php 第 241 行.
[ 2013-09-09T17:06:24+08:00 ] NOTIC: [8] Undefined index: code BaseAction.class.php 第 241 行.
[ 2013-09-09T17:06:24+08:00 ] NOTIC: [8] Undefined index: askman BaseAction.class.php 第 241 行.
[ 2013-09-09T17:06:24+08:00 ] NOTIC: [8] Undefined index: sdate BaseAction.class.php 第 241 行.
[ 2013-09-09T17:06:24+08:00 ] NOTIC: [8] Undefined index: edate BaseAction.class.php 第 241 行.
[ 2013-09-09T17:06:24+08:00 ] NOTIC: [8] Undefined index: sdispatcher BaseAction.class.php 第 241 行.
[ 2013-09-09T17:06:24+08:00 ] SQL: SHOW COLUMNS FROM `case_device_repair` [ RunTime:0.077907s ]
[ 2013-09-09T17:06:24+08:00 ] NOTIC: [8] Undefined index: q BaseAction.class.php 第 241 行.
[ 2013-09-09T17:06:25+08:00 ] SQL: SELECT * FROM case_device_repair WHERE `case` = 9  order by repairdate desc [ RunTime:0.527999s ]
[ 2013-09-09T17:06:28+08:00 ] SQL: SELECT * FROM case_device_repair WHERE `case` = 9  order by repairdate desc limit 0,20 [ RunTime:0.012643s ]
[ 2013-09-09T17:06:28+08:00 ] SQL: SHOW COLUMNS FROM `case_warn_days` [ RunTime:0.051712s ]
[ 2013-09-09T17:06:28+08:00 ] SQL: SELECT * FROM `case_warn_days` WHERE `case` = 9 LIMIT 1  [ RunTime:0.008735s ]
[ 2013-09-09T17:06:28+08:00 ] SQL: SELECT COUNT(*) as c FROM case_device_repair WHERE state= '申請叫修' AND `case` = 9 [ RunTime:0.027160s ]
[ 2013-09-09T17:06:28+08:00 ] SQL: SELECT COUNT(*) as c FROM case_device_repair WHERE state= '派工' AND `case` = 9 [ RunTime:0.025629s ]
[ 2013-09-09T17:06:28+08:00 ] SQL: SELECT COUNT(*) as c FROM case_device_repair WHERE state= '委外' AND `case` = 9 [ RunTime:0.025867s ]
[ 2013-09-09T17:06:29+08:00 ] NOTIC: [8] Undefined index: caseName e2ab549fb0459c40412e5130be1fd81e.php 第 111 行.
[ 2013-09-09T17:06:29+08:00 ] NOTIC: [8] Undefined variable: repaircode e2ab549fb0459c40412e5130be1fd81e.php 第 123 行.
[ 2013-09-09T17:06:29+08:00 ] NOTIC: [8] Undefined variable: sdispatcher e2ab549fb0459c40412e5130be1fd81e.php 第 125 行.
[ 2013-09-09T17:06:29+08:00 ] NOTIC: [8] Undefined variable: devicename e2ab549fb0459c40412e5130be1fd81e.php 第 129 行.
[ 2013-09-09T17:06:29+08:00 ] NOTIC: [8] Undefined variable: askman e2ab549fb0459c40412e5130be1fd81e.php 第 131 行.
[ 2013-09-09T17:06:29+08:00 ] NOTIC: [8] Undefined variable: sdate e2ab549fb0459c40412e5130be1fd81e.php 第 135 行.
[ 2013-09-09T17:06:29+08:00 ] NOTIC: [8] Undefined variable: edate e2ab549fb0459c40412e5130be1fd81e.php 第 137 行.
[ 2013-09-09T17:06:35+08:00 ] NOTIC: [8] Undefined index: sstate BaseAction.class.php 第 241 行.
[ 2013-09-09T17:06:35+08:00 ] NOTIC: [8] Undefined index: name BaseAction.class.php 第 241 行.
[ 2013-09-09T17:06:35+08:00 ] NOTIC: [8] Undefined index: code BaseAction.class.php 第 241 行.
[ 2013-09-09T17:06:35+08:00 ] NOTIC: [8] Undefined index: askman BaseAction.class.php 第 241 行.
[ 2013-09-09T17:06:35+08:00 ] NOTIC: [8] Undefined index: sdate BaseAction.class.php 第 241 行.
[ 2013-09-09T17:06:35+08:00 ] NOTIC: [8] Undefined index: edate BaseAction.class.php 第 241 行.
[ 2013-09-09T17:06:35+08:00 ] NOTIC: [8] Undefined index: sdispatcher BaseAction.class.php 第 241 行.
[ 2013-09-09T17:06:35+08:00 ] SQL: SHOW COLUMNS FROM `case_device_repair` [ RunTime:0.006237s ]
[ 2013-09-09T17:16:26+08:00 ] SQL: SELECT 
		  r.`devicecode`,
		  r.`devicename`,
		  r.`repaircode`,
		  r.`repairdate`,
		  CONCAT(
		    build.`name`,
		    fl.`name`,
		    ar.`name`
		  ) AS region,
		  mt.`name` AS mainType,
		  ct.`name` AS childType,
		  CONCAT(
		    IFNULL(
		      CONCAT(r.remark, ' ', r.requestuser),
		      ''
		    ),'
',
		    IFNULL(
		      (SELECT 
		        CONCAT(doremark, ' ', dispatchuser) 
		      FROM
		        case_device_repair_dispatch 
		      WHERE `repair` = r.id 
		      LIMIT 1),
		      ''
		    ),'
',
		    IFNULL(
		      (SELECT 
		        CONCAT(remark, ' ', delegateuser) 
		      FROM
		        case_device_repair_delegate 
		      WHERE `repair` = r.id 
		      LIMIT 1),
		      ''
		    ),'
',
		    IFNULL(
		      (SELECT 
		        CONCAT(completeremark, ' ', replayuser) 
		      FROM
		        case_device_repair_complete 
		      WHERE `repair` = r.id 
		      LIMIT 1),
		      ''
		    ),'
',
		    IFNULL(
		      (SELECT 
		        GROUP_CONCAT(CONCAT(msg, '  ', senduser)) 
		      FROM
		        `case_device_repair_message` 
		      WHERE `repair` = r.id),
		      ''
		    )
		  ) AS msg,
		  (SELECT 
		    `dotimeandusers` 
		  FROM
		    `case_device_repair_complete` 
		  WHERE `repair` = r.`id` 
		  LIMIT 1) AS `dotimeandusers` 
		FROM
		  `case_device_repair` r 
		  INNER JOIN `case_device_buildingtype` build 
		    ON r.`build` = build.`id` 
		  INNER JOIN `case_device_building_floor` fl 
		    ON fl.`id` = r.`floor` 
		  INNER JOIN `case_device_building_floor_area` ar 
		    ON ar.`id` = r.`area` 
		  INNER JOIN `case_device_type` mt 
		    ON r.`type` = mt.`id` 
		  INNER JOIN `case_device_child_type` ct 
		    ON r.`childtype` = ct.`id` 
		  INNER JOIN `case_device_repair_dispatch` disp 
		    ON r.`id` = disp.`repair`   WHERE r.`case` = 9 [ RunTime:591.254014s ]
