[ 2013-06-01T00:00:06+08:00 ] NOTIC: [8] Undefined index: sdepart ProjectManageAction.class.php 第 8 行.
[ 2013-06-01T00:00:06+08:00 ] NOTIC: [8] Undefined index: sdate ProjectManageAction.class.php 第 9 行.
[ 2013-06-01T00:00:06+08:00 ] NOTIC: [8] Undefined index: sstate ProjectManageAction.class.php 第 10 行.
[ 2013-06-01T00:00:06+08:00 ] SQL: SHOW COLUMNS FROM `project_price` [ RunTime:0.009316s ]
[ 2013-06-01T00:00:06+08:00 ] SQL: SELECT COUNT(*) AS tp_count FROM `project_price` WHERE  code='13108617'  LIMIT 1  [ RunTime:0.000882s ]
[ 2013-06-01T00:00:06+08:00 ] SQL: SELECT * FROM `project_price` WHERE  code='13108617'  ORDER BY id desc LIMIT 0,20  [ RunTime:0.001294s ]
[ 2013-06-01T00:01:22+08:00 ] NOTIC: [8] Undefined index: sdepart ProjectManageAction.class.php 第 8 行.
[ 2013-06-01T00:01:22+08:00 ] NOTIC: [8] Undefined index: sdate ProjectManageAction.class.php 第 9 行.
[ 2013-06-01T00:01:22+08:00 ] NOTIC: [8] Undefined index: sstate ProjectManageAction.class.php 第 10 行.
[ 2013-06-01T00:01:22+08:00 ] SQL: SHOW COLUMNS FROM `project_price` [ RunTime:0.009418s ]
[ 2013-06-01T00:01:22+08:00 ] SQL: SELECT COUNT(*) AS tp_count FROM `project_price` WHERE  code='13108617'  LIMIT 1  [ RunTime:0.000881s ]
[ 2013-06-01T00:01:22+08:00 ] SQL: SELECT * FROM `project_price` WHERE  code='13108617'  ORDER BY id desc LIMIT 0,20  [ RunTime:0.001326s ]
[ 2013-06-01T00:01:34+08:00 ] SQL: SHOW COLUMNS FROM `project_price` [ RunTime:0.009710s ]
[ 2013-06-01T00:01:34+08:00 ] SQL: SELECT COUNT(*) AS tp_count FROM `project_price` WHERE  code='13108617'  AND BUunitName like '%1%' LIMIT 1  [ RunTime:0.000884s ]
[ 2013-06-01T00:01:34+08:00 ] SQL: SELECT * FROM `project_price` WHERE  code='13108617'  AND BUunitName like '%1%' ORDER BY id desc LIMIT 0,20  [ RunTime:0.001412s ]
[ 2013-06-01T00:14:15+08:00 ] SQL: SHOW COLUMNS FROM `project_price` [ RunTime:0.012719s ]
[ 2013-06-01T00:14:15+08:00 ] SQL: SELECT COUNT(*) AS tp_count FROM `project_price` WHERE  code='13108617'  AND BUunitName like '%1%' LIMIT 1  [ RunTime:0.000919s ]
[ 2013-06-01T00:14:15+08:00 ] SQL: SELECT * FROM `project_price` WHERE  code='13108617'  AND BUunitName like '%1%' ORDER BY id desc LIMIT 0,20  [ RunTime:0.001258s ]
[ 2013-06-01T00:14:18+08:00 ] SQL: SHOW COLUMNS FROM `project_price` [ RunTime:0.009316s ]
[ 2013-06-01T00:14:18+08:00 ] SQL: SELECT COUNT(*) AS tp_count FROM `project_price` WHERE  code='13108617'  LIMIT 1  [ RunTime:0.000879s ]
[ 2013-06-01T00:14:18+08:00 ] SQL: SELECT * FROM `project_price` WHERE  code='13108617'  ORDER BY id desc LIMIT 0,20  [ RunTime:0.001377s ]
[ 2013-06-01T00:14:27+08:00 ] SQL: SHOW COLUMNS FROM `project_price` [ RunTime:0.010847s ]
[ 2013-06-01T00:14:27+08:00 ] SQL: UPDATE `project_price` SET `state`='送簽' WHERE ( `id` = '5' ) [ RunTime:0.157686s ]
[ 2013-06-01T00:14:27+08:00 ] NOTIC: [8] Undefined index: sdepart ProjectManageAction.class.php 第 8 行.
[ 2013-06-01T00:14:27+08:00 ] NOTIC: [8] Undefined index: sdate ProjectManageAction.class.php 第 9 行.
[ 2013-06-01T00:14:27+08:00 ] NOTIC: [8] Undefined index: sstate ProjectManageAction.class.php 第 10 行.
[ 2013-06-01T00:14:27+08:00 ] SQL: SHOW COLUMNS FROM `project_price` [ RunTime:0.009293s ]
[ 2013-06-01T00:14:27+08:00 ] SQL: SELECT COUNT(*) AS tp_count FROM `project_price` WHERE  code='13108617'  LIMIT 1  [ RunTime:0.001250s ]
[ 2013-06-01T00:14:27+08:00 ] SQL: SELECT * FROM `project_price` WHERE  code='13108617'  ORDER BY id desc LIMIT 0,20  [ RunTime:0.001278s ]
[ 2013-06-01T00:15:23+08:00 ] NOTIC: [8] Undefined index: sdepart ProjectManageAction.class.php 第 8 行.
[ 2013-06-01T00:15:23+08:00 ] NOTIC: [8] Undefined index: sdate ProjectManageAction.class.php 第 9 行.
[ 2013-06-01T00:15:23+08:00 ] NOTIC: [8] Undefined index: sstate ProjectManageAction.class.php 第 10 行.
[ 2013-06-01T00:15:23+08:00 ] SQL: SHOW COLUMNS FROM `project_price` [ RunTime:0.009927s ]
[ 2013-06-01T00:15:23+08:00 ] SQL: SELECT COUNT(*) AS tp_count FROM `project_price` WHERE  code='13108617'  LIMIT 1  [ RunTime:0.001117s ]
[ 2013-06-01T00:15:23+08:00 ] SQL: SELECT * FROM `project_price` WHERE  code='13108617'  ORDER BY id desc LIMIT 0,20  [ RunTime:0.001286s ]
[ 2013-06-01T00:15:29+08:00 ] SQL: SHOW COLUMNS FROM `project_price` [ RunTime:0.009849s ]
[ 2013-06-01T00:15:29+08:00 ] SQL: UPDATE `project_price` SET `state`='簽核' WHERE ( `id` = '5' ) [ RunTime:0.230601s ]
[ 2013-06-01T00:15:29+08:00 ] NOTIC: [8] Undefined index: sdepart ProjectManageAction.class.php 第 8 行.
[ 2013-06-01T00:15:29+08:00 ] NOTIC: [8] Undefined index: sdate ProjectManageAction.class.php 第 9 行.
[ 2013-06-01T00:15:29+08:00 ] NOTIC: [8] Undefined index: sstate ProjectManageAction.class.php 第 10 行.
[ 2013-06-01T00:15:29+08:00 ] SQL: SHOW COLUMNS FROM `project_price` [ RunTime:0.011215s ]
[ 2013-06-01T00:15:29+08:00 ] SQL: SELECT COUNT(*) AS tp_count FROM `project_price` WHERE  code='13108617'  LIMIT 1  [ RunTime:0.000861s ]
[ 2013-06-01T00:15:29+08:00 ] SQL: SELECT * FROM `project_price` WHERE  code='13108617'  ORDER BY id desc LIMIT 0,20  [ RunTime:0.001323s ]
[ 2013-06-01T00:15:33+08:00 ] SQL: SHOW COLUMNS FROM `project_price` [ RunTime:0.009031s ]
[ 2013-06-01T00:15:33+08:00 ] SQL: UPDATE `project_price` SET `state`='已承接' WHERE ( `id` = '5' ) [ RunTime:0.041081s ]
[ 2013-06-01T00:15:33+08:00 ] NOTIC: [8] Undefined index: sdepart ProjectManageAction.class.php 第 8 行.
[ 2013-06-01T00:15:33+08:00 ] NOTIC: [8] Undefined index: sdate ProjectManageAction.class.php 第 9 行.
[ 2013-06-01T00:15:33+08:00 ] NOTIC: [8] Undefined index: sstate ProjectManageAction.class.php 第 10 行.
[ 2013-06-01T00:15:33+08:00 ] SQL: SHOW COLUMNS FROM `project_price` [ RunTime:0.009000s ]
[ 2013-06-01T00:15:33+08:00 ] SQL: SELECT COUNT(*) AS tp_count FROM `project_price` WHERE  code='13108617'  LIMIT 1  [ RunTime:0.000849s ]
[ 2013-06-01T00:15:33+08:00 ] SQL: SELECT * FROM `project_price` WHERE  code='13108617'  ORDER BY id desc LIMIT 0,20  [ RunTime:0.001441s ]
[ 2013-06-01T00:15:50+08:00 ] SQL: SHOW COLUMNS FROM `project_price` [ RunTime:0.009456s ]
[ 2013-06-01T00:15:50+08:00 ] SQL: UPDATE `project_price` SET `state`='已請款' WHERE ( `id` = '5' ) [ RunTime:0.046310s ]
[ 2013-06-01T00:15:50+08:00 ] NOTIC: [8] Undefined index: sdepart ProjectManageAction.class.php 第 8 行.
[ 2013-06-01T00:15:50+08:00 ] NOTIC: [8] Undefined index: sdate ProjectManageAction.class.php 第 9 行.
[ 2013-06-01T00:15:50+08:00 ] NOTIC: [8] Undefined index: sstate ProjectManageAction.class.php 第 10 行.
[ 2013-06-01T00:15:50+08:00 ] SQL: SHOW COLUMNS FROM `project_price` [ RunTime:0.009262s ]
[ 2013-06-01T00:15:50+08:00 ] SQL: SELECT COUNT(*) AS tp_count FROM `project_price` WHERE  code='13108617'  LIMIT 1  [ RunTime:0.000881s ]
[ 2013-06-01T00:15:50+08:00 ] SQL: SELECT * FROM `project_price` WHERE  code='13108617'  ORDER BY id desc LIMIT 0,20  [ RunTime:0.001888s ]
[ 2013-06-01T00:15:54+08:00 ] SQL: SHOW COLUMNS FROM `project_price` [ RunTime:0.009031s ]
[ 2013-06-01T00:15:54+08:00 ] SQL: UPDATE `project_price` SET `state`='已結案' WHERE ( `id` = '5' ) [ RunTime:0.087025s ]
[ 2013-06-01T00:15:55+08:00 ] NOTIC: [8] Undefined index: sdepart ProjectManageAction.class.php 第 8 行.
[ 2013-06-01T00:15:55+08:00 ] NOTIC: [8] Undefined index: sdate ProjectManageAction.class.php 第 9 行.
[ 2013-06-01T00:15:55+08:00 ] NOTIC: [8] Undefined index: sstate ProjectManageAction.class.php 第 10 行.
[ 2013-06-01T00:15:55+08:00 ] SQL: SHOW COLUMNS FROM `project_price` [ RunTime:0.008878s ]
[ 2013-06-01T00:15:55+08:00 ] SQL: SELECT COUNT(*) AS tp_count FROM `project_price` WHERE  code='13108617'  LIMIT 1  [ RunTime:0.001018s ]
[ 2013-06-01T00:15:55+08:00 ] SQL: SELECT * FROM `project_price` WHERE  code='13108617'  ORDER BY id desc LIMIT 0,20  [ RunTime:0.001410s ]
[ 2013-06-01T00:15:58+08:00 ] SQL: SHOW COLUMNS FROM `project_price` [ RunTime:0.008888s ]
[ 2013-06-01T00:15:58+08:00 ] SQL: DELETE FROM `project_price` WHERE ( `id` = '5' ) [ RunTime:0.056579s ]
[ 2013-06-01T00:15:58+08:00 ] SQL: SHOW COLUMNS FROM `project_price_detail` [ RunTime:0.007339s ]
[ 2013-06-01T00:15:58+08:00 ] SQL: DELETE FROM `project_price_detail` WHERE price =5 [ RunTime:0.038722s ]
[ 2013-06-01T00:15:59+08:00 ] NOTIC: [8] Undefined index: sdepart ProjectManageAction.class.php 第 8 行.
[ 2013-06-01T00:15:59+08:00 ] NOTIC: [8] Undefined index: sdate ProjectManageAction.class.php 第 9 行.
[ 2013-06-01T00:15:59+08:00 ] NOTIC: [8] Undefined index: sstate ProjectManageAction.class.php 第 10 行.
[ 2013-06-01T00:15:59+08:00 ] SQL: SHOW COLUMNS FROM `project_price` [ RunTime:0.009935s ]
[ 2013-06-01T00:15:59+08:00 ] SQL: SELECT COUNT(*) AS tp_count FROM `project_price` WHERE  code='13108617'  LIMIT 1  [ RunTime:0.000856s ]
[ 2013-06-01T00:15:59+08:00 ] SQL: SELECT * FROM `project_price` WHERE  code='13108617'  ORDER BY id desc LIMIT 0,20  [ RunTime:0.001375s ]
[ 2013-06-01T00:35:43+08:00 ] SQL: SHOW COLUMNS FROM `project_price` [ RunTime:0.008695s ]
[ 2013-06-01T00:35:43+08:00 ] SQL: SHOW COLUMNS FROM `project_price_detail` [ RunTime:0.006915s ]
[ 2013-06-01T00:35:43+08:00 ] SQL: SELECT * FROM `project_price` WHERE ( `id` = '4' ) LIMIT 1  [ RunTime:0.001392s ]
[ 2013-06-01T00:35:43+08:00 ] SQL: SELECT * FROM `project_price_detail` WHERE price=4 [ RunTime:0.000876s ]
[ 2013-06-01T00:35:43+08:00 ] SQL: SHOW COLUMNS FROM `depart` [ RunTime:0.007448s ]
[ 2013-06-01T00:35:43+08:00 ] SQL: SELECT * FROM `depart` WHERE  code='13108617'  [ RunTime:0.030883s ]
[ 2013-06-01T00:35:43+08:00 ] SQL: SHOW COLUMNS FROM `area` [ RunTime:0.027552s ]
[ 2013-06-01T00:35:43+08:00 ] SQL: SELECT * FROM `area` WHERE pid=0 [ RunTime:0.000974s ]
[ 2013-06-01T00:38:52+08:00 ] SQL: SHOW COLUMNS FROM `project_price` [ RunTime:0.010363s ]
[ 2013-06-01T00:38:52+08:00 ] SQL: SHOW COLUMNS FROM `project_price_detail` [ RunTime:0.007221s ]
[ 2013-06-01T00:38:52+08:00 ] SQL: SELECT * FROM `project_price` WHERE ( `id` = '4' ) LIMIT 1  [ RunTime:0.001223s ]
[ 2013-06-01T00:38:52+08:00 ] SQL: SELECT * FROM `project_price_detail` WHERE price=4 [ RunTime:0.000821s ]
[ 2013-06-01T00:38:52+08:00 ] SQL: SHOW COLUMNS FROM `depart` [ RunTime:0.007188s ]
[ 2013-06-01T00:38:52+08:00 ] SQL: SELECT * FROM `depart` WHERE  code='13108617'  [ RunTime:0.000852s ]
[ 2013-06-01T00:38:52+08:00 ] SQL: SHOW COLUMNS FROM `area` [ RunTime:0.007204s ]
[ 2013-06-01T00:38:52+08:00 ] SQL: SELECT * FROM `area` WHERE pid=0 [ RunTime:0.000951s ]
[ 2013-06-01T00:40:23+08:00 ] SQL: SHOW COLUMNS FROM `project_price` [ RunTime:0.009778s ]
[ 2013-06-01T00:40:23+08:00 ] SQL: SHOW COLUMNS FROM `project_price_detail` [ RunTime:0.008884s ]
[ 2013-06-01T00:40:23+08:00 ] SQL: SELECT * FROM `project_price` WHERE ( `id` = '4' ) LIMIT 1  [ RunTime:0.001746s ]
[ 2013-06-01T00:40:23+08:00 ] SQL: SELECT * FROM `project_price_detail` WHERE price=4 [ RunTime:0.000849s ]
[ 2013-06-01T00:40:23+08:00 ] SQL: SHOW COLUMNS FROM `depart` [ RunTime:0.007841s ]
[ 2013-06-01T00:40:23+08:00 ] SQL: SELECT * FROM `depart` WHERE  code='13108617'  [ RunTime:0.001269s ]
[ 2013-06-01T00:40:23+08:00 ] SQL: SHOW COLUMNS FROM `area` [ RunTime:0.006839s ]
[ 2013-06-01T00:40:23+08:00 ] SQL: SELECT * FROM `area` WHERE pid=0 [ RunTime:0.001716s ]
[ 2013-06-01T00:42:02+08:00 ] SQL: SHOW COLUMNS FROM `project_price` [ RunTime:0.009680s ]
[ 2013-06-01T00:42:02+08:00 ] SQL: SHOW COLUMNS FROM `project_price_detail` [ RunTime:0.009136s ]
[ 2013-06-01T00:42:02+08:00 ] SQL: SELECT * FROM `project_price` WHERE ( `id` = '4' ) LIMIT 1  [ RunTime:0.001255s ]
[ 2013-06-01T00:42:02+08:00 ] SQL: SELECT * FROM `project_price_detail` WHERE price=4 [ RunTime:0.001018s ]
[ 2013-06-01T00:42:02+08:00 ] SQL: SHOW COLUMNS FROM `depart` [ RunTime:0.006896s ]
[ 2013-06-01T00:42:02+08:00 ] SQL: SELECT * FROM `depart` WHERE  code='13108617'  [ RunTime:0.000837s ]
[ 2013-06-01T00:42:02+08:00 ] SQL: SHOW COLUMNS FROM `area` [ RunTime:0.008075s ]
[ 2013-06-01T00:42:02+08:00 ] SQL: SELECT * FROM `area` WHERE pid=0 [ RunTime:0.001620s ]
[ 2013-06-01T00:44:11+08:00 ] SQL: SHOW COLUMNS FROM `project_price` [ RunTime:0.011290s ]
[ 2013-06-01T00:44:11+08:00 ] SQL: SHOW COLUMNS FROM `project_price_detail` [ RunTime:0.008720s ]
[ 2013-06-01T00:44:11+08:00 ] SQL: SELECT * FROM `project_price` WHERE ( `id` = '4' ) LIMIT 1  [ RunTime:0.001585s ]
[ 2013-06-01T00:44:11+08:00 ] SQL: SELECT * FROM `project_price_detail` WHERE price=4 [ RunTime:0.001237s ]
[ 2013-06-01T00:44:11+08:00 ] SQL: SHOW COLUMNS FROM `depart` [ RunTime:0.008529s ]
[ 2013-06-01T00:44:11+08:00 ] SQL: SELECT * FROM `depart` WHERE  code='13108617'  [ RunTime:0.020653s ]
[ 2013-06-01T00:44:11+08:00 ] SQL: SHOW COLUMNS FROM `area` [ RunTime:0.008001s ]
[ 2013-06-01T00:44:11+08:00 ] SQL: SELECT * FROM `area` WHERE pid=0 [ RunTime:0.001045s ]
[ 2013-06-01T00:44:13+08:00 ] SQL: SHOW COLUMNS FROM `area` [ RunTime:0.007975s ]
[ 2013-06-01T00:44:13+08:00 ] SQL: SELECT * FROM `area` WHERE pid=1 [ RunTime:0.001384s ]
[ 2013-06-01T00:44:13+08:00 ] SQL: SHOW COLUMNS FROM `area` [ RunTime:0.007745s ]
[ 2013-06-01T00:44:13+08:00 ] SQL: SELECT * FROM `area` WHERE pid=16 [ RunTime:0.001490s ]
[ 2013-06-01T00:44:14+08:00 ] SQL: SHOW COLUMNS FROM `team` [ RunTime:0.010585s ]
[ 2013-06-01T00:44:14+08:00 ] SQL: SELECT * FROM `team` WHERE depart=22 [ RunTime:0.001025s ]
[ 2013-06-01T00:44:49+08:00 ] SQL: SHOW COLUMNS FROM `project_price` [ RunTime:0.010145s ]
[ 2013-06-01T00:44:50+08:00 ] SQL: SHOW COLUMNS FROM `project_price_detail` [ RunTime:0.007476s ]
[ 2013-06-01T00:44:50+08:00 ] SQL: SELECT * FROM `project_price` WHERE ( `id` = '4' ) LIMIT 1  [ RunTime:0.001279s ]
[ 2013-06-01T00:44:50+08:00 ] SQL: SELECT * FROM `project_price_detail` WHERE price=4 [ RunTime:0.000888s ]
[ 2013-06-01T00:44:50+08:00 ] SQL: SHOW COLUMNS FROM `depart` [ RunTime:0.007405s ]
[ 2013-06-01T00:44:50+08:00 ] SQL: SELECT * FROM `depart` WHERE  code='13108617'  [ RunTime:0.000927s ]
[ 2013-06-01T00:44:50+08:00 ] SQL: SHOW COLUMNS FROM `area` [ RunTime:0.006891s ]
[ 2013-06-01T00:44:50+08:00 ] SQL: SELECT * FROM `area` WHERE pid=0 [ RunTime:0.002613s ]
[ 2013-06-01T00:44:51+08:00 ] SQL: SHOW COLUMNS FROM `team` [ RunTime:0.008330s ]
[ 2013-06-01T00:44:51+08:00 ] SQL: SELECT * FROM `team` WHERE depart=22 [ RunTime:0.000860s ]
[ 2013-06-01T00:44:52+08:00 ] SQL: SHOW COLUMNS FROM `area` [ RunTime:0.007220s ]
[ 2013-06-01T00:44:52+08:00 ] SQL: SELECT * FROM `area` WHERE pid=1 [ RunTime:0.000958s ]
[ 2013-06-01T00:44:52+08:00 ] SQL: SHOW COLUMNS FROM `area` [ RunTime:0.006732s ]
[ 2013-06-01T00:44:52+08:00 ] SQL: SELECT * FROM `area` WHERE pid=16 [ RunTime:0.001589s ]
[ 2013-06-01T00:44:52+08:00 ] SQL: SHOW COLUMNS FROM `user` [ RunTime:0.028255s ]
[ 2013-06-01T00:44:52+08:00 ] SQL: SELECT * FROM `user` WHERE team=28 [ RunTime:0.002436s ]
[ 2013-06-01T00:45:42+08:00 ] SQL: SHOW COLUMNS FROM `project_price` [ RunTime:0.043541s ]
[ 2013-06-01T00:45:42+08:00 ] SQL: SHOW COLUMNS FROM `project_price_detail` [ RunTime:0.007799s ]
[ 2013-06-01T00:45:42+08:00 ] SQL: SELECT * FROM `project_price` WHERE ( `id` = '4' ) LIMIT 1  [ RunTime:0.001284s ]
[ 2013-06-01T00:45:42+08:00 ] SQL: SELECT * FROM `project_price_detail` WHERE price=4 [ RunTime:0.000912s ]
[ 2013-06-01T00:45:42+08:00 ] SQL: SHOW COLUMNS FROM `depart` [ RunTime:0.007866s ]
[ 2013-06-01T00:45:42+08:00 ] SQL: SELECT * FROM `depart` WHERE  code='13108617'  [ RunTime:0.000850s ]
[ 2013-06-01T00:45:42+08:00 ] SQL: SHOW COLUMNS FROM `area` [ RunTime:0.006993s ]
[ 2013-06-01T00:45:42+08:00 ] SQL: SELECT * FROM `area` WHERE pid=0 [ RunTime:0.001069s ]
[ 2013-06-01T00:45:44+08:00 ] SQL: SHOW COLUMNS FROM `area` [ RunTime:0.009321s ]
[ 2013-06-01T00:45:44+08:00 ] SQL: SELECT * FROM `area` WHERE pid=16 [ RunTime:0.001226s ]
[ 2013-06-01T00:45:44+08:00 ] SQL: SHOW COLUMNS FROM `area` [ RunTime:0.007056s ]
[ 2013-06-01T00:45:44+08:00 ] SQL: SELECT * FROM `area` WHERE pid=1 [ RunTime:0.000893s ]
[ 2013-06-01T00:45:44+08:00 ] SQL: SHOW COLUMNS FROM `team` [ RunTime:0.006866s ]
[ 2013-06-01T00:45:44+08:00 ] SQL: SELECT * FROM `team` WHERE depart=22 [ RunTime:0.001596s ]
[ 2013-06-01T00:45:44+08:00 ] SQL: SHOW COLUMNS FROM `user` [ RunTime:0.008419s ]
[ 2013-06-01T00:45:44+08:00 ] SQL: SELECT * FROM `user` WHERE team=28 [ RunTime:0.002307s ]
[ 2013-06-01T00:47:26+08:00 ] SQL: SHOW COLUMNS FROM `project_price` [ RunTime:0.014889s ]
[ 2013-06-01T00:47:26+08:00 ] SQL: SHOW COLUMNS FROM `project_price_detail` [ RunTime:0.009404s ]
[ 2013-06-01T00:47:26+08:00 ] SQL: SELECT * FROM `project_price` WHERE ( `id` = '4' ) LIMIT 1  [ RunTime:0.053401s ]
[ 2013-06-01T00:47:26+08:00 ] SQL: SELECT * FROM `project_price_detail` WHERE price=4 [ RunTime:0.001308s ]
[ 2013-06-01T00:47:26+08:00 ] SQL: SHOW COLUMNS FROM `depart` [ RunTime:0.009138s ]
[ 2013-06-01T00:47:26+08:00 ] SQL: SELECT * FROM `depart` WHERE  code='13108617'  [ RunTime:0.001105s ]
[ 2013-06-01T00:47:26+08:00 ] SQL: SHOW COLUMNS FROM `area` [ RunTime:0.008539s ]
[ 2013-06-01T00:47:26+08:00 ] SQL: SELECT * FROM `area` WHERE pid=0 [ RunTime:0.001430s ]
[ 2013-06-01T00:47:28+08:00 ] SQL: SHOW COLUMNS FROM `area` [ RunTime:0.009101s ]
[ 2013-06-01T00:47:28+08:00 ] SQL: SELECT * FROM `area` WHERE pid=16 [ RunTime:0.003774s ]
[ 2013-06-01T00:47:28+08:00 ] SQL: SHOW COLUMNS FROM `team` [ RunTime:0.006938s ]
[ 2013-06-01T00:47:28+08:00 ] SQL: SELECT * FROM `team` WHERE depart=22 [ RunTime:0.000956s ]
[ 2013-06-01T00:47:28+08:00 ] SQL: SHOW COLUMNS FROM `area` [ RunTime:0.008233s ]
[ 2013-06-01T00:47:28+08:00 ] SQL: SELECT * FROM `area` WHERE pid=1 [ RunTime:0.001608s ]
[ 2013-06-01T00:47:28+08:00 ] SQL: SHOW COLUMNS FROM `user` [ RunTime:0.008385s ]
[ 2013-06-01T00:47:28+08:00 ] SQL: SELECT * FROM `user` WHERE team=28 [ RunTime:0.002304s ]
[ 2013-06-01T00:47:38+08:00 ] SQL: select * from stock_product where productname like '%%' [ RunTime:0.000970s ]
[ 2013-06-01T00:48:03+08:00 ] SQL: SHOW COLUMNS FROM `project_price` [ RunTime:0.009450s ]
[ 2013-06-01T00:48:03+08:00 ] SQL: SHOW COLUMNS FROM `project_price_detail` [ RunTime:0.007644s ]
[ 2013-06-01T00:48:03+08:00 ] SQL: SELECT * FROM `project_price` WHERE ( `id` = '4' ) LIMIT 1  [ RunTime:0.001251s ]
[ 2013-06-01T00:48:03+08:00 ] SQL: SELECT * FROM `project_price_detail` WHERE price=4 [ RunTime:0.000844s ]
[ 2013-06-01T00:48:03+08:00 ] SQL: SHOW COLUMNS FROM `depart` [ RunTime:0.006817s ]
[ 2013-06-01T00:48:03+08:00 ] SQL: SELECT * FROM `depart` WHERE  code='13108617'  [ RunTime:0.000866s ]
[ 2013-06-01T00:48:03+08:00 ] SQL: SHOW COLUMNS FROM `area` [ RunTime:0.006906s ]
[ 2013-06-01T00:48:03+08:00 ] SQL: SELECT * FROM `area` WHERE pid=0 [ RunTime:0.000990s ]
[ 2013-06-01T00:48:04+08:00 ] SQL: SHOW COLUMNS FROM `area` [ RunTime:0.007272s ]
[ 2013-06-01T00:48:04+08:00 ] SQL: SELECT * FROM `area` WHERE pid=1 [ RunTime:0.000924s ]
[ 2013-06-01T00:48:05+08:00 ] SQL: SHOW COLUMNS FROM `team` [ RunTime:0.006928s ]
[ 2013-06-01T00:48:05+08:00 ] SQL: SELECT * FROM `team` WHERE depart=22 [ RunTime:0.000865s ]
[ 2013-06-01T00:48:05+08:00 ] SQL: SHOW COLUMNS FROM `area` [ RunTime:0.007901s ]
[ 2013-06-01T00:48:05+08:00 ] SQL: SELECT * FROM `area` WHERE pid=16 [ RunTime:0.001034s ]
[ 2013-06-01T00:48:05+08:00 ] SQL: SHOW COLUMNS FROM `user` [ RunTime:0.008629s ]
[ 2013-06-01T00:48:05+08:00 ] SQL: SELECT * FROM `user` WHERE team=28 [ RunTime:0.002353s ]
[ 2013-06-01T00:48:10+08:00 ] SQL: select * from stock_product where productname like '%%' [ RunTime:0.000888s ]
[ 2013-06-01T00:48:23+08:00 ] SQL: SHOW COLUMNS FROM `project_price` [ RunTime:0.009790s ]
[ 2013-06-01T00:48:23+08:00 ] SQL: UPDATE `project_price` SET `pricecode`='11',`pricedate`='2013-05-31',`pricesubitem`='cc',`BUunit`='請選擇',`BUunitName`='4',`tabulator`='管理员',`undertakerdept`='22',`undertakerteam`='28',`undertaker`='33',`casename`='11',`projectname`='11',`clientname`='11',`linker`='11',`clientprovince`='1',`clientcity`='24',`clientaddress`='22',`clientcode`='11',`clientphone`='22',`clientfax`='22',`projectprovince`='16',`projectcity`='317',`projectaddress`='33',`estimateconstructionmethods`='招商委外',`estimatedelegatemethods`='選擇性招標',`estimatesalarycost`='cc',`estimatemeterialcost`='22',`estimatefbcost`='cc',`estimateothercost`='22',`estimatetotalcost`='44',`strikeprice`='444',`estimategrossprofit`='400',`estimategrossprofitrate`='9.09090909',`factconstructionmethods`='自行施工',`factdelegatemethods`='限制性招標',`factdelegatecompany`='1',`factsalarycost`='1',`factmeterialcost`='1',`factothercost`='2',`facttotalcost`='4',`factstrikeprice`='22',`factgrossprofit`='3',`factgrossprofitrate`='2',`projectremark`='33',`total`='1470',`taxprice`='73.5',`totalprice`='1543.5',`priceremark`='asfasdfasfas',`state`='未送簽',`code`='13108617' WHERE ( `id` = '4' ) [ RunTime:0.028028s ]
[ 2013-06-01T00:48:23+08:00 ] SQL: SHOW COLUMNS FROM `project_price_detail` [ RunTime:0.007193s ]
[ 2013-06-01T00:48:23+08:00 ] SQL: DELETE FROM `project_price_detail` WHERE price =4 [ RunTime:0.009634s ]
[ 2013-06-01T00:48:23+08:00 ] SQL: INSERT INTO `project_price_detail` (`price`,`productname`,`productquantity`,`productunit`,`productprice`,`productfj`,`remark`) VALUES ('4','test','2','个','11','22','2') [ RunTime:0.007579s ]
[ 2013-06-01T00:48:23+08:00 ] NOTIC: [8] Undefined index: sdepart ProjectManageAction.class.php 第 8 行.
[ 2013-06-01T00:48:23+08:00 ] NOTIC: [8] Undefined index: sdate ProjectManageAction.class.php 第 9 行.
[ 2013-06-01T00:48:23+08:00 ] NOTIC: [8] Undefined index: sstate ProjectManageAction.class.php 第 10 行.
[ 2013-06-01T00:48:23+08:00 ] SQL: SHOW COLUMNS FROM `project_price` [ RunTime:0.009343s ]
[ 2013-06-01T00:48:23+08:00 ] SQL: SELECT COUNT(*) AS tp_count FROM `project_price` WHERE  code='13108617'  LIMIT 1  [ RunTime:0.000870s ]
[ 2013-06-01T00:48:23+08:00 ] SQL: SELECT * FROM `project_price` WHERE  code='13108617'  ORDER BY id desc LIMIT 0,20  [ RunTime:0.001301s ]
[ 2013-06-01T00:48:27+08:00 ] SQL: SHOW COLUMNS FROM `project_price` [ RunTime:0.010368s ]
[ 2013-06-01T00:48:27+08:00 ] SQL: SHOW COLUMNS FROM `project_price_detail` [ RunTime:0.007516s ]
[ 2013-06-01T00:48:27+08:00 ] SQL: SELECT * FROM `project_price` WHERE ( `id` = '4' ) LIMIT 1  [ RunTime:0.001862s ]
[ 2013-06-01T00:48:27+08:00 ] SQL: SELECT * FROM `project_price_detail` WHERE price=4 [ RunTime:0.001153s ]
[ 2013-06-01T00:48:27+08:00 ] SQL: SHOW COLUMNS FROM `depart` [ RunTime:0.009937s ]
[ 2013-06-01T00:48:27+08:00 ] SQL: SELECT * FROM `depart` WHERE  code='13108617'  [ RunTime:0.001417s ]
[ 2013-06-01T00:48:27+08:00 ] SQL: SHOW COLUMNS FROM `area` [ RunTime:0.009981s ]
[ 2013-06-01T00:48:27+08:00 ] SQL: SELECT * FROM `area` WHERE pid=0 [ RunTime:0.001096s ]
[ 2013-06-01T00:48:29+08:00 ] SQL: SHOW COLUMNS FROM `area` [ RunTime:0.009313s ]
[ 2013-06-01T00:48:29+08:00 ] SQL: SELECT * FROM `area` WHERE pid=1 [ RunTime:0.001191s ]
[ 2013-06-01T00:48:29+08:00 ] SQL: SHOW COLUMNS FROM `area` [ RunTime:0.007460s ]
[ 2013-06-01T00:48:29+08:00 ] SQL: SELECT * FROM `area` WHERE pid=16 [ RunTime:0.002073s ]
[ 2013-06-01T00:48:29+08:00 ] SQL: SHOW COLUMNS FROM `team` [ RunTime:0.007177s ]
[ 2013-06-01T00:48:29+08:00 ] SQL: SELECT * FROM `team` WHERE depart=22 [ RunTime:0.000992s ]
[ 2013-06-01T00:48:29+08:00 ] SQL: SHOW COLUMNS FROM `user` [ RunTime:0.009053s ]
[ 2013-06-01T00:48:29+08:00 ] SQL: SELECT * FROM `user` WHERE team=28 [ RunTime:0.002638s ]
[ 2013-06-01T00:50:31+08:00 ] SQL: SHOW COLUMNS FROM `project_price` [ RunTime:0.012304s ]
[ 2013-06-01T00:50:31+08:00 ] SQL: SHOW COLUMNS FROM `project_price_detail` [ RunTime:0.008237s ]
[ 2013-06-01T00:50:31+08:00 ] SQL: SELECT * FROM `project_price` WHERE ( `id` = '4' ) LIMIT 1  [ RunTime:0.001239s ]
[ 2013-06-01T00:50:31+08:00 ] SQL: SELECT * FROM `project_price_detail` WHERE price=4 [ RunTime:0.000852s ]
[ 2013-06-01T00:50:31+08:00 ] SQL: SHOW COLUMNS FROM `depart` [ RunTime:0.008943s ]
[ 2013-06-01T00:50:31+08:00 ] SQL: SELECT * FROM `depart` WHERE  code='13108617'  [ RunTime:0.001000s ]
[ 2013-06-01T00:50:31+08:00 ] SQL: SHOW COLUMNS FROM `area` [ RunTime:0.008367s ]
[ 2013-06-01T00:50:31+08:00 ] SQL: SELECT * FROM `area` WHERE pid=0 [ RunTime:0.000996s ]
[ 2013-06-01T00:50:32+08:00 ] SQL: SHOW COLUMNS FROM `team` [ RunTime:0.011495s ]
[ 2013-06-01T00:50:32+08:00 ] SQL: SELECT * FROM `team` WHERE depart=22 [ RunTime:0.001450s ]
[ 2013-06-01T00:50:33+08:00 ] SQL: SHOW COLUMNS FROM `area` [ RunTime:0.007162s ]
[ 2013-06-01T00:50:33+08:00 ] SQL: SELECT * FROM `area` WHERE pid=1 [ RunTime:0.001531s ]
[ 2013-06-01T00:50:33+08:00 ] SQL: SHOW COLUMNS FROM `area` [ RunTime:0.009131s ]
[ 2013-06-01T00:50:33+08:00 ] SQL: SELECT * FROM `area` WHERE pid=16 [ RunTime:0.001058s ]
[ 2013-06-01T00:50:33+08:00 ] SQL: SHOW COLUMNS FROM `user` [ RunTime:0.008611s ]
[ 2013-06-01T00:50:33+08:00 ] SQL: SELECT * FROM `user` WHERE team=28 [ RunTime:0.002727s ]
[ 2013-06-01T00:50:41+08:00 ] SQL: select * from stock_product where productname like '%%' [ RunTime:0.001466s ]
[ 2013-06-01T00:50:49+08:00 ] SQL: SHOW COLUMNS FROM `project_price` [ RunTime:0.009087s ]
[ 2013-06-01T00:50:49+08:00 ] SQL: UPDATE `project_price` SET `pricecode`='11',`pricedate`='2013-05-31',`pricesubitem`='cc',`BUunit`='請選擇',`BUunitName`='4',`tabulator`='管理员',`undertakerdept`='22',`undertakerteam`='28',`undertaker`='33',`casename`='11',`projectname`='11',`clientname`='11',`linker`='11',`clientprovince`='1',`clientcity`='24',`clientaddress`='22',`clientcode`='11',`clientphone`='22',`clientfax`='22',`projectprovince`='16',`projectcity`='317',`projectaddress`='33',`estimateconstructionmethods`='招商委外',`estimatedelegatemethods`='選擇性招標',`estimatesalarycost`='cc',`estimatemeterialcost`='22',`estimatefbcost`='cc',`estimateothercost`='22',`estimatetotalcost`='44',`strikeprice`='444',`estimategrossprofit`='400',`estimategrossprofitrate`='9.09090909',`factconstructionmethods`='自行施工',`factdelegatemethods`='限制性招標',`factdelegatecompany`='1',`factsalarycost`='1',`factmeterialcost`='1',`factothercost`='2',`facttotalcost`='4',`factstrikeprice`='22',`factgrossprofit`='3',`factgrossprofitrate`='2',`projectremark`='33',`total`='682',`taxprice`='34.1',`totalprice`='716.1',`priceremark`='asfasdfasfas',`state`='未送簽',`code`='13108617' WHERE ( `id` = '4' ) [ RunTime:0.001095s ]
[ 2013-06-01T00:50:49+08:00 ] SQL: SHOW COLUMNS FROM `project_price_detail` [ RunTime:0.007701s ]
[ 2013-06-01T00:50:49+08:00 ] SQL: DELETE FROM `project_price_detail` WHERE price =4 [ RunTime:0.000788s ]
[ 2013-06-01T00:50:49+08:00 ] SQL: INSERT INTO `project_price_detail` (`price`,`productname`,`productquantity`,`productunit`,`productprice`,`productfj`,`remark`) VALUES ('4','test','2','个','11','22','2') [ RunTime:0.101815s ]
[ 2013-06-01T00:50:49+08:00 ] SQL: INSERT INTO `project_price_detail` (`price`,`productname`,`productquantity`,`productunit`,`productprice`,`productfj`,`remark`) VALUES ('4','燈管 2700K','2','个','165','330','2') [ RunTime:0.000790s ]
[ 2013-06-01T00:50:49+08:00 ] NOTIC: [8] Undefined index: sdepart ProjectManageAction.class.php 第 8 行.
[ 2013-06-01T00:50:49+08:00 ] NOTIC: [8] Undefined index: sdate ProjectManageAction.class.php 第 9 行.
[ 2013-06-01T00:50:49+08:00 ] NOTIC: [8] Undefined index: sstate ProjectManageAction.class.php 第 10 行.
[ 2013-06-01T00:50:49+08:00 ] SQL: SHOW COLUMNS FROM `project_price` [ RunTime:0.009697s ]
[ 2013-06-01T00:50:49+08:00 ] SQL: SELECT COUNT(*) AS tp_count FROM `project_price` WHERE  code='13108617'  LIMIT 1  [ RunTime:0.000888s ]
[ 2013-06-01T00:50:49+08:00 ] SQL: SELECT * FROM `project_price` WHERE  code='13108617'  ORDER BY id desc LIMIT 0,20  [ RunTime:0.001260s ]
[ 2013-06-01T00:50:52+08:00 ] SQL: SHOW COLUMNS FROM `project_price` [ RunTime:0.010881s ]
[ 2013-06-01T00:50:52+08:00 ] SQL: SHOW COLUMNS FROM `project_price_detail` [ RunTime:0.007526s ]
[ 2013-06-01T00:50:52+08:00 ] SQL: SELECT * FROM `project_price` WHERE ( `id` = '4' ) LIMIT 1  [ RunTime:0.001504s ]
[ 2013-06-01T00:50:52+08:00 ] SQL: SELECT * FROM `project_price_detail` WHERE price=4 [ RunTime:0.001132s ]
[ 2013-06-01T00:50:52+08:00 ] SQL: SHOW COLUMNS FROM `depart` [ RunTime:0.010715s ]
[ 2013-06-01T00:50:52+08:00 ] SQL: SELECT * FROM `depart` WHERE  code='13108617'  [ RunTime:0.000901s ]
[ 2013-06-01T00:50:52+08:00 ] SQL: SHOW COLUMNS FROM `area` [ RunTime:0.006806s ]
[ 2013-06-01T00:50:52+08:00 ] SQL: SELECT * FROM `area` WHERE pid=0 [ RunTime:0.001123s ]
[ 2013-06-01T00:50:53+08:00 ] SQL: SHOW COLUMNS FROM `team` [ RunTime:0.007019s ]
[ 2013-06-01T00:50:53+08:00 ] SQL: SELECT * FROM `team` WHERE depart=22 [ RunTime:0.000885s ]
[ 2013-06-01T00:50:53+08:00 ] SQL: SHOW COLUMNS FROM `area` [ RunTime:0.007954s ]
[ 2013-06-01T00:50:53+08:00 ] SQL: SELECT * FROM `area` WHERE pid=1 [ RunTime:0.001175s ]
[ 2013-06-01T00:50:54+08:00 ] SQL: SHOW COLUMNS FROM `area` [ RunTime:0.006972s ]
[ 2013-06-01T00:50:54+08:00 ] SQL: SELECT * FROM `area` WHERE pid=16 [ RunTime:0.001396s ]
[ 2013-06-01T00:50:54+08:00 ] SQL: SHOW COLUMNS FROM `user` [ RunTime:0.009949s ]
[ 2013-06-01T00:50:54+08:00 ] SQL: SELECT * FROM `user` WHERE team=28 [ RunTime:0.002546s ]
[ 2013-06-01T00:51:12+08:00 ] SQL: SHOW COLUMNS FROM `project_price` [ RunTime:0.008878s ]
[ 2013-06-01T00:51:12+08:00 ] SQL: UPDATE `project_price` SET `state`='已送簽' WHERE ( `id` = '4' ) [ RunTime:0.080592s ]
[ 2013-06-01T00:51:13+08:00 ] NOTIC: [8] Undefined index: sdepart ProjectManageAction.class.php 第 8 行.
[ 2013-06-01T00:51:13+08:00 ] NOTIC: [8] Undefined index: sdate ProjectManageAction.class.php 第 9 行.
[ 2013-06-01T00:51:13+08:00 ] NOTIC: [8] Undefined index: sstate ProjectManageAction.class.php 第 10 行.
[ 2013-06-01T00:51:13+08:00 ] SQL: SHOW COLUMNS FROM `project_price` [ RunTime:0.009416s ]
[ 2013-06-01T00:51:13+08:00 ] SQL: SELECT COUNT(*) AS tp_count FROM `project_price` WHERE  code='13108617'  LIMIT 1  [ RunTime:0.000863s ]
[ 2013-06-01T00:51:13+08:00 ] SQL: SELECT * FROM `project_price` WHERE  code='13108617'  ORDER BY id desc LIMIT 0,20  [ RunTime:0.001274s ]
[ 2013-06-01T00:51:16+08:00 ] SQL: SHOW COLUMNS FROM `project_price` [ RunTime:0.009763s ]
[ 2013-06-01T00:51:16+08:00 ] SQL: UPDATE `project_price` SET `state`='簽核' WHERE ( `id` = '4' ) [ RunTime:0.087949s ]
[ 2013-06-01T00:51:16+08:00 ] NOTIC: [8] Undefined index: sdepart ProjectManageAction.class.php 第 8 行.
[ 2013-06-01T00:51:16+08:00 ] NOTIC: [8] Undefined index: sdate ProjectManageAction.class.php 第 9 行.
[ 2013-06-01T00:51:16+08:00 ] NOTIC: [8] Undefined index: sstate ProjectManageAction.class.php 第 10 行.
[ 2013-06-01T00:51:16+08:00 ] SQL: SHOW COLUMNS FROM `project_price` [ RunTime:0.008860s ]
[ 2013-06-01T00:51:16+08:00 ] SQL: SELECT COUNT(*) AS tp_count FROM `project_price` WHERE  code='13108617'  LIMIT 1  [ RunTime:0.000870s ]
[ 2013-06-01T00:51:16+08:00 ] SQL: SELECT * FROM `project_price` WHERE  code='13108617'  ORDER BY id desc LIMIT 0,20  [ RunTime:0.001361s ]
[ 2013-06-01T00:54:47+08:00 ] NOTIC: [8] Undefined index: sdepart ProjectManageAction.class.php 第 8 行.
[ 2013-06-01T00:54:47+08:00 ] NOTIC: [8] Undefined index: sdate ProjectManageAction.class.php 第 9 行.
[ 2013-06-01T00:54:47+08:00 ] NOTIC: [8] Undefined index: sstate ProjectManageAction.class.php 第 10 行.
[ 2013-06-01T00:54:47+08:00 ] SQL: SHOW COLUMNS FROM `project_price` [ RunTime:0.010136s ]
[ 2013-06-01T00:54:47+08:00 ] SQL: SELECT COUNT(*) AS tp_count FROM `project_price` WHERE  code='13108617'  LIMIT 1  [ RunTime:0.000881s ]
[ 2013-06-01T00:54:47+08:00 ] SQL: SELECT * FROM `project_price` WHERE  code='13108617'  ORDER BY id desc LIMIT 0,20  [ RunTime:0.001353s ]
[ 2013-06-01T00:54:50+08:00 ] SQL: SHOW COLUMNS FROM `project_price` [ RunTime:0.009361s ]
[ 2013-06-01T00:54:50+08:00 ] SQL: SHOW COLUMNS FROM `project_price_detail` [ RunTime:0.007244s ]
[ 2013-06-01T00:54:50+08:00 ] SQL: SELECT * FROM `project_price` WHERE ( `id` = '4' ) LIMIT 1  [ RunTime:0.001457s ]
[ 2013-06-01T00:54:50+08:00 ] SQL: SELECT * FROM `project_price_detail` WHERE price=4 [ RunTime:0.000852s ]
[ 2013-06-01T00:54:50+08:00 ] SQL: SHOW COLUMNS FROM `depart` [ RunTime:0.006737s ]
[ 2013-06-01T00:54:50+08:00 ] SQL: SELECT * FROM `depart` WHERE  code='13108617'  [ RunTime:0.000888s ]
[ 2013-06-01T00:54:50+08:00 ] SQL: SHOW COLUMNS FROM `area` [ RunTime:0.006803s ]
[ 2013-06-01T00:54:50+08:00 ] SQL: SELECT * FROM `area` WHERE pid=0 [ RunTime:0.000948s ]
[ 2013-06-01T00:55:27+08:00 ] SQL: SHOW COLUMNS FROM `project_price` [ RunTime:0.010377s ]
[ 2013-06-01T00:55:27+08:00 ] SQL: SHOW COLUMNS FROM `project_price_detail` [ RunTime:0.007795s ]
[ 2013-06-01T00:55:27+08:00 ] SQL: SELECT * FROM `project_price` WHERE ( `id` = '4' ) LIMIT 1  [ RunTime:0.001251s ]
[ 2013-06-01T00:55:28+08:00 ] SQL: SELECT * FROM `project_price_detail` WHERE price=4 [ RunTime:0.000854s ]
[ 2013-06-01T00:55:28+08:00 ] SQL: SHOW COLUMNS FROM `depart` [ RunTime:0.007638s ]
[ 2013-06-01T00:55:28+08:00 ] SQL: SELECT * FROM `depart` WHERE  code='13108617'  [ RunTime:0.000860s ]
[ 2013-06-01T00:55:28+08:00 ] SQL: SHOW COLUMNS FROM `area` [ RunTime:0.007634s ]
[ 2013-06-01T00:55:28+08:00 ] SQL: SELECT * FROM `area` WHERE pid=0 [ RunTime:0.001530s ]
[ 2013-06-01T01:03:11+08:00 ] SQL: SHOW COLUMNS FROM `project_price` [ RunTime:0.009344s ]
[ 2013-06-01T01:03:11+08:00 ] SQL: SHOW COLUMNS FROM `project_price_detail` [ RunTime:0.007122s ]
[ 2013-06-01T01:03:11+08:00 ] SQL: SELECT * FROM `project_price` WHERE ( `id` = '4' ) LIMIT 1  [ RunTime:0.001268s ]
[ 2013-06-01T01:03:11+08:00 ] SQL: SELECT * FROM `project_price_detail` WHERE price=4 [ RunTime:0.000940s ]
[ 2013-06-01T01:03:11+08:00 ] SQL: SHOW COLUMNS FROM `depart` [ RunTime:0.007819s ]
[ 2013-06-01T01:03:11+08:00 ] SQL: SELECT * FROM `depart` WHERE  code='13108617'  [ RunTime:0.000873s ]
[ 2013-06-01T01:03:11+08:00 ] SQL: SHOW COLUMNS FROM `area` [ RunTime:0.007953s ]
[ 2013-06-01T01:03:11+08:00 ] SQL: SELECT * FROM `area` WHERE pid=0 [ RunTime:0.000978s ]
[ 2013-06-01T01:03:11+08:00 ] NOTIC: [8] Undefined index: phone f5696597d676003f9f16984984a4afc1.php 第 215 行.
[ 2013-06-01T01:03:11+08:00 ] NOTIC: [8] Undefined index: email f5696597d676003f9f16984984a4afc1.php 第 216 行.
[ 2013-06-01T01:04:51+08:00 ] SQL: SHOW COLUMNS FROM `project_price` [ RunTime:0.008963s ]
[ 2013-06-01T01:04:51+08:00 ] SQL: SHOW COLUMNS FROM `project_price_detail` [ RunTime:0.007147s ]
[ 2013-06-01T01:04:51+08:00 ] SQL: SELECT * FROM `project_price` WHERE ( `id` = '4' ) LIMIT 1  [ RunTime:0.001254s ]
[ 2013-06-01T01:04:51+08:00 ] SQL: SELECT * FROM `project_price_detail` WHERE price=4 [ RunTime:0.001018s ]
[ 2013-06-01T01:04:51+08:00 ] SQL: SHOW COLUMNS FROM `depart` [ RunTime:0.007150s ]
[ 2013-06-01T01:04:51+08:00 ] SQL: SELECT * FROM `depart` WHERE  code='13108617'  [ RunTime:0.001012s ]
[ 2013-06-01T01:04:51+08:00 ] SQL: SHOW COLUMNS FROM `area` [ RunTime:0.006957s ]
[ 2013-06-01T01:04:51+08:00 ] SQL: SELECT * FROM `area` WHERE pid=0 [ RunTime:0.001203s ]
[ 2013-06-01T01:04:51+08:00 ] NOTIC: [8] Undefined index: phone f5696597d676003f9f16984984a4afc1.php 第 216 行.
[ 2013-06-01T01:04:51+08:00 ] NOTIC: [8] Undefined index: email f5696597d676003f9f16984984a4afc1.php 第 217 行.
[ 2013-06-01T01:05:04+08:00 ] SQL: SHOW COLUMNS FROM `project_price` [ RunTime:0.010026s ]
[ 2013-06-01T01:05:04+08:00 ] SQL: SHOW COLUMNS FROM `project_price_detail` [ RunTime:0.007967s ]
[ 2013-06-01T01:05:04+08:00 ] SQL: SELECT * FROM `project_price` WHERE ( `id` = '4' ) LIMIT 1  [ RunTime:0.001242s ]
[ 2013-06-01T01:05:04+08:00 ] SQL: SELECT * FROM `project_price_detail` WHERE price=4 [ RunTime:0.000915s ]
[ 2013-06-01T01:05:04+08:00 ] SQL: SHOW COLUMNS FROM `depart` [ RunTime:0.007077s ]
[ 2013-06-01T01:05:04+08:00 ] SQL: SELECT * FROM `depart` WHERE  code='13108617'  [ RunTime:0.000853s ]
[ 2013-06-01T01:05:04+08:00 ] SQL: SHOW COLUMNS FROM `area` [ RunTime:0.007590s ]
[ 2013-06-01T01:05:04+08:00 ] SQL: SELECT * FROM `area` WHERE pid=0 [ RunTime:0.000965s ]
[ 2013-06-01T01:05:04+08:00 ] NOTIC: [8] Undefined index: phone f5696597d676003f9f16984984a4afc1.php 第 216 行.
[ 2013-06-01T01:05:04+08:00 ] NOTIC: [8] Undefined index: email f5696597d676003f9f16984984a4afc1.php 第 217 行.
[ 2013-06-01T01:05:14+08:00 ] SQL: SHOW COLUMNS FROM `project_price` [ RunTime:0.010063s ]
[ 2013-06-01T01:05:14+08:00 ] SQL: SHOW COLUMNS FROM `project_price_detail` [ RunTime:0.007348s ]
[ 2013-06-01T01:05:14+08:00 ] SQL: SELECT * FROM `project_price` WHERE ( `id` = '4' ) LIMIT 1  [ RunTime:0.001259s ]
[ 2013-06-01T01:05:14+08:00 ] SQL: SELECT * FROM `project_price_detail` WHERE price=4 [ RunTime:0.000977s ]
[ 2013-06-01T01:05:14+08:00 ] SQL: SHOW COLUMNS FROM `depart` [ RunTime:0.007450s ]
[ 2013-06-01T01:05:14+08:00 ] SQL: SELECT * FROM `depart` WHERE  code='13108617'  [ RunTime:0.001031s ]
[ 2013-06-01T01:05:14+08:00 ] SQL: SHOW COLUMNS FROM `area` [ RunTime:0.007312s ]
[ 2013-06-01T01:05:14+08:00 ] SQL: SELECT * FROM `area` WHERE pid=0 [ RunTime:0.001099s ]
[ 2013-06-01T01:05:15+08:00 ] NOTIC: [8] Undefined index: phone f5696597d676003f9f16984984a4afc1.php 第 216 行.
[ 2013-06-01T01:05:15+08:00 ] NOTIC: [8] Undefined index: email f5696597d676003f9f16984984a4afc1.php 第 217 行.
[ 2013-06-01T01:09:14+08:00 ] SQL: SHOW COLUMNS FROM `project_price` [ RunTime:0.010007s ]
[ 2013-06-01T01:09:14+08:00 ] SQL: SHOW COLUMNS FROM `project_price_detail` [ RunTime:0.007765s ]
[ 2013-06-01T01:09:14+08:00 ] SQL: SELECT * FROM `project_price` WHERE ( `id` = '4' ) LIMIT 1  [ RunTime:0.001610s ]
[ 2013-06-01T01:09:14+08:00 ] SQL: SELECT * FROM `project_price_detail` WHERE price=4 [ RunTime:0.001082s ]
[ 2013-06-01T01:09:14+08:00 ] SQL: SHOW COLUMNS FROM `depart` [ RunTime:0.007713s ]
[ 2013-06-01T01:09:14+08:00 ] SQL: SELECT * FROM `depart` WHERE  code='13108617'  [ RunTime:0.000864s ]
[ 2013-06-01T01:09:14+08:00 ] SQL: SHOW COLUMNS FROM `area` [ RunTime:0.007472s ]
[ 2013-06-01T01:09:14+08:00 ] SQL: SELECT * FROM `area` WHERE pid=0 [ RunTime:0.000977s ]
[ 2013-06-01T01:09:15+08:00 ] NOTIC: [8] Undefined index: clientprovincename f5696597d676003f9f16984984a4afc1.php 第 124 行.
[ 2013-06-01T01:09:15+08:00 ] NOTIC: [8] Undefined index: clientcityname f5696597d676003f9f16984984a4afc1.php 第 124 行.
[ 2013-06-01T01:09:15+08:00 ] NOTIC: [8] Undefined index: projectprovincename f5696597d676003f9f16984984a4afc1.php 第 132 行.
[ 2013-06-01T01:09:15+08:00 ] NOTIC: [8] Undefined index: projectcityname f5696597d676003f9f16984984a4afc1.php 第 132 行.
[ 2013-06-01T01:09:15+08:00 ] NOTIC: [8] Undefined index: phone f5696597d676003f9f16984984a4afc1.php 第 216 行.
[ 2013-06-01T01:09:15+08:00 ] NOTIC: [8] Undefined index: email f5696597d676003f9f16984984a4afc1.php 第 217 行.
[ 2013-06-01T01:16:28+08:00 ] SQL: SHOW COLUMNS FROM `project_price` [ RunTime:0.010344s ]
[ 2013-06-01T01:16:28+08:00 ] SQL: SHOW COLUMNS FROM `project_price_detail` [ RunTime:0.007316s ]
[ 2013-06-01T01:16:28+08:00 ] SQL: SELECT 
			  *,
			  u.`name` AS undertakername,
			  pp.`name` AS clientprovincename,
			  cp.`name` AS clientprovincename,
			  pc.`name` AS projectcityname,
			  cc.`name` AS clientcityname 
			FROM
			  project_price p 
			  LEFT OUTER JOIN `user` u 
			    ON u.id = p.`undertaker` 
			  LEFT OUTER JOIN `area` pp 
			    ON pp.`id` = p.`projectprovince` 
			  LEFT OUTER JOIN `area` cp 
			    ON cp.`id` = p.`clientprovince` 
			  LEFT OUTER JOIN `area` pc 
			    ON pc.`id` = p.`projectcity` 
			  LEFT OUTER JOIN `area` cc 
			    ON cc.`id` = p.`clientcity` 
			    
			    WHERE p.`id`=4 [ RunTime:0.001848s ]
[ 2013-06-01T01:16:28+08:00 ] SQL: SELECT * FROM `project_price_detail` WHERE price=4 [ RunTime:0.000981s ]
[ 2013-06-01T01:16:28+08:00 ] SQL: SHOW COLUMNS FROM `depart` [ RunTime:0.009034s ]
[ 2013-06-01T01:16:28+08:00 ] SQL: SELECT * FROM `depart` WHERE  code='13108617'  [ RunTime:0.000844s ]
[ 2013-06-01T01:16:28+08:00 ] SQL: SHOW COLUMNS FROM `area` [ RunTime:0.007354s ]
[ 2013-06-01T01:16:28+08:00 ] SQL: SELECT * FROM `area` WHERE pid=0 [ RunTime:0.000942s ]
[ 2013-06-01T01:16:28+08:00 ] NOTIC: [8] Undefined index: projectprovincename f5696597d676003f9f16984984a4afc1.php 第 132 行.
[ 2013-06-01T01:16:50+08:00 ] SQL: SHOW COLUMNS FROM `project_price` [ RunTime:0.009838s ]
[ 2013-06-01T01:16:50+08:00 ] SQL: SHOW COLUMNS FROM `project_price_detail` [ RunTime:0.007782s ]
[ 2013-06-01T01:16:50+08:00 ] SQL: SELECT 
			  *,
			  u.`name` AS undertakername,
			  pp.`name` AS projectprovincename,
			  cp.`name` AS clientprovincename,
			  pc.`name` AS projectcityname,
			  cc.`name` AS clientcityname 
			FROM
			  project_price p 
			  LEFT OUTER JOIN `user` u 
			    ON u.id = p.`undertaker` 
			  LEFT OUTER JOIN `area` pp 
			    ON pp.`id` = p.`projectprovince` 
			  LEFT OUTER JOIN `area` cp 
			    ON cp.`id` = p.`clientprovince` 
			  LEFT OUTER JOIN `area` pc 
			    ON pc.`id` = p.`projectcity` 
			  LEFT OUTER JOIN `area` cc 
			    ON cc.`id` = p.`clientcity` 
			    
			    WHERE p.`id`=4 [ RunTime:0.001927s ]
[ 2013-06-01T01:16:50+08:00 ] SQL: SELECT * FROM `project_price_detail` WHERE price=4 [ RunTime:0.000925s ]
[ 2013-06-01T01:16:50+08:00 ] SQL: SHOW COLUMNS FROM `depart` [ RunTime:0.006897s ]
[ 2013-06-01T01:16:50+08:00 ] SQL: SELECT * FROM `depart` WHERE  code='13108617'  [ RunTime:0.000870s ]
[ 2013-06-01T01:16:50+08:00 ] SQL: SHOW COLUMNS FROM `area` [ RunTime:0.006846s ]
[ 2013-06-01T01:16:50+08:00 ] SQL: SELECT * FROM `area` WHERE pid=0 [ RunTime:0.000947s ]
[ 2013-06-01T01:18:21+08:00 ] SQL: SHOW COLUMNS FROM `project_price` [ RunTime:0.009444s ]
[ 2013-06-01T01:18:21+08:00 ] SQL: SHOW COLUMNS FROM `project_price_detail` [ RunTime:0.007321s ]
[ 2013-06-01T01:18:21+08:00 ] SQL: SELECT 
			  *,
			  u.`name` AS undertakername,
			  pp.`name` AS projectprovincename,
			  cp.`name` AS clientprovincename,
			  pc.`name` AS projectcityname,
			  cc.`name` AS clientcityname 
			FROM
			  project_price p 
			  LEFT OUTER JOIN `user` u 
			    ON u.id = p.`undertaker` 
			  LEFT OUTER JOIN `area` pp 
			    ON pp.`id` = p.`projectprovince` 
			  LEFT OUTER JOIN `area` cp 
			    ON cp.`id` = p.`clientprovince` 
			  LEFT OUTER JOIN `area` pc 
			    ON pc.`id` = p.`projectcity` 
			  LEFT OUTER JOIN `area` cc 
			    ON cc.`id` = p.`clientcity` 
			    
			    WHERE p.`id`=4 [ RunTime:0.001781s ]
[ 2013-06-01T01:18:21+08:00 ] SQL: SELECT * FROM `project_price_detail` WHERE price=4 [ RunTime:0.000827s ]
[ 2013-06-01T01:18:21+08:00 ] SQL: SHOW COLUMNS FROM `depart` [ RunTime:0.007067s ]
[ 2013-06-01T01:18:21+08:00 ] SQL: SELECT * FROM `depart` WHERE  code='13108617'  [ RunTime:0.000948s ]
[ 2013-06-01T01:18:21+08:00 ] SQL: SHOW COLUMNS FROM `area` [ RunTime:0.007101s ]
[ 2013-06-01T01:18:21+08:00 ] SQL: SELECT * FROM `area` WHERE pid=0 [ RunTime:0.000951s ]
[ 2013-06-01T01:18:23+08:00 ] SQL: SHOW COLUMNS FROM `project_price` [ RunTime:0.009564s ]
[ 2013-06-01T01:18:23+08:00 ] SQL: SHOW COLUMNS FROM `project_price_detail` [ RunTime:0.007356s ]
[ 2013-06-01T01:18:23+08:00 ] SQL: SELECT 
			  *,
			  u.`name` AS undertakername,
			  pp.`name` AS projectprovincename,
			  cp.`name` AS clientprovincename,
			  pc.`name` AS projectcityname,
			  cc.`name` AS clientcityname 
			FROM
			  project_price p 
			  LEFT OUTER JOIN `user` u 
			    ON u.id = p.`undertaker` 
			  LEFT OUTER JOIN `area` pp 
			    ON pp.`id` = p.`projectprovince` 
			  LEFT OUTER JOIN `area` cp 
			    ON cp.`id` = p.`clientprovince` 
			  LEFT OUTER JOIN `area` pc 
			    ON pc.`id` = p.`projectcity` 
			  LEFT OUTER JOIN `area` cc 
			    ON cc.`id` = p.`clientcity` 
			    
			    WHERE p.`id`=4 [ RunTime:0.001684s ]
[ 2013-06-01T01:18:23+08:00 ] SQL: SELECT * FROM `project_price_detail` WHERE price=4 [ RunTime:0.000820s ]
[ 2013-06-01T01:18:23+08:00 ] SQL: SHOW COLUMNS FROM `depart` [ RunTime:0.007418s ]
[ 2013-06-01T01:18:23+08:00 ] SQL: SELECT * FROM `depart` WHERE  code='13108617'  [ RunTime:0.001040s ]
[ 2013-06-01T01:18:23+08:00 ] SQL: SHOW COLUMNS FROM `area` [ RunTime:0.006759s ]
[ 2013-06-01T01:18:23+08:00 ] SQL: SELECT * FROM `area` WHERE pid=0 [ RunTime:0.000961s ]
