[ 2013-12-24T14:23:04+08:00 ] NOTIC: [8] Undefined index: username IndexAction.class.php 第 4 行.
[ 2013-12-24T14:23:04+08:00 ] NOTIC: [8] Undefined index: pwd IndexAction.class.php 第 5 行.
[ 2013-12-24T14:23:07+08:00 ] SQL: SHOW COLUMNS FROM `user` [ RunTime:0.085991s ]
[ 2013-12-24T14:23:07+08:00 ] SQL: SELECT * FROM `user` WHERE ( `username` = '03231' ) LIMIT 1  [ RunTime:0.001534s ]
[ 2013-12-24T14:23:07+08:00 ] SQL: SHOW COLUMNS FROM `msg` [ RunTime:0.139898s ]
[ 2013-12-24T14:23:07+08:00 ] SQL: SELECT COUNT(*) as C FROM (SELECT
		m.id,IFNULL(mr.readerid,0) isread
		FROM
		msg m LEFT JOIN msgreader mr ON m.`id`=mr.`msgid` AND mr.`readerid`=30
		WHERE INSTR(
				CONCAT(',', m.receiversid, ','),
				CONCAT(',', 30, ',')
		) > 0 AND m.code = 13108617) z WHERE z.isread =0 [ RunTime:0.227008s ]
[ 2013-12-24T14:23:07+08:00 ] SQL: SHOW COLUMNS FROM `work` [ RunTime:0.113512s ]
[ 2013-12-24T14:23:08+08:00 ] SQL: SELECT COUNT(*) AS tp_count FROM `work` WHERE code='13108617' and awoke =1 and uid =30 and UNIX_TIMESTAMP(NOW()) - UNIX_TIMESTAMP(DATE_ADD(
			    STR_TO_DATE(
			      CONCAT(
			        DATE(`date`),
			        ' ',
			        ehour,
			        ':',
			        eminute,
			        ':00'
			      ),
			      '%Y-%m-%d %H:%i:%s'
			    ),INTERVAL overday DAY)
			  ) < 0   LIMIT 1  [ RunTime:0.130431s ]
[ 2013-12-24T14:23:08+08:00 ] SQL: SHOW COLUMNS FROM `msgwork` [ RunTime:0.070790s ]
[ 2013-12-24T14:23:08+08:00 ] SQL: SELECT COUNT(*) AS tp_count FROM `msgwork` WHERE code='13108617' and issenderread =0 and senderid =30 LIMIT 1  [ RunTime:0.002136s ]
[ 2013-12-24T14:23:08+08:00 ] SQL: SELECT COUNT(*) AS tp_count FROM `msgwork` WHERE code='13108617' and isreceiverread =0 and receiverid =30 LIMIT 1  [ RunTime:0.002244s ]
[ 2013-12-24T14:23:08+08:00 ] SQL: SELECT m.id,m.`name`,m.`parent_id`,m.`link`,m.`image`,m.`target`,rm.`ext` FROM menu m INNER JOIN role_menu rm ON m.`id`=rm.`mid` WHERE m.parent_id is NULL and pos=1 and rm.`rid`=20 [ RunTime:0.132207s ]
[ 2013-12-24T14:23:08+08:00 ] SQL: SELECT m.id,m.`name`,m.`parent_id`,m.`link`,m.`image`,m.`target`,rm.`ext` FROM menu m INNER JOIN role_menu rm ON m.`id`=rm.`mid` WHERE m.parent_id=1 and rm.`rid`=20 order by ordernumber,id [ RunTime:0.004679s ]
[ 2013-12-24T14:23:08+08:00 ] SQL: SELECT m.id,m.`name`,m.`parent_id`,m.`link`,m.`image`,m.`target`,rm.`ext` FROM menu m INNER JOIN role_menu rm ON m.`id`=rm.`mid` WHERE m.parent_id=2 and rm.`rid`=20 order by ordernumber,id [ RunTime:0.004500s ]
[ 2013-12-24T14:23:08+08:00 ] SQL: SELECT m.id,m.`name`,m.`parent_id`,m.`link`,m.`image`,m.`target`,rm.`ext` FROM menu m INNER JOIN role_menu rm ON m.`id`=rm.`mid` WHERE m.parent_id=6 and rm.`rid`=20 order by ordernumber,id [ RunTime:0.004463s ]
[ 2013-12-24T14:23:08+08:00 ] SQL: SELECT m.id,m.`name`,m.`parent_id`,m.`link`,m.`image`,m.`target`,rm.`ext` FROM menu m INNER JOIN role_menu rm ON m.`id`=rm.`mid` WHERE m.parent_id=7 and rm.`rid`=20 order by ordernumber,id [ RunTime:0.004835s ]
[ 2013-12-24T14:23:08+08:00 ] SQL: SELECT m.id,m.`name`,m.`parent_id`,m.`link`,m.`image`,m.`target`,rm.`ext` FROM menu m INNER JOIN role_menu rm ON m.`id`=rm.`mid` WHERE m.parent_id=8 and rm.`rid`=20 order by ordernumber,id [ RunTime:0.008982s ]
[ 2013-12-24T14:23:08+08:00 ] SQL: SELECT m.id,m.`name`,m.`parent_id`,m.`link`,m.`image`,m.`target`,rm.`ext` FROM menu m INNER JOIN role_menu rm ON m.`id`=rm.`mid` WHERE m.parent_id=34 and rm.`rid`=20 order by ordernumber,id [ RunTime:0.005146s ]
[ 2013-12-24T14:23:08+08:00 ] SQL: SELECT m.id,m.`name`,m.`parent_id`,m.`link`,m.`image`,m.`target`,rm.`ext` FROM menu m INNER JOIN role_menu rm ON m.`id`=rm.`mid` WHERE m.parent_id=35 and rm.`rid`=20 order by ordernumber,id [ RunTime:0.005182s ]
[ 2013-12-24T14:23:08+08:00 ] SQL: SELECT m.id,m.`name`,m.`parent_id`,m.`link`,m.`image`,m.`target`,rm.`ext` FROM menu m INNER JOIN role_menu rm ON m.`id`=rm.`mid` WHERE m.parent_id=36 and rm.`rid`=20 order by ordernumber,id [ RunTime:0.008901s ]
[ 2013-12-24T14:23:08+08:00 ] SQL: SELECT m.id,m.`name`,m.`parent_id`,m.`link`,m.`image`,m.`target`,rm.`ext` FROM menu m INNER JOIN role_menu rm ON m.`id`=rm.`mid` WHERE m.parent_id=39 and rm.`rid`=20 order by ordernumber,id [ RunTime:0.005572s ]
[ 2013-12-24T14:23:08+08:00 ] SQL: SELECT m.id,m.`name`,m.`parent_id`,m.`link`,m.`image`,m.`target`,rm.`ext` FROM menu m INNER JOIN role_menu rm ON m.`id`=rm.`mid` WHERE m.parent_id=42 and rm.`rid`=20 order by ordernumber,id [ RunTime:0.005444s ]
[ 2013-12-24T14:23:08+08:00 ] SQL: SELECT m.id,m.`name`,m.`parent_id`,m.`link`,m.`image`,m.`target`,rm.`ext` FROM menu m INNER JOIN role_menu rm ON m.`id`=rm.`mid` WHERE m.parent_id=45 and rm.`rid`=20 order by ordernumber,id [ RunTime:0.006439s ]
[ 2013-12-24T14:23:08+08:00 ] SQL: SELECT m.id,m.`name`,m.`parent_id`,m.`link`,m.`image`,m.`target`,rm.`ext` FROM menu m INNER JOIN role_menu rm ON m.`id`=rm.`mid` WHERE m.parent_id=51 and rm.`rid`=20 order by ordernumber,id [ RunTime:0.004954s ]
[ 2013-12-24T14:23:08+08:00 ] SQL: SELECT m.id,m.`name`,m.`parent_id`,m.`link`,m.`image`,m.`target`,rm.`ext` FROM menu m INNER JOIN role_menu rm ON m.`id`=rm.`mid` WHERE m.parent_id=108 and rm.`rid`=20 order by ordernumber,id [ RunTime:0.005273s ]
[ 2013-12-24T14:23:08+08:00 ] SQL: SELECT m.id,m.`name`,m.`parent_id`,m.`link`,m.`image`,m.`target`,rm.`ext` FROM menu m INNER JOIN role_menu rm ON m.`id`=rm.`mid` WHERE m.parent_id=111 and rm.`rid`=20 order by ordernumber,id [ RunTime:0.005200s ]
[ 2013-12-24T14:23:08+08:00 ] SQL: SELECT m.id,m.`name`,m.`parent_id`,m.`link`,m.`image`,m.`target`,rm.`ext` FROM menu m INNER JOIN role_menu rm ON m.`id`=rm.`mid` WHERE m.parent_id=115 and rm.`rid`=20 order by ordernumber,id [ RunTime:0.006025s ]
[ 2013-12-24T14:23:08+08:00 ] SQL: SELECT m.id,m.`name`,m.`parent_id`,m.`link`,m.`image`,m.`target`,rm.`ext` FROM menu m INNER JOIN role_menu rm ON m.`id`=rm.`mid` WHERE m.parent_id=59 and rm.`rid`=20 order by ordernumber,id [ RunTime:0.008547s ]
[ 2013-12-24T14:23:08+08:00 ] SQL: SELECT m.id,m.`name`,m.`parent_id`,m.`link`,m.`image`,m.`target`,rm.`ext` FROM menu m INNER JOIN role_menu rm ON m.`id`=rm.`mid` WHERE m.parent_id is NULL and pos=0 and rm.`rid`=20 [ RunTime:0.005958s ]
[ 2013-12-24T14:23:08+08:00 ] SQL: SELECT m.id,m.`name`,m.`parent_id`,m.`link`,m.`image`,m.`target`,rm.`ext` FROM menu m INNER JOIN role_menu rm ON m.`id`=rm.`mid` WHERE m.parent_id=15 and rm.`rid`=20 order by ordernumber,id [ RunTime:0.010086s ]
[ 2013-12-24T14:23:08+08:00 ] SQL: SELECT m.id,m.`name`,m.`parent_id`,m.`link`,m.`image`,m.`target`,rm.`ext` FROM menu m INNER JOIN role_menu rm ON m.`id`=rm.`mid` WHERE m.parent_id=16 and rm.`rid`=20 order by ordernumber,id [ RunTime:0.004865s ]
[ 2013-12-24T14:23:08+08:00 ] SQL: SELECT m.id,m.`name`,m.`parent_id`,m.`link`,m.`image`,m.`target`,rm.`ext` FROM menu m INNER JOIN role_menu rm ON m.`id`=rm.`mid` WHERE m.parent_id=19 and rm.`rid`=20 order by ordernumber,id [ RunTime:0.004813s ]
[ 2013-12-24T14:23:08+08:00 ] SQL: SELECT m.id,m.`name`,m.`parent_id`,m.`link`,m.`image`,m.`target`,rm.`ext` FROM menu m INNER JOIN role_menu rm ON m.`id`=rm.`mid` WHERE m.parent_id=24 and rm.`rid`=20 order by ordernumber,id [ RunTime:0.004674s ]
[ 2013-12-24T14:23:08+08:00 ] SQL: SELECT m.id,m.`name`,m.`parent_id`,m.`link`,m.`image`,m.`target`,rm.`ext` FROM menu m INNER JOIN role_menu rm ON m.`id`=rm.`mid` WHERE m.parent_id=27 and rm.`rid`=20 order by ordernumber,id [ RunTime:0.005231s ]
[ 2013-12-24T14:23:08+08:00 ] SQL: SELECT m.id,m.`name`,m.`parent_id`,m.`link`,m.`image`,m.`target`,rm.`ext` FROM menu m INNER JOIN role_menu rm ON m.`id`=rm.`mid` WHERE m.parent_id=31 and rm.`rid`=20 order by ordernumber,id [ RunTime:0.004356s ]
[ 2013-12-24T14:23:08+08:00 ] SQL: SELECT m.id,m.`name`,m.`parent_id`,m.`link`,m.`image`,m.`target`,rm.`ext` FROM menu m INNER JOIN role_menu rm ON m.`id`=rm.`mid` WHERE m.parent_id is NULL and (pos=2 OR m.name='專案管理') and rm.`rid`=20 [ RunTime:0.004691s ]
[ 2013-12-24T14:23:08+08:00 ] SQL: SELECT m.id,m.`name`,m.`parent_id`,m.`link`,m.`image`,m.`target`,rm.`ext` FROM menu m INNER JOIN role_menu rm ON m.`id`=rm.`mid` WHERE m.parent_id=59 and rm.`rid`=20 order by ordernumber,id [ RunTime:0.006448s ]
[ 2013-12-24T14:23:08+08:00 ] SQL: SELECT m.id,m.`name`,m.`parent_id`,m.`link`,m.`image`,m.`target`,rm.`ext` FROM menu m INNER JOIN role_menu rm ON m.`id`=rm.`mid` WHERE m.parent_id=69 and rm.`rid`=20 order by ordernumber,id [ RunTime:0.005223s ]
[ 2013-12-24T14:23:08+08:00 ] SQL: SELECT m.id,m.`name`,m.`parent_id`,m.`link`,m.`image`,m.`target`,rm.`ext` FROM menu m INNER JOIN role_menu rm ON m.`id`=rm.`mid` WHERE m.parent_id=76 and rm.`rid`=20 order by ordernumber,id [ RunTime:0.004742s ]
[ 2013-12-24T14:23:08+08:00 ] SQL: SELECT m.id,m.`name`,m.`parent_id`,m.`link`,m.`image`,m.`target`,rm.`ext` FROM menu m INNER JOIN role_menu rm ON m.`id`=rm.`mid` WHERE m.parent_id=79 and rm.`rid`=20 order by ordernumber,id [ RunTime:0.007658s ]
[ 2013-12-24T14:23:08+08:00 ] SQL: SELECT m.id,m.`name`,m.`parent_id`,m.`link`,m.`image`,m.`target`,rm.`ext` FROM menu m INNER JOIN role_menu rm ON m.`id`=rm.`mid` WHERE m.parent_id=87 and rm.`rid`=20 order by ordernumber,id [ RunTime:0.005734s ]
[ 2013-12-24T14:23:08+08:00 ] SQL: SELECT m.id,m.`name`,m.`parent_id`,m.`link`,m.`image`,m.`target`,rm.`ext` FROM menu m INNER JOIN role_menu rm ON m.`id`=rm.`mid` WHERE m.parent_id=101 and rm.`rid`=20 order by ordernumber,id [ RunTime:0.004779s ]
[ 2013-12-24T14:23:08+08:00 ] SQL: SELECT m.id,m.`name`,m.`parent_id`,m.`link`,m.`image`,m.`target`,rm.`ext` FROM menu m INNER JOIN role_menu rm ON m.`id`=rm.`mid` WHERE m.parent_id=107 and rm.`rid`=20 order by ordernumber,id [ RunTime:0.004129s ]
[ 2013-12-24T14:23:09+08:00 ] NOTIC: [8] Undefined index: exts BaseAction.class.php 第 80 行.
[ 2013-12-24T14:23:09+08:00 ] SQL: SELECT 
			  rm.*,
			  m.`link` 
			FROM
			  `menu` m 
			  INNER JOIN `role_menu` rm 
			    ON m.`id` = rm.`mid` 
			WHERE rm.`rid` = 20 
			  AND m.`ext` IS NOT NULL  [ RunTime:0.005241s ]
[ 2013-12-24T14:23:09+08:00 ] SQL: SHOW COLUMNS FROM `msg` [ RunTime:0.007991s ]
[ 2013-12-24T14:23:09+08:00 ] SQL: SELECT 
			  m.*,IFNULL(mr.readerid,0) isread 
			FROM
			  msg m LEFT JOIN msgreader mr ON m.`id`=mr.`msgid` AND mr.`readerid`=30
			WHERE INSTR(
			    CONCAT(',', m.receiversid, ','),
			    CONCAT(',', 30, ',')
			  ) > 0 AND m.code = 13108617 [ RunTime:0.129169s ]
[ 2013-12-24T14:23:09+08:00 ] SQL: SELECT 
			  m.*,IFNULL(mr.readerid,0) isread 
			FROM
			  msg m LEFT JOIN msgreader mr ON m.`id`=mr.`msgid` AND mr.`readerid`=30
			WHERE INSTR(
			    CONCAT(',', m.receiversid, ','),
			    CONCAT(',', 30, ',')
			  ) > 0 AND m.code = 13108617 limit 0,20 [ RunTime:0.122235s ]
[ 2013-12-24T14:23:14+08:00 ] NOTIC: [8] Undefined index: key CaseAction.class.php 第 4 行.
[ 2013-12-24T14:23:14+08:00 ] SQL: SHOW COLUMNS FROM `case` [ RunTime:0.052435s ]
[ 2013-12-24T14:23:14+08:00 ] SQL: SELECT COUNT(*) AS tp_count FROM `case` WHERE  `code`='13108617'  and id in (SELECT 
						  `case` 
						FROM
						  case_member 
						WHERE memberid = 30 
						UNION ALL
						SELECT 
						  `case` 
						FROM
						  case_looker 
						WHERE lookerid = 30  )  LIMIT 1  [ RunTime:0.059063s ]
[ 2013-12-24T14:23:14+08:00 ] SQL: SELECT * FROM `case` WHERE  `code`='13108617'  and id in (SELECT 
						  `case` 
						FROM
						  case_member 
						WHERE memberid = 30 
						UNION ALL
						SELECT 
						  `case` 
						FROM
						  case_looker 
						WHERE lookerid = 30  )  ORDER BY id desc LIMIT 0,20  [ RunTime:0.003263s ]
[ 2013-12-24T14:23:26+08:00 ] SQL: SHOW COLUMNS FROM `case_content` [ RunTime:0.060274s ]
[ 2013-12-24T14:23:26+08:00 ] SQL: select * from case_content where id =26 [ RunTime:0.001868s ]
[ 2013-12-24T14:23:27+08:00 ] NOTIC: [8] Undefined index: caseName 6a80fc463fa49e147ec5390fac1af20e.php 第 107 行.
[ 2013-12-24T14:23:48+08:00 ] NOTIC: [8] Undefined index: case CaseAction.class.php 第 3094 行.
[ 2013-12-24T14:23:48+08:00 ] NOTIC: [8] Undefined index: year CaseAction.class.php 第 3095 行.
[ 2013-12-24T14:23:49+08:00 ] SQL: SELECT 
				  *,
				  m1 + m2 + m3 + m4 + m5 + m6 + m7 + m8 + m9 + m10 + m11 + m12 AS rt 
				FROM
				  (SELECT 
				    st.id mt,st.n,
				    SUM(IF(st.m = 1, st.c, 0)) AS m1,
				    SUM(IF(st.m = 2, st.c, 0)) AS m2,
				    SUM(IF(st.m = 3, st.c, 0)) AS m3,
				    SUM(IF(st.m = 4, st.c, 0)) AS m4,
				    SUM(IF(st.m = 5, st.c, 0)) AS m5,
				    SUM(IF(st.m = 6, st.c, 0)) AS m6,
				    SUM(IF(st.m = 7, st.c, 0)) AS m7,
				    SUM(IF(st.m = 8, st.c, 0)) AS m8,
				    SUM(IF(st.m = 9, st.c, 0)) AS m9,
				    SUM(IF(st.m = 10, st.c, 0)) AS m10,
				    SUM(IF(st.m = 11, st.c, 0)) AS m11,
				    SUM(IF(st.m = 12, st.c, 0)) AS m12 
				  FROM
				    (SELECT 
				      t.id,t.`name` AS n,
				      MONTH(r.repairdate) AS m,
				      COUNT(r.id) AS c 
				    FROM
				      `case_device_repair` r 
				      INNER JOIN case_device_type t 
				        ON r.`type` = t.`id` 
				    WHERE r.`case` = 26 
				      AND YEAR(r.repairdate) = 2013 
				    GROUP BY t.`name`,
				      MONTH(r.repairdate) 
				    ORDER BY t.id, t.`name`) st 
				  GROUP BY st.n WITH ROLLUP) z [ RunTime:0.254258s ]
[ 2013-12-24T14:23:49+08:00 ] NOTIC: [8] Undefined index: rt 3aad366b9c9badc26b7e35725433643b.php 第 67 行.
[ 2013-12-24T14:23:49+08:00 ] NOTIC: [8] Undefined index: rb 3aad366b9c9badc26b7e35725433643b.php 第 68 行.
[ 2013-12-24T14:23:56+08:00 ] NOTIC: [8] Undefined index: childtype CaseAction.class.php 第 2871 行.
[ 2013-12-24T14:23:56+08:00 ] NOTIC: [8] Undefined index: month CaseAction.class.php 第 2873 行.
[ 2013-12-24T14:23:57+08:00 ] SQL: SHOW COLUMNS FROM `case_device_repair` [ RunTime:0.224820s ]
[ 2013-12-24T14:23:57+08:00 ] SQL: SELECT * FROM case_device_repair WHERE  `case` = 26 AND type=51 AND YEAR(repairdate) = 2013  [ RunTime:0.092879s ]
[ 2013-12-24T14:23:57+08:00 ] SQL: SHOW COLUMNS FROM `case_warn_days` [ RunTime:0.036637s ]
[ 2013-12-24T14:23:57+08:00 ] SQL: SELECT * FROM `case_warn_days` WHERE `case` = 26 LIMIT 1  [ RunTime:0.000832s ]
[ 2013-12-24T14:23:58+08:00 ] NOTIC: [8] Undefined index: caseName 147bb40773e0973ae82db54f72027e42.php 第 110 行.
[ 2013-12-24T14:24:22+08:00 ] NOTIC: [8] Undefined index: childtype CaseAction.class.php 第 2871 行.
[ 2013-12-24T14:24:22+08:00 ] NOTIC: [8] Undefined index: month CaseAction.class.php 第 2873 行.
[ 2013-12-24T14:24:22+08:00 ] SQL: SHOW COLUMNS FROM `case_device_repair` [ RunTime:0.009523s ]
[ 2013-12-24T14:24:26+08:00 ] SQL: SELECT 

  r.`repaircode`,
  r.`repairdate`,
  CONCAT(
    build.`name`,'/',
    fl.`name`,'/',
    ar.`name`
  ) AS region,
  mt.`name` AS mainType,
  ct.`name` AS childType,
  r.`devicecode`,
  r.`devicename`,
  CONCAT(
    IFNULL(r.remark, ''),
    '
',
    IFNULL(
      (SELECT 
        doremark 
      FROM
        case_device_repair_dispatch 
      WHERE `repair` = r.id 
      LIMIT 1),
      ''
    ),
    '
',
    IFNULL(
      (SELECT 
        remark 
      FROM
        case_device_repair_delegate 
      WHERE `repair` = r.id 
      LIMIT 1),
      ''
    ),
    '
',
    IFNULL(
      (SELECT 
        completeremark 
      FROM
        case_device_repair_complete 
      WHERE `repair` = r.id 
      LIMIT 1),
      ''
    ),
    '
',
    IFNULL(
      (SELECT 
        GROUP_CONCAT(msg) 
      FROM
        `case_device_repair_message` 
      WHERE `repair` = r.id),
      ''
    )
  ) AS msg,
  (SELECT 
    `dotimeandusers` 
  FROM
    `case_device_repair_complete` 
  WHERE `repair` = r.`id` 
  LIMIT 1) AS `dotimeandusers` 
FROM
  `case_device_repair` r 
  INNER JOIN `case_device_buildingtype` build 
    ON r.`build` = build.`id` 
  INNER JOIN `case_device_building_floor` fl 
    ON fl.`id` = r.`floor` 
  INNER JOIN `case_device_building_floor_area` ar 
    ON ar.`id` = r.`area` 
  INNER JOIN `case_device_type` mt 
    ON r.`type` = mt.`id` 
  INNER JOIN `case_device_child_type` ct 
    ON r.`childtype` = ct.`id` 
  LEFT JOIN `case_device_repair_dispatch` disp 
    ON r.`id` = disp.`repair`  
			  WHERE r.`case`=26 AND r.`type` =51 AND YEAR(r.`repairdate`) = 2013 [ RunTime:4.326181s ]
[ 2013-12-24T15:46:33+08:00 ] NOTIC: [8] Undefined index: username IndexAction.class.php 第 4 行.
[ 2013-12-24T15:46:33+08:00 ] NOTIC: [8] Undefined index: pwd IndexAction.class.php 第 5 行.
[ 2013-12-24T15:46:36+08:00 ] SQL: SHOW COLUMNS FROM `user` [ RunTime:0.126241s ]
[ 2013-12-24T15:46:36+08:00 ] SQL: SELECT * FROM `user` WHERE ( `username` = '03231' ) LIMIT 1  [ RunTime:0.001970s ]
[ 2013-12-24T15:46:36+08:00 ] SQL: SHOW COLUMNS FROM `msg` [ RunTime:0.145073s ]
[ 2013-12-24T15:46:36+08:00 ] SQL: SELECT COUNT(*) as C FROM (SELECT
		m.id,IFNULL(mr.readerid,0) isread
		FROM
		msg m LEFT JOIN msgreader mr ON m.`id`=mr.`msgid` AND mr.`readerid`=30
		WHERE INSTR(
				CONCAT(',', m.receiversid, ','),
				CONCAT(',', 30, ',')
		) > 0 AND m.code = 13108617) z WHERE z.isread =0 [ RunTime:0.269993s ]
[ 2013-12-24T15:46:36+08:00 ] SQL: SHOW COLUMNS FROM `work` [ RunTime:0.084565s ]
[ 2013-12-24T15:46:37+08:00 ] SQL: SELECT COUNT(*) AS tp_count FROM `work` WHERE code='13108617' and awoke =1 and uid =30 and UNIX_TIMESTAMP(NOW()) - UNIX_TIMESTAMP(DATE_ADD(
			    STR_TO_DATE(
			      CONCAT(
			        DATE(`date`),
			        ' ',
			        ehour,
			        ':',
			        eminute,
			        ':00'
			      ),
			      '%Y-%m-%d %H:%i:%s'
			    ),INTERVAL overday DAY)
			  ) < 0   LIMIT 1  [ RunTime:0.112928s ]
[ 2013-12-24T15:46:37+08:00 ] SQL: SHOW COLUMNS FROM `msgwork` [ RunTime:0.100600s ]
[ 2013-12-24T15:46:37+08:00 ] SQL: SELECT COUNT(*) AS tp_count FROM `msgwork` WHERE code='13108617' and issenderread =0 and senderid =30 LIMIT 1  [ RunTime:0.002455s ]
[ 2013-12-24T15:46:37+08:00 ] SQL: SELECT COUNT(*) AS tp_count FROM `msgwork` WHERE code='13108617' and isreceiverread =0 and receiverid =30 LIMIT 1  [ RunTime:0.001566s ]
[ 2013-12-24T15:46:37+08:00 ] SQL: SELECT m.id,m.`name`,m.`parent_id`,m.`link`,m.`image`,m.`target`,rm.`ext` FROM menu m INNER JOIN role_menu rm ON m.`id`=rm.`mid` WHERE m.parent_id is NULL and pos=1 and rm.`rid`=20 [ RunTime:0.101696s ]
[ 2013-12-24T15:46:37+08:00 ] SQL: SELECT m.id,m.`name`,m.`parent_id`,m.`link`,m.`image`,m.`target`,rm.`ext` FROM menu m INNER JOIN role_menu rm ON m.`id`=rm.`mid` WHERE m.parent_id=1 and rm.`rid`=20 order by ordernumber,id [ RunTime:0.005644s ]
[ 2013-12-24T15:46:37+08:00 ] SQL: SELECT m.id,m.`name`,m.`parent_id`,m.`link`,m.`image`,m.`target`,rm.`ext` FROM menu m INNER JOIN role_menu rm ON m.`id`=rm.`mid` WHERE m.parent_id=2 and rm.`rid`=20 order by ordernumber,id [ RunTime:0.004693s ]
[ 2013-12-24T15:46:37+08:00 ] SQL: SELECT m.id,m.`name`,m.`parent_id`,m.`link`,m.`image`,m.`target`,rm.`ext` FROM menu m INNER JOIN role_menu rm ON m.`id`=rm.`mid` WHERE m.parent_id=6 and rm.`rid`=20 order by ordernumber,id [ RunTime:0.004213s ]
[ 2013-12-24T15:46:37+08:00 ] SQL: SELECT m.id,m.`name`,m.`parent_id`,m.`link`,m.`image`,m.`target`,rm.`ext` FROM menu m INNER JOIN role_menu rm ON m.`id`=rm.`mid` WHERE m.parent_id=7 and rm.`rid`=20 order by ordernumber,id [ RunTime:0.004399s ]
[ 2013-12-24T15:46:37+08:00 ] SQL: SELECT m.id,m.`name`,m.`parent_id`,m.`link`,m.`image`,m.`target`,rm.`ext` FROM menu m INNER JOIN role_menu rm ON m.`id`=rm.`mid` WHERE m.parent_id=8 and rm.`rid`=20 order by ordernumber,id [ RunTime:0.004157s ]
[ 2013-12-24T15:46:37+08:00 ] SQL: SELECT m.id,m.`name`,m.`parent_id`,m.`link`,m.`image`,m.`target`,rm.`ext` FROM menu m INNER JOIN role_menu rm ON m.`id`=rm.`mid` WHERE m.parent_id=34 and rm.`rid`=20 order by ordernumber,id [ RunTime:0.004228s ]
[ 2013-12-24T15:46:37+08:00 ] SQL: SELECT m.id,m.`name`,m.`parent_id`,m.`link`,m.`image`,m.`target`,rm.`ext` FROM menu m INNER JOIN role_menu rm ON m.`id`=rm.`mid` WHERE m.parent_id=35 and rm.`rid`=20 order by ordernumber,id [ RunTime:0.004389s ]
[ 2013-12-24T15:46:37+08:00 ] SQL: SELECT m.id,m.`name`,m.`parent_id`,m.`link`,m.`image`,m.`target`,rm.`ext` FROM menu m INNER JOIN role_menu rm ON m.`id`=rm.`mid` WHERE m.parent_id=36 and rm.`rid`=20 order by ordernumber,id [ RunTime:0.004213s ]
[ 2013-12-24T15:46:37+08:00 ] SQL: SELECT m.id,m.`name`,m.`parent_id`,m.`link`,m.`image`,m.`target`,rm.`ext` FROM menu m INNER JOIN role_menu rm ON m.`id`=rm.`mid` WHERE m.parent_id=39 and rm.`rid`=20 order by ordernumber,id [ RunTime:0.004350s ]
[ 2013-12-24T15:46:37+08:00 ] SQL: SELECT m.id,m.`name`,m.`parent_id`,m.`link`,m.`image`,m.`target`,rm.`ext` FROM menu m INNER JOIN role_menu rm ON m.`id`=rm.`mid` WHERE m.parent_id=42 and rm.`rid`=20 order by ordernumber,id [ RunTime:0.004377s ]
[ 2013-12-24T15:46:37+08:00 ] SQL: SELECT m.id,m.`name`,m.`parent_id`,m.`link`,m.`image`,m.`target`,rm.`ext` FROM menu m INNER JOIN role_menu rm ON m.`id`=rm.`mid` WHERE m.parent_id=45 and rm.`rid`=20 order by ordernumber,id [ RunTime:0.004401s ]
[ 2013-12-24T15:46:37+08:00 ] SQL: SELECT m.id,m.`name`,m.`parent_id`,m.`link`,m.`image`,m.`target`,rm.`ext` FROM menu m INNER JOIN role_menu rm ON m.`id`=rm.`mid` WHERE m.parent_id=51 and rm.`rid`=20 order by ordernumber,id [ RunTime:0.004187s ]
[ 2013-12-24T15:46:37+08:00 ] SQL: SELECT m.id,m.`name`,m.`parent_id`,m.`link`,m.`image`,m.`target`,rm.`ext` FROM menu m INNER JOIN role_menu rm ON m.`id`=rm.`mid` WHERE m.parent_id=108 and rm.`rid`=20 order by ordernumber,id [ RunTime:0.004128s ]
[ 2013-12-24T15:46:37+08:00 ] SQL: SELECT m.id,m.`name`,m.`parent_id`,m.`link`,m.`image`,m.`target`,rm.`ext` FROM menu m INNER JOIN role_menu rm ON m.`id`=rm.`mid` WHERE m.parent_id=111 and rm.`rid`=20 order by ordernumber,id [ RunTime:0.004201s ]
[ 2013-12-24T15:46:37+08:00 ] SQL: SELECT m.id,m.`name`,m.`parent_id`,m.`link`,m.`image`,m.`target`,rm.`ext` FROM menu m INNER JOIN role_menu rm ON m.`id`=rm.`mid` WHERE m.parent_id=115 and rm.`rid`=20 order by ordernumber,id [ RunTime:0.005568s ]
[ 2013-12-24T15:46:37+08:00 ] SQL: SELECT m.id,m.`name`,m.`parent_id`,m.`link`,m.`image`,m.`target`,rm.`ext` FROM menu m INNER JOIN role_menu rm ON m.`id`=rm.`mid` WHERE m.parent_id=59 and rm.`rid`=20 order by ordernumber,id [ RunTime:0.006069s ]
[ 2013-12-24T15:46:37+08:00 ] SQL: SELECT m.id,m.`name`,m.`parent_id`,m.`link`,m.`image`,m.`target`,rm.`ext` FROM menu m INNER JOIN role_menu rm ON m.`id`=rm.`mid` WHERE m.parent_id is NULL and pos=0 and rm.`rid`=20 [ RunTime:0.004113s ]
[ 2013-12-24T15:46:37+08:00 ] SQL: SELECT m.id,m.`name`,m.`parent_id`,m.`link`,m.`image`,m.`target`,rm.`ext` FROM menu m INNER JOIN role_menu rm ON m.`id`=rm.`mid` WHERE m.parent_id=15 and rm.`rid`=20 order by ordernumber,id [ RunTime:0.004794s ]
[ 2013-12-24T15:46:37+08:00 ] SQL: SELECT m.id,m.`name`,m.`parent_id`,m.`link`,m.`image`,m.`target`,rm.`ext` FROM menu m INNER JOIN role_menu rm ON m.`id`=rm.`mid` WHERE m.parent_id=16 and rm.`rid`=20 order by ordernumber,id [ RunTime:0.004509s ]
[ 2013-12-24T15:46:37+08:00 ] SQL: SELECT m.id,m.`name`,m.`parent_id`,m.`link`,m.`image`,m.`target`,rm.`ext` FROM menu m INNER JOIN role_menu rm ON m.`id`=rm.`mid` WHERE m.parent_id=19 and rm.`rid`=20 order by ordernumber,id [ RunTime:0.004091s ]
[ 2013-12-24T15:46:37+08:00 ] SQL: SELECT m.id,m.`name`,m.`parent_id`,m.`link`,m.`image`,m.`target`,rm.`ext` FROM menu m INNER JOIN role_menu rm ON m.`id`=rm.`mid` WHERE m.parent_id=24 and rm.`rid`=20 order by ordernumber,id [ RunTime:0.004591s ]
[ 2013-12-24T15:46:37+08:00 ] SQL: SELECT m.id,m.`name`,m.`parent_id`,m.`link`,m.`image`,m.`target`,rm.`ext` FROM menu m INNER JOIN role_menu rm ON m.`id`=rm.`mid` WHERE m.parent_id=27 and rm.`rid`=20 order by ordernumber,id [ RunTime:0.004370s ]
[ 2013-12-24T15:46:37+08:00 ] SQL: SELECT m.id,m.`name`,m.`parent_id`,m.`link`,m.`image`,m.`target`,rm.`ext` FROM menu m INNER JOIN role_menu rm ON m.`id`=rm.`mid` WHERE m.parent_id=31 and rm.`rid`=20 order by ordernumber,id [ RunTime:0.004677s ]
[ 2013-12-24T15:46:37+08:00 ] SQL: SELECT m.id,m.`name`,m.`parent_id`,m.`link`,m.`image`,m.`target`,rm.`ext` FROM menu m INNER JOIN role_menu rm ON m.`id`=rm.`mid` WHERE m.parent_id is NULL and (pos=2 OR m.name='專案管理') and rm.`rid`=20 [ RunTime:0.005787s ]
[ 2013-12-24T15:46:37+08:00 ] SQL: SELECT m.id,m.`name`,m.`parent_id`,m.`link`,m.`image`,m.`target`,rm.`ext` FROM menu m INNER JOIN role_menu rm ON m.`id`=rm.`mid` WHERE m.parent_id=59 and rm.`rid`=20 order by ordernumber,id [ RunTime:0.004883s ]
[ 2013-12-24T15:46:37+08:00 ] SQL: SELECT m.id,m.`name`,m.`parent_id`,m.`link`,m.`image`,m.`target`,rm.`ext` FROM menu m INNER JOIN role_menu rm ON m.`id`=rm.`mid` WHERE m.parent_id=69 and rm.`rid`=20 order by ordernumber,id [ RunTime:0.004434s ]
[ 2013-12-24T15:46:37+08:00 ] SQL: SELECT m.id,m.`name`,m.`parent_id`,m.`link`,m.`image`,m.`target`,rm.`ext` FROM menu m INNER JOIN role_menu rm ON m.`id`=rm.`mid` WHERE m.parent_id=76 and rm.`rid`=20 order by ordernumber,id [ RunTime:0.004271s ]
[ 2013-12-24T15:46:37+08:00 ] SQL: SELECT m.id,m.`name`,m.`parent_id`,m.`link`,m.`image`,m.`target`,rm.`ext` FROM menu m INNER JOIN role_menu rm ON m.`id`=rm.`mid` WHERE m.parent_id=79 and rm.`rid`=20 order by ordernumber,id [ RunTime:0.005780s ]
[ 2013-12-24T15:46:37+08:00 ] SQL: SELECT m.id,m.`name`,m.`parent_id`,m.`link`,m.`image`,m.`target`,rm.`ext` FROM menu m INNER JOIN role_menu rm ON m.`id`=rm.`mid` WHERE m.parent_id=87 and rm.`rid`=20 order by ordernumber,id [ RunTime:0.004449s ]
[ 2013-12-24T15:46:37+08:00 ] SQL: SELECT m.id,m.`name`,m.`parent_id`,m.`link`,m.`image`,m.`target`,rm.`ext` FROM menu m INNER JOIN role_menu rm ON m.`id`=rm.`mid` WHERE m.parent_id=101 and rm.`rid`=20 order by ordernumber,id [ RunTime:0.004593s ]
[ 2013-12-24T15:46:37+08:00 ] SQL: SELECT m.id,m.`name`,m.`parent_id`,m.`link`,m.`image`,m.`target`,rm.`ext` FROM menu m INNER JOIN role_menu rm ON m.`id`=rm.`mid` WHERE m.parent_id=107 and rm.`rid`=20 order by ordernumber,id [ RunTime:0.004570s ]
[ 2013-12-24T15:46:37+08:00 ] NOTIC: [8] Undefined index: exts BaseAction.class.php 第 80 行.
[ 2013-12-24T15:46:37+08:00 ] SQL: SELECT 
			  rm.*,
			  m.`link` 
			FROM
			  `menu` m 
			  INNER JOIN `role_menu` rm 
			    ON m.`id` = rm.`mid` 
			WHERE rm.`rid` = 20 
			  AND m.`ext` IS NOT NULL  [ RunTime:0.004802s ]
[ 2013-12-24T15:46:37+08:00 ] SQL: SHOW COLUMNS FROM `msg` [ RunTime:0.007044s ]
[ 2013-12-24T15:46:38+08:00 ] SQL: SELECT 
			  m.*,IFNULL(mr.readerid,0) isread 
			FROM
			  msg m LEFT JOIN msgreader mr ON m.`id`=mr.`msgid` AND mr.`readerid`=30
			WHERE INSTR(
			    CONCAT(',', m.receiversid, ','),
			    CONCAT(',', 30, ',')
			  ) > 0 AND m.code = 13108617 [ RunTime:0.072163s ]
[ 2013-12-24T15:46:38+08:00 ] SQL: SELECT 
			  m.*,IFNULL(mr.readerid,0) isread 
			FROM
			  msg m LEFT JOIN msgreader mr ON m.`id`=mr.`msgid` AND mr.`readerid`=30
			WHERE INSTR(
			    CONCAT(',', m.receiversid, ','),
			    CONCAT(',', 30, ',')
			  ) > 0 AND m.code = 13108617 limit 0,20 [ RunTime:0.111988s ]
[ 2013-12-24T15:46:53+08:00 ] NOTIC: [8] Undefined index: key CaseAction.class.php 第 4 行.
[ 2013-12-24T15:46:53+08:00 ] SQL: SHOW COLUMNS FROM `case` [ RunTime:0.039404s ]
[ 2013-12-24T15:46:53+08:00 ] SQL: SELECT COUNT(*) AS tp_count FROM `case` WHERE  `code`='13108617'  and id in (SELECT 
						  `case` 
						FROM
						  case_member 
						WHERE memberid = 30 
						UNION ALL
						SELECT 
						  `case` 
						FROM
						  case_looker 
						WHERE lookerid = 30  )  LIMIT 1  [ RunTime:0.043456s ]
[ 2013-12-24T15:46:53+08:00 ] SQL: SELECT * FROM `case` WHERE  `code`='13108617'  and id in (SELECT 
						  `case` 
						FROM
						  case_member 
						WHERE memberid = 30 
						UNION ALL
						SELECT 
						  `case` 
						FROM
						  case_looker 
						WHERE lookerid = 30  )  ORDER BY id desc LIMIT 0,20  [ RunTime:0.001606s ]
[ 2013-12-24T15:46:55+08:00 ] SQL: SHOW COLUMNS FROM `case_content` [ RunTime:0.039004s ]
[ 2013-12-24T15:46:55+08:00 ] SQL: select * from case_content where id =26 [ RunTime:0.000810s ]
[ 2013-12-24T15:46:55+08:00 ] NOTIC: [8] Undefined index: caseName 6a80fc463fa49e147ec5390fac1af20e.php 第 107 行.
[ 2013-12-24T15:47:02+08:00 ] NOTIC: [8] Undefined index: case CaseAction.class.php 第 3094 行.
[ 2013-12-24T15:47:02+08:00 ] NOTIC: [8] Undefined index: year CaseAction.class.php 第 3095 行.
[ 2013-12-24T15:47:02+08:00 ] SQL: SELECT 
				  *,
				  m1 + m2 + m3 + m4 + m5 + m6 + m7 + m8 + m9 + m10 + m11 + m12 AS rt 
				FROM
				  (SELECT 
				    st.id mt,st.n,
				    SUM(IF(st.m = 1, st.c, 0)) AS m1,
				    SUM(IF(st.m = 2, st.c, 0)) AS m2,
				    SUM(IF(st.m = 3, st.c, 0)) AS m3,
				    SUM(IF(st.m = 4, st.c, 0)) AS m4,
				    SUM(IF(st.m = 5, st.c, 0)) AS m5,
				    SUM(IF(st.m = 6, st.c, 0)) AS m6,
				    SUM(IF(st.m = 7, st.c, 0)) AS m7,
				    SUM(IF(st.m = 8, st.c, 0)) AS m8,
				    SUM(IF(st.m = 9, st.c, 0)) AS m9,
				    SUM(IF(st.m = 10, st.c, 0)) AS m10,
				    SUM(IF(st.m = 11, st.c, 0)) AS m11,
				    SUM(IF(st.m = 12, st.c, 0)) AS m12 
				  FROM
				    (SELECT 
				      t.id,t.`name` AS n,
				      MONTH(r.repairdate) AS m,
				      COUNT(r.id) AS c 
				    FROM
				      `case_device_repair` r 
				      INNER JOIN case_device_type t 
				        ON r.`type` = t.`id` 
				    WHERE r.`case` = 26 
				      AND YEAR(r.repairdate) = 2013 
				    GROUP BY t.`name`,
				      MONTH(r.repairdate) 
				    ORDER BY t.id, t.`name`) st 
				  GROUP BY st.n WITH ROLLUP) z [ RunTime:0.264292s ]
[ 2013-12-24T15:47:03+08:00 ] NOTIC: [8] Undefined index: rt 3aad366b9c9badc26b7e35725433643b.php 第 67 行.
[ 2013-12-24T15:47:03+08:00 ] NOTIC: [8] Undefined index: rb 3aad366b9c9badc26b7e35725433643b.php 第 68 行.
[ 2013-12-24T15:47:06+08:00 ] NOTIC: [8] Undefined index: childtype CaseAction.class.php 第 2871 行.
[ 2013-12-24T15:47:06+08:00 ] NOTIC: [8] Undefined index: month CaseAction.class.php 第 2873 行.
[ 2013-12-24T15:47:06+08:00 ] SQL: SHOW COLUMNS FROM `case_device_repair` [ RunTime:0.007255s ]
[ 2013-12-24T15:47:07+08:00 ] SQL: SELECT * FROM case_device_repair WHERE  `case` = 26 AND type=51 AND YEAR(repairdate) = 2013  [ RunTime:0.092374s ]
[ 2013-12-24T15:47:07+08:00 ] SQL: SHOW COLUMNS FROM `case_warn_days` [ RunTime:0.141137s ]
[ 2013-12-24T15:47:07+08:00 ] SQL: SELECT * FROM `case_warn_days` WHERE `case` = 26 LIMIT 1  [ RunTime:0.000879s ]
[ 2013-12-24T15:47:07+08:00 ] NOTIC: [8] Undefined index: caseName 147bb40773e0973ae82db54f72027e42.php 第 110 行.
[ 2013-12-24T15:48:36+08:00 ] NOTIC: [8] Undefined index: childtype CaseAction.class.php 第 2871 行.
[ 2013-12-24T15:48:36+08:00 ] NOTIC: [8] Undefined index: month CaseAction.class.php 第 2873 行.
[ 2013-12-24T15:48:36+08:00 ] SQL: SHOW COLUMNS FROM `case_device_repair` [ RunTime:0.010099s ]
[ 2013-12-24T15:48:41+08:00 ] SQL: SELECT 

  r.`repaircode`,
  r.`repairdate`,
  CONCAT(
    build.`name`,'/',
    fl.`name`,'/',
    ar.`name`
  ) AS region,
  mt.`name` AS mainType,
  ct.`name` AS childType,
  r.`devicecode`,
  r.`devicename`,
  CONCAT(
    IFNULL(r.remark, ''),
    '
',
    IFNULL(
      (SELECT 
        doremark 
      FROM
        case_device_repair_dispatch 
      WHERE `repair` = r.id 
      LIMIT 1),
      ''
    ),
    '
',
    IFNULL(
      (SELECT 
        remark 
      FROM
        case_device_repair_delegate 
      WHERE `repair` = r.id 
      LIMIT 1),
      ''
    ),
    '
',
    IFNULL(
      (SELECT 
        completeremark 
      FROM
        case_device_repair_complete 
      WHERE `repair` = r.id 
      LIMIT 1),
      ''
    ),
    '
',
    IFNULL(
      (SELECT 
        GROUP_CONCAT(msg) 
      FROM
        `case_device_repair_message` 
      WHERE `repair` = r.id),
      ''
    )
  ) AS msg,
  (SELECT 
    `dotimeandusers` 
  FROM
    `case_device_repair_complete` 
  WHERE `repair` = r.`id` 
  LIMIT 1) AS `dotimeandusers` 
FROM
  `case_device_repair` r 
  INNER JOIN `case_device_buildingtype` build 
    ON r.`build` = build.`id` 
  INNER JOIN `case_device_building_floor` fl 
    ON fl.`id` = r.`floor` 
  INNER JOIN `case_device_building_floor_area` ar 
    ON ar.`id` = r.`area` 
  INNER JOIN `case_device_type` mt 
    ON r.`type` = mt.`id` 
  INNER JOIN `case_device_child_type` ct 
    ON r.`childtype` = ct.`id` 
  LEFT JOIN `case_device_repair_dispatch` disp 
    ON r.`id` = disp.`repair`  
			  WHERE r.`case`=26 AND r.`type` =51 AND YEAR(r.`repairdate`) = 2013 [ RunTime:5.185203s ]
[ 2013-12-24T15:50:25+08:00 ] NOTIC: [8] Undefined index: childtype CaseAction.class.php 第 2871 行.
[ 2013-12-24T15:50:25+08:00 ] NOTIC: [8] Undefined index: month CaseAction.class.php 第 2873 行.
[ 2013-12-24T15:50:25+08:00 ] SQL: SHOW COLUMNS FROM `case_device_repair` [ RunTime:0.008522s ]
[ 2013-12-24T15:50:54+08:00 ] SQL: SELECT * FROM case_device_repair WHERE  `case` = 26 AND type=51 AND YEAR(repairdate) = 2013  [ RunTime:0.091410s ]
[ 2013-12-24T15:50:54+08:00 ] SQL: SHOW COLUMNS FROM `case_warn_days` [ RunTime:0.006677s ]
[ 2013-12-24T15:50:54+08:00 ] SQL: SELECT * FROM `case_warn_days` WHERE `case` = 26 LIMIT 1  [ RunTime:0.000770s ]
[ 2013-12-24T15:50:54+08:00 ] NOTIC: [8] Undefined index: caseName 147bb40773e0973ae82db54f72027e42.php 第 110 行.
