[ 2014-07-07T10:15:25+08:00 ] NOTIC: [8] Undefined index: username IndexAction.class.php 第 4 行.
[ 2014-07-07T10:15:25+08:00 ] NOTIC: [8] Undefined index: pwd IndexAction.class.php 第 5 行.
[ 2014-07-07T10:15:42+08:00 ] NOTIC: [8] Undefined index: username IndexAction.class.php 第 4 行.
[ 2014-07-07T10:15:42+08:00 ] NOTIC: [8] Undefined index: pwd IndexAction.class.php 第 5 行.
[ 2014-07-07T10:15:44+08:00 ] SQL: SHOW COLUMNS FROM `user` [ RunTime:0.046002s ]
[ 2014-07-07T10:15:44+08:00 ] SQL: SELECT * FROM `user` WHERE ( `username` = '03231' ) LIMIT 1  [ RunTime:0.002000s ]
[ 2014-07-07T10:15:44+08:00 ] SQL: SHOW COLUMNS FROM `msg` [ RunTime:0.095005s ]
[ 2014-07-07T10:15:45+08:00 ] SQL: SELECT COUNT(*) as C FROM (SELECT
		m.id,IFNULL(mr.readerid,0) isread
		FROM
		msg m LEFT JOIN msgreader mr ON m.`id`=mr.`msgid` AND mr.`readerid`=30
		WHERE INSTR(
				CONCAT(',', m.receiversid, ','),
				CONCAT(',', 30, ',')
		) > 0 AND m.code = 13108617) z WHERE z.isread =0 [ RunTime:0.267015s ]
[ 2014-07-07T10:15:45+08:00 ] SQL: SHOW COLUMNS FROM `work` [ RunTime:0.075004s ]
[ 2014-07-07T10:15:45+08:00 ] SQL: SELECT COUNT(*) AS tp_count FROM `work` WHERE code='13108617' and awoke =1 and uid =30 and UNIX_TIMESTAMP(NOW()) - UNIX_TIMESTAMP(DATE_ADD(
			    STR_TO_DATE(
			      CONCAT(
			        DATE(`date`),
			        ' ',
			        ehour,
			        ':',
			        eminute,
			        ':00'
			      ),
			      '%Y-%m-%d %H:%i:%s'
			    ),INTERVAL overday DAY)
			  ) < 0   LIMIT 1  [ RunTime:0.190011s ]
[ 2014-07-07T10:15:45+08:00 ] SQL: SHOW COLUMNS FROM `msgwork` [ RunTime:0.061003s ]
[ 2014-07-07T10:15:45+08:00 ] SQL: SELECT COUNT(*) AS tp_count FROM `msgwork` WHERE code='13108617' and issenderread =0 and senderid =30 LIMIT 1  [ RunTime:0.000000s ]
[ 2014-07-07T10:15:45+08:00 ] SQL: SELECT COUNT(*) AS tp_count FROM `msgwork` WHERE code='13108617' and isreceiverread =0 and receiverid =30 LIMIT 1  [ RunTime:0.000000s ]
[ 2014-07-07T10:15:45+08:00 ] SQL: SELECT m.id,m.`name`,m.`parent_id`,m.`link`,m.`image`,m.`target`,rm.`ext` FROM menu m INNER JOIN role_menu rm ON m.`id`=rm.`mid` WHERE m.parent_id is NULL and pos=1 and rm.`rid`=20 [ RunTime:0.121007s ]
[ 2014-07-07T10:15:45+08:00 ] SQL: SELECT m.id,m.`name`,m.`parent_id`,m.`link`,m.`image`,m.`target`,rm.`ext` FROM menu m INNER JOIN role_menu rm ON m.`id`=rm.`mid` WHERE m.parent_id=1 and rm.`rid`=20 order by ordernumber,id [ RunTime:0.016001s ]
[ 2014-07-07T10:15:45+08:00 ] SQL: SELECT m.id,m.`name`,m.`parent_id`,m.`link`,m.`image`,m.`target`,rm.`ext` FROM menu m INNER JOIN role_menu rm ON m.`id`=rm.`mid` WHERE m.parent_id=2 and rm.`rid`=20 order by ordernumber,id [ RunTime:0.003000s ]
[ 2014-07-07T10:15:45+08:00 ] SQL: SELECT m.id,m.`name`,m.`parent_id`,m.`link`,m.`image`,m.`target`,rm.`ext` FROM menu m INNER JOIN role_menu rm ON m.`id`=rm.`mid` WHERE m.parent_id=6 and rm.`rid`=20 order by ordernumber,id [ RunTime:0.003000s ]
[ 2014-07-07T10:15:45+08:00 ] SQL: SELECT m.id,m.`name`,m.`parent_id`,m.`link`,m.`image`,m.`target`,rm.`ext` FROM menu m INNER JOIN role_menu rm ON m.`id`=rm.`mid` WHERE m.parent_id=7 and rm.`rid`=20 order by ordernumber,id [ RunTime:0.002000s ]
[ 2014-07-07T10:15:45+08:00 ] SQL: SELECT m.id,m.`name`,m.`parent_id`,m.`link`,m.`image`,m.`target`,rm.`ext` FROM menu m INNER JOIN role_menu rm ON m.`id`=rm.`mid` WHERE m.parent_id=8 and rm.`rid`=20 order by ordernumber,id [ RunTime:0.003001s ]
[ 2014-07-07T10:15:45+08:00 ] SQL: SELECT m.id,m.`name`,m.`parent_id`,m.`link`,m.`image`,m.`target`,rm.`ext` FROM menu m INNER JOIN role_menu rm ON m.`id`=rm.`mid` WHERE m.parent_id=34 and rm.`rid`=20 order by ordernumber,id [ RunTime:0.003000s ]
[ 2014-07-07T10:15:45+08:00 ] SQL: SELECT m.id,m.`name`,m.`parent_id`,m.`link`,m.`image`,m.`target`,rm.`ext` FROM menu m INNER JOIN role_menu rm ON m.`id`=rm.`mid` WHERE m.parent_id=35 and rm.`rid`=20 order by ordernumber,id [ RunTime:0.002000s ]
[ 2014-07-07T10:15:45+08:00 ] SQL: SELECT m.id,m.`name`,m.`parent_id`,m.`link`,m.`image`,m.`target`,rm.`ext` FROM menu m INNER JOIN role_menu rm ON m.`id`=rm.`mid` WHERE m.parent_id=36 and rm.`rid`=20 order by ordernumber,id [ RunTime:0.003000s ]
[ 2014-07-07T10:15:45+08:00 ] SQL: SELECT m.id,m.`name`,m.`parent_id`,m.`link`,m.`image`,m.`target`,rm.`ext` FROM menu m INNER JOIN role_menu rm ON m.`id`=rm.`mid` WHERE m.parent_id=39 and rm.`rid`=20 order by ordernumber,id [ RunTime:0.003000s ]
[ 2014-07-07T10:15:45+08:00 ] SQL: SELECT m.id,m.`name`,m.`parent_id`,m.`link`,m.`image`,m.`target`,rm.`ext` FROM menu m INNER JOIN role_menu rm ON m.`id`=rm.`mid` WHERE m.parent_id=42 and rm.`rid`=20 order by ordernumber,id [ RunTime:0.003001s ]
[ 2014-07-07T10:15:45+08:00 ] SQL: SELECT m.id,m.`name`,m.`parent_id`,m.`link`,m.`image`,m.`target`,rm.`ext` FROM menu m INNER JOIN role_menu rm ON m.`id`=rm.`mid` WHERE m.parent_id=45 and rm.`rid`=20 order by ordernumber,id [ RunTime:0.003000s ]
[ 2014-07-07T10:15:45+08:00 ] SQL: SELECT m.id,m.`name`,m.`parent_id`,m.`link`,m.`image`,m.`target`,rm.`ext` FROM menu m INNER JOIN role_menu rm ON m.`id`=rm.`mid` WHERE m.parent_id=51 and rm.`rid`=20 order by ordernumber,id [ RunTime:0.003000s ]
[ 2014-07-07T10:15:45+08:00 ] SQL: SELECT m.id,m.`name`,m.`parent_id`,m.`link`,m.`image`,m.`target`,rm.`ext` FROM menu m INNER JOIN role_menu rm ON m.`id`=rm.`mid` WHERE m.parent_id=108 and rm.`rid`=20 order by ordernumber,id [ RunTime:0.003000s ]
[ 2014-07-07T10:15:45+08:00 ] SQL: SELECT m.id,m.`name`,m.`parent_id`,m.`link`,m.`image`,m.`target`,rm.`ext` FROM menu m INNER JOIN role_menu rm ON m.`id`=rm.`mid` WHERE m.parent_id=111 and rm.`rid`=20 order by ordernumber,id [ RunTime:0.003000s ]
[ 2014-07-07T10:15:45+08:00 ] SQL: SELECT m.id,m.`name`,m.`parent_id`,m.`link`,m.`image`,m.`target`,rm.`ext` FROM menu m INNER JOIN role_menu rm ON m.`id`=rm.`mid` WHERE m.parent_id=115 and rm.`rid`=20 order by ordernumber,id [ RunTime:0.003001s ]
[ 2014-07-07T10:15:45+08:00 ] SQL: SELECT m.id,m.`name`,m.`parent_id`,m.`link`,m.`image`,m.`target`,rm.`ext` FROM menu m INNER JOIN role_menu rm ON m.`id`=rm.`mid` WHERE m.parent_id=59 and rm.`rid`=20 order by ordernumber,id [ RunTime:0.003000s ]
[ 2014-07-07T10:15:45+08:00 ] SQL: SELECT m.id,m.`name`,m.`parent_id`,m.`link`,m.`image`,m.`target`,rm.`ext` FROM menu m INNER JOIN role_menu rm ON m.`id`=rm.`mid` WHERE m.parent_id is NULL and pos=0 and rm.`rid`=20 [ RunTime:0.003000s ]
[ 2014-07-07T10:15:45+08:00 ] SQL: SELECT m.id,m.`name`,m.`parent_id`,m.`link`,m.`image`,m.`target`,rm.`ext` FROM menu m INNER JOIN role_menu rm ON m.`id`=rm.`mid` WHERE m.parent_id=15 and rm.`rid`=20 order by ordernumber,id [ RunTime:0.003000s ]
[ 2014-07-07T10:15:45+08:00 ] SQL: SELECT m.id,m.`name`,m.`parent_id`,m.`link`,m.`image`,m.`target`,rm.`ext` FROM menu m INNER JOIN role_menu rm ON m.`id`=rm.`mid` WHERE m.parent_id=16 and rm.`rid`=20 order by ordernumber,id [ RunTime:0.003000s ]
[ 2014-07-07T10:15:45+08:00 ] SQL: SELECT m.id,m.`name`,m.`parent_id`,m.`link`,m.`image`,m.`target`,rm.`ext` FROM menu m INNER JOIN role_menu rm ON m.`id`=rm.`mid` WHERE m.parent_id=19 and rm.`rid`=20 order by ordernumber,id [ RunTime:0.003001s ]
[ 2014-07-07T10:15:45+08:00 ] SQL: SELECT m.id,m.`name`,m.`parent_id`,m.`link`,m.`image`,m.`target`,rm.`ext` FROM menu m INNER JOIN role_menu rm ON m.`id`=rm.`mid` WHERE m.parent_id=24 and rm.`rid`=20 order by ordernumber,id [ RunTime:0.004000s ]
[ 2014-07-07T10:15:45+08:00 ] SQL: SELECT m.id,m.`name`,m.`parent_id`,m.`link`,m.`image`,m.`target`,rm.`ext` FROM menu m INNER JOIN role_menu rm ON m.`id`=rm.`mid` WHERE m.parent_id=27 and rm.`rid`=20 order by ordernumber,id [ RunTime:0.002000s ]
[ 2014-07-07T10:15:45+08:00 ] SQL: SELECT m.id,m.`name`,m.`parent_id`,m.`link`,m.`image`,m.`target`,rm.`ext` FROM menu m INNER JOIN role_menu rm ON m.`id`=rm.`mid` WHERE m.parent_id=31 and rm.`rid`=20 order by ordernumber,id [ RunTime:0.003000s ]
[ 2014-07-07T10:15:45+08:00 ] SQL: SELECT m.id,m.`name`,m.`parent_id`,m.`link`,m.`image`,m.`target`,rm.`ext` FROM menu m INNER JOIN role_menu rm ON m.`id`=rm.`mid` WHERE m.parent_id is NULL and (pos=2 OR m.name='專案管理') and rm.`rid`=20 [ RunTime:0.003000s ]
[ 2014-07-07T10:15:45+08:00 ] SQL: SELECT m.id,m.`name`,m.`parent_id`,m.`link`,m.`image`,m.`target`,rm.`ext` FROM menu m INNER JOIN role_menu rm ON m.`id`=rm.`mid` WHERE m.parent_id=59 and rm.`rid`=20 order by ordernumber,id [ RunTime:0.001000s ]
[ 2014-07-07T10:15:45+08:00 ] SQL: SELECT m.id,m.`name`,m.`parent_id`,m.`link`,m.`image`,m.`target`,rm.`ext` FROM menu m INNER JOIN role_menu rm ON m.`id`=rm.`mid` WHERE m.parent_id=69 and rm.`rid`=20 order by ordernumber,id [ RunTime:0.003000s ]
[ 2014-07-07T10:15:45+08:00 ] SQL: SELECT m.id,m.`name`,m.`parent_id`,m.`link`,m.`image`,m.`target`,rm.`ext` FROM menu m INNER JOIN role_menu rm ON m.`id`=rm.`mid` WHERE m.parent_id=76 and rm.`rid`=20 order by ordernumber,id [ RunTime:0.003000s ]
[ 2014-07-07T10:15:45+08:00 ] SQL: SELECT m.id,m.`name`,m.`parent_id`,m.`link`,m.`image`,m.`target`,rm.`ext` FROM menu m INNER JOIN role_menu rm ON m.`id`=rm.`mid` WHERE m.parent_id=79 and rm.`rid`=20 order by ordernumber,id [ RunTime:0.002000s ]
[ 2014-07-07T10:15:45+08:00 ] SQL: SELECT m.id,m.`name`,m.`parent_id`,m.`link`,m.`image`,m.`target`,rm.`ext` FROM menu m INNER JOIN role_menu rm ON m.`id`=rm.`mid` WHERE m.parent_id=87 and rm.`rid`=20 order by ordernumber,id [ RunTime:0.002000s ]
[ 2014-07-07T10:15:45+08:00 ] SQL: SELECT m.id,m.`name`,m.`parent_id`,m.`link`,m.`image`,m.`target`,rm.`ext` FROM menu m INNER JOIN role_menu rm ON m.`id`=rm.`mid` WHERE m.parent_id=101 and rm.`rid`=20 order by ordernumber,id [ RunTime:0.003001s ]
[ 2014-07-07T10:15:45+08:00 ] SQL: SELECT m.id,m.`name`,m.`parent_id`,m.`link`,m.`image`,m.`target`,rm.`ext` FROM menu m INNER JOIN role_menu rm ON m.`id`=rm.`mid` WHERE m.parent_id=107 and rm.`rid`=20 order by ordernumber,id [ RunTime:0.003000s ]
[ 2014-07-07T10:15:45+08:00 ] NOTIC: [8] Undefined index: exts BaseAction.class.php 第 79 行.
[ 2014-07-07T10:15:46+08:00 ] SQL: SELECT 
			  rm.*,
			  m.`link` 
			FROM
			  `menu` m 
			  INNER JOIN `role_menu` rm 
			    ON m.`id` = rm.`mid` 
			WHERE rm.`rid` = 20 
			  AND m.`ext` IS NOT NULL  [ RunTime:0.003000s ]
[ 2014-07-07T10:15:46+08:00 ] SQL: SHOW COLUMNS FROM `msg` [ RunTime:0.004000s ]
[ 2014-07-07T10:15:46+08:00 ] SQL: SELECT 
			  m.*,IFNULL(mr.readerid,0) isread 
			FROM
			  msg m LEFT JOIN msgreader mr ON m.`id`=mr.`msgid` AND mr.`readerid`=30
			WHERE INSTR(
			    CONCAT(',', m.receiversid, ','),
			    CONCAT(',', 30, ',')
			  ) > 0 AND m.code = 13108617 ORDER by m.id desc [ RunTime:0.032001s ]
[ 2014-07-07T10:15:47+08:00 ] SQL: SELECT 
			  m.*,IFNULL(mr.readerid,0) isread 
			FROM
			  msg m LEFT JOIN msgreader mr ON m.`id`=mr.`msgid` AND mr.`readerid`=30
			WHERE INSTR(
			    CONCAT(',', m.receiversid, ','),
			    CONCAT(',', 30, ',')
			  ) > 0 AND m.code = 13108617 ORDER by m.id desc limit 0,20 [ RunTime:0.035002s ]
[ 2014-07-07T10:16:32+08:00 ] NOTIC: [8] Undefined index: stocktype BaseAction.class.php 第 240 行.
[ 2014-07-07T10:16:33+08:00 ] SQL: SELECT 
		  IF(
		    ISNULL(sc.inwarehousecode),
		    sc.outwarehousecode,
		    sc.inwarehousecode
		  ) warehousecode ,
		  IF(
		    ISNULL(sc.inwarehousename),
		    sc.outwarehousename,
		    sc.inwarehousename
		  ) warehousename,
		    IF(
		    ISNULL(sc.indate),
		    sc.outdate,
		    sc.indate
		  ) dodate,
		  sc.`type`,
		  sc.`state`,sc.id
		  
		FROM
		  `stock_change` sc  WHERE sc.`code`= '13108617' [ RunTime:0.077005s ]
[ 2014-07-07T10:16:33+08:00 ] SQL: SELECT 
		  IF(
		    ISNULL(sc.inwarehousecode),
		    sc.outwarehousecode,
		    sc.inwarehousecode
		  ) warehousecode ,
		  IF(
		    ISNULL(sc.inwarehousename),
		    sc.outwarehousename,
		    sc.inwarehousename
		  ) warehousename,
		    IF(
		    ISNULL(sc.indate),
		    sc.outdate,
		    sc.indate
		  ) dodate,
		  sc.`type`,
		  sc.`state`,sc.id
		  
		FROM
		  `stock_change` sc  WHERE sc.`code`= '13108617' limit 0,20 [ RunTime:0.001000s ]
[ 2014-07-07T10:16:38+08:00 ] SQL: SHOW COLUMNS FROM `stock_in_type` [ RunTime:0.109007s ]
[ 2014-07-07T10:16:38+08:00 ] SQL: SELECT * FROM `stock_in_type` WHERE code ='13108617' [ RunTime:0.002000s ]
[ 2014-07-07T10:18:13+08:00 ] SQL: SHOW COLUMNS FROM `stock_in_type` [ RunTime:0.003000s ]
[ 2014-07-07T10:18:13+08:00 ] SQL: SELECT * FROM `stock_in_type` WHERE code ='13108617' [ RunTime:0.001000s ]
[ 2014-07-07T10:40:11+08:00 ] SQL: SHOW COLUMNS FROM `stock_in_type` [ RunTime:0.005001s ]
[ 2014-07-07T10:40:11+08:00 ] SQL: SELECT * FROM `stock_in_type` WHERE code ='13108617' [ RunTime:0.000000s ]
[ 2014-07-07T10:40:18+08:00 ] SQL: SHOW COLUMNS FROM `stock_warehouse` [ RunTime:0.004000s ]
[ 2014-07-07T10:40:18+08:00 ] SQL: SELECT COUNT(*) AS tp_count FROM `stock_warehouse` WHERE  `code`='13108617'  LIMIT 1  [ RunTime:0.001000s ]
[ 2014-07-07T10:40:18+08:00 ] SQL: SELECT * FROM `stock_warehouse` WHERE  `code`='13108617'  ORDER BY id desc LIMIT 0,20  [ RunTime:0.000000s ]
[ 2014-07-07T10:40:18+08:00 ] NOTIC: [8] Undefined variable: stock 3ad9ee090b80dfed05a57fd2f021ad9b.php 第 172 行.
[ 2014-07-07T10:40:18+08:00 ] NOTIC: [8] Undefined variable: stock 3ad9ee090b80dfed05a57fd2f021ad9b.php 第 179 行.
[ 2014-07-07T10:40:18+08:00 ] NOTIC: [8] Undefined variable: stock 3ad9ee090b80dfed05a57fd2f021ad9b.php 第 182 行.
[ 2014-07-07T10:40:18+08:00 ] NOTIC: [8] Undefined variable: stock 3ad9ee090b80dfed05a57fd2f021ad9b.php 第 187 行.
[ 2014-07-07T10:40:18+08:00 ] NOTIC: [8] Undefined variable: stock 3ad9ee090b80dfed05a57fd2f021ad9b.php 第 190 行.
[ 2014-07-07T10:40:18+08:00 ] NOTIC: [8] Undefined variable: stock 3ad9ee090b80dfed05a57fd2f021ad9b.php 第 198 行.
[ 2014-07-07T10:40:18+08:00 ] NOTIC: [8] Undefined variable: stock 3ad9ee090b80dfed05a57fd2f021ad9b.php 第 201 行.
[ 2014-07-07T10:40:18+08:00 ] NOTIC: [8] Undefined variable: stock 3ad9ee090b80dfed05a57fd2f021ad9b.php 第 208 行.
[ 2014-07-07T10:40:31+08:00 ] SQL: SHOW COLUMNS FROM `stock_warehouse` [ RunTime:0.005001s ]
[ 2014-07-07T10:40:31+08:00 ] SQL: SELECT * FROM `stock_warehouse` WHERE stockcode='24D127A' and stockstate='開啟'  LIMIT 1  [ RunTime:0.001000s ]
[ 2014-07-07T10:40:40+08:00 ] SQL: SELECT 
															p_price AS productprice,p_pc_price as productpcprice,
														  p_all_name AS productname,p_unit AS productunit,
														  p_size AS productsize,
														  p_model AS productmodel,
														  p_cp AS productcp,p_from AS productcd
															FROM
															  tb_pro WHERE p_id = 'L01D01PH010' [ RunTime:0.018001s ]
[ 2014-07-07T10:40:52+08:00 ] SQL: SHOW COLUMNS FROM `stock_change` [ RunTime:0.006001s ]
[ 2014-07-07T10:40:52+08:00 ] SQL: SHOW COLUMNS FROM `stock_change_detail` [ RunTime:0.008000s ]
[ 2014-07-07T10:40:52+08:00 ] SQL: INSERT INTO `stock_change` (`type`,`inwarehousecode`,`inwarehousename`,`intype`,`intypename`,`indate`,`inuser`,`inhour`,`inminute`,`totalmoney`,`remark`,`state`,`objtype`,`code`) VALUES ('入庫','24D127A','A5物料倉','8','倉庫產品借還入庫單','2014/07/07','吳明貞','10','18','190','','新進單','客戶','13108617') [ RunTime:0.001000s ]
[ 2014-07-07T10:40:52+08:00 ] SQL: INSERT INTO `stock_change_detail` (`remark`,`productcode`,`productname`,`price`,`quantity`,`subtotal`,`productunit`,`productmodel`,`productsize`,`productcp`,`productcd`,`changeid`) VALUES ('','L01D01PH010','飛利浦 螺旋燈管 5W/110V/827*E-27 Tornado','95','2','190','aaaa','隻','Tornado','5W/110V/827*E-27','飛利浦、展析、金馬、祿冠、中寶',4) [ RunTime:0.001000s ]
[ 2014-07-07T10:40:52+08:00 ] NOTIC: [8] Undefined index: stocktype BaseAction.class.php 第 240 行.
[ 2014-07-07T10:40:52+08:00 ] SQL: SELECT 
		  IF(
		    ISNULL(sc.inwarehousecode),
		    sc.outwarehousecode,
		    sc.inwarehousecode
		  ) warehousecode ,
		  IF(
		    ISNULL(sc.inwarehousename),
		    sc.outwarehousename,
		    sc.inwarehousename
		  ) warehousename,
		    IF(
		    ISNULL(sc.indate),
		    sc.outdate,
		    sc.indate
		  ) dodate,
		  sc.`type`,
		  sc.`state`,sc.id
		  
		FROM
		  `stock_change` sc  WHERE sc.`code`= '13108617' [ RunTime:0.000000s ]
[ 2014-07-07T10:40:52+08:00 ] NOTIC: [2] urlencode() expects parameter 1 to be string, array given BaseAction.class.php 第 235 行.
[ 2014-07-07T10:40:52+08:00 ] SQL: SELECT 
		  IF(
		    ISNULL(sc.inwarehousecode),
		    sc.outwarehousecode,
		    sc.inwarehousecode
		  ) warehousecode ,
		  IF(
		    ISNULL(sc.inwarehousename),
		    sc.outwarehousename,
		    sc.inwarehousename
		  ) warehousename,
		    IF(
		    ISNULL(sc.indate),
		    sc.outdate,
		    sc.indate
		  ) dodate,
		  sc.`type`,
		  sc.`state`,sc.id
		  
		FROM
		  `stock_change` sc  WHERE sc.`code`= '13108617' limit 0,20 [ RunTime:0.001000s ]
[ 2014-07-07T10:41:01+08:00 ] SQL: SHOW COLUMNS FROM `account_pay` [ RunTime:0.006001s ]
[ 2014-07-07T10:41:01+08:00 ] NOTIC: [8] Undefined index: sindate AccountAction.class.php 第 183 行.
[ 2014-07-07T10:41:01+08:00 ] NOTIC: [8] Undefined index: spaystate AccountAction.class.php 第 184 行.
[ 2014-07-07T10:41:01+08:00 ] NOTIC: [8] Undefined index: spaymode AccountAction.class.php 第 185 行.
[ 2014-07-07T10:41:01+08:00 ] SQL: select * from account_pay where code ='13108617' [ RunTime:0.001000s ]
[ 2014-07-07T10:41:37+08:00 ] NOTIC: [8] Undefined index: stocktype BaseAction.class.php 第 240 行.
[ 2014-07-07T10:41:38+08:00 ] SQL: SELECT 
		  IF(
		    ISNULL(sc.inwarehousecode),
		    sc.outwarehousecode,
		    sc.inwarehousecode
		  ) warehousecode ,
		  IF(
		    ISNULL(sc.inwarehousename),
		    sc.outwarehousename,
		    sc.inwarehousename
		  ) warehousename,
		    IF(
		    ISNULL(sc.indate),
		    sc.outdate,
		    sc.indate
		  ) dodate,
		  sc.`type`,
		  sc.`state`,sc.id
		  
		FROM
		  `stock_change` sc  WHERE sc.`code`= '13108617' [ RunTime:0.001000s ]
[ 2014-07-07T10:41:38+08:00 ] SQL: SELECT 
		  IF(
		    ISNULL(sc.inwarehousecode),
		    sc.outwarehousecode,
		    sc.inwarehousecode
		  ) warehousecode ,
		  IF(
		    ISNULL(sc.inwarehousename),
		    sc.outwarehousename,
		    sc.inwarehousename
		  ) warehousename,
		    IF(
		    ISNULL(sc.indate),
		    sc.outdate,
		    sc.indate
		  ) dodate,
		  sc.`type`,
		  sc.`state`,sc.id
		  
		FROM
		  `stock_change` sc  WHERE sc.`code`= '13108617' limit 0,20 [ RunTime:0.001000s ]
[ 2014-07-07T10:41:47+08:00 ] SQL: SHOW COLUMNS FROM `account_pay` [ RunTime:0.005000s ]
[ 2014-07-07T10:41:47+08:00 ] NOTIC: [8] Undefined index: sindate AccountAction.class.php 第 183 行.
[ 2014-07-07T10:41:47+08:00 ] NOTIC: [8] Undefined index: spaystate AccountAction.class.php 第 184 行.
[ 2014-07-07T10:41:47+08:00 ] NOTIC: [8] Undefined index: spaymode AccountAction.class.php 第 185 行.
[ 2014-07-07T10:41:47+08:00 ] SQL: select * from account_pay where code ='13108617' [ RunTime:0.000000s ]
[ 2014-07-07T10:41:48+08:00 ] SQL: SHOW COLUMNS FROM `account_pay` [ RunTime:0.006001s ]
[ 2014-07-07T10:41:48+08:00 ] NOTIC: [8] Undefined index: sindate AccountAction.class.php 第 183 行.
[ 2014-07-07T10:41:48+08:00 ] NOTIC: [8] Undefined index: spaystate AccountAction.class.php 第 184 行.
[ 2014-07-07T10:41:48+08:00 ] NOTIC: [8] Undefined index: spaymode AccountAction.class.php 第 185 行.
[ 2014-07-07T10:41:48+08:00 ] SQL: select * from account_pay where code ='13108617' [ RunTime:0.000000s ]
[ 2014-07-07T10:41:57+08:00 ] SQL: SHOW COLUMNS FROM `account_income` [ RunTime:0.006001s ]
[ 2014-07-07T10:41:57+08:00 ] NOTIC: [8] Undefined index: sindate AccountAction.class.php 第 137 行.
[ 2014-07-07T10:41:57+08:00 ] NOTIC: [8] Undefined index: spaystate AccountAction.class.php 第 138 行.
[ 2014-07-07T10:41:57+08:00 ] NOTIC: [8] Undefined index: spaymode AccountAction.class.php 第 139 行.
[ 2014-07-07T10:41:57+08:00 ] SQL: select * from account_income where code ='13108617' [ RunTime:0.001000s ]
[ 2014-07-07T10:43:46+08:00 ] SQL: SHOW COLUMNS FROM `stock_in_type` [ RunTime:0.004000s ]
[ 2014-07-07T10:43:46+08:00 ] SQL: SELECT * FROM `stock_in_type` WHERE code ='13108617' [ RunTime:0.000000s ]
[ 2014-07-07T10:44:01+08:00 ] SQL: SHOW COLUMNS FROM `stock_warehouse` [ RunTime:0.006001s ]
[ 2014-07-07T10:44:01+08:00 ] SQL: SELECT * FROM `stock_warehouse` WHERE stockcode='24D127A' and stockstate='開啟'  LIMIT 1  [ RunTime:0.000000s ]
[ 2014-07-07T10:44:08+08:00 ] SQL: SELECT 
															p_price AS productprice,p_pc_price as productpcprice,
														  p_all_name AS productname,p_unit AS productunit,
														  p_size AS productsize,
														  p_model AS productmodel,
														  p_cp AS productcp,p_from AS productcd
															FROM
															  tb_pro WHERE p_id = 'L01D01PH010' [ RunTime:0.000000s ]
[ 2014-07-07T10:44:17+08:00 ] SQL: SHOW COLUMNS FROM `stock_change` [ RunTime:0.006001s ]
[ 2014-07-07T10:44:17+08:00 ] SQL: SHOW COLUMNS FROM `stock_change_detail` [ RunTime:0.005000s ]
[ 2014-07-07T10:44:17+08:00 ] SQL: INSERT INTO `stock_change` (`type`,`inwarehousecode`,`inwarehousename`,`intype`,`intypename`,`indate`,`inuser`,`inhour`,`inminute`,`totalmoney`,`remark`,`state`,`objtype`,`code`) VALUES ('入庫','24D127A','A5物料倉','6','產品維修入庫單','2014/07/07','吳明貞','10','43','190','','新進單','廠商','13108617') [ RunTime:0.001000s ]
[ 2014-07-07T10:44:17+08:00 ] SQL: INSERT INTO `stock_change_detail` (`remark`,`productcode`,`productname`,`price`,`quantity`,`subtotal`,`productunit`,`productmodel`,`productsize`,`productcp`,`productcd`,`changeid`) VALUES ('','L01D01PH010','飛利浦 螺旋燈管 5W/110V/827*E-27 Tornado','95','2','190','222','隻','Tornado','5W/110V/827*E-27','飛利浦、展析、金馬、祿冠、中寶',5) [ RunTime:0.000000s ]
[ 2014-07-07T10:44:24+08:00 ] SQL: SHOW COLUMNS FROM `account_pay` [ RunTime:0.006000s ]
[ 2014-07-07T10:44:26+08:00 ] SQL: INSERT INTO `account_pay` (`indate`,`objecttype`,`objectname`,`incomemoney`) VALUES ('2014/07/07','6','產品維修入庫單','190') [ RunTime:0.001000s ]
[ 2014-07-07T10:44:35+08:00 ] NOTIC: [8] Undefined index: stocktype BaseAction.class.php 第 240 行.
[ 2014-07-07T10:44:35+08:00 ] SQL: SELECT 
		  IF(
		    ISNULL(sc.inwarehousecode),
		    sc.outwarehousecode,
		    sc.inwarehousecode
		  ) warehousecode ,
		  IF(
		    ISNULL(sc.inwarehousename),
		    sc.outwarehousename,
		    sc.inwarehousename
		  ) warehousename,
		    IF(
		    ISNULL(sc.indate),
		    sc.outdate,
		    sc.indate
		  ) dodate,
		  sc.`type`,
		  sc.`state`,sc.id
		  
		FROM
		  `stock_change` sc  WHERE sc.`code`= '13108617' [ RunTime:0.001000s ]
[ 2014-07-07T10:44:35+08:00 ] NOTIC: [2] urlencode() expects parameter 1 to be string, array given BaseAction.class.php 第 235 行.
[ 2014-07-07T10:44:35+08:00 ] SQL: SELECT 
		  IF(
		    ISNULL(sc.inwarehousecode),
		    sc.outwarehousecode,
		    sc.inwarehousecode
		  ) warehousecode ,
		  IF(
		    ISNULL(sc.inwarehousename),
		    sc.outwarehousename,
		    sc.inwarehousename
		  ) warehousename,
		    IF(
		    ISNULL(sc.indate),
		    sc.outdate,
		    sc.indate
		  ) dodate,
		  sc.`type`,
		  sc.`state`,sc.id
		  
		FROM
		  `stock_change` sc  WHERE sc.`code`= '13108617' limit 0,20 [ RunTime:0.004000s ]
[ 2014-07-07T10:45:16+08:00 ] SQL: SHOW COLUMNS FROM `account_pay` [ RunTime:0.005001s ]
[ 2014-07-07T10:45:16+08:00 ] NOTIC: [8] Undefined index: sindate AccountAction.class.php 第 183 行.
[ 2014-07-07T10:45:16+08:00 ] NOTIC: [8] Undefined index: spaystate AccountAction.class.php 第 184 行.
[ 2014-07-07T10:45:16+08:00 ] NOTIC: [8] Undefined index: spaymode AccountAction.class.php 第 185 行.
[ 2014-07-07T10:45:16+08:00 ] SQL: select * from account_pay where code ='13108617' [ RunTime:0.001000s ]
[ 2014-07-07T10:47:01+08:00 ] NOTIC: [8] Undefined index: stocktype BaseAction.class.php 第 240 行.
[ 2014-07-07T10:47:02+08:00 ] SQL: SELECT 
		  IF(
		    ISNULL(sc.inwarehousecode),
		    sc.outwarehousecode,
		    sc.inwarehousecode
		  ) warehousecode ,
		  IF(
		    ISNULL(sc.inwarehousename),
		    sc.outwarehousename,
		    sc.inwarehousename
		  ) warehousename,
		    IF(
		    ISNULL(sc.indate),
		    sc.outdate,
		    sc.indate
		  ) dodate,
		  sc.`type`,
		  sc.`state`,sc.id
		  
		FROM
		  `stock_change` sc  WHERE sc.`code`= '13108617' [ RunTime:0.001000s ]
[ 2014-07-07T10:47:02+08:00 ] SQL: SELECT 
		  IF(
		    ISNULL(sc.inwarehousecode),
		    sc.outwarehousecode,
		    sc.inwarehousecode
		  ) warehousecode ,
		  IF(
		    ISNULL(sc.inwarehousename),
		    sc.outwarehousename,
		    sc.inwarehousename
		  ) warehousename,
		    IF(
		    ISNULL(sc.indate),
		    sc.outdate,
		    sc.indate
		  ) dodate,
		  sc.`type`,
		  sc.`state`,sc.id
		  
		FROM
		  `stock_change` sc  WHERE sc.`code`= '13108617' limit 0,20 [ RunTime:0.000000s ]
[ 2014-07-07T10:47:05+08:00 ] SQL: SHOW COLUMNS FROM `stock_in_type` [ RunTime:0.004001s ]
[ 2014-07-07T10:47:05+08:00 ] SQL: SELECT * FROM `stock_in_type` WHERE code ='13108617' [ RunTime:0.000000s ]
[ 2014-07-07T10:47:09+08:00 ] SQL: SHOW COLUMNS FROM `stock_warehouse` [ RunTime:0.007001s ]
[ 2014-07-07T10:47:09+08:00 ] SQL: SELECT * FROM `stock_warehouse` WHERE stockcode='24D127A' and stockstate='開啟'  LIMIT 1  [ RunTime:0.001000s ]
[ 2014-07-07T10:47:15+08:00 ] SQL: SELECT 
															p_price AS productprice,p_pc_price as productpcprice,
														  p_all_name AS productname,p_unit AS productunit,
														  p_size AS productsize,
														  p_model AS productmodel,
														  p_cp AS productcp,p_from AS productcd
															FROM
															  tb_pro WHERE p_id = 'L01D01PH010' [ RunTime:0.001000s ]
[ 2014-07-07T10:47:23+08:00 ] SQL: SHOW COLUMNS FROM `stock_change` [ RunTime:0.005000s ]
[ 2014-07-07T10:47:23+08:00 ] SQL: SHOW COLUMNS FROM `stock_change_detail` [ RunTime:0.004000s ]
[ 2014-07-07T10:47:23+08:00 ] SQL: INSERT INTO `stock_change` (`type`,`inwarehousecode`,`inwarehousename`,`intype`,`intypename`,`indate`,`inuser`,`inhour`,`inminute`,`totalmoney`,`remark`,`state`,`objtype`,`code`) VALUES ('入庫','24D127A','A5物料倉','8','倉庫產品借還入庫單','2014/07/07','吳明貞','10','47','190','','新進單','廠商','13108617') [ RunTime:0.002000s ]
[ 2014-07-07T10:47:23+08:00 ] SQL: INSERT INTO `stock_change_detail` (`remark`,`productcode`,`productname`,`price`,`quantity`,`subtotal`,`productunit`,`productmodel`,`productsize`,`productcp`,`productcd`,`changeid`) VALUES ('','L01D01PH010','飛利浦 螺旋燈管 5W/110V/827*E-27 Tornado','95','2','190','AAA','隻','Tornado','5W/110V/827*E-27','飛利浦、展析、金馬、祿冠、中寶',6) [ RunTime:0.001000s ]
[ 2014-07-07T10:47:25+08:00 ] SQL: SHOW COLUMNS FROM `account_pay` [ RunTime:0.007001s ]
[ 2014-07-07T10:47:25+08:00 ] SQL: INSERT INTO `account_pay` (`indate`,`objecttype`,`objectname`,`incomemoney`,`code`) VALUES ('2014/07/07','8','倉庫產品借還入庫單','190','13108617') [ RunTime:0.000000s ]
[ 2014-07-07T10:47:25+08:00 ] NOTIC: [8] Undefined index: stocktype BaseAction.class.php 第 240 行.
[ 2014-07-07T10:47:25+08:00 ] SQL: SELECT 
		  IF(
		    ISNULL(sc.inwarehousecode),
		    sc.outwarehousecode,
		    sc.inwarehousecode
		  ) warehousecode ,
		  IF(
		    ISNULL(sc.inwarehousename),
		    sc.outwarehousename,
		    sc.inwarehousename
		  ) warehousename,
		    IF(
		    ISNULL(sc.indate),
		    sc.outdate,
		    sc.indate
		  ) dodate,
		  sc.`type`,
		  sc.`state`,sc.id
		  
		FROM
		  `stock_change` sc  WHERE sc.`code`= '13108617' [ RunTime:0.001000s ]
[ 2014-07-07T10:47:25+08:00 ] NOTIC: [2] urlencode() expects parameter 1 to be string, array given BaseAction.class.php 第 235 行.
[ 2014-07-07T10:47:25+08:00 ] SQL: SELECT 
		  IF(
		    ISNULL(sc.inwarehousecode),
		    sc.outwarehousecode,
		    sc.inwarehousecode
		  ) warehousecode ,
		  IF(
		    ISNULL(sc.inwarehousename),
		    sc.outwarehousename,
		    sc.inwarehousename
		  ) warehousename,
		    IF(
		    ISNULL(sc.indate),
		    sc.outdate,
		    sc.indate
		  ) dodate,
		  sc.`type`,
		  sc.`state`,sc.id
		  
		FROM
		  `stock_change` sc  WHERE sc.`code`= '13108617' limit 0,20 [ RunTime:0.000000s ]
[ 2014-07-07T10:47:36+08:00 ] SQL: SHOW COLUMNS FROM `account_pay` [ RunTime:0.007000s ]
[ 2014-07-07T10:47:36+08:00 ] NOTIC: [8] Undefined index: sindate AccountAction.class.php 第 183 行.
[ 2014-07-07T10:47:36+08:00 ] NOTIC: [8] Undefined index: spaystate AccountAction.class.php 第 184 行.
[ 2014-07-07T10:47:36+08:00 ] NOTIC: [8] Undefined index: spaymode AccountAction.class.php 第 185 行.
[ 2014-07-07T10:47:36+08:00 ] SQL: select * from account_pay where code ='13108617' [ RunTime:0.001000s ]
[ 2014-07-07T10:48:16+08:00 ] SQL: SHOW COLUMNS FROM `account_pay` [ RunTime:0.006001s ]
[ 2014-07-07T10:48:16+08:00 ] NOTIC: [8] Undefined index: sindate AccountAction.class.php 第 183 行.
[ 2014-07-07T10:48:16+08:00 ] NOTIC: [8] Undefined index: spaystate AccountAction.class.php 第 184 行.
[ 2014-07-07T10:48:16+08:00 ] NOTIC: [8] Undefined index: spaymode AccountAction.class.php 第 185 行.
[ 2014-07-07T10:48:16+08:00 ] SQL: select * from account_pay where code ='13108617' [ RunTime:0.000000s ]
