[ 2014-03-03T20:00:14+08:00 ] NOTIC: [8] Undefined index: username IndexAction.class.php 第 4 行.
[ 2014-03-03T20:00:14+08:00 ] NOTIC: [8] Undefined index: pwd IndexAction.class.php 第 5 行.
[ 2014-03-03T20:00:59+08:00 ] SQL: SHOW COLUMNS FROM `user` [ RunTime:0.255552s ]
[ 2014-03-03T20:00:59+08:00 ] SQL: SELECT * FROM `user` WHERE ( `username` = '03231' ) LIMIT 1  [ RunTime:0.001553s ]
[ 2014-03-03T20:00:59+08:00 ] SQL: SHOW COLUMNS FROM `msg` [ RunTime:0.223451s ]
[ 2014-03-03T20:01:03+08:00 ] SQL: SELECT COUNT(*) as C FROM (SELECT
		m.id,IFNULL(mr.readerid,0) isread
		FROM
		msg m LEFT JOIN msgreader mr ON m.`id`=mr.`msgid` AND mr.`readerid`=30
		WHERE INSTR(
				CONCAT(',', m.receiversid, ','),
				CONCAT(',', 30, ',')
		) > 0 AND m.code = 13108617) z WHERE z.isread =0 [ RunTime:3.414887s ]
[ 2014-03-03T20:01:04+08:00 ] SQL: SHOW COLUMNS FROM `work` [ RunTime:0.732040s ]
[ 2014-03-03T20:01:06+08:00 ] SQL: SELECT COUNT(*) AS tp_count FROM `work` WHERE code='13108617' and awoke =1 and uid =30 and UNIX_TIMESTAMP(NOW()) - UNIX_TIMESTAMP(DATE_ADD(
			    STR_TO_DATE(
			      CONCAT(
			        DATE(`date`),
			        ' ',
			        ehour,
			        ':',
			        eminute,
			        ':00'
			      ),
			      '%Y-%m-%d %H:%i:%s'
			    ),INTERVAL overday DAY)
			  ) < 0   LIMIT 1  [ RunTime:2.384818s ]
[ 2014-03-03T20:01:07+08:00 ] SQL: SHOW COLUMNS FROM `msgwork` [ RunTime:0.520992s ]
[ 2014-03-03T20:01:07+08:00 ] SQL: SELECT COUNT(*) AS tp_count FROM `msgwork` WHERE code='13108617' and issenderread =0 and senderid =30 LIMIT 1  [ RunTime:0.001400s ]
[ 2014-03-03T20:01:07+08:00 ] SQL: SELECT COUNT(*) AS tp_count FROM `msgwork` WHERE code='13108617' and isreceiverread =0 and receiverid =30 LIMIT 1  [ RunTime:0.001275s ]
[ 2014-03-03T20:01:07+08:00 ] SQL: SELECT m.id,m.`name`,m.`parent_id`,m.`link`,m.`image`,m.`target`,rm.`ext` FROM menu m INNER JOIN role_menu rm ON m.`id`=rm.`mid` WHERE m.parent_id is NULL and pos=1 and rm.`rid`=20 [ RunTime:0.382171s ]
[ 2014-03-03T20:01:07+08:00 ] SQL: SELECT m.id,m.`name`,m.`parent_id`,m.`link`,m.`image`,m.`target`,rm.`ext` FROM menu m INNER JOIN role_menu rm ON m.`id`=rm.`mid` WHERE m.parent_id=1 and rm.`rid`=20 order by ordernumber,id [ RunTime:0.004116s ]
[ 2014-03-03T20:01:07+08:00 ] SQL: SELECT m.id,m.`name`,m.`parent_id`,m.`link`,m.`image`,m.`target`,rm.`ext` FROM menu m INNER JOIN role_menu rm ON m.`id`=rm.`mid` WHERE m.parent_id=2 and rm.`rid`=20 order by ordernumber,id [ RunTime:0.004729s ]
[ 2014-03-03T20:01:07+08:00 ] SQL: SELECT m.id,m.`name`,m.`parent_id`,m.`link`,m.`image`,m.`target`,rm.`ext` FROM menu m INNER JOIN role_menu rm ON m.`id`=rm.`mid` WHERE m.parent_id=6 and rm.`rid`=20 order by ordernumber,id [ RunTime:0.004715s ]
[ 2014-03-03T20:01:07+08:00 ] SQL: SELECT m.id,m.`name`,m.`parent_id`,m.`link`,m.`image`,m.`target`,rm.`ext` FROM menu m INNER JOIN role_menu rm ON m.`id`=rm.`mid` WHERE m.parent_id=7 and rm.`rid`=20 order by ordernumber,id [ RunTime:0.003914s ]
[ 2014-03-03T20:01:07+08:00 ] SQL: SELECT m.id,m.`name`,m.`parent_id`,m.`link`,m.`image`,m.`target`,rm.`ext` FROM menu m INNER JOIN role_menu rm ON m.`id`=rm.`mid` WHERE m.parent_id=8 and rm.`rid`=20 order by ordernumber,id [ RunTime:0.004104s ]
[ 2014-03-03T20:01:07+08:00 ] SQL: SELECT m.id,m.`name`,m.`parent_id`,m.`link`,m.`image`,m.`target`,rm.`ext` FROM menu m INNER JOIN role_menu rm ON m.`id`=rm.`mid` WHERE m.parent_id=34 and rm.`rid`=20 order by ordernumber,id [ RunTime:0.004327s ]
[ 2014-03-03T20:01:07+08:00 ] SQL: SELECT m.id,m.`name`,m.`parent_id`,m.`link`,m.`image`,m.`target`,rm.`ext` FROM menu m INNER JOIN role_menu rm ON m.`id`=rm.`mid` WHERE m.parent_id=35 and rm.`rid`=20 order by ordernumber,id [ RunTime:0.004228s ]
[ 2014-03-03T20:01:07+08:00 ] SQL: SELECT m.id,m.`name`,m.`parent_id`,m.`link`,m.`image`,m.`target`,rm.`ext` FROM menu m INNER JOIN role_menu rm ON m.`id`=rm.`mid` WHERE m.parent_id=36 and rm.`rid`=20 order by ordernumber,id [ RunTime:0.004014s ]
[ 2014-03-03T20:01:07+08:00 ] SQL: SELECT m.id,m.`name`,m.`parent_id`,m.`link`,m.`image`,m.`target`,rm.`ext` FROM menu m INNER JOIN role_menu rm ON m.`id`=rm.`mid` WHERE m.parent_id=39 and rm.`rid`=20 order by ordernumber,id [ RunTime:0.004099s ]
[ 2014-03-03T20:01:07+08:00 ] SQL: SELECT m.id,m.`name`,m.`parent_id`,m.`link`,m.`image`,m.`target`,rm.`ext` FROM menu m INNER JOIN role_menu rm ON m.`id`=rm.`mid` WHERE m.parent_id=42 and rm.`rid`=20 order by ordernumber,id [ RunTime:0.004162s ]
[ 2014-03-03T20:01:07+08:00 ] SQL: SELECT m.id,m.`name`,m.`parent_id`,m.`link`,m.`image`,m.`target`,rm.`ext` FROM menu m INNER JOIN role_menu rm ON m.`id`=rm.`mid` WHERE m.parent_id=45 and rm.`rid`=20 order by ordernumber,id [ RunTime:0.004312s ]
[ 2014-03-03T20:01:07+08:00 ] SQL: SELECT m.id,m.`name`,m.`parent_id`,m.`link`,m.`image`,m.`target`,rm.`ext` FROM menu m INNER JOIN role_menu rm ON m.`id`=rm.`mid` WHERE m.parent_id=51 and rm.`rid`=20 order by ordernumber,id [ RunTime:0.004599s ]
[ 2014-03-03T20:01:07+08:00 ] SQL: SELECT m.id,m.`name`,m.`parent_id`,m.`link`,m.`image`,m.`target`,rm.`ext` FROM menu m INNER JOIN role_menu rm ON m.`id`=rm.`mid` WHERE m.parent_id=108 and rm.`rid`=20 order by ordernumber,id [ RunTime:0.004142s ]
[ 2014-03-03T20:01:07+08:00 ] SQL: SELECT m.id,m.`name`,m.`parent_id`,m.`link`,m.`image`,m.`target`,rm.`ext` FROM menu m INNER JOIN role_menu rm ON m.`id`=rm.`mid` WHERE m.parent_id=111 and rm.`rid`=20 order by ordernumber,id [ RunTime:0.005171s ]
[ 2014-03-03T20:01:07+08:00 ] SQL: SELECT m.id,m.`name`,m.`parent_id`,m.`link`,m.`image`,m.`target`,rm.`ext` FROM menu m INNER JOIN role_menu rm ON m.`id`=rm.`mid` WHERE m.parent_id=115 and rm.`rid`=20 order by ordernumber,id [ RunTime:0.005742s ]
[ 2014-03-03T20:01:07+08:00 ] SQL: SELECT m.id,m.`name`,m.`parent_id`,m.`link`,m.`image`,m.`target`,rm.`ext` FROM menu m INNER JOIN role_menu rm ON m.`id`=rm.`mid` WHERE m.parent_id=59 and rm.`rid`=20 order by ordernumber,id [ RunTime:0.004063s ]
[ 2014-03-03T20:01:07+08:00 ] SQL: SELECT m.id,m.`name`,m.`parent_id`,m.`link`,m.`image`,m.`target`,rm.`ext` FROM menu m INNER JOIN role_menu rm ON m.`id`=rm.`mid` WHERE m.parent_id is NULL and pos=0 and rm.`rid`=20 [ RunTime:0.004914s ]
[ 2014-03-03T20:01:07+08:00 ] SQL: SELECT m.id,m.`name`,m.`parent_id`,m.`link`,m.`image`,m.`target`,rm.`ext` FROM menu m INNER JOIN role_menu rm ON m.`id`=rm.`mid` WHERE m.parent_id=15 and rm.`rid`=20 order by ordernumber,id [ RunTime:0.004177s ]
[ 2014-03-03T20:01:07+08:00 ] SQL: SELECT m.id,m.`name`,m.`parent_id`,m.`link`,m.`image`,m.`target`,rm.`ext` FROM menu m INNER JOIN role_menu rm ON m.`id`=rm.`mid` WHERE m.parent_id=16 and rm.`rid`=20 order by ordernumber,id [ RunTime:0.004623s ]
[ 2014-03-03T20:01:07+08:00 ] SQL: SELECT m.id,m.`name`,m.`parent_id`,m.`link`,m.`image`,m.`target`,rm.`ext` FROM menu m INNER JOIN role_menu rm ON m.`id`=rm.`mid` WHERE m.parent_id=19 and rm.`rid`=20 order by ordernumber,id [ RunTime:0.003976s ]
[ 2014-03-03T20:01:07+08:00 ] SQL: SELECT m.id,m.`name`,m.`parent_id`,m.`link`,m.`image`,m.`target`,rm.`ext` FROM menu m INNER JOIN role_menu rm ON m.`id`=rm.`mid` WHERE m.parent_id=24 and rm.`rid`=20 order by ordernumber,id [ RunTime:0.004020s ]
[ 2014-03-03T20:01:07+08:00 ] SQL: SELECT m.id,m.`name`,m.`parent_id`,m.`link`,m.`image`,m.`target`,rm.`ext` FROM menu m INNER JOIN role_menu rm ON m.`id`=rm.`mid` WHERE m.parent_id=27 and rm.`rid`=20 order by ordernumber,id [ RunTime:0.004854s ]
[ 2014-03-03T20:01:07+08:00 ] SQL: SELECT m.id,m.`name`,m.`parent_id`,m.`link`,m.`image`,m.`target`,rm.`ext` FROM menu m INNER JOIN role_menu rm ON m.`id`=rm.`mid` WHERE m.parent_id=31 and rm.`rid`=20 order by ordernumber,id [ RunTime:0.004027s ]
[ 2014-03-03T20:01:07+08:00 ] SQL: SELECT m.id,m.`name`,m.`parent_id`,m.`link`,m.`image`,m.`target`,rm.`ext` FROM menu m INNER JOIN role_menu rm ON m.`id`=rm.`mid` WHERE m.parent_id is NULL and (pos=2 OR m.name='專案管理') and rm.`rid`=20 [ RunTime:0.004296s ]
[ 2014-03-03T20:01:07+08:00 ] SQL: SELECT m.id,m.`name`,m.`parent_id`,m.`link`,m.`image`,m.`target`,rm.`ext` FROM menu m INNER JOIN role_menu rm ON m.`id`=rm.`mid` WHERE m.parent_id=59 and rm.`rid`=20 order by ordernumber,id [ RunTime:0.004228s ]
[ 2014-03-03T20:01:07+08:00 ] SQL: SELECT m.id,m.`name`,m.`parent_id`,m.`link`,m.`image`,m.`target`,rm.`ext` FROM menu m INNER JOIN role_menu rm ON m.`id`=rm.`mid` WHERE m.parent_id=69 and rm.`rid`=20 order by ordernumber,id [ RunTime:0.004220s ]
[ 2014-03-03T20:01:07+08:00 ] SQL: SELECT m.id,m.`name`,m.`parent_id`,m.`link`,m.`image`,m.`target`,rm.`ext` FROM menu m INNER JOIN role_menu rm ON m.`id`=rm.`mid` WHERE m.parent_id=76 and rm.`rid`=20 order by ordernumber,id [ RunTime:0.003921s ]
[ 2014-03-03T20:01:07+08:00 ] SQL: SELECT m.id,m.`name`,m.`parent_id`,m.`link`,m.`image`,m.`target`,rm.`ext` FROM menu m INNER JOIN role_menu rm ON m.`id`=rm.`mid` WHERE m.parent_id=79 and rm.`rid`=20 order by ordernumber,id [ RunTime:0.004773s ]
[ 2014-03-03T20:01:07+08:00 ] SQL: SELECT m.id,m.`name`,m.`parent_id`,m.`link`,m.`image`,m.`target`,rm.`ext` FROM menu m INNER JOIN role_menu rm ON m.`id`=rm.`mid` WHERE m.parent_id=87 and rm.`rid`=20 order by ordernumber,id [ RunTime:0.004547s ]
[ 2014-03-03T20:01:07+08:00 ] SQL: SELECT m.id,m.`name`,m.`parent_id`,m.`link`,m.`image`,m.`target`,rm.`ext` FROM menu m INNER JOIN role_menu rm ON m.`id`=rm.`mid` WHERE m.parent_id=101 and rm.`rid`=20 order by ordernumber,id [ RunTime:0.004580s ]
[ 2014-03-03T20:01:07+08:00 ] SQL: SELECT m.id,m.`name`,m.`parent_id`,m.`link`,m.`image`,m.`target`,rm.`ext` FROM menu m INNER JOIN role_menu rm ON m.`id`=rm.`mid` WHERE m.parent_id=107 and rm.`rid`=20 order by ordernumber,id [ RunTime:0.004663s ]
[ 2014-03-03T20:01:08+08:00 ] NOTIC: [8] Undefined index: exts BaseAction.class.php 第 80 行.
[ 2014-03-03T20:01:08+08:00 ] SQL: SELECT 
			  rm.*,
			  m.`link` 
			FROM
			  `menu` m 
			  INNER JOIN `role_menu` rm 
			    ON m.`id` = rm.`mid` 
			WHERE rm.`rid` = 20 
			  AND m.`ext` IS NOT NULL  [ RunTime:0.004662s ]
[ 2014-03-03T20:01:08+08:00 ] SQL: SHOW COLUMNS FROM `msg` [ RunTime:0.008424s ]
[ 2014-03-03T20:01:08+08:00 ] SQL: SELECT 
			  m.*,IFNULL(mr.readerid,0) isread 
			FROM
			  msg m LEFT JOIN msgreader mr ON m.`id`=mr.`msgid` AND mr.`readerid`=30
			WHERE INSTR(
			    CONCAT(',', m.receiversid, ','),
			    CONCAT(',', 30, ',')
			  ) > 0 AND m.code = 13108617 [ RunTime:0.079468s ]
[ 2014-03-03T20:01:08+08:00 ] SQL: SELECT 
			  m.*,IFNULL(mr.readerid,0) isread 
			FROM
			  msg m LEFT JOIN msgreader mr ON m.`id`=mr.`msgid` AND mr.`readerid`=30
			WHERE INSTR(
			    CONCAT(',', m.receiversid, ','),
			    CONCAT(',', 30, ',')
			  ) > 0 AND m.code = 13108617 limit 0,20 [ RunTime:0.083043s ]
[ 2014-03-03T20:01:40+08:00 ] SQL: SELECT * FROM user WHERE depart=(SELECT depart FROM user WHERE id=30) [ RunTime:0.373394s ]
[ 2014-03-03T20:01:40+08:00 ] SQL: select * from depart where `code` = '13108617' [ RunTime:0.169093s ]
[ 2014-03-03T20:01:40+08:00 ] NOTIC: [8] Undefined index: sdate BaseAction.class.php 第 241 行.
[ 2014-03-03T20:01:40+08:00 ] NOTIC: [8] Undefined index: edate BaseAction.class.php 第 241 行.
[ 2014-03-03T20:01:40+08:00 ] NOTIC: [8] Undefined index: depart BaseAction.class.php 第 241 行.
[ 2014-03-03T20:01:40+08:00 ] NOTIC: [8] Undefined index: team BaseAction.class.php 第 241 行.
[ 2014-03-03T20:01:41+08:00 ] SQL: SELECT c.*,TIMEDIFF(c.downtime,c.ontime) difftime,u.id as userid,u.`name`,u.`ucode` FROM `check` c INNER JOIN `user`  u ON c.`uid`=u.`id` WHERE 1=1  and u.depart=20 [ RunTime:0.765039s ]
[ 2014-03-03T20:01:42+08:00 ] SQL: SELECT c.*,TIMEDIFF(c.downtime,c.ontime) difftime,u.id as userid,u.`name`,u.`ucode` FROM `check` c INNER JOIN `user`  u ON c.`uid`=u.`id` WHERE 1=1  and u.depart=20 order by c.id desc  limit 0,20 [ RunTime:0.001199s ]
[ 2014-03-03T20:01:42+08:00 ] NOTIC: [8] Undefined variable: team ad2fc65979b2686ffcb34de24ea0af3b.php 第 11 行.
[ 2014-03-03T20:01:42+08:00 ] NOTIC: [8] Undefined variable: sdate ad2fc65979b2686ffcb34de24ea0af3b.php 第 193 行.
[ 2014-03-03T20:01:42+08:00 ] NOTIC: [8] Undefined variable: edate ad2fc65979b2686ffcb34de24ea0af3b.php 第 193 行.
[ 2014-03-03T20:01:43+08:00 ] SQL: SHOW COLUMNS FROM `team` [ RunTime:0.166930s ]
[ 2014-03-03T20:01:43+08:00 ] SQL: SELECT * FROM `team` WHERE depart=20 [ RunTime:0.001010s ]
[ 2014-03-03T20:01:45+08:00 ] NOTIC: [8] Undefined index: sdate BaseAction.class.php 第 241 行.
[ 2014-03-03T20:01:45+08:00 ] NOTIC: [8] Undefined index: edate BaseAction.class.php 第 241 行.
[ 2014-03-03T20:01:45+08:00 ] SQL: SELECT c.*,u.`name`,u.`ucode` FROM `check` c INNER JOIN `user`  u ON c.`uid`=u.`id` WHERE 1=1  and u.id=321 [ RunTime:0.004787s ]
[ 2014-03-03T20:01:45+08:00 ] SQL: SELECT c.*,u.`name`,u.`ucode` FROM `check` c INNER JOIN `user`  u ON c.`uid`=u.`id` WHERE 1=1  and u.id=321 limit 0,20 [ RunTime:0.001788s ]
[ 2014-03-03T20:01:46+08:00 ] NOTIC: [8] Undefined variable: sdate fd22a9b4bf0c3b1a3e46e4a9d51a59c1.php 第 145 行.
[ 2014-03-03T20:01:46+08:00 ] NOTIC: [8] Undefined variable: edate fd22a9b4bf0c3b1a3e46e4a9d51a59c1.php 第 145 行.
[ 2014-03-03T20:02:49+08:00 ] SQL: SELECT c.*,u.`name`,u.`ucode` FROM `check` c INNER JOIN `user`  u ON c.`uid`=u.`id` WHERE 1=1  and u.id=321 and c.date>='2013-09-03' and c.date<='2014-03-03 23:59:59' [ RunTime:0.004532s ]
[ 2014-03-03T20:02:49+08:00 ] SQL: SELECT c.*,u.`name`,u.`ucode` FROM `check` c INNER JOIN `user`  u ON c.`uid`=u.`id` WHERE 1=1  and u.id=321 and c.date>='2013-09-03' and c.date<='2014-03-03 23:59:59' limit 0,20 [ RunTime:0.001884s ]
[ 2014-03-03T20:02:55+08:00 ] SQL: SELECT c.*,u.`name`,u.`ucode` FROM `check` c INNER JOIN `user`  u ON c.`uid`=u.`id` WHERE 1=1  and u.id=321 and c.date>='2013-09-03' and c.date<='2014-03-03 23:59:59' [ RunTime:0.010169s ]
[ 2014-03-03T20:02:55+08:00 ] SQL: SELECT c.*,u.`name`,u.`ucode` FROM `check` c INNER JOIN `user`  u ON c.`uid`=u.`id` WHERE 1=1  and u.id=321 and c.date>='2013-09-03' and c.date<='2014-03-03 23:59:59' limit 0,20 [ RunTime:0.002705s ]
[ 2014-03-03T20:04:11+08:00 ] SQL: SELECT * FROM user WHERE depart=(SELECT depart FROM user WHERE id=30) [ RunTime:0.004806s ]
[ 2014-03-03T20:04:11+08:00 ] SQL: select * from depart where `code` = '13108617' [ RunTime:0.000823s ]
[ 2014-03-03T20:04:11+08:00 ] NOTIC: [8] Undefined index: sdate CheckAction.class.php 第 223 行.
[ 2014-03-03T20:04:11+08:00 ] NOTIC: [8] Undefined index: edate CheckAction.class.php 第 224 行.
[ 2014-03-03T20:04:11+08:00 ] NOTIC: [8] Undefined index: depart CheckAction.class.php 第 225 行.
[ 2014-03-03T20:04:11+08:00 ] NOTIC: [8] Undefined index: team CheckAction.class.php 第 226 行.
[ 2014-03-03T20:04:11+08:00 ] SQL: SELECT c.*,TIMEDIFF(c.downtime,c.ontime) difftime,u.id as userid,u.`name`,u.`ucode` FROM `check` c INNER JOIN `user`  u ON c.`uid`=u.`id` WHERE 1=1  and u.depart=20 and u.team=39 [ RunTime:0.021243s ]
[ 2014-03-03T20:04:11+08:00 ] SQL: SELECT c.*,TIMEDIFF(c.downtime,c.ontime) difftime,u.id as userid,u.`name`,u.`ucode` FROM `check` c INNER JOIN `user`  u ON c.`uid`=u.`id` WHERE 1=1  and u.depart=20 and u.team=39 order by c.id desc  limit 0,20 [ RunTime:0.001287s ]
[ 2014-03-03T20:04:12+08:00 ] NOTIC: [8] Undefined variable: sdate 3021a20df15dd790fbbeb72c17596457.php 第 190 行.
[ 2014-03-03T20:04:12+08:00 ] NOTIC: [8] Undefined variable: edate 3021a20df15dd790fbbeb72c17596457.php 第 190 行.
[ 2014-03-03T20:04:12+08:00 ] SQL: SHOW COLUMNS FROM `team` [ RunTime:0.007897s ]
[ 2014-03-03T20:04:12+08:00 ] SQL: SELECT * FROM `team` WHERE depart=20 [ RunTime:0.000993s ]
[ 2014-03-03T20:04:14+08:00 ] NOTIC: [8] Undefined index: sdate BaseAction.class.php 第 241 行.
[ 2014-03-03T20:04:14+08:00 ] NOTIC: [8] Undefined index: edate BaseAction.class.php 第 241 行.
[ 2014-03-03T20:04:14+08:00 ] SQL: SELECT c.*,u.`name`,u.`ucode` FROM `check` c INNER JOIN `user`  u ON c.`uid`=u.`id` WHERE 1=1  and u.id=73 [ RunTime:0.004168s ]
[ 2014-03-03T20:04:14+08:00 ] SQL: SELECT c.*,u.`name`,u.`ucode` FROM `check` c INNER JOIN `user`  u ON c.`uid`=u.`id` WHERE 1=1  and u.id=73 limit 0,20 [ RunTime:0.001647s ]
[ 2014-03-03T20:04:15+08:00 ] NOTIC: [8] Undefined variable: sdate fd22a9b4bf0c3b1a3e46e4a9d51a59c1.php 第 145 行.
[ 2014-03-03T20:04:15+08:00 ] NOTIC: [8] Undefined variable: edate fd22a9b4bf0c3b1a3e46e4a9d51a59c1.php 第 145 行.
[ 2014-03-03T20:05:14+08:00 ] NOTIC: [8] Undefined index: sdate BaseAction.class.php 第 241 行.
[ 2014-03-03T20:05:14+08:00 ] NOTIC: [8] Undefined index: edate BaseAction.class.php 第 241 行.
[ 2014-03-03T20:05:14+08:00 ] SQL: SELECT c.*,u.`name`,u.`ucode` FROM `check` c INNER JOIN `user`  u ON c.`uid`=u.`id` WHERE 1=1  and u.id=73 [ RunTime:0.004265s ]
[ 2014-03-03T20:05:14+08:00 ] SQL: SELECT c.*,u.`name`,u.`ucode` FROM `check` c INNER JOIN `user`  u ON c.`uid`=u.`id` WHERE 1=1  and u.id=73 order by c.date desc limit 0,20 [ RunTime:0.004221s ]
[ 2014-03-03T20:05:14+08:00 ] NOTIC: [8] Undefined variable: sdate fd22a9b4bf0c3b1a3e46e4a9d51a59c1.php 第 145 行.
[ 2014-03-03T20:05:14+08:00 ] NOTIC: [8] Undefined variable: edate fd22a9b4bf0c3b1a3e46e4a9d51a59c1.php 第 145 行.
[ 2014-03-03T20:05:34+08:00 ] NOTIC: [8] Undefined index: stocktype BaseAction.class.php 第 241 行.
[ 2014-03-03T20:05:34+08:00 ] SQL: SELECT 
		  IF(
		    ISNULL(sc.inwarehousecode),
		    sc.outwarehousecode,
		    sc.inwarehousecode
		  ) warehousecode ,
		  IF(
		    ISNULL(sc.inwarehousename),
		    sc.outwarehousename,
		    sc.inwarehousename
		  ) warehousename,
		    IF(
		    ISNULL(sc.indate),
		    sc.outdate,
		    sc.indate
		  ) dodate,
		  sc.`type`,
		  sc.`state`,sc.id
		  
		FROM
		  `stock_change` sc  WHERE sc.`code`= '13108617' [ RunTime:0.291590s ]
[ 2014-03-03T20:05:34+08:00 ] SQL: SELECT 
		  IF(
		    ISNULL(sc.inwarehousecode),
		    sc.outwarehousecode,
		    sc.inwarehousecode
		  ) warehousecode ,
		  IF(
		    ISNULL(sc.inwarehousename),
		    sc.outwarehousename,
		    sc.inwarehousename
		  ) warehousename,
		    IF(
		    ISNULL(sc.indate),
		    sc.outdate,
		    sc.indate
		  ) dodate,
		  sc.`type`,
		  sc.`state`,sc.id
		  
		FROM
		  `stock_change` sc  WHERE sc.`code`= '13108617' limit 0,20 [ RunTime:0.001260s ]
[ 2014-03-03T20:06:56+08:00 ] SQL: SHOW COLUMNS FROM `stock_out_type` [ RunTime:0.505539s ]
[ 2014-03-03T20:06:56+08:00 ] SQL: SELECT * FROM `stock_out_type` WHERE code ='13108617' [ RunTime:0.000825s ]
[ 2014-03-03T20:06:57+08:00 ] NOTIC: [8] Undefined variable: list 0596615bec4f0f25509318d80771481b.php 第 332 行.
[ 2014-03-03T20:06:57+08:00 ] NOTIC: [8] Undefined variable: total 0596615bec4f0f25509318d80771481b.php 第 345 行.
