[ 2014-02-18T09:40:58+08:00 ] NOTIC: [8] Undefined index: username IndexAction.class.php 第 4 行.
[ 2014-02-18T09:40:58+08:00 ] NOTIC: [8] Undefined index: pwd IndexAction.class.php 第 5 行.
[ 2014-02-18T09:41:12+08:00 ] SQL: SHOW COLUMNS FROM `user` [ RunTime:0.045066s ]
[ 2014-02-18T09:41:12+08:00 ] SQL: SELECT * FROM `user` WHERE ( `username` = '03231' ) LIMIT 1  [ RunTime:0.001450s ]
[ 2014-02-18T09:41:12+08:00 ] SQL: SHOW COLUMNS FROM `msg` [ RunTime:0.131893s ]
[ 2014-02-18T09:41:13+08:00 ] SQL: SELECT COUNT(*) as C FROM (SELECT
		m.id,IFNULL(mr.readerid,0) isread
		FROM
		msg m LEFT JOIN msgreader mr ON m.`id`=mr.`msgid` AND mr.`readerid`=30
		WHERE INSTR(
				CONCAT(',', m.receiversid, ','),
				CONCAT(',', 30, ',')
		) > 0 AND m.code = 13108617) z WHERE z.isread =0 [ RunTime:0.162648s ]
[ 2014-02-18T09:41:13+08:00 ] SQL: SHOW COLUMNS FROM `work` [ RunTime:0.096177s ]
[ 2014-02-18T09:41:13+08:00 ] SQL: SELECT COUNT(*) AS tp_count FROM `work` WHERE code='13108617' and awoke =1 and uid =30 and UNIX_TIMESTAMP(NOW()) - UNIX_TIMESTAMP(DATE_ADD(
			    STR_TO_DATE(
			      CONCAT(
			        DATE(`date`),
			        ' ',
			        ehour,
			        ':',
			        eminute,
			        ':00'
			      ),
			      '%Y-%m-%d %H:%i:%s'
			    ),INTERVAL overday DAY)
			  ) < 0   LIMIT 1  [ RunTime:0.556712s ]
[ 2014-02-18T09:41:13+08:00 ] SQL: SHOW COLUMNS FROM `msgwork` [ RunTime:0.044321s ]
[ 2014-02-18T09:41:13+08:00 ] SQL: SELECT COUNT(*) AS tp_count FROM `msgwork` WHERE code='13108617' and issenderread =0 and senderid =30 LIMIT 1  [ RunTime:0.001523s ]
[ 2014-02-18T09:41:13+08:00 ] SQL: SELECT COUNT(*) AS tp_count FROM `msgwork` WHERE code='13108617' and isreceiverread =0 and receiverid =30 LIMIT 1  [ RunTime:0.001391s ]
[ 2014-02-18T09:41:14+08:00 ] SQL: SELECT m.id,m.`name`,m.`parent_id`,m.`link`,m.`image`,m.`target`,rm.`ext` FROM menu m INNER JOIN role_menu rm ON m.`id`=rm.`mid` WHERE m.parent_id is NULL and pos=1 and rm.`rid`=20 [ RunTime:0.118235s ]
[ 2014-02-18T09:41:14+08:00 ] SQL: SELECT m.id,m.`name`,m.`parent_id`,m.`link`,m.`image`,m.`target`,rm.`ext` FROM menu m INNER JOIN role_menu rm ON m.`id`=rm.`mid` WHERE m.parent_id=1 and rm.`rid`=20 order by ordernumber,id [ RunTime:0.005171s ]
[ 2014-02-18T09:41:14+08:00 ] SQL: SELECT m.id,m.`name`,m.`parent_id`,m.`link`,m.`image`,m.`target`,rm.`ext` FROM menu m INNER JOIN role_menu rm ON m.`id`=rm.`mid` WHERE m.parent_id=2 and rm.`rid`=20 order by ordernumber,id [ RunTime:0.007419s ]
[ 2014-02-18T09:41:14+08:00 ] SQL: SELECT m.id,m.`name`,m.`parent_id`,m.`link`,m.`image`,m.`target`,rm.`ext` FROM menu m INNER JOIN role_menu rm ON m.`id`=rm.`mid` WHERE m.parent_id=6 and rm.`rid`=20 order by ordernumber,id [ RunTime:0.005370s ]
[ 2014-02-18T09:41:14+08:00 ] SQL: SELECT m.id,m.`name`,m.`parent_id`,m.`link`,m.`image`,m.`target`,rm.`ext` FROM menu m INNER JOIN role_menu rm ON m.`id`=rm.`mid` WHERE m.parent_id=7 and rm.`rid`=20 order by ordernumber,id [ RunTime:0.004217s ]
[ 2014-02-18T09:41:14+08:00 ] SQL: SELECT m.id,m.`name`,m.`parent_id`,m.`link`,m.`image`,m.`target`,rm.`ext` FROM menu m INNER JOIN role_menu rm ON m.`id`=rm.`mid` WHERE m.parent_id=8 and rm.`rid`=20 order by ordernumber,id [ RunTime:0.004909s ]
[ 2014-02-18T09:41:14+08:00 ] SQL: SELECT m.id,m.`name`,m.`parent_id`,m.`link`,m.`image`,m.`target`,rm.`ext` FROM menu m INNER JOIN role_menu rm ON m.`id`=rm.`mid` WHERE m.parent_id=34 and rm.`rid`=20 order by ordernumber,id [ RunTime:0.004804s ]
[ 2014-02-18T09:41:14+08:00 ] SQL: SELECT m.id,m.`name`,m.`parent_id`,m.`link`,m.`image`,m.`target`,rm.`ext` FROM menu m INNER JOIN role_menu rm ON m.`id`=rm.`mid` WHERE m.parent_id=35 and rm.`rid`=20 order by ordernumber,id [ RunTime:0.004577s ]
[ 2014-02-18T09:41:14+08:00 ] SQL: SELECT m.id,m.`name`,m.`parent_id`,m.`link`,m.`image`,m.`target`,rm.`ext` FROM menu m INNER JOIN role_menu rm ON m.`id`=rm.`mid` WHERE m.parent_id=36 and rm.`rid`=20 order by ordernumber,id [ RunTime:0.005134s ]
[ 2014-02-18T09:41:14+08:00 ] SQL: SELECT m.id,m.`name`,m.`parent_id`,m.`link`,m.`image`,m.`target`,rm.`ext` FROM menu m INNER JOIN role_menu rm ON m.`id`=rm.`mid` WHERE m.parent_id=39 and rm.`rid`=20 order by ordernumber,id [ RunTime:0.004597s ]
[ 2014-02-18T09:41:14+08:00 ] SQL: SELECT m.id,m.`name`,m.`parent_id`,m.`link`,m.`image`,m.`target`,rm.`ext` FROM menu m INNER JOIN role_menu rm ON m.`id`=rm.`mid` WHERE m.parent_id=42 and rm.`rid`=20 order by ordernumber,id [ RunTime:0.004726s ]
[ 2014-02-18T09:41:14+08:00 ] SQL: SELECT m.id,m.`name`,m.`parent_id`,m.`link`,m.`image`,m.`target`,rm.`ext` FROM menu m INNER JOIN role_menu rm ON m.`id`=rm.`mid` WHERE m.parent_id=45 and rm.`rid`=20 order by ordernumber,id [ RunTime:0.008264s ]
[ 2014-02-18T09:41:14+08:00 ] SQL: SELECT m.id,m.`name`,m.`parent_id`,m.`link`,m.`image`,m.`target`,rm.`ext` FROM menu m INNER JOIN role_menu rm ON m.`id`=rm.`mid` WHERE m.parent_id=51 and rm.`rid`=20 order by ordernumber,id [ RunTime:0.004348s ]
[ 2014-02-18T09:41:14+08:00 ] SQL: SELECT m.id,m.`name`,m.`parent_id`,m.`link`,m.`image`,m.`target`,rm.`ext` FROM menu m INNER JOIN role_menu rm ON m.`id`=rm.`mid` WHERE m.parent_id=108 and rm.`rid`=20 order by ordernumber,id [ RunTime:0.004776s ]
[ 2014-02-18T09:41:14+08:00 ] SQL: SELECT m.id,m.`name`,m.`parent_id`,m.`link`,m.`image`,m.`target`,rm.`ext` FROM menu m INNER JOIN role_menu rm ON m.`id`=rm.`mid` WHERE m.parent_id=111 and rm.`rid`=20 order by ordernumber,id [ RunTime:0.004276s ]
[ 2014-02-18T09:41:14+08:00 ] SQL: SELECT m.id,m.`name`,m.`parent_id`,m.`link`,m.`image`,m.`target`,rm.`ext` FROM menu m INNER JOIN role_menu rm ON m.`id`=rm.`mid` WHERE m.parent_id=115 and rm.`rid`=20 order by ordernumber,id [ RunTime:0.005047s ]
[ 2014-02-18T09:41:14+08:00 ] SQL: SELECT m.id,m.`name`,m.`parent_id`,m.`link`,m.`image`,m.`target`,rm.`ext` FROM menu m INNER JOIN role_menu rm ON m.`id`=rm.`mid` WHERE m.parent_id=59 and rm.`rid`=20 order by ordernumber,id [ RunTime:0.004843s ]
[ 2014-02-18T09:41:14+08:00 ] SQL: SELECT m.id,m.`name`,m.`parent_id`,m.`link`,m.`image`,m.`target`,rm.`ext` FROM menu m INNER JOIN role_menu rm ON m.`id`=rm.`mid` WHERE m.parent_id is NULL and pos=0 and rm.`rid`=20 [ RunTime:0.004217s ]
[ 2014-02-18T09:41:14+08:00 ] SQL: SELECT m.id,m.`name`,m.`parent_id`,m.`link`,m.`image`,m.`target`,rm.`ext` FROM menu m INNER JOIN role_menu rm ON m.`id`=rm.`mid` WHERE m.parent_id=15 and rm.`rid`=20 order by ordernumber,id [ RunTime:0.004730s ]
[ 2014-02-18T09:41:14+08:00 ] SQL: SELECT m.id,m.`name`,m.`parent_id`,m.`link`,m.`image`,m.`target`,rm.`ext` FROM menu m INNER JOIN role_menu rm ON m.`id`=rm.`mid` WHERE m.parent_id=16 and rm.`rid`=20 order by ordernumber,id [ RunTime:0.004248s ]
[ 2014-02-18T09:41:14+08:00 ] SQL: SELECT m.id,m.`name`,m.`parent_id`,m.`link`,m.`image`,m.`target`,rm.`ext` FROM menu m INNER JOIN role_menu rm ON m.`id`=rm.`mid` WHERE m.parent_id=19 and rm.`rid`=20 order by ordernumber,id [ RunTime:0.004554s ]
[ 2014-02-18T09:41:14+08:00 ] SQL: SELECT m.id,m.`name`,m.`parent_id`,m.`link`,m.`image`,m.`target`,rm.`ext` FROM menu m INNER JOIN role_menu rm ON m.`id`=rm.`mid` WHERE m.parent_id=24 and rm.`rid`=20 order by ordernumber,id [ RunTime:0.004404s ]
[ 2014-02-18T09:41:14+08:00 ] SQL: SELECT m.id,m.`name`,m.`parent_id`,m.`link`,m.`image`,m.`target`,rm.`ext` FROM menu m INNER JOIN role_menu rm ON m.`id`=rm.`mid` WHERE m.parent_id=27 and rm.`rid`=20 order by ordernumber,id [ RunTime:0.004402s ]
[ 2014-02-18T09:41:14+08:00 ] SQL: SELECT m.id,m.`name`,m.`parent_id`,m.`link`,m.`image`,m.`target`,rm.`ext` FROM menu m INNER JOIN role_menu rm ON m.`id`=rm.`mid` WHERE m.parent_id=31 and rm.`rid`=20 order by ordernumber,id [ RunTime:0.004164s ]
[ 2014-02-18T09:41:14+08:00 ] SQL: SELECT m.id,m.`name`,m.`parent_id`,m.`link`,m.`image`,m.`target`,rm.`ext` FROM menu m INNER JOIN role_menu rm ON m.`id`=rm.`mid` WHERE m.parent_id is NULL and (pos=2 OR m.name='專案管理') and rm.`rid`=20 [ RunTime:0.004444s ]
[ 2014-02-18T09:41:14+08:00 ] SQL: SELECT m.id,m.`name`,m.`parent_id`,m.`link`,m.`image`,m.`target`,rm.`ext` FROM menu m INNER JOIN role_menu rm ON m.`id`=rm.`mid` WHERE m.parent_id=59 and rm.`rid`=20 order by ordernumber,id [ RunTime:0.004727s ]
[ 2014-02-18T09:41:14+08:00 ] SQL: SELECT m.id,m.`name`,m.`parent_id`,m.`link`,m.`image`,m.`target`,rm.`ext` FROM menu m INNER JOIN role_menu rm ON m.`id`=rm.`mid` WHERE m.parent_id=69 and rm.`rid`=20 order by ordernumber,id [ RunTime:0.005109s ]
[ 2014-02-18T09:41:14+08:00 ] SQL: SELECT m.id,m.`name`,m.`parent_id`,m.`link`,m.`image`,m.`target`,rm.`ext` FROM menu m INNER JOIN role_menu rm ON m.`id`=rm.`mid` WHERE m.parent_id=76 and rm.`rid`=20 order by ordernumber,id [ RunTime:0.004501s ]
[ 2014-02-18T09:41:14+08:00 ] SQL: SELECT m.id,m.`name`,m.`parent_id`,m.`link`,m.`image`,m.`target`,rm.`ext` FROM menu m INNER JOIN role_menu rm ON m.`id`=rm.`mid` WHERE m.parent_id=79 and rm.`rid`=20 order by ordernumber,id [ RunTime:0.004429s ]
[ 2014-02-18T09:41:14+08:00 ] SQL: SELECT m.id,m.`name`,m.`parent_id`,m.`link`,m.`image`,m.`target`,rm.`ext` FROM menu m INNER JOIN role_menu rm ON m.`id`=rm.`mid` WHERE m.parent_id=87 and rm.`rid`=20 order by ordernumber,id [ RunTime:0.004595s ]
[ 2014-02-18T09:41:14+08:00 ] SQL: SELECT m.id,m.`name`,m.`parent_id`,m.`link`,m.`image`,m.`target`,rm.`ext` FROM menu m INNER JOIN role_menu rm ON m.`id`=rm.`mid` WHERE m.parent_id=101 and rm.`rid`=20 order by ordernumber,id [ RunTime:0.004392s ]
[ 2014-02-18T09:41:14+08:00 ] SQL: SELECT m.id,m.`name`,m.`parent_id`,m.`link`,m.`image`,m.`target`,rm.`ext` FROM menu m INNER JOIN role_menu rm ON m.`id`=rm.`mid` WHERE m.parent_id=107 and rm.`rid`=20 order by ordernumber,id [ RunTime:0.004171s ]
[ 2014-02-18T09:41:14+08:00 ] NOTIC: [8] Undefined index: exts BaseAction.class.php 第 80 行.
[ 2014-02-18T09:41:14+08:00 ] SQL: SELECT 
			  rm.*,
			  m.`link` 
			FROM
			  `menu` m 
			  INNER JOIN `role_menu` rm 
			    ON m.`id` = rm.`mid` 
			WHERE rm.`rid` = 20 
			  AND m.`ext` IS NOT NULL  [ RunTime:0.005038s ]
[ 2014-02-18T09:41:14+08:00 ] SQL: SHOW COLUMNS FROM `msg` [ RunTime:0.007033s ]
[ 2014-02-18T09:41:14+08:00 ] SQL: SELECT 
			  m.*,IFNULL(mr.readerid,0) isread 
			FROM
			  msg m LEFT JOIN msgreader mr ON m.`id`=mr.`msgid` AND mr.`readerid`=30
			WHERE INSTR(
			    CONCAT(',', m.receiversid, ','),
			    CONCAT(',', 30, ',')
			  ) > 0 AND m.code = 13108617 [ RunTime:0.080215s ]
[ 2014-02-18T09:41:14+08:00 ] SQL: SELECT 
			  m.*,IFNULL(mr.readerid,0) isread 
			FROM
			  msg m LEFT JOIN msgreader mr ON m.`id`=mr.`msgid` AND mr.`readerid`=30
			WHERE INSTR(
			    CONCAT(',', m.receiversid, ','),
			    CONCAT(',', 30, ',')
			  ) > 0 AND m.code = 13108617 limit 0,20 [ RunTime:0.080257s ]
[ 2014-02-18T09:41:53+08:00 ] SQL: SELECT * FROM user WHERE depart=(SELECT depart FROM user WHERE id=30) [ RunTime:0.015633s ]
[ 2014-02-18T09:41:54+08:00 ] SQL: select * from depart where `code` = '13108617' [ RunTime:0.147016s ]
[ 2014-02-18T09:41:54+08:00 ] NOTIC: [8] Undefined index: sdate CheckAction.class.php 第 127 行.
[ 2014-02-18T09:41:54+08:00 ] NOTIC: [8] Undefined index: edate CheckAction.class.php 第 128 行.
[ 2014-02-18T09:41:54+08:00 ] NOTIC: [8] Undefined index: depart CheckAction.class.php 第 129 行.
[ 2014-02-18T09:41:54+08:00 ] NOTIC: [8] Undefined index: team CheckAction.class.php 第 130 行.
[ 2014-02-18T09:41:54+08:00 ] SQL: SELECT c.*,TIMEDIFF(c.downtime,c.ontime) difftime,u.id as userid,u.`name`,u.`ucode` FROM `check` c INNER JOIN `user`  u ON c.`uid`=u.`id` WHERE 1=1  and u.depart=20 [ RunTime:0.102096s ]
[ 2014-02-18T09:41:54+08:00 ] SQL: SELECT c.*,TIMEDIFF(c.downtime,c.ontime) difftime,u.id as userid,u.`name`,u.`ucode` FROM `check` c INNER JOIN `user`  u ON c.`uid`=u.`id` WHERE 1=1  and u.depart=20 order by c.id desc  limit 0,20 [ RunTime:0.001158s ]
[ 2014-02-18T09:41:55+08:00 ] NOTIC: [8] Undefined variable: team ad2fc65979b2686ffcb34de24ea0af3b.php 第 11 行.
[ 2014-02-18T09:41:55+08:00 ] NOTIC: [8] Undefined variable: sdate ad2fc65979b2686ffcb34de24ea0af3b.php 第 193 行.
[ 2014-02-18T09:41:55+08:00 ] NOTIC: [8] Undefined variable: edate ad2fc65979b2686ffcb34de24ea0af3b.php 第 193 行.
[ 2014-02-18T09:41:56+08:00 ] SQL: SHOW COLUMNS FROM `team` [ RunTime:0.056444s ]
[ 2014-02-18T09:41:56+08:00 ] SQL: SELECT * FROM `team` WHERE depart=20 [ RunTime:0.001013s ]
[ 2014-02-18T09:42:13+08:00 ] NOTIC: [8] Undefined index: sdate CheckAction.class.php 第 385 行.
[ 2014-02-18T09:42:13+08:00 ] NOTIC: [8] Undefined index: edate CheckAction.class.php 第 386 行.
[ 2014-02-18T09:42:13+08:00 ] SQL: SELECT c.*,u.`name`,u.`ucode` FROM `check` c INNER JOIN `user`  u ON c.`uid`=u.`id` WHERE 1=1  and u.id=321 [ RunTime:0.004259s ]
[ 2014-02-18T09:42:13+08:00 ] SQL: SELECT c.*,u.`name`,u.`ucode` FROM `check` c INNER JOIN `user`  u ON c.`uid`=u.`id` WHERE 1=1  and u.id=321 limit 0,20 [ RunTime:0.002071s ]
[ 2014-02-18T09:43:58+08:00 ] NOTIC: [8] Undefined index: sdate CheckAction.class.php 第 385 行.
[ 2014-02-18T09:43:58+08:00 ] NOTIC: [8] Undefined index: edate CheckAction.class.php 第 386 行.
[ 2014-02-18T09:43:58+08:00 ] SQL: SELECT c.*,u.`name`,u.`ucode` FROM `check` c INNER JOIN `user`  u ON c.`uid`=u.`id` WHERE 1=1  and u.id=321 [ RunTime:0.005700s ]
[ 2014-02-18T09:43:58+08:00 ] SQL: SELECT c.*,u.`name`,u.`ucode` FROM `check` c INNER JOIN `user`  u ON c.`uid`=u.`id` WHERE 1=1  and u.id=321 limit 0,20 [ RunTime:0.001917s ]
[ 2014-02-18T09:51:39+08:00 ] NOTIC: [8] Undefined index: sdate BaseAction.class.php 第 241 行.
[ 2014-02-18T09:51:39+08:00 ] NOTIC: [8] Undefined index: edate BaseAction.class.php 第 241 行.
[ 2014-02-18T09:51:39+08:00 ] SQL: SELECT c.*,u.`name`,u.`ucode` FROM `check` c INNER JOIN `user`  u ON c.`uid`=u.`id` WHERE 1=1  and u.id=321 [ RunTime:0.004875s ]
[ 2014-02-18T09:51:39+08:00 ] SQL: SELECT c.*,u.`name`,u.`ucode` FROM `check` c INNER JOIN `user`  u ON c.`uid`=u.`id` WHERE 1=1  and u.id=321 limit 0,20 [ RunTime:0.001809s ]
[ 2014-02-18T09:51:40+08:00 ] NOTIC: [8] Undefined variable: sdate fd22a9b4bf0c3b1a3e46e4a9d51a59c1.php 第 145 行.
[ 2014-02-18T09:51:40+08:00 ] NOTIC: [8] Undefined variable: sdate fd22a9b4bf0c3b1a3e46e4a9d51a59c1.php 第 145 行.
[ 2014-02-18T09:52:03+08:00 ] SQL: SELECT c.*,u.`name`,u.`ucode` FROM `check` c INNER JOIN `user`  u ON c.`uid`=u.`id` WHERE 1=1  and u.id=321 and c.date>='2013-09-17' and c.date<='2013-09-18 23:59:59' [ RunTime:0.004108s ]
[ 2014-02-18T09:52:03+08:00 ] SQL: SELECT c.*,u.`name`,u.`ucode` FROM `check` c INNER JOIN `user`  u ON c.`uid`=u.`id` WHERE 1=1  and u.id=321 and c.date>='2013-09-17' and c.date<='2013-09-18 23:59:59' limit 0,20 [ RunTime:0.004063s ]
[ 2014-02-18T09:52:04+08:00 ] NOTIC: [8] Undefined index: pid fd22a9b4bf0c3b1a3e46e4a9d51a59c1.php 第 144 行.
[ 2014-02-18T09:52:09+08:00 ] NOTIC: [8] Undefined index: pid BaseAction.class.php 第 241 行.
[ 2014-02-18T09:52:09+08:00 ] SQL: SELECT c.*,u.`name`,u.`ucode` FROM `check` c INNER JOIN `user`  u ON c.`uid`=u.`id` WHERE 1=1  and u.id= and c.date>='2013-09-17' and c.date<='2013-09-18 23:59:59' [ RunTime:0.000596s ]
[ 2014-02-18T09:52:09+08:00 ] SQL: SELECT c.*,u.`name`,u.`ucode` FROM `check` c INNER JOIN `user`  u ON c.`uid`=u.`id` WHERE 1=1  and u.id= and c.date>='2013-09-17' and c.date<='2013-09-18 23:59:59' limit 0,20 [ RunTime:0.000627s ]
[ 2014-02-18T09:52:10+08:00 ] NOTIC: [8] Undefined index: pid fd22a9b4bf0c3b1a3e46e4a9d51a59c1.php 第 144 行.
[ 2014-02-18T09:52:48+08:00 ] SQL: SELECT c.*,u.`name`,u.`ucode` FROM `check` c INNER JOIN `user`  u ON c.`uid`=u.`id` WHERE 1=1  and u.id=321 and c.date>='2013-09-17' and c.date<='2013-09-18 23:59:59' [ RunTime:0.003920s ]
[ 2014-02-18T09:52:48+08:00 ] SQL: SELECT c.*,u.`name`,u.`ucode` FROM `check` c INNER JOIN `user`  u ON c.`uid`=u.`id` WHERE 1=1  and u.id=321 and c.date>='2013-09-17' and c.date<='2013-09-18 23:59:59' limit 0,20 [ RunTime:0.003763s ]
[ 2014-02-18T09:52:49+08:00 ] NOTIC: [8] Undefined index: pid fd22a9b4bf0c3b1a3e46e4a9d51a59c1.php 第 143 行.
[ 2014-02-18T09:52:51+08:00 ] ERR: (ThinkException) 非法操作check_inPersonnel.php
[ 2014-02-18T09:53:01+08:00 ] NOTIC: [8] Undefined index: sdate BaseAction.class.php 第 241 行.
[ 2014-02-18T09:53:01+08:00 ] NOTIC: [8] Undefined index: edate BaseAction.class.php 第 241 行.
[ 2014-02-18T09:53:01+08:00 ] SQL: SELECT c.*,u.`name`,u.`ucode` FROM `check` c INNER JOIN `user`  u ON c.`uid`=u.`id` WHERE 1=1  and u.id=321 [ RunTime:0.004368s ]
[ 2014-02-18T09:53:01+08:00 ] SQL: SELECT c.*,u.`name`,u.`ucode` FROM `check` c INNER JOIN `user`  u ON c.`uid`=u.`id` WHERE 1=1  and u.id=321 limit 0,20 [ RunTime:0.001826s ]
[ 2014-02-18T09:53:02+08:00 ] NOTIC: [8] Undefined variable: sdate fd22a9b4bf0c3b1a3e46e4a9d51a59c1.php 第 144 行.
[ 2014-02-18T09:53:02+08:00 ] NOTIC: [8] Undefined variable: sdate fd22a9b4bf0c3b1a3e46e4a9d51a59c1.php 第 144 行.
[ 2014-02-18T09:53:09+08:00 ] NOTIC: [8] Undefined index: pid BaseAction.class.php 第 241 行.
[ 2014-02-18T09:53:09+08:00 ] SQL: SELECT c.*,u.`name`,u.`ucode` FROM `check` c INNER JOIN `user`  u ON c.`uid`=u.`id` WHERE 1=1  and u.id= and c.date>='2014-02-18' and c.date<='2014-02-18 23:59:59' [ RunTime:0.000546s ]
[ 2014-02-18T09:53:09+08:00 ] SQL: SELECT c.*,u.`name`,u.`ucode` FROM `check` c INNER JOIN `user`  u ON c.`uid`=u.`id` WHERE 1=1  and u.id= and c.date>='2014-02-18' and c.date<='2014-02-18 23:59:59' limit 0,20 [ RunTime:0.000669s ]
[ 2014-02-18T09:53:10+08:00 ] NOTIC: [8] Undefined index: pid fd22a9b4bf0c3b1a3e46e4a9d51a59c1.php 第 143 行.
[ 2014-02-18T09:53:20+08:00 ] NOTIC: [8] Undefined index: pid BaseAction.class.php 第 241 行.
[ 2014-02-18T09:53:20+08:00 ] SQL: SELECT c.*,u.`name`,u.`ucode` FROM `check` c INNER JOIN `user`  u ON c.`uid`=u.`id` WHERE 1=1  and u.id= and c.date>='2013-09-17' and c.date<='2013-09-18 23:59:59' [ RunTime:0.000644s ]
[ 2014-02-18T09:53:20+08:00 ] SQL: SELECT c.*,u.`name`,u.`ucode` FROM `check` c INNER JOIN `user`  u ON c.`uid`=u.`id` WHERE 1=1  and u.id= and c.date>='2013-09-17' and c.date<='2013-09-18 23:59:59' limit 0,20 [ RunTime:0.000637s ]
[ 2014-02-18T09:53:21+08:00 ] NOTIC: [8] Undefined index: pid fd22a9b4bf0c3b1a3e46e4a9d51a59c1.php 第 143 行.
[ 2014-02-18T09:53:49+08:00 ] NOTIC: [8] Undefined index: pid BaseAction.class.php 第 241 行.
[ 2014-02-18T09:53:49+08:00 ] SQL: SELECT c.*,u.`name`,u.`ucode` FROM `check` c INNER JOIN `user`  u ON c.`uid`=u.`id` WHERE 1=1  and u.id= and c.date>='2014-02-18' and c.date<='2014-02-18 23:59:59' [ RunTime:0.000542s ]
[ 2014-02-18T09:53:49+08:00 ] SQL: SELECT c.*,u.`name`,u.`ucode` FROM `check` c INNER JOIN `user`  u ON c.`uid`=u.`id` WHERE 1=1  and u.id= and c.date>='2014-02-18' and c.date<='2014-02-18 23:59:59' limit 0,20 [ RunTime:0.000632s ]
[ 2014-02-18T09:53:49+08:00 ] NOTIC: [8] Undefined index: pid fd22a9b4bf0c3b1a3e46e4a9d51a59c1.php 第 143 行.
[ 2014-02-18T09:53:54+08:00 ] NOTIC: [8] Undefined index: pid BaseAction.class.php 第 241 行.
[ 2014-02-18T09:53:54+08:00 ] SQL: SELECT c.*,u.`name`,u.`ucode` FROM `check` c INNER JOIN `user`  u ON c.`uid`=u.`id` WHERE 1=1  and u.id= and c.date>='2014-02-18' and c.date<='2014-02-18 23:59:59' [ RunTime:0.000578s ]
[ 2014-02-18T09:53:54+08:00 ] SQL: SELECT c.*,u.`name`,u.`ucode` FROM `check` c INNER JOIN `user`  u ON c.`uid`=u.`id` WHERE 1=1  and u.id= and c.date>='2014-02-18' and c.date<='2014-02-18 23:59:59' limit 0,20 [ RunTime:0.000626s ]
[ 2014-02-18T09:53:54+08:00 ] NOTIC: [8] Undefined index: pid fd22a9b4bf0c3b1a3e46e4a9d51a59c1.php 第 143 行.
[ 2014-02-18T09:54:19+08:00 ] NOTIC: [8] Undefined index: pid BaseAction.class.php 第 241 行.
[ 2014-02-18T09:54:19+08:00 ] SQL: SELECT c.*,u.`name`,u.`ucode` FROM `check` c INNER JOIN `user`  u ON c.`uid`=u.`id` WHERE 1=1  and u.id= and c.date>='2013-09-17' and c.date<='2013-09-18 23:59:59' [ RunTime:0.000545s ]
[ 2014-02-18T09:54:19+08:00 ] SQL: SELECT c.*,u.`name`,u.`ucode` FROM `check` c INNER JOIN `user`  u ON c.`uid`=u.`id` WHERE 1=1  and u.id= and c.date>='2013-09-17' and c.date<='2013-09-18 23:59:59' limit 0,20 [ RunTime:0.000821s ]
[ 2014-02-18T09:54:19+08:00 ] NOTIC: [8] Undefined index: pid fd22a9b4bf0c3b1a3e46e4a9d51a59c1.php 第 143 行.
[ 2014-02-18T09:55:26+08:00 ] NOTIC: [8] Undefined index: pid BaseAction.class.php 第 241 行.
[ 2014-02-18T09:55:26+08:00 ] SQL: SELECT c.*,u.`name`,u.`ucode` FROM `check` c INNER JOIN `user`  u ON c.`uid`=u.`id` WHERE 1=1  and u.id= and c.date>='2014-02-18' and c.date<='2014-02-18 23:59:59' [ RunTime:0.000525s ]
[ 2014-02-18T09:55:26+08:00 ] SQL: SELECT c.*,u.`name`,u.`ucode` FROM `check` c INNER JOIN `user`  u ON c.`uid`=u.`id` WHERE 1=1  and u.id= and c.date>='2014-02-18' and c.date<='2014-02-18 23:59:59' limit 0,20 [ RunTime:0.000617s ]
[ 2014-02-18T09:55:32+08:00 ] NOTIC: [8] Undefined index: pid BaseAction.class.php 第 241 行.
[ 2014-02-18T09:55:32+08:00 ] SQL: SELECT c.*,u.`name`,u.`ucode` FROM `check` c INNER JOIN `user`  u ON c.`uid`=u.`id` WHERE 1=1  and u.id= and c.date>='2014-02-18' and c.date<='2014-02-18 23:59:59' [ RunTime:0.000769s ]
[ 2014-02-18T09:55:32+08:00 ] SQL: SELECT c.*,u.`name`,u.`ucode` FROM `check` c INNER JOIN `user`  u ON c.`uid`=u.`id` WHERE 1=1  and u.id= and c.date>='2014-02-18' and c.date<='2014-02-18 23:59:59' limit 0,20 [ RunTime:0.000624s ]
[ 2014-02-18T09:55:38+08:00 ] NOTIC: [8] Undefined index: pid BaseAction.class.php 第 241 行.
[ 2014-02-18T09:55:38+08:00 ] SQL: SELECT c.*,u.`name`,u.`ucode` FROM `check` c INNER JOIN `user`  u ON c.`uid`=u.`id` WHERE 1=1  and u.id= and c.date>='2013-09-16' and c.date<='2014-02-18 23:59:59' [ RunTime:0.000564s ]
[ 2014-02-18T09:55:38+08:00 ] SQL: SELECT c.*,u.`name`,u.`ucode` FROM `check` c INNER JOIN `user`  u ON c.`uid`=u.`id` WHERE 1=1  and u.id= and c.date>='2013-09-16' and c.date<='2014-02-18 23:59:59' limit 0,20 [ RunTime:0.000863s ]
[ 2014-02-18T09:56:22+08:00 ] SQL: SELECT * FROM user WHERE depart=(SELECT depart FROM user WHERE id=30) [ RunTime:0.004821s ]
[ 2014-02-18T09:56:23+08:00 ] SQL: select * from depart where `code` = '13108617' [ RunTime:0.000924s ]
[ 2014-02-18T09:56:23+08:00 ] NOTIC: [8] Undefined index: sdate CheckAction.class.php 第 127 行.
[ 2014-02-18T09:56:23+08:00 ] NOTIC: [8] Undefined index: edate CheckAction.class.php 第 128 行.
[ 2014-02-18T09:56:23+08:00 ] NOTIC: [8] Undefined index: depart CheckAction.class.php 第 129 行.
[ 2014-02-18T09:56:23+08:00 ] NOTIC: [8] Undefined index: team CheckAction.class.php 第 130 行.
[ 2014-02-18T09:56:23+08:00 ] SQL: SELECT c.*,TIMEDIFF(c.downtime,c.ontime) difftime,u.id as userid,u.`name`,u.`ucode` FROM `check` c INNER JOIN `user`  u ON c.`uid`=u.`id` WHERE 1=1  and u.depart=20 [ RunTime:0.027729s ]
[ 2014-02-18T09:56:23+08:00 ] SQL: SELECT c.*,TIMEDIFF(c.downtime,c.ontime) difftime,u.id as userid,u.`name`,u.`ucode` FROM `check` c INNER JOIN `user`  u ON c.`uid`=u.`id` WHERE 1=1  and u.depart=20 order by c.id desc  limit 0,20 [ RunTime:0.001260s ]
[ 2014-02-18T09:56:24+08:00 ] NOTIC: [8] Undefined variable: team ad2fc65979b2686ffcb34de24ea0af3b.php 第 11 行.
[ 2014-02-18T09:56:24+08:00 ] NOTIC: [8] Undefined variable: sdate ad2fc65979b2686ffcb34de24ea0af3b.php 第 193 行.
[ 2014-02-18T09:56:24+08:00 ] NOTIC: [8] Undefined variable: edate ad2fc65979b2686ffcb34de24ea0af3b.php 第 193 行.
[ 2014-02-18T09:56:24+08:00 ] SQL: SHOW COLUMNS FROM `team` [ RunTime:0.009990s ]
[ 2014-02-18T09:56:24+08:00 ] SQL: SELECT * FROM `team` WHERE depart=20 [ RunTime:0.002886s ]
[ 2014-02-18T09:56:26+08:00 ] NOTIC: [8] Undefined index: sdate BaseAction.class.php 第 241 行.
[ 2014-02-18T09:56:26+08:00 ] NOTIC: [8] Undefined index: edate BaseAction.class.php 第 241 行.
[ 2014-02-18T09:56:26+08:00 ] SQL: SELECT c.*,u.`name`,u.`ucode` FROM `check` c INNER JOIN `user`  u ON c.`uid`=u.`id` WHERE 1=1  and u.id=73 [ RunTime:0.010835s ]
[ 2014-02-18T09:56:26+08:00 ] SQL: SELECT c.*,u.`name`,u.`ucode` FROM `check` c INNER JOIN `user`  u ON c.`uid`=u.`id` WHERE 1=1  and u.id=73 limit 0,20 [ RunTime:0.001635s ]
[ 2014-02-18T09:56:26+08:00 ] NOTIC: [8] Undefined variable: sdate fd22a9b4bf0c3b1a3e46e4a9d51a59c1.php 第 145 行.
[ 2014-02-18T09:56:26+08:00 ] NOTIC: [8] Undefined variable: edate fd22a9b4bf0c3b1a3e46e4a9d51a59c1.php 第 145 行.
[ 2014-02-18T09:56:48+08:00 ] SQL: SELECT c.*,u.`name`,u.`ucode` FROM `check` c INNER JOIN `user`  u ON c.`uid`=u.`id` WHERE 1=1  and u.id=73 and c.date>='2013-09-17' and c.date<='2013-09-18 23:59:59' [ RunTime:0.004310s ]
[ 2014-02-18T09:56:48+08:00 ] SQL: SELECT c.*,u.`name`,u.`ucode` FROM `check` c INNER JOIN `user`  u ON c.`uid`=u.`id` WHERE 1=1  and u.id=73 and c.date>='2013-09-17' and c.date<='2013-09-18 23:59:59' limit 0,20 [ RunTime:0.003604s ]
[ 2014-02-18T09:57:05+08:00 ] SQL: SELECT c.*,u.`name`,u.`ucode` FROM `check` c INNER JOIN `user`  u ON c.`uid`=u.`id` WHERE 1=1  and u.id=73 and c.date>='2013-09-17' and c.date<='2014-02-18 23:59:59' [ RunTime:0.004772s ]
[ 2014-02-18T09:57:05+08:00 ] SQL: SELECT c.*,u.`name`,u.`ucode` FROM `check` c INNER JOIN `user`  u ON c.`uid`=u.`id` WHERE 1=1  and u.id=73 and c.date>='2013-09-17' and c.date<='2014-02-18 23:59:59' limit 0,20 [ RunTime:0.001593s ]
[ 2014-02-18T09:57:10+08:00 ] SQL: SELECT c.*,u.`name`,u.`ucode` FROM `check` c INNER JOIN `user`  u ON c.`uid`=u.`id` WHERE 1=1  and u.id=73 and c.date>='2013-09-17' and c.date<='2014-02-18 23:59:59' [ RunTime:0.013799s ]
[ 2014-02-18T09:57:10+08:00 ] SQL: SELECT c.*,u.`name`,u.`ucode` FROM `check` c INNER JOIN `user`  u ON c.`uid`=u.`id` WHERE 1=1  and u.id=73 and c.date>='2013-09-17' and c.date<='2014-02-18 23:59:59' limit 20,20 [ RunTime:0.002860s ]
[ 2014-02-18T09:57:21+08:00 ] SQL: SELECT * FROM user WHERE depart=(SELECT depart FROM user WHERE id=30) [ RunTime:0.006502s ]
[ 2014-02-18T09:57:22+08:00 ] SQL: select * from depart where `code` = '13108617' [ RunTime:0.000930s ]
[ 2014-02-18T09:57:22+08:00 ] NOTIC: [8] Undefined index: sdate CheckAction.class.php 第 222 行.
[ 2014-02-18T09:57:22+08:00 ] NOTIC: [8] Undefined index: edate CheckAction.class.php 第 223 行.
[ 2014-02-18T09:57:22+08:00 ] NOTIC: [8] Undefined index: depart CheckAction.class.php 第 224 行.
[ 2014-02-18T09:57:22+08:00 ] NOTIC: [8] Undefined index: team CheckAction.class.php 第 225 行.
[ 2014-02-18T09:57:22+08:00 ] SQL: SELECT c.*,TIMEDIFF(c.downtime,c.ontime) difftime,u.id as userid,u.`name`,u.`ucode` FROM `check` c INNER JOIN `user`  u ON c.`uid`=u.`id` WHERE 1=1  and u.depart=20 and u.team=39 [ RunTime:0.028754s ]
[ 2014-02-18T09:57:22+08:00 ] SQL: SELECT c.*,TIMEDIFF(c.downtime,c.ontime) difftime,u.id as userid,u.`name`,u.`ucode` FROM `check` c INNER JOIN `user`  u ON c.`uid`=u.`id` WHERE 1=1  and u.depart=20 and u.team=39 order by c.id desc  limit 0,20 [ RunTime:0.001424s ]
[ 2014-02-18T09:57:23+08:00 ] NOTIC: [8] Undefined variable: sdate 3021a20df15dd790fbbeb72c17596457.php 第 190 行.
[ 2014-02-18T09:57:23+08:00 ] NOTIC: [8] Undefined variable: edate 3021a20df15dd790fbbeb72c17596457.php 第 190 行.
[ 2014-02-18T09:57:24+08:00 ] SQL: SHOW COLUMNS FROM `team` [ RunTime:0.018629s ]
[ 2014-02-18T09:57:24+08:00 ] SQL: SELECT * FROM `team` WHERE depart=20 [ RunTime:0.001248s ]
[ 2014-02-18T09:57:25+08:00 ] NOTIC: [8] Undefined index: sdate BaseAction.class.php 第 241 行.
[ 2014-02-18T09:57:25+08:00 ] NOTIC: [8] Undefined index: edate BaseAction.class.php 第 241 行.
[ 2014-02-18T09:57:25+08:00 ] SQL: SELECT c.*,u.`name`,u.`ucode` FROM `check` c INNER JOIN `user`  u ON c.`uid`=u.`id` WHERE 1=1  and u.id=73 [ RunTime:0.005427s ]
[ 2014-02-18T09:57:25+08:00 ] SQL: SELECT c.*,u.`name`,u.`ucode` FROM `check` c INNER JOIN `user`  u ON c.`uid`=u.`id` WHERE 1=1  and u.id=73 limit 0,20 [ RunTime:0.001885s ]
[ 2014-02-18T09:57:26+08:00 ] NOTIC: [8] Undefined variable: sdate fd22a9b4bf0c3b1a3e46e4a9d51a59c1.php 第 145 行.
[ 2014-02-18T09:57:26+08:00 ] NOTIC: [8] Undefined variable: edate fd22a9b4bf0c3b1a3e46e4a9d51a59c1.php 第 145 行.
[ 2014-02-18T09:57:51+08:00 ] SQL: SELECT * FROM user WHERE depart=(SELECT depart FROM user WHERE id=30) [ RunTime:0.005778s ]
[ 2014-02-18T09:57:52+08:00 ] SQL: select * from depart where `code` = '13108617' [ RunTime:0.000941s ]
[ 2014-02-18T09:57:52+08:00 ] NOTIC: [8] Undefined index: sdate CheckAction.class.php 第 127 行.
[ 2014-02-18T09:57:52+08:00 ] NOTIC: [8] Undefined index: edate CheckAction.class.php 第 128 行.
[ 2014-02-18T09:57:52+08:00 ] NOTIC: [8] Undefined index: depart CheckAction.class.php 第 129 行.
[ 2014-02-18T09:57:52+08:00 ] NOTIC: [8] Undefined index: team CheckAction.class.php 第 130 行.
[ 2014-02-18T09:57:52+08:00 ] SQL: SELECT c.*,TIMEDIFF(c.downtime,c.ontime) difftime,u.id as userid,u.`name`,u.`ucode` FROM `check` c INNER JOIN `user`  u ON c.`uid`=u.`id` WHERE 1=1  and u.depart=20 [ RunTime:0.039718s ]
[ 2014-02-18T09:57:52+08:00 ] SQL: SELECT c.*,TIMEDIFF(c.downtime,c.ontime) difftime,u.id as userid,u.`name`,u.`ucode` FROM `check` c INNER JOIN `user`  u ON c.`uid`=u.`id` WHERE 1=1  and u.depart=20 order by c.id desc  limit 0,20 [ RunTime:0.001426s ]
[ 2014-02-18T09:57:53+08:00 ] NOTIC: [8] Undefined variable: team ad2fc65979b2686ffcb34de24ea0af3b.php 第 11 行.
[ 2014-02-18T09:57:53+08:00 ] NOTIC: [8] Undefined variable: sdate ad2fc65979b2686ffcb34de24ea0af3b.php 第 193 行.
[ 2014-02-18T09:57:53+08:00 ] NOTIC: [8] Undefined variable: edate ad2fc65979b2686ffcb34de24ea0af3b.php 第 193 行.
[ 2014-02-18T09:57:54+08:00 ] SQL: SHOW COLUMNS FROM `team` [ RunTime:0.008015s ]
[ 2014-02-18T09:57:54+08:00 ] SQL: SELECT * FROM `team` WHERE depart=20 [ RunTime:0.001439s ]
[ 2014-02-18T09:57:59+08:00 ] SQL: SELECT * FROM user WHERE depart=(SELECT depart FROM user WHERE id=30) [ RunTime:0.008343s ]
[ 2014-02-18T09:57:59+08:00 ] SQL: select * from depart where `code` = '13108617' [ RunTime:0.022964s ]
[ 2014-02-18T09:57:59+08:00 ] NOTIC: [8] Undefined index: depart CheckAction.class.php 第 129 行.
[ 2014-02-18T09:57:59+08:00 ] SQL: SELECT c.*,TIMEDIFF(c.downtime,c.ontime) difftime,u.id as userid,u.`name`,u.`ucode` FROM `check` c INNER JOIN `user`  u ON c.`uid`=u.`id` WHERE 1=1  and u.depart=20 and u.team=30 [ RunTime:0.015581s ]
[ 2014-02-18T09:58:00+08:00 ] NOTIC: [8] Undefined variable: sdate ad2fc65979b2686ffcb34de24ea0af3b.php 第 193 行.
[ 2014-02-18T09:58:00+08:00 ] NOTIC: [8] Undefined variable: edate ad2fc65979b2686ffcb34de24ea0af3b.php 第 193 行.
[ 2014-02-18T09:58:00+08:00 ] SQL: SHOW COLUMNS FROM `team` [ RunTime:0.010143s ]
[ 2014-02-18T09:58:00+08:00 ] SQL: SELECT * FROM `team` WHERE depart=20 [ RunTime:0.001130s ]
[ 2014-02-18T09:58:05+08:00 ] SQL: SELECT * FROM user WHERE depart=(SELECT depart FROM user WHERE id=30) [ RunTime:0.007248s ]
[ 2014-02-18T09:58:06+08:00 ] SQL: select * from depart where `code` = '13108617' [ RunTime:0.000897s ]
[ 2014-02-18T09:58:06+08:00 ] NOTIC: [8] Undefined index: depart CheckAction.class.php 第 129 行.
[ 2014-02-18T09:58:06+08:00 ] SQL: SELECT c.*,TIMEDIFF(c.downtime,c.ontime) difftime,u.id as userid,u.`name`,u.`ucode` FROM `check` c INNER JOIN `user`  u ON c.`uid`=u.`id` WHERE 1=1  and u.depart=20 and u.team=31 [ RunTime:0.014740s ]
[ 2014-02-18T09:58:06+08:00 ] NOTIC: [8] Undefined variable: sdate ad2fc65979b2686ffcb34de24ea0af3b.php 第 193 行.
[ 2014-02-18T09:58:06+08:00 ] NOTIC: [8] Undefined variable: edate ad2fc65979b2686ffcb34de24ea0af3b.php 第 193 行.
[ 2014-02-18T09:58:07+08:00 ] SQL: SHOW COLUMNS FROM `team` [ RunTime:0.007695s ]
[ 2014-02-18T09:58:07+08:00 ] SQL: SELECT * FROM `team` WHERE depart=20 [ RunTime:0.002240s ]
[ 2014-02-18T09:58:17+08:00 ] SQL: SELECT * FROM user WHERE depart=(SELECT depart FROM user WHERE id=30) [ RunTime:0.005192s ]
[ 2014-02-18T09:58:17+08:00 ] SQL: select * from depart where `code` = '13108617' [ RunTime:0.000836s ]
[ 2014-02-18T09:58:17+08:00 ] NOTIC: [8] Undefined index: depart CheckAction.class.php 第 129 行.
[ 2014-02-18T09:58:17+08:00 ] SQL: SELECT c.*,TIMEDIFF(c.downtime,c.ontime) difftime,u.id as userid,u.`name`,u.`ucode` FROM `check` c INNER JOIN `user`  u ON c.`uid`=u.`id` WHERE 1=1  and u.depart=20 [ RunTime:0.028343s ]
[ 2014-02-18T09:58:18+08:00 ] SQL: SELECT c.*,TIMEDIFF(c.downtime,c.ontime) difftime,u.id as userid,u.`name`,u.`ucode` FROM `check` c INNER JOIN `user`  u ON c.`uid`=u.`id` WHERE 1=1  and u.depart=20 order by c.id desc  limit 0,20 [ RunTime:0.001472s ]
[ 2014-02-18T09:58:19+08:00 ] NOTIC: [8] Undefined variable: team ad2fc65979b2686ffcb34de24ea0af3b.php 第 11 行.
[ 2014-02-18T09:58:19+08:00 ] NOTIC: [8] Undefined variable: sdate ad2fc65979b2686ffcb34de24ea0af3b.php 第 193 行.
[ 2014-02-18T09:58:19+08:00 ] NOTIC: [8] Undefined variable: edate ad2fc65979b2686ffcb34de24ea0af3b.php 第 193 行.
[ 2014-02-18T09:58:19+08:00 ] SQL: SHOW COLUMNS FROM `team` [ RunTime:0.008637s ]
[ 2014-02-18T09:58:19+08:00 ] SQL: SELECT * FROM `team` WHERE depart=20 [ RunTime:0.001305s ]
[ 2014-02-18T09:58:25+08:00 ] SQL: SELECT * FROM user WHERE depart=(SELECT depart FROM user WHERE id=30) [ RunTime:0.005032s ]
[ 2014-02-18T09:58:25+08:00 ] SQL: select * from depart where `code` = '13108617' [ RunTime:0.000955s ]
[ 2014-02-18T09:58:25+08:00 ] NOTIC: [8] Undefined index: depart CheckAction.class.php 第 129 行.
[ 2014-02-18T09:58:25+08:00 ] SQL: SELECT c.*,TIMEDIFF(c.downtime,c.ontime) difftime,u.id as userid,u.`name`,u.`ucode` FROM `check` c INNER JOIN `user`  u ON c.`uid`=u.`id` WHERE 1=1  and u.depart=20 and u.team=32 [ RunTime:0.013972s ]
[ 2014-02-18T09:58:26+08:00 ] NOTIC: [8] Undefined variable: sdate ad2fc65979b2686ffcb34de24ea0af3b.php 第 193 行.
[ 2014-02-18T09:58:26+08:00 ] NOTIC: [8] Undefined variable: edate ad2fc65979b2686ffcb34de24ea0af3b.php 第 193 行.
[ 2014-02-18T09:58:26+08:00 ] SQL: SHOW COLUMNS FROM `team` [ RunTime:0.007784s ]
[ 2014-02-18T09:58:26+08:00 ] SQL: SELECT * FROM `team` WHERE depart=20 [ RunTime:0.001901s ]
[ 2014-02-18T09:58:30+08:00 ] SQL: SELECT * FROM user WHERE depart=(SELECT depart FROM user WHERE id=30) [ RunTime:0.004518s ]
[ 2014-02-18T09:58:30+08:00 ] SQL: select * from depart where `code` = '13108617' [ RunTime:0.000832s ]
[ 2014-02-18T09:58:30+08:00 ] NOTIC: [8] Undefined index: depart CheckAction.class.php 第 129 行.
[ 2014-02-18T09:58:30+08:00 ] SQL: SELECT c.*,TIMEDIFF(c.downtime,c.ontime) difftime,u.id as userid,u.`name`,u.`ucode` FROM `check` c INNER JOIN `user`  u ON c.`uid`=u.`id` WHERE 1=1  and u.depart=20 and u.team=33 [ RunTime:0.012917s ]
[ 2014-02-18T09:58:30+08:00 ] SQL: SELECT c.*,TIMEDIFF(c.downtime,c.ontime) difftime,u.id as userid,u.`name`,u.`ucode` FROM `check` c INNER JOIN `user`  u ON c.`uid`=u.`id` WHERE 1=1  and u.depart=20 and u.team=33 order by c.id desc  limit 0,20 [ RunTime:0.013755s ]
[ 2014-02-18T09:58:30+08:00 ] NOTIC: [8] Undefined variable: sdate ad2fc65979b2686ffcb34de24ea0af3b.php 第 193 行.
[ 2014-02-18T09:58:30+08:00 ] NOTIC: [8] Undefined variable: edate ad2fc65979b2686ffcb34de24ea0af3b.php 第 193 行.
[ 2014-02-18T09:58:31+08:00 ] SQL: SHOW COLUMNS FROM `team` [ RunTime:0.014781s ]
[ 2014-02-18T09:58:31+08:00 ] SQL: SELECT * FROM `team` WHERE depart=20 [ RunTime:0.001006s ]
[ 2014-02-18T10:00:06+08:00 ] SQL: SELECT * FROM user WHERE depart=(SELECT depart FROM user WHERE id=30) [ RunTime:0.005221s ]
[ 2014-02-18T10:00:06+08:00 ] SQL: select * from depart where `code` = '13108617' [ RunTime:0.000879s ]
[ 2014-02-18T10:00:06+08:00 ] NOTIC: [8] Undefined index: sdate BaseAction.class.php 第 241 行.
[ 2014-02-18T10:00:06+08:00 ] NOTIC: [8] Undefined index: edate BaseAction.class.php 第 241 行.
[ 2014-02-18T10:00:06+08:00 ] NOTIC: [8] Undefined index: depart BaseAction.class.php 第 241 行.
[ 2014-02-18T10:00:06+08:00 ] SQL: SELECT c.*,TIMEDIFF(c.downtime,c.ontime) difftime,u.id as userid,u.`name`,u.`ucode` FROM `check` c INNER JOIN `user`  u ON c.`uid`=u.`id` WHERE 1=1  and u.depart=20 and u.team=35 [ RunTime:0.012796s ]
[ 2014-02-18T10:00:07+08:00 ] NOTIC: [8] Undefined variable: sdate ad2fc65979b2686ffcb34de24ea0af3b.php 第 193 行.
[ 2014-02-18T10:00:07+08:00 ] NOTIC: [8] Undefined variable: edate ad2fc65979b2686ffcb34de24ea0af3b.php 第 193 行.
[ 2014-02-18T10:00:07+08:00 ] SQL: SHOW COLUMNS FROM `team` [ RunTime:0.007048s ]
[ 2014-02-18T10:00:07+08:00 ] SQL: SELECT * FROM `team` WHERE depart=20 [ RunTime:0.001010s ]
[ 2014-02-18T10:00:10+08:00 ] SQL: SELECT * FROM user WHERE depart=(SELECT depart FROM user WHERE id=30) [ RunTime:0.004782s ]
[ 2014-02-18T10:00:10+08:00 ] SQL: select * from depart where `code` = '13108617' [ RunTime:0.001031s ]
[ 2014-02-18T10:00:10+08:00 ] NOTIC: [8] Undefined index: sdate BaseAction.class.php 第 241 行.
[ 2014-02-18T10:00:10+08:00 ] NOTIC: [8] Undefined index: edate BaseAction.class.php 第 241 行.
[ 2014-02-18T10:00:10+08:00 ] NOTIC: [8] Undefined index: depart BaseAction.class.php 第 241 行.
[ 2014-02-18T10:00:10+08:00 ] SQL: SELECT c.*,TIMEDIFF(c.downtime,c.ontime) difftime,u.id as userid,u.`name`,u.`ucode` FROM `check` c INNER JOIN `user`  u ON c.`uid`=u.`id` WHERE 1=1  and u.depart=20 and u.team=36 [ RunTime:0.013381s ]
[ 2014-02-18T10:00:11+08:00 ] NOTIC: [8] Undefined variable: sdate ad2fc65979b2686ffcb34de24ea0af3b.php 第 193 行.
[ 2014-02-18T10:00:11+08:00 ] NOTIC: [8] Undefined variable: edate ad2fc65979b2686ffcb34de24ea0af3b.php 第 193 行.
[ 2014-02-18T10:00:11+08:00 ] SQL: SHOW COLUMNS FROM `team` [ RunTime:0.006776s ]
[ 2014-02-18T10:00:11+08:00 ] SQL: SELECT * FROM `team` WHERE depart=20 [ RunTime:0.001409s ]
[ 2014-02-18T10:00:14+08:00 ] SQL: SELECT * FROM user WHERE depart=(SELECT depart FROM user WHERE id=30) [ RunTime:0.004730s ]
[ 2014-02-18T10:00:14+08:00 ] SQL: select * from depart where `code` = '13108617' [ RunTime:0.001007s ]
[ 2014-02-18T10:00:14+08:00 ] NOTIC: [8] Undefined index: sdate BaseAction.class.php 第 241 行.
[ 2014-02-18T10:00:14+08:00 ] NOTIC: [8] Undefined index: edate BaseAction.class.php 第 241 行.
[ 2014-02-18T10:00:14+08:00 ] NOTIC: [8] Undefined index: depart BaseAction.class.php 第 241 行.
[ 2014-02-18T10:00:14+08:00 ] SQL: SELECT c.*,TIMEDIFF(c.downtime,c.ontime) difftime,u.id as userid,u.`name`,u.`ucode` FROM `check` c INNER JOIN `user`  u ON c.`uid`=u.`id` WHERE 1=1  and u.depart=20 and u.team=37 [ RunTime:0.013602s ]
[ 2014-02-18T10:00:14+08:00 ] NOTIC: [8] Undefined variable: sdate ad2fc65979b2686ffcb34de24ea0af3b.php 第 193 行.
[ 2014-02-18T10:00:14+08:00 ] NOTIC: [8] Undefined variable: edate ad2fc65979b2686ffcb34de24ea0af3b.php 第 193 行.
[ 2014-02-18T10:00:15+08:00 ] SQL: SHOW COLUMNS FROM `team` [ RunTime:0.006892s ]
[ 2014-02-18T10:00:15+08:00 ] SQL: SELECT * FROM `team` WHERE depart=20 [ RunTime:0.001301s ]
[ 2014-02-18T10:00:22+08:00 ] SQL: SELECT * FROM user WHERE depart=(SELECT depart FROM user WHERE id=30) [ RunTime:0.005191s ]
[ 2014-02-18T10:00:23+08:00 ] SQL: select * from depart where `code` = '13108617' [ RunTime:0.000822s ]
[ 2014-02-18T10:00:23+08:00 ] NOTIC: [8] Undefined index: sdate BaseAction.class.php 第 241 行.
[ 2014-02-18T10:00:23+08:00 ] NOTIC: [8] Undefined index: edate BaseAction.class.php 第 241 行.
[ 2014-02-18T10:00:23+08:00 ] NOTIC: [8] Undefined index: depart BaseAction.class.php 第 241 行.
[ 2014-02-18T10:00:23+08:00 ] SQL: SELECT c.*,TIMEDIFF(c.downtime,c.ontime) difftime,u.id as userid,u.`name`,u.`ucode` FROM `check` c INNER JOIN `user`  u ON c.`uid`=u.`id` WHERE 1=1  and u.depart=20 and u.team=73 [ RunTime:0.013181s ]
[ 2014-02-18T10:00:23+08:00 ] NOTIC: [8] Undefined variable: sdate ad2fc65979b2686ffcb34de24ea0af3b.php 第 193 行.
[ 2014-02-18T10:00:23+08:00 ] NOTIC: [8] Undefined variable: edate ad2fc65979b2686ffcb34de24ea0af3b.php 第 193 行.
[ 2014-02-18T10:00:24+08:00 ] SQL: SHOW COLUMNS FROM `team` [ RunTime:0.007105s ]
[ 2014-02-18T10:00:24+08:00 ] SQL: SELECT * FROM `team` WHERE depart=20 [ RunTime:0.001068s ]
[ 2014-02-18T10:00:28+08:00 ] SQL: SELECT * FROM user WHERE depart=(SELECT depart FROM user WHERE id=30) [ RunTime:0.004503s ]
[ 2014-02-18T10:00:29+08:00 ] SQL: select * from depart where `code` = '13108617' [ RunTime:0.001013s ]
[ 2014-02-18T10:00:29+08:00 ] NOTIC: [8] Undefined index: sdate BaseAction.class.php 第 241 行.
[ 2014-02-18T10:00:29+08:00 ] NOTIC: [8] Undefined index: edate BaseAction.class.php 第 241 行.
[ 2014-02-18T10:00:29+08:00 ] NOTIC: [8] Undefined index: depart BaseAction.class.php 第 241 行.
[ 2014-02-18T10:00:29+08:00 ] SQL: SELECT c.*,TIMEDIFF(c.downtime,c.ontime) difftime,u.id as userid,u.`name`,u.`ucode` FROM `check` c INNER JOIN `user`  u ON c.`uid`=u.`id` WHERE 1=1  and u.depart=20 and u.team=44 [ RunTime:0.012797s ]
[ 2014-02-18T10:00:29+08:00 ] NOTIC: [8] Undefined variable: sdate ad2fc65979b2686ffcb34de24ea0af3b.php 第 193 行.
[ 2014-02-18T10:00:29+08:00 ] NOTIC: [8] Undefined variable: edate ad2fc65979b2686ffcb34de24ea0af3b.php 第 193 行.
[ 2014-02-18T10:00:29+08:00 ] SQL: SHOW COLUMNS FROM `team` [ RunTime:0.006744s ]
[ 2014-02-18T10:00:29+08:00 ] SQL: SELECT * FROM `team` WHERE depart=20 [ RunTime:0.000997s ]
[ 2014-02-18T10:00:33+08:00 ] SQL: SELECT * FROM user WHERE depart=(SELECT depart FROM user WHERE id=30) [ RunTime:0.004749s ]
[ 2014-02-18T10:00:33+08:00 ] SQL: select * from depart where `code` = '13108617' [ RunTime:0.001442s ]
[ 2014-02-18T10:00:33+08:00 ] NOTIC: [8] Undefined index: sdate BaseAction.class.php 第 241 行.
[ 2014-02-18T10:00:33+08:00 ] NOTIC: [8] Undefined index: edate BaseAction.class.php 第 241 行.
[ 2014-02-18T10:00:33+08:00 ] NOTIC: [8] Undefined index: depart BaseAction.class.php 第 241 行.
[ 2014-02-18T10:00:33+08:00 ] SQL: SELECT c.*,TIMEDIFF(c.downtime,c.ontime) difftime,u.id as userid,u.`name`,u.`ucode` FROM `check` c INNER JOIN `user`  u ON c.`uid`=u.`id` WHERE 1=1  and u.depart=20 and u.team=45 [ RunTime:0.014339s ]
[ 2014-02-18T10:00:34+08:00 ] NOTIC: [8] Undefined variable: sdate ad2fc65979b2686ffcb34de24ea0af3b.php 第 193 行.
[ 2014-02-18T10:00:34+08:00 ] NOTIC: [8] Undefined variable: edate ad2fc65979b2686ffcb34de24ea0af3b.php 第 193 行.
[ 2014-02-18T10:00:34+08:00 ] SQL: SHOW COLUMNS FROM `team` [ RunTime:0.006890s ]
[ 2014-02-18T10:00:34+08:00 ] SQL: SELECT * FROM `team` WHERE depart=20 [ RunTime:0.001077s ]
[ 2014-02-18T10:00:38+08:00 ] SQL: SELECT * FROM user WHERE depart=(SELECT depart FROM user WHERE id=30) [ RunTime:0.004672s ]
[ 2014-02-18T10:00:38+08:00 ] SQL: select * from depart where `code` = '13108617' [ RunTime:0.000983s ]
[ 2014-02-18T10:00:38+08:00 ] NOTIC: [8] Undefined index: sdate BaseAction.class.php 第 241 行.
[ 2014-02-18T10:00:38+08:00 ] NOTIC: [8] Undefined index: edate BaseAction.class.php 第 241 行.
[ 2014-02-18T10:00:38+08:00 ] NOTIC: [8] Undefined index: depart BaseAction.class.php 第 241 行.
[ 2014-02-18T10:00:38+08:00 ] NOTIC: [8] Undefined index: team BaseAction.class.php 第 241 行.
[ 2014-02-18T10:00:38+08:00 ] SQL: SELECT c.*,TIMEDIFF(c.downtime,c.ontime) difftime,u.id as userid,u.`name`,u.`ucode` FROM `check` c INNER JOIN `user`  u ON c.`uid`=u.`id` WHERE 1=1  and u.depart=20 [ RunTime:0.027266s ]
[ 2014-02-18T10:00:39+08:00 ] SQL: SELECT c.*,TIMEDIFF(c.downtime,c.ontime) difftime,u.id as userid,u.`name`,u.`ucode` FROM `check` c INNER JOIN `user`  u ON c.`uid`=u.`id` WHERE 1=1  and u.depart=20 order by c.id desc  limit 0,20 [ RunTime:0.001180s ]
[ 2014-02-18T10:00:39+08:00 ] NOTIC: [8] Undefined variable: team ad2fc65979b2686ffcb34de24ea0af3b.php 第 11 行.
[ 2014-02-18T10:00:39+08:00 ] NOTIC: [8] Undefined variable: sdate ad2fc65979b2686ffcb34de24ea0af3b.php 第 193 行.
[ 2014-02-18T10:00:39+08:00 ] NOTIC: [8] Undefined variable: edate ad2fc65979b2686ffcb34de24ea0af3b.php 第 193 行.
[ 2014-02-18T10:00:40+08:00 ] SQL: SHOW COLUMNS FROM `team` [ RunTime:0.007819s ]
[ 2014-02-18T10:00:40+08:00 ] SQL: SELECT * FROM `team` WHERE depart=20 [ RunTime:0.001174s ]
[ 2014-02-18T10:00:55+08:00 ] SQL: SELECT * FROM user WHERE depart=(SELECT depart FROM user WHERE id=30) [ RunTime:0.004962s ]
[ 2014-02-18T10:00:56+08:00 ] SQL: select * from depart where `code` = '13108617' [ RunTime:0.000958s ]
[ 2014-02-18T10:00:56+08:00 ] NOTIC: [8] Undefined index: edate BaseAction.class.php 第 241 行.
[ 2014-02-18T10:00:56+08:00 ] NOTIC: [8] Undefined index: depart BaseAction.class.php 第 241 行.
[ 2014-02-18T10:00:56+08:00 ] NOTIC: [8] Undefined index: team BaseAction.class.php 第 241 行.
[ 2014-02-18T10:00:56+08:00 ] SQL: SELECT c.*,TIMEDIFF(c.downtime,c.ontime) difftime,u.id as userid,u.`name`,u.`ucode` FROM `check` c INNER JOIN `user`  u ON c.`uid`=u.`id` WHERE 1=1  and c.date>='2013-07-16' and u.depart=20 [ RunTime:0.026950s ]
[ 2014-02-18T10:00:56+08:00 ] SQL: SELECT c.*,TIMEDIFF(c.downtime,c.ontime) difftime,u.id as userid,u.`name`,u.`ucode` FROM `check` c INNER JOIN `user`  u ON c.`uid`=u.`id` WHERE 1=1  and c.date>='2013-07-16' and u.depart=20 order by c.id desc  limit 0,20 [ RunTime:0.001212s ]
[ 2014-02-18T10:00:57+08:00 ] NOTIC: [8] Undefined variable: team ad2fc65979b2686ffcb34de24ea0af3b.php 第 11 行.
[ 2014-02-18T10:00:57+08:00 ] NOTIC: [8] Undefined variable: edate ad2fc65979b2686ffcb34de24ea0af3b.php 第 193 行.
[ 2014-02-18T10:00:57+08:00 ] SQL: SHOW COLUMNS FROM `team` [ RunTime:0.006918s ]
[ 2014-02-18T10:00:57+08:00 ] SQL: SELECT * FROM `team` WHERE depart=20 [ RunTime:0.001084s ]
[ 2014-02-18T10:01:01+08:00 ] SQL: SELECT * FROM user WHERE depart=(SELECT depart FROM user WHERE id=30) [ RunTime:0.004728s ]
[ 2014-02-18T10:01:01+08:00 ] SQL: select * from depart where `code` = '13108617' [ RunTime:0.000864s ]
[ 2014-02-18T10:01:01+08:00 ] NOTIC: [8] Undefined index: edate BaseAction.class.php 第 241 行.
[ 2014-02-18T10:01:01+08:00 ] NOTIC: [8] Undefined index: depart BaseAction.class.php 第 241 行.
[ 2014-02-18T10:01:01+08:00 ] NOTIC: [8] Undefined index: team BaseAction.class.php 第 241 行.
[ 2014-02-18T10:01:01+08:00 ] SQL: SELECT c.*,TIMEDIFF(c.downtime,c.ontime) difftime,u.id as userid,u.`name`,u.`ucode` FROM `check` c INNER JOIN `user`  u ON c.`uid`=u.`id` WHERE 1=1  and c.date>='2013-07-16' and u.depart=20 [ RunTime:0.026655s ]
[ 2014-02-18T10:01:01+08:00 ] SQL: SELECT c.*,TIMEDIFF(c.downtime,c.ontime) difftime,u.id as userid,u.`name`,u.`ucode` FROM `check` c INNER JOIN `user`  u ON c.`uid`=u.`id` WHERE 1=1  and c.date>='2013-07-16' and u.depart=20 order by c.id desc  limit 20,20 [ RunTime:0.001434s ]
[ 2014-02-18T10:01:02+08:00 ] NOTIC: [8] Undefined variable: team ad2fc65979b2686ffcb34de24ea0af3b.php 第 11 行.
[ 2014-02-18T10:01:02+08:00 ] NOTIC: [8] Undefined variable: edate ad2fc65979b2686ffcb34de24ea0af3b.php 第 193 行.
[ 2014-02-18T10:01:02+08:00 ] SQL: SHOW COLUMNS FROM `team` [ RunTime:0.007042s ]
[ 2014-02-18T10:01:02+08:00 ] SQL: SELECT * FROM `team` WHERE depart=20 [ RunTime:0.001522s ]
[ 2014-02-18T10:01:32+08:00 ] SQL: SELECT * FROM user WHERE depart=(SELECT depart FROM user WHERE id=30) [ RunTime:0.005625s ]
[ 2014-02-18T10:01:32+08:00 ] SQL: select * from depart where `code` = '13108617' [ RunTime:0.001200s ]
[ 2014-02-18T10:01:32+08:00 ] NOTIC: [8] Undefined index: sdate BaseAction.class.php 第 241 行.
[ 2014-02-18T10:01:32+08:00 ] NOTIC: [8] Undefined index: edate BaseAction.class.php 第 241 行.
[ 2014-02-18T10:01:32+08:00 ] NOTIC: [8] Undefined index: depart BaseAction.class.php 第 241 行.
[ 2014-02-18T10:01:32+08:00 ] NOTIC: [8] Undefined index: team BaseAction.class.php 第 241 行.
[ 2014-02-18T10:01:32+08:00 ] SQL: SELECT c.*,TIMEDIFF(c.downtime,c.ontime) difftime,u.id as userid,u.`name`,u.`ucode` FROM `check` c INNER JOIN `user`  u ON c.`uid`=u.`id` WHERE 1=1  and u.depart=20 [ RunTime:0.039034s ]
[ 2014-02-18T10:01:33+08:00 ] SQL: SELECT c.*,TIMEDIFF(c.downtime,c.ontime) difftime,u.id as userid,u.`name`,u.`ucode` FROM `check` c INNER JOIN `user`  u ON c.`uid`=u.`id` WHERE 1=1  and u.depart=20 order by c.id desc  limit 0,20 [ RunTime:0.007499s ]
[ 2014-02-18T10:01:34+08:00 ] NOTIC: [8] Undefined variable: team ad2fc65979b2686ffcb34de24ea0af3b.php 第 11 行.
[ 2014-02-18T10:01:34+08:00 ] NOTIC: [8] Undefined variable: sdate ad2fc65979b2686ffcb34de24ea0af3b.php 第 193 行.
[ 2014-02-18T10:01:34+08:00 ] NOTIC: [8] Undefined variable: edate ad2fc65979b2686ffcb34de24ea0af3b.php 第 193 行.
[ 2014-02-18T10:01:35+08:00 ] SQL: SHOW COLUMNS FROM `team` [ RunTime:0.007763s ]
[ 2014-02-18T10:01:35+08:00 ] SQL: SELECT * FROM `team` WHERE depart=20 [ RunTime:0.001675s ]
[ 2014-02-18T10:02:39+08:00 ] SQL: SELECT * FROM user WHERE depart=(SELECT depart FROM user WHERE id=30) [ RunTime:0.004712s ]
[ 2014-02-18T10:02:39+08:00 ] SQL: select * from depart where `code` = '13108617' [ RunTime:0.000829s ]
[ 2014-02-18T10:02:39+08:00 ] NOTIC: [8] Undefined index: sdate CheckAction.class.php 第 223 行.
[ 2014-02-18T10:02:39+08:00 ] NOTIC: [8] Undefined index: edate CheckAction.class.php 第 224 行.
[ 2014-02-18T10:02:39+08:00 ] NOTIC: [8] Undefined index: depart CheckAction.class.php 第 225 行.
[ 2014-02-18T10:02:39+08:00 ] NOTIC: [8] Undefined index: team CheckAction.class.php 第 226 行.
[ 2014-02-18T10:02:39+08:00 ] SQL: SELECT c.*,TIMEDIFF(c.downtime,c.ontime) difftime,u.id as userid,u.`name`,u.`ucode` FROM `check` c INNER JOIN `user`  u ON c.`uid`=u.`id` WHERE 1=1  and u.depart=20 and u.team=39 [ RunTime:0.021909s ]
[ 2014-02-18T10:02:40+08:00 ] SQL: SELECT c.*,TIMEDIFF(c.downtime,c.ontime) difftime,u.id as userid,u.`name`,u.`ucode` FROM `check` c INNER JOIN `user`  u ON c.`uid`=u.`id` WHERE 1=1  and u.depart=20 and u.team=39 order by c.id desc  limit 0,20 [ RunTime:0.001355s ]
[ 2014-02-18T10:02:40+08:00 ] NOTIC: [8] Undefined variable: sdate 3021a20df15dd790fbbeb72c17596457.php 第 190 行.
[ 2014-02-18T10:02:40+08:00 ] NOTIC: [8] Undefined variable: edate 3021a20df15dd790fbbeb72c17596457.php 第 190 行.
[ 2014-02-18T10:02:41+08:00 ] SQL: SELECT * FROM user WHERE depart=(SELECT depart FROM user WHERE id=30) [ RunTime:0.004563s ]
[ 2014-02-18T10:02:41+08:00 ] SQL: select * from depart where `code` = '13108617' [ RunTime:0.000841s ]
[ 2014-02-18T10:02:41+08:00 ] NOTIC: [8] Undefined index: sdate CheckAction.class.php 第 223 行.
[ 2014-02-18T10:02:41+08:00 ] NOTIC: [8] Undefined index: edate CheckAction.class.php 第 224 行.
[ 2014-02-18T10:02:41+08:00 ] NOTIC: [8] Undefined index: depart CheckAction.class.php 第 225 行.
[ 2014-02-18T10:02:41+08:00 ] NOTIC: [8] Undefined index: team CheckAction.class.php 第 226 行.
[ 2014-02-18T10:02:41+08:00 ] SQL: SELECT c.*,TIMEDIFF(c.downtime,c.ontime) difftime,u.id as userid,u.`name`,u.`ucode` FROM `check` c INNER JOIN `user`  u ON c.`uid`=u.`id` WHERE 1=1  and u.depart=20 and u.team=39 [ RunTime:0.020946s ]
[ 2014-02-18T10:02:41+08:00 ] SQL: SELECT c.*,TIMEDIFF(c.downtime,c.ontime) difftime,u.id as userid,u.`name`,u.`ucode` FROM `check` c INNER JOIN `user`  u ON c.`uid`=u.`id` WHERE 1=1  and u.depart=20 and u.team=39 order by c.id desc  limit 0,20 [ RunTime:0.001302s ]
[ 2014-02-18T10:02:42+08:00 ] NOTIC: [8] Undefined variable: sdate 3021a20df15dd790fbbeb72c17596457.php 第 190 行.
[ 2014-02-18T10:02:42+08:00 ] NOTIC: [8] Undefined variable: edate 3021a20df15dd790fbbeb72c17596457.php 第 190 行.
[ 2014-02-18T10:02:42+08:00 ] SQL: SHOW COLUMNS FROM `team` [ RunTime:0.006910s ]
[ 2014-02-18T10:02:42+08:00 ] SQL: SELECT * FROM `team` WHERE depart=20 [ RunTime:0.001193s ]
[ 2014-02-18T10:02:52+08:00 ] SQL: SELECT * FROM user WHERE depart=(SELECT depart FROM user WHERE id=30) [ RunTime:0.004764s ]
[ 2014-02-18T10:02:53+08:00 ] SQL: select * from depart where `code` = '13108617' [ RunTime:0.001345s ]
[ 2014-02-18T10:02:53+08:00 ] NOTIC: [8] Undefined index: depart BaseAction.class.php 第 241 行.
[ 2014-02-18T10:02:53+08:00 ] NOTIC: [8] Undefined index: team BaseAction.class.php 第 241 行.
[ 2014-02-18T10:02:53+08:00 ] SQL: SELECT c.*,TIMEDIFF(c.downtime,c.ontime) difftime,u.id as userid,u.`name`,u.`ucode` FROM `check` c INNER JOIN `user`  u ON c.`uid`=u.`id` WHERE 1=1  and c.date>='2014-02-18' and c.date<='2014-02-19 23:59:59' and u.depart=20 [ RunTime:0.003834s ]
[ 2014-02-18T10:02:53+08:00 ] NOTIC: [8] Undefined variable: team ad2fc65979b2686ffcb34de24ea0af3b.php 第 11 行.
[ 2014-02-18T10:02:54+08:00 ] SQL: SHOW COLUMNS FROM `team` [ RunTime:0.007218s ]
[ 2014-02-18T10:02:54+08:00 ] SQL: SELECT * FROM `team` WHERE depart=20 [ RunTime:0.001011s ]
[ 2014-02-18T10:03:51+08:00 ] SQL: SHOW COLUMNS FROM `team` [ RunTime:0.007432s ]
[ 2014-02-18T10:03:52+08:00 ] SQL: SELECT * FROM `team` WHERE depart=20 [ RunTime:0.001796s ]
[ 2014-02-18T10:03:52+08:00 ] SQL: SELECT * FROM user WHERE depart=(SELECT depart FROM user WHERE id=30) [ RunTime:0.007453s ]
[ 2014-02-18T10:03:52+08:00 ] SQL: select * from depart where `code` = '13108617' [ RunTime:0.001073s ]
[ 2014-02-18T10:03:52+08:00 ] NOTIC: [8] Undefined index: sdate CheckAction.class.php 第 223 行.
[ 2014-02-18T10:03:52+08:00 ] NOTIC: [8] Undefined index: edate CheckAction.class.php 第 224 行.
[ 2014-02-18T10:03:52+08:00 ] NOTIC: [8] Undefined index: depart CheckAction.class.php 第 225 行.
[ 2014-02-18T10:03:52+08:00 ] NOTIC: [8] Undefined index: team CheckAction.class.php 第 226 行.
[ 2014-02-18T10:03:52+08:00 ] SQL: SELECT c.*,TIMEDIFF(c.downtime,c.ontime) difftime,u.id as userid,u.`name`,u.`ucode` FROM `check` c INNER JOIN `user`  u ON c.`uid`=u.`id` WHERE 1=1  and u.depart=20 and u.team=39 [ RunTime:0.022603s ]
[ 2014-02-18T10:03:53+08:00 ] SQL: SELECT c.*,TIMEDIFF(c.downtime,c.ontime) difftime,u.id as userid,u.`name`,u.`ucode` FROM `check` c INNER JOIN `user`  u ON c.`uid`=u.`id` WHERE 1=1  and u.depart=20 and u.team=39 order by c.id desc  limit 0,20 [ RunTime:0.001521s ]
[ 2014-02-18T10:03:53+08:00 ] NOTIC: [8] Undefined variable: sdate 3021a20df15dd790fbbeb72c17596457.php 第 190 行.
[ 2014-02-18T10:03:53+08:00 ] NOTIC: [8] Undefined variable: edate 3021a20df15dd790fbbeb72c17596457.php 第 190 行.
[ 2014-02-18T10:03:54+08:00 ] SQL: SHOW COLUMNS FROM `team` [ RunTime:0.007678s ]
[ 2014-02-18T10:03:54+08:00 ] SQL: SELECT * FROM `team` WHERE depart=20 [ RunTime:0.001292s ]
[ 2014-02-18T10:03:57+08:00 ] SQL: SELECT * FROM user WHERE depart=(SELECT depart FROM user WHERE id=30) [ RunTime:0.004547s ]
[ 2014-02-18T10:03:57+08:00 ] SQL: select * from depart where `code` = '13108617' [ RunTime:0.000885s ]
[ 2014-02-18T10:03:57+08:00 ] NOTIC: [8] Undefined index: depart CheckAction.class.php 第 225 行.
[ 2014-02-18T10:03:57+08:00 ] NOTIC: [8] Undefined index: team CheckAction.class.php 第 226 行.
[ 2014-02-18T10:03:57+08:00 ] SQL: SELECT c.*,TIMEDIFF(c.downtime,c.ontime) difftime,u.id as userid,u.`name`,u.`ucode` FROM `check` c INNER JOIN `user`  u ON c.`uid`=u.`id` WHERE 1=1  and c.date>='2014-02-18' and u.depart=20 and u.team=39 [ RunTime:0.003955s ]
[ 2014-02-18T10:03:58+08:00 ] NOTIC: [8] Undefined variable: edate 3021a20df15dd790fbbeb72c17596457.php 第 190 行.
[ 2014-02-18T10:03:58+08:00 ] SQL: SHOW COLUMNS FROM `team` [ RunTime:0.006682s ]
[ 2014-02-18T10:03:58+08:00 ] SQL: SELECT * FROM `team` WHERE depart=20 [ RunTime:0.001056s ]
