[ 2014-01-20T15:03:16+08:00 ] NOTIC: [8] Undefined index: SESSION_USER BaseAction.class.php 第 22 行.
[ 2014-01-20T15:03:22+08:00 ] NOTIC: [8] Undefined index: username IndexAction.class.php 第 4 行.
[ 2014-01-20T15:03:22+08:00 ] NOTIC: [8] Undefined index: pwd IndexAction.class.php 第 5 行.
[ 2014-01-20T15:03:29+08:00 ] SQL: SHOW COLUMNS FROM `user` [ RunTime:0.089949s ]
[ 2014-01-20T15:03:29+08:00 ] SQL: SELECT * FROM `user` WHERE ( `username` = '03231' ) LIMIT 1  [ RunTime:0.002097s ]
[ 2014-01-20T15:03:29+08:00 ] SQL: SHOW COLUMNS FROM `msg` [ RunTime:0.167708s ]
[ 2014-01-20T15:03:29+08:00 ] SQL: SELECT COUNT(*) as C FROM (SELECT
		m.id,IFNULL(mr.readerid,0) isread
		FROM
		msg m LEFT JOIN msgreader mr ON m.`id`=mr.`msgid` AND mr.`readerid`=30
		WHERE INSTR(
				CONCAT(',', m.receiversid, ','),
				CONCAT(',', 30, ',')
		) > 0 AND m.code = 13108617) z WHERE z.isread =0 [ RunTime:0.227596s ]
[ 2014-01-20T15:03:29+08:00 ] SQL: SHOW COLUMNS FROM `work` [ RunTime:0.228563s ]
[ 2014-01-20T15:03:33+08:00 ] SQL: SELECT COUNT(*) AS tp_count FROM `work` WHERE code='13108617' and awoke =1 and uid =30 and UNIX_TIMESTAMP(NOW()) - UNIX_TIMESTAMP(DATE_ADD(
			    STR_TO_DATE(
			      CONCAT(
			        DATE(`date`),
			        ' ',
			        ehour,
			        ':',
			        eminute,
			        ':00'
			      ),
			      '%Y-%m-%d %H:%i:%s'
			    ),INTERVAL overday DAY)
			  ) < 0   LIMIT 1  [ RunTime:3.286383s ]
[ 2014-01-20T15:03:33+08:00 ] SQL: SHOW COLUMNS FROM `msgwork` [ RunTime:0.194232s ]
[ 2014-01-20T15:03:33+08:00 ] SQL: SELECT COUNT(*) AS tp_count FROM `msgwork` WHERE code='13108617' and issenderread =0 and senderid =30 LIMIT 1  [ RunTime:0.005229s ]
[ 2014-01-20T15:03:33+08:00 ] SQL: SELECT COUNT(*) AS tp_count FROM `msgwork` WHERE code='13108617' and isreceiverread =0 and receiverid =30 LIMIT 1  [ RunTime:0.001332s ]
[ 2014-01-20T15:03:33+08:00 ] SQL: SELECT m.id,m.`name`,m.`parent_id`,m.`link`,m.`image`,m.`target`,rm.`ext` FROM menu m INNER JOIN role_menu rm ON m.`id`=rm.`mid` WHERE m.parent_id is NULL and pos=1 and rm.`rid`=20 [ RunTime:0.374676s ]
[ 2014-01-20T15:03:33+08:00 ] SQL: SELECT m.id,m.`name`,m.`parent_id`,m.`link`,m.`image`,m.`target`,rm.`ext` FROM menu m INNER JOIN role_menu rm ON m.`id`=rm.`mid` WHERE m.parent_id=1 and rm.`rid`=20 order by ordernumber,id [ RunTime:0.005040s ]
[ 2014-01-20T15:03:33+08:00 ] SQL: SELECT m.id,m.`name`,m.`parent_id`,m.`link`,m.`image`,m.`target`,rm.`ext` FROM menu m INNER JOIN role_menu rm ON m.`id`=rm.`mid` WHERE m.parent_id=2 and rm.`rid`=20 order by ordernumber,id [ RunTime:0.004570s ]
[ 2014-01-20T15:03:33+08:00 ] SQL: SELECT m.id,m.`name`,m.`parent_id`,m.`link`,m.`image`,m.`target`,rm.`ext` FROM menu m INNER JOIN role_menu rm ON m.`id`=rm.`mid` WHERE m.parent_id=6 and rm.`rid`=20 order by ordernumber,id [ RunTime:0.005718s ]
[ 2014-01-20T15:03:33+08:00 ] SQL: SELECT m.id,m.`name`,m.`parent_id`,m.`link`,m.`image`,m.`target`,rm.`ext` FROM menu m INNER JOIN role_menu rm ON m.`id`=rm.`mid` WHERE m.parent_id=7 and rm.`rid`=20 order by ordernumber,id [ RunTime:0.005256s ]
[ 2014-01-20T15:03:33+08:00 ] SQL: SELECT m.id,m.`name`,m.`parent_id`,m.`link`,m.`image`,m.`target`,rm.`ext` FROM menu m INNER JOIN role_menu rm ON m.`id`=rm.`mid` WHERE m.parent_id=8 and rm.`rid`=20 order by ordernumber,id [ RunTime:0.004453s ]
[ 2014-01-20T15:03:33+08:00 ] SQL: SELECT m.id,m.`name`,m.`parent_id`,m.`link`,m.`image`,m.`target`,rm.`ext` FROM menu m INNER JOIN role_menu rm ON m.`id`=rm.`mid` WHERE m.parent_id=34 and rm.`rid`=20 order by ordernumber,id [ RunTime:0.005649s ]
[ 2014-01-20T15:03:33+08:00 ] SQL: SELECT m.id,m.`name`,m.`parent_id`,m.`link`,m.`image`,m.`target`,rm.`ext` FROM menu m INNER JOIN role_menu rm ON m.`id`=rm.`mid` WHERE m.parent_id=35 and rm.`rid`=20 order by ordernumber,id [ RunTime:0.005098s ]
[ 2014-01-20T15:03:33+08:00 ] SQL: SELECT m.id,m.`name`,m.`parent_id`,m.`link`,m.`image`,m.`target`,rm.`ext` FROM menu m INNER JOIN role_menu rm ON m.`id`=rm.`mid` WHERE m.parent_id=36 and rm.`rid`=20 order by ordernumber,id [ RunTime:0.008351s ]
[ 2014-01-20T15:03:33+08:00 ] SQL: SELECT m.id,m.`name`,m.`parent_id`,m.`link`,m.`image`,m.`target`,rm.`ext` FROM menu m INNER JOIN role_menu rm ON m.`id`=rm.`mid` WHERE m.parent_id=39 and rm.`rid`=20 order by ordernumber,id [ RunTime:0.007697s ]
[ 2014-01-20T15:03:33+08:00 ] SQL: SELECT m.id,m.`name`,m.`parent_id`,m.`link`,m.`image`,m.`target`,rm.`ext` FROM menu m INNER JOIN role_menu rm ON m.`id`=rm.`mid` WHERE m.parent_id=42 and rm.`rid`=20 order by ordernumber,id [ RunTime:0.004907s ]
[ 2014-01-20T15:03:33+08:00 ] SQL: SELECT m.id,m.`name`,m.`parent_id`,m.`link`,m.`image`,m.`target`,rm.`ext` FROM menu m INNER JOIN role_menu rm ON m.`id`=rm.`mid` WHERE m.parent_id=45 and rm.`rid`=20 order by ordernumber,id [ RunTime:0.004673s ]
[ 2014-01-20T15:03:33+08:00 ] SQL: SELECT m.id,m.`name`,m.`parent_id`,m.`link`,m.`image`,m.`target`,rm.`ext` FROM menu m INNER JOIN role_menu rm ON m.`id`=rm.`mid` WHERE m.parent_id=51 and rm.`rid`=20 order by ordernumber,id [ RunTime:0.007936s ]
[ 2014-01-20T15:03:33+08:00 ] SQL: SELECT m.id,m.`name`,m.`parent_id`,m.`link`,m.`image`,m.`target`,rm.`ext` FROM menu m INNER JOIN role_menu rm ON m.`id`=rm.`mid` WHERE m.parent_id=108 and rm.`rid`=20 order by ordernumber,id [ RunTime:0.004420s ]
[ 2014-01-20T15:03:33+08:00 ] SQL: SELECT m.id,m.`name`,m.`parent_id`,m.`link`,m.`image`,m.`target`,rm.`ext` FROM menu m INNER JOIN role_menu rm ON m.`id`=rm.`mid` WHERE m.parent_id=111 and rm.`rid`=20 order by ordernumber,id [ RunTime:0.004587s ]
[ 2014-01-20T15:03:33+08:00 ] SQL: SELECT m.id,m.`name`,m.`parent_id`,m.`link`,m.`image`,m.`target`,rm.`ext` FROM menu m INNER JOIN role_menu rm ON m.`id`=rm.`mid` WHERE m.parent_id=115 and rm.`rid`=20 order by ordernumber,id [ RunTime:0.004954s ]
[ 2014-01-20T15:03:33+08:00 ] SQL: SELECT m.id,m.`name`,m.`parent_id`,m.`link`,m.`image`,m.`target`,rm.`ext` FROM menu m INNER JOIN role_menu rm ON m.`id`=rm.`mid` WHERE m.parent_id=59 and rm.`rid`=20 order by ordernumber,id [ RunTime:0.010422s ]
[ 2014-01-20T15:03:33+08:00 ] SQL: SELECT m.id,m.`name`,m.`parent_id`,m.`link`,m.`image`,m.`target`,rm.`ext` FROM menu m INNER JOIN role_menu rm ON m.`id`=rm.`mid` WHERE m.parent_id is NULL and pos=0 and rm.`rid`=20 [ RunTime:0.005791s ]
[ 2014-01-20T15:03:33+08:00 ] SQL: SELECT m.id,m.`name`,m.`parent_id`,m.`link`,m.`image`,m.`target`,rm.`ext` FROM menu m INNER JOIN role_menu rm ON m.`id`=rm.`mid` WHERE m.parent_id=15 and rm.`rid`=20 order by ordernumber,id [ RunTime:0.005435s ]
[ 2014-01-20T15:03:33+08:00 ] SQL: SELECT m.id,m.`name`,m.`parent_id`,m.`link`,m.`image`,m.`target`,rm.`ext` FROM menu m INNER JOIN role_menu rm ON m.`id`=rm.`mid` WHERE m.parent_id=16 and rm.`rid`=20 order by ordernumber,id [ RunTime:0.004526s ]
[ 2014-01-20T15:03:33+08:00 ] SQL: SELECT m.id,m.`name`,m.`parent_id`,m.`link`,m.`image`,m.`target`,rm.`ext` FROM menu m INNER JOIN role_menu rm ON m.`id`=rm.`mid` WHERE m.parent_id=19 and rm.`rid`=20 order by ordernumber,id [ RunTime:0.005243s ]
[ 2014-01-20T15:03:33+08:00 ] SQL: SELECT m.id,m.`name`,m.`parent_id`,m.`link`,m.`image`,m.`target`,rm.`ext` FROM menu m INNER JOIN role_menu rm ON m.`id`=rm.`mid` WHERE m.parent_id=24 and rm.`rid`=20 order by ordernumber,id [ RunTime:0.004378s ]
[ 2014-01-20T15:03:33+08:00 ] SQL: SELECT m.id,m.`name`,m.`parent_id`,m.`link`,m.`image`,m.`target`,rm.`ext` FROM menu m INNER JOIN role_menu rm ON m.`id`=rm.`mid` WHERE m.parent_id=27 and rm.`rid`=20 order by ordernumber,id [ RunTime:0.004413s ]
[ 2014-01-20T15:03:33+08:00 ] SQL: SELECT m.id,m.`name`,m.`parent_id`,m.`link`,m.`image`,m.`target`,rm.`ext` FROM menu m INNER JOIN role_menu rm ON m.`id`=rm.`mid` WHERE m.parent_id=31 and rm.`rid`=20 order by ordernumber,id [ RunTime:0.004487s ]
[ 2014-01-20T15:03:33+08:00 ] SQL: SELECT m.id,m.`name`,m.`parent_id`,m.`link`,m.`image`,m.`target`,rm.`ext` FROM menu m INNER JOIN role_menu rm ON m.`id`=rm.`mid` WHERE m.parent_id is NULL and (pos=2 OR m.name='專案管理') and rm.`rid`=20 [ RunTime:0.005726s ]
[ 2014-01-20T15:03:33+08:00 ] SQL: SELECT m.id,m.`name`,m.`parent_id`,m.`link`,m.`image`,m.`target`,rm.`ext` FROM menu m INNER JOIN role_menu rm ON m.`id`=rm.`mid` WHERE m.parent_id=59 and rm.`rid`=20 order by ordernumber,id [ RunTime:0.004787s ]
[ 2014-01-20T15:03:33+08:00 ] SQL: SELECT m.id,m.`name`,m.`parent_id`,m.`link`,m.`image`,m.`target`,rm.`ext` FROM menu m INNER JOIN role_menu rm ON m.`id`=rm.`mid` WHERE m.parent_id=69 and rm.`rid`=20 order by ordernumber,id [ RunTime:0.004984s ]
[ 2014-01-20T15:03:33+08:00 ] SQL: SELECT m.id,m.`name`,m.`parent_id`,m.`link`,m.`image`,m.`target`,rm.`ext` FROM menu m INNER JOIN role_menu rm ON m.`id`=rm.`mid` WHERE m.parent_id=76 and rm.`rid`=20 order by ordernumber,id [ RunTime:0.004538s ]
[ 2014-01-20T15:03:33+08:00 ] SQL: SELECT m.id,m.`name`,m.`parent_id`,m.`link`,m.`image`,m.`target`,rm.`ext` FROM menu m INNER JOIN role_menu rm ON m.`id`=rm.`mid` WHERE m.parent_id=79 and rm.`rid`=20 order by ordernumber,id [ RunTime:0.007577s ]
[ 2014-01-20T15:03:34+08:00 ] SQL: SELECT m.id,m.`name`,m.`parent_id`,m.`link`,m.`image`,m.`target`,rm.`ext` FROM menu m INNER JOIN role_menu rm ON m.`id`=rm.`mid` WHERE m.parent_id=87 and rm.`rid`=20 order by ordernumber,id [ RunTime:0.004710s ]
[ 2014-01-20T15:03:34+08:00 ] SQL: SELECT m.id,m.`name`,m.`parent_id`,m.`link`,m.`image`,m.`target`,rm.`ext` FROM menu m INNER JOIN role_menu rm ON m.`id`=rm.`mid` WHERE m.parent_id=101 and rm.`rid`=20 order by ordernumber,id [ RunTime:0.004415s ]
[ 2014-01-20T15:03:34+08:00 ] SQL: SELECT m.id,m.`name`,m.`parent_id`,m.`link`,m.`image`,m.`target`,rm.`ext` FROM menu m INNER JOIN role_menu rm ON m.`id`=rm.`mid` WHERE m.parent_id=107 and rm.`rid`=20 order by ordernumber,id [ RunTime:0.004351s ]
[ 2014-01-20T15:03:40+08:00 ] NOTIC: [8] Undefined index: exts BaseAction.class.php 第 80 行.
[ 2014-01-20T15:03:40+08:00 ] SQL: SELECT 
			  rm.*,
			  m.`link` 
			FROM
			  `menu` m 
			  INNER JOIN `role_menu` rm 
			    ON m.`id` = rm.`mid` 
			WHERE rm.`rid` = 20 
			  AND m.`ext` IS NOT NULL  [ RunTime:0.004678s ]
[ 2014-01-20T15:03:40+08:00 ] SQL: SHOW COLUMNS FROM `msg` [ RunTime:0.007577s ]
[ 2014-01-20T15:03:40+08:00 ] SQL: SELECT 
			  m.*,IFNULL(mr.readerid,0) isread 
			FROM
			  msg m LEFT JOIN msgreader mr ON m.`id`=mr.`msgid` AND mr.`readerid`=30
			WHERE INSTR(
			    CONCAT(',', m.receiversid, ','),
			    CONCAT(',', 30, ',')
			  ) > 0 AND m.code = 13108617 [ RunTime:0.132016s ]
[ 2014-01-20T15:03:40+08:00 ] SQL: SELECT 
			  m.*,IFNULL(mr.readerid,0) isread 
			FROM
			  msg m LEFT JOIN msgreader mr ON m.`id`=mr.`msgid` AND mr.`readerid`=30
			WHERE INSTR(
			    CONCAT(',', m.receiversid, ','),
			    CONCAT(',', 30, ',')
			  ) > 0 AND m.code = 13108617 limit 0,20 [ RunTime:0.117044s ]
[ 2014-01-20T15:05:06+08:00 ] NOTIC: [8] Undefined index: sdate BaseAction.class.php 第 241 行.
[ 2014-01-20T15:05:06+08:00 ] NOTIC: [8] Undefined index: sstate BaseAction.class.php 第 241 行.
[ 2014-01-20T15:05:06+08:00 ] SQL: SELECT 
		  pc.*,
		  u.`name` uname 
		FROM
		  `price_customer` pc 
		  INNER JOIN `user` u 
		    ON pc.`queryer` = u.`id` 
		 WHERE pc.CODE='13108617' [ RunTime:0.001201s ]
[ 2014-01-20T15:05:06+08:00 ] SQL: SELECT 
		  pc.*,
		  u.`name` uname 
		FROM
		  `price_customer` pc 
		  INNER JOIN `user` u 
		    ON pc.`queryer` = u.`id` 
		 WHERE pc.CODE='13108617' limit 0,20 [ RunTime:0.001664s ]
[ 2014-01-20T15:15:15+08:00 ] NOTIC: [8] Undefined index: sdate BaseAction.class.php 第 241 行.
[ 2014-01-20T15:15:15+08:00 ] NOTIC: [8] Undefined index: sstate BaseAction.class.php 第 241 行.
[ 2014-01-20T15:15:15+08:00 ] SQL: SELECT 
		  pc.*,
		  u.`name` uname 
		FROM
		  `price_query` pc 
		  INNER JOIN `user` u 
		    ON pc.`queryer` = u.`id` 
		 WHERE pc.CODE='13108617' AND type='客户询价' [ RunTime:0.001102s ]
[ 2014-01-20T15:15:25+08:00 ] SQL: SHOW COLUMNS FROM `price_linecode` [ RunTime:0.039140s ]
[ 2014-01-20T15:15:25+08:00 ] SQL: SELECT * FROM `price_linecode` WHERE `code`= '13108617' AND date='2014-01-20' AND type='Q' LIMIT 1  [ RunTime:0.000997s ]
[ 2014-01-20T15:15:25+08:00 ] SQL: INSERT INTO `price_linecode` (`date`,`type`,`line`,`code`) VALUES ('2014-01-20','Q',1,'13108617') [ RunTime:0.048867s ]
[ 2014-01-20T15:15:25+08:00 ] SQL: SHOW COLUMNS FROM `depart` [ RunTime:0.006473s ]
[ 2014-01-20T15:15:25+08:00 ] SQL: SELECT * FROM `depart` WHERE  code='13108617'  [ RunTime:0.001120s ]
[ 2014-01-20T15:16:09+08:00 ] SQL: SHOW COLUMNS FROM `price_query` [ RunTime:0.006902s ]
[ 2014-01-20T15:16:09+08:00 ] NOTIC: [8] Undefined index: id PriceAction.class.php 第 52 行.
[ 2014-01-20T15:16:09+08:00 ] SQL: INSERT INTO `price_query` (`querydate`,`querycode`,`type`,`queryer`,`queryername`,`reqtype`,`state`,`purchaseremark`,`remark`,`totaldj`,`totalfj`,`code`) VALUES ('2014/01/20 15:15','Q2014012001','客戶詢價','30','吳明貞','照明','未處理','A','B','44','99','13108617') [ RunTime:0.000786s ]
[ 2014-01-20T15:16:09+08:00 ] SQL: SHOW COLUMNS FROM `price_query_detail` [ RunTime:0.007250s ]
[ 2014-01-20T15:16:09+08:00 ] SQL: INSERT INTO `price_query_detail` (`cp`,`spmc`,`ggcc`,`cpxh`,`sl`,`dw`,`dj`,`fj`,`bz`,`price`) VALUES ('11','66','22','77','33','88','44','99','55',1) [ RunTime:0.000731s ]
[ 2014-01-20T15:16:09+08:00 ] NOTIC: [8] Undefined index: sdate BaseAction.class.php 第 241 行.
[ 2014-01-20T15:16:09+08:00 ] NOTIC: [8] Undefined index: sstate BaseAction.class.php 第 241 行.
[ 2014-01-20T15:16:09+08:00 ] SQL: SELECT 
		  pc.*,
		  u.`name` uname 
		FROM
		  `price_query` pc 
		  INNER JOIN `user` u 
		    ON pc.`queryer` = u.`id` 
		 WHERE pc.CODE='13108617' AND type='客户询价' [ RunTime:0.001213s ]
[ 2014-01-20T15:16:09+08:00 ] NOTIC: [2] urlencode() expects parameter 1 to be string, array given BaseAction.class.php 第 236 行.
[ 2014-01-20T15:17:11+08:00 ] NOTIC: [8] Undefined index: sdate BaseAction.class.php 第 241 行.
[ 2014-01-20T15:17:11+08:00 ] NOTIC: [8] Undefined index: sstate BaseAction.class.php 第 241 行.
[ 2014-01-20T15:17:11+08:00 ] SQL: SELECT 
		  pc.*,
		  u.`name` uname 
		FROM
		  `price_query` pc 
		  INNER JOIN `user` u 
		    ON pc.`queryer` = u.`id` 
		 WHERE pc.CODE='13108617' AND type='客戶詢價' [ RunTime:0.000902s ]
[ 2014-01-20T15:17:11+08:00 ] SQL: SELECT 
		  pc.*,
		  u.`name` uname 
		FROM
		  `price_query` pc 
		  INNER JOIN `user` u 
		    ON pc.`queryer` = u.`id` 
		 WHERE pc.CODE='13108617' AND type='客戶詢價' limit 0,20 [ RunTime:0.001935s ]
[ 2014-01-20T15:17:48+08:00 ] NOTIC: [8] Undefined index: sdate BaseAction.class.php 第 241 行.
[ 2014-01-20T15:17:48+08:00 ] NOTIC: [8] Undefined index: sstate BaseAction.class.php 第 241 行.
[ 2014-01-20T15:17:48+08:00 ] SQL: SELECT
		pc.*,
		u.`name` uname
		FROM
		`price_query` pc
		INNER JOIN `user` u
		ON pc.`queryer` = u.`id`
		WHERE pc.CODE='13108617' [ RunTime:0.000891s ]
[ 2014-01-20T15:17:48+08:00 ] SQL: SELECT
		pc.*,
		u.`name` uname
		FROM
		`price_query` pc
		INNER JOIN `user` u
		ON pc.`queryer` = u.`id`
		WHERE pc.CODE='13108617' limit 0,20 [ RunTime:0.000934s ]
[ 2014-01-20T15:18:44+08:00 ] NOTIC: [8] Undefined index: sdate BaseAction.class.php 第 241 行.
[ 2014-01-20T15:18:44+08:00 ] NOTIC: [8] Undefined index: sstate BaseAction.class.php 第 241 行.
[ 2014-01-20T15:18:44+08:00 ] SQL: SELECT
		pc.*,
		u.`name` uname
		FROM
		`price_query` pc
		INNER JOIN `user` u
		ON pc.`queryer` = u.`id`
		WHERE pc.CODE='13108617' [ RunTime:0.000914s ]
[ 2014-01-20T15:18:44+08:00 ] SQL: SELECT
		pc.*,
		u.`name` uname
		FROM
		`price_query` pc
		INNER JOIN `user` u
		ON pc.`queryer` = u.`id`
		WHERE pc.CODE='13108617' limit 0,20 [ RunTime:0.000951s ]
[ 2014-01-20T15:19:31+08:00 ] NOTIC: [8] Undefined index: sdate BaseAction.class.php 第 241 行.
[ 2014-01-20T15:19:31+08:00 ] NOTIC: [8] Undefined index: sstate BaseAction.class.php 第 241 行.
[ 2014-01-20T15:19:31+08:00 ] SQL: SELECT
		pc.*,
		u.`name` uname
		FROM
		`price_query` pc
		INNER JOIN `user` u
		ON pc.`queryer` = u.`id`
		WHERE pc.CODE='13108617' [ RunTime:0.001811s ]
[ 2014-01-20T15:19:31+08:00 ] SQL: SELECT
		pc.*,
		u.`name` uname
		FROM
		`price_query` pc
		INNER JOIN `user` u
		ON pc.`queryer` = u.`id`
		WHERE pc.CODE='13108617' limit 0,20 [ RunTime:0.000945s ]
[ 2014-01-20T15:19:49+08:00 ] SQL: SHOW COLUMNS FROM `price_linecode` [ RunTime:0.007057s ]
[ 2014-01-20T15:19:49+08:00 ] SQL: SELECT * FROM `price_linecode` WHERE `code`= '13108617' AND date='2014-01-20' AND type='P' LIMIT 1  [ RunTime:0.000897s ]
[ 2014-01-20T15:19:49+08:00 ] SQL: INSERT INTO `price_linecode` (`date`,`type`,`line`,`code`) VALUES ('2014-01-20','P',1,'13108617') [ RunTime:0.050874s ]
[ 2014-01-20T15:19:49+08:00 ] SQL: SHOW COLUMNS FROM `depart` [ RunTime:0.008818s ]
[ 2014-01-20T15:19:49+08:00 ] SQL: SELECT * FROM `depart` WHERE  code='13108617'  [ RunTime:0.000854s ]
[ 2014-01-20T15:20:01+08:00 ] SQL: SHOW COLUMNS FROM `team` [ RunTime:0.008300s ]
[ 2014-01-20T15:20:01+08:00 ] SQL: SELECT * FROM `team` WHERE depart=20 [ RunTime:0.001565s ]
[ 2014-01-20T15:20:04+08:00 ] SQL: SHOW COLUMNS FROM `team` [ RunTime:0.007105s ]
[ 2014-01-20T15:20:04+08:00 ] SQL: SELECT * FROM `team` WHERE depart=21 [ RunTime:0.000858s ]
[ 2014-01-20T15:20:09+08:00 ] SQL: SHOW COLUMNS FROM `user` [ RunTime:0.009527s ]
[ 2014-01-20T15:20:09+08:00 ] SQL: SELECT * FROM `user` WHERE team=31 [ RunTime:0.003788s ]
[ 2014-01-20T15:20:14+08:00 ] SQL: SHOW COLUMNS FROM `team` [ RunTime:0.007220s ]
[ 2014-01-20T15:20:14+08:00 ] SQL: SELECT * FROM `team` WHERE depart=20 [ RunTime:0.001196s ]
[ 2014-01-20T15:20:23+08:00 ] SQL: SHOW COLUMNS FROM `user` [ RunTime:0.009202s ]
[ 2014-01-20T15:20:23+08:00 ] SQL: SELECT * FROM `user` WHERE team=31 [ RunTime:0.003414s ]
[ 2014-01-20T15:20:49+08:00 ] SQL: SHOW COLUMNS FROM `price_business` [ RunTime:0.007227s ]
[ 2014-01-20T15:20:49+08:00 ] NOTIC: [8] Undefined index: id PriceAction.class.php 第 157 行.
[ 2014-01-20T15:20:49+08:00 ] SQL: INSERT INTO `price_business` (`querydate`,`querycode`,`type`,`queryerdepart`,`queryerteam`,`queryer`,`reqtype`,`state`,`purchaseremark`,`remark`,`totaldj`,`totalfj`,`code`) VALUES ('2014/01/20 15:19','P2014012001','廠商詢價','20','31','164','照明','未處理','11','22','66','88','13108617') [ RunTime:0.000919s ]
[ 2014-01-20T15:20:49+08:00 ] SQL: SHOW COLUMNS FROM `price_query_detail` [ RunTime:0.006660s ]
[ 2014-01-20T15:20:49+08:00 ] SQL: INSERT INTO `price_query_detail` (`cp`,`spmc`,`ggcc`,`cpxh`,`sl`,`dw`,`dj`,`fj`,`bz`,`price`) VALUES ('33','22','44','11','55','99','66','88','77',6) [ RunTime:0.000725s ]
[ 2014-01-20T15:20:49+08:00 ] NOTIC: [8] Undefined index: sdate BaseAction.class.php 第 241 行.
[ 2014-01-20T15:20:49+08:00 ] NOTIC: [8] Undefined index: sstate BaseAction.class.php 第 241 行.
[ 2014-01-20T15:20:49+08:00 ] SQL: SELECT
		pc.*,
		u.`name` uname
		FROM
		`price_query` pc
		INNER JOIN `user` u
		ON pc.`queryer` = u.`id`
		WHERE pc.CODE='13108617' [ RunTime:0.000984s ]
[ 2014-01-20T15:20:49+08:00 ] NOTIC: [2] urlencode() expects parameter 1 to be string, array given BaseAction.class.php 第 236 行.
[ 2014-01-20T15:20:49+08:00 ] SQL: SELECT
		pc.*,
		u.`name` uname
		FROM
		`price_query` pc
		INNER JOIN `user` u
		ON pc.`queryer` = u.`id`
		WHERE pc.CODE='13108617' limit 0,20 [ RunTime:0.001265s ]
[ 2014-01-20T15:21:44+08:00 ] SQL: SHOW COLUMNS FROM `price_linecode` [ RunTime:0.007499s ]
[ 2014-01-20T15:21:44+08:00 ] SQL: SELECT * FROM `price_linecode` WHERE `code`= '13108617' AND date='2014-01-20' AND type='P' LIMIT 1  [ RunTime:0.000900s ]
[ 2014-01-20T15:21:44+08:00 ] SQL: UPDATE `price_linecode` SET `type`='P',`code`='13108617',`date`='2014-01-20',`line`=2 WHERE ( `id` = '26' ) [ RunTime:0.073025s ]
[ 2014-01-20T15:21:44+08:00 ] SQL: SHOW COLUMNS FROM `depart` [ RunTime:0.006627s ]
[ 2014-01-20T15:21:44+08:00 ] SQL: SELECT * FROM `depart` WHERE  code='13108617'  [ RunTime:0.001314s ]
[ 2014-01-20T15:21:54+08:00 ] SQL: SHOW COLUMNS FROM `team` [ RunTime:0.006913s ]
[ 2014-01-20T15:21:54+08:00 ] SQL: SELECT * FROM `team` WHERE depart=21 [ RunTime:0.001593s ]
[ 2014-01-20T15:22:12+08:00 ] SQL: SHOW COLUMNS FROM `team` [ RunTime:0.007936s ]
[ 2014-01-20T15:22:12+08:00 ] SQL: SELECT * FROM `team` WHERE depart=20 [ RunTime:0.001034s ]
[ 2014-01-20T15:22:20+08:00 ] SQL: SHOW COLUMNS FROM `user` [ RunTime:0.009550s ]
[ 2014-01-20T15:22:21+08:00 ] SQL: SELECT * FROM `user` WHERE team=45 [ RunTime:0.004494s ]
[ 2014-01-20T15:22:31+08:00 ] SQL: SHOW COLUMNS FROM `price_query` [ RunTime:0.010464s ]
[ 2014-01-20T15:22:31+08:00 ] NOTIC: [8] Undefined index: id PriceAction.class.php 第 157 行.
[ 2014-01-20T15:22:31+08:00 ] SQL: INSERT INTO `price_query` (`querydate`,`querycode`,`type`,`queryerdepart`,`queryerteam`,`queryer`,`reqtype`,`state`,`purchaseremark`,`remark`,`totaldj`,`totalfj`,`code`) VALUES ('2014/01/20 15:21','P2014012002','廠商詢價','20','45','188','照明','未處理','dd','dd','44','66','13108617') [ RunTime:0.001253s ]
[ 2014-01-20T15:22:31+08:00 ] SQL: SHOW COLUMNS FROM `price_query_detail` [ RunTime:0.007437s ]
[ 2014-01-20T15:22:31+08:00 ] SQL: INSERT INTO `price_query_detail` (`cp`,`spmc`,`ggcc`,`cpxh`,`sl`,`dw`,`dj`,`fj`,`bz`,`price`) VALUES ('11','99','22','88','33','77','44','66','55',2) [ RunTime:0.000725s ]
[ 2014-01-20T15:22:31+08:00 ] NOTIC: [8] Undefined index: sdate BaseAction.class.php 第 241 行.
[ 2014-01-20T15:22:31+08:00 ] NOTIC: [8] Undefined index: sstate BaseAction.class.php 第 241 行.
[ 2014-01-20T15:22:31+08:00 ] SQL: SELECT
		pc.*,
		u.`name` uname
		FROM
		`price_query` pc
		INNER JOIN `user` u
		ON pc.`queryer` = u.`id`
		WHERE pc.CODE='13108617' [ RunTime:0.003376s ]
[ 2014-01-20T15:22:31+08:00 ] NOTIC: [2] urlencode() expects parameter 1 to be string, array given BaseAction.class.php 第 236 行.
[ 2014-01-20T15:22:31+08:00 ] SQL: SELECT
		pc.*,
		u.`name` uname
		FROM
		`price_query` pc
		INNER JOIN `user` u
		ON pc.`queryer` = u.`id`
		WHERE pc.CODE='13108617' limit 0,20 [ RunTime:0.003293s ]
